#
# There is insufficient memory for the Java Runtime Environment to continue.
# Native memory allocation (mmap) failed to map 104857600 bytes for committing reserved memory.
# Possible reasons:
#   The system is out of physical RAM or swap space
#   In 32 bit mode, the process size limit was hit
# Possible solutions:
#   Reduce memory load on the system
#   Increase physical memory or swap space
#   Check if swap backing store is full
#   Use 64 bit Java on a 64 bit OS
#   Decrease Java heap size (-Xmx/-Xms)
#   Decrease number of Java threads
#   Decrease Java thread stack sizes (-Xss)
#   Set larger code cache with -XX:ReservedCodeCacheSize=
# This output file may be truncated or incomplete.
#
#  Out of Memory Error (os_linux.cpp:2627), pid=465, tid=1674099520
#
# JRE version: Java(TM) SE Runtime Environment (8.0_66-b17) (build 1.8.0_66-b17)
# Java VM: Java HotSpot(TM) Server VM (25.66-b17 mixed mode linux-x86 )
# Failed to write core dump. Core dumps have been disabled. To enable core dumping, try "ulimit -c unlimited" before starting Java again
#

---------------  T H R E A D  ---------------

Current thread (0x63b81400):  VMThread [stack: 0x63c0b000,0x63c8c000] [id=475]

Stack: [0x63c0b000,0x63c8c000],  sp=0x63c8a800,  free space=510k
Native frames: (J=compiled Java code, j=interpreted, Vv=VM code, C=native code)
V  [libjvm.so+0x8cd0ff]  VMError::report_and_die()+0x16f
V  [libjvm.so+0x38bee5]  report_vm_out_of_memory(char const*, int, unsigned int, VMErrorType, char const*)+0x55
V  [libjvm.so+0x750ed6]  os::Linux::commit_memory_impl(char*, unsigned int, bool)+0xe6
V  [libjvm.so+0x7513a8]  os::pd_commit_memory(char*, unsigned int, unsigned int, bool)+0x28
V  [libjvm.so+0x74b2cc]  os::commit_memory(char*, unsigned int, unsigned int, bool)+0x2c
V  [libjvm.so+0x7b58a8]  PSVirtualSpace::expand_by(unsigned int)+0x48
V  [libjvm.so+0x7a8941]  PSOldGen::expand(unsigned int)+0x141
V  [libjvm.so+0x7a8a0f]  PSOldGen::resize(unsigned int)+0x8f
V  [libjvm.so+0x7af534]  PSParallelCompact::invoke_no_policy(bool)+0x874
V  [libjvm.so+0x7b3f0d]  PSScavenge::invoke()+0x16d
V  [libjvm.so+0x7728ba]  ParallelScavengeHeap::failed_mem_allocate(unsigned int)+0x5a
V  [libjvm.so+0x8cebca]  VM_ParallelGCFailedAllocation::doit()+0x7a
V  [libjvm.so+0x8d81d7]  VM_Operation::evaluate()+0x47
V  [libjvm.so+0x8d62b3]  VMThread::evaluate_operation(VM_Operation*)+0xb3
V  [libjvm.so+0x8d6650]  VMThread::loop()+0x1b0
V  [libjvm.so+0x8d6ab5]  VMThread::run()+0x85
V  [libjvm.so+0x753519]  java_start(Thread*)+0x119
C  [libpthread.so.0+0x6f70]  start_thread+0xd0

VM_Operation (0x62d5c844): ParallelGCFailedAllocation, mode: safepoint, requested by thread 0x6327a400


---------------  P R O C E S S  ---------------

Java Threads: ( => current thread )
  0x63280c00 JavaThread "pool-2-thread-4" [_thread_blocked, id=489, stack(0x62baf000,0x62c00000)]
  0x6327a400 JavaThread "pool-2-thread-3" [_thread_blocked, id=488, stack(0x62d0d000,0x62d5e000)]
  0x63279400 JavaThread "pool-2-thread-2" [_thread_blocked, id=487, stack(0x62d5e000,0x62daf000)]
  0x63277c00 JavaThread "pool-3-thread-1" [_thread_blocked, id=486, stack(0x62daf000,0x62e00000)]
  0x63276400 JavaThread "pool-2-thread-1" [_thread_blocked, id=485, stack(0x63310000,0x63361000)]
  0x63baa800 JavaThread "Service Thread" daemon [_thread_blocked, id=482, stack(0x6342c000,0x6347d000)]
  0x63ba7800 JavaThread "C1 CompilerThread2" daemon [_thread_blocked, id=481, stack(0x6347d000,0x634fe000)]
  0x63ba6000 JavaThread "C2 CompilerThread1" daemon [_thread_blocked, id=480, stack(0x634fe000,0x6357f000)]
  0x63ba4400 JavaThread "C2 CompilerThread0" daemon [_thread_blocked, id=479, stack(0x6357f000,0x63600000)]
  0x63ba2c00 JavaThread "Signal Dispatcher" daemon [_thread_blocked, id=478, stack(0x63a0d000,0x63a5e000)]
  0x63b86000 JavaThread "Finalizer" daemon [_thread_blocked, id=477, stack(0x63a5e000,0x63aaf000)]
  0x63b84800 JavaThread "Reference Handler" daemon [_thread_blocked, id=476, stack(0x63aaf000,0x63b00000)]
  0xb6507800 JavaThread "main" [_thread_blocked, id=470, stack(0xb66dd000,0xb672e000)]

Other Threads:
=>0x63b81400 VMThread [stack: 0x63c0b000,0x63c8c000] [id=475]
  0x63bac400 WatcherThread [stack: 0x633ab000,0x6342c000] [id=483]

VM state:at safepoint (normal execution)

VM Mutex/Monitor currently owned by a thread:  ([mutex/lock_event])
[0xb65049b8] ExpandHeap_lock - owner thread: 0x63b81400
[0xb6504f00] Threads_lock - owner thread: 0x63b81400
[0xb6505310] Heap_lock - owner thread: 0x6327a400

Heap:
 PSYoungGen      total 282880K, used 8864K [0x91ac0000, 0xa6f80000, 0xa7000000)
  eden space 219136K, 0% used [0x91ac0000,0x91ac0000,0x9f0c0000)
  from space 63744K, 13% used [0x9f0c0000,0x9f9683d8,0xa2f00000)
  to   space 62464K, 0% used [0xa3280000,0xa3280000,0xa6f80000)
 ParOldGen       total 222976K, used 222732K [0x67000000, 0x749c0000, 0x91ac0000)
  object space 222976K, 99% used [0x67000000,0x749830a0,0x749c0000)
 Metaspace       used 4292K, capacity 4326K, committed 4376K, reserved 4400K

Card table byte_map: [0x66dff000,0x67000000] byte_map_base: 0x66ac7000

Marking Bits: (ParMarkBitMap*) 0xb7172380
 Begin Bits: [0x64700000, 0x65700000)
 End Bits:   [0x65700000, 0x66700000)

Polling page: 0xb7776000

CodeCache: size=245760Kb used=9419Kb max_used=9425Kb free=236341Kb
 bounds [0xa7500000, 0xa7e38000, 0xb6500000]
 total_blobs=2579 nmethods=2418 adapters=75
 compilation: enabled

Compilation events (10 events):
Event: 10.073 Thread 0x63ba4400 nmethod 2601 0xa7e2bb48 code [0xa7e2c120, 0xa7e30740]
Event: 10.073 Thread 0x63ba4400 2620   !   4       com.android.dx.cf.code.BytecodeArray::parseInstruction (2764 bytes)
Event: 10.081 Thread 0x63ba7800 2626       2       com.android.dx.ssa.SsaBasicBlock::addPhiInsnForReg (18 bytes)
Event: 10.082 Thread 0x63ba7800 nmethod 2626 0xa7def948 code [0xa7defaa0, 0xa7defd18]
Event: 10.082 Thread 0x63ba7800 2627       2       com.android.dx.ssa.PhiInsn::<init> (26 bytes)
Event: 10.082 Thread 0x63ba7800 nmethod 2627 0xa7df1408 code [0xa7df1540, 0xa7df174c]
Event: 10.082 Thread 0x63ba7800 2628       2       com.android.dx.util.ByteArray::getLong (104 bytes)
Event: 10.083 Thread 0x63ba7800 nmethod 2628 0xa7df0d48 code [0xa7df0e60, 0xa7df10cc]
Event: 10.144 Thread 0x63ba7800 2630       3       com.android.dx.ssa.back.RegisterAllocator::insertMoveBefore (240 bytes)
Event: 10.147 Thread 0x63ba7800 nmethod 2630 0xa7e27148 code [0xa7e275e0, 0xa7e299f4]

GC Heap History (10 events):
Event: 6.888 GC heap after
Heap after GC invocations=14 (full 2):
 PSYoungGen      total 271616K, used 53756K [0x91ac0000, 0xa7000000, 0xa7000000)
  eden space 217856K, 0% used [0x91ac0000,0x91ac0000,0x9ef80000)
  from space 53760K, 99% used [0xa3b80000,0xa6fff180,0xa7000000)
  to   space 65792K, 0% used [0x9ef80000,0x9ef80000,0xa2fc0000)
 ParOldGen       total 135936K, used 89692K [0x67000000, 0x6f4c0000, 0x91ac0000)
  object space 135936K, 65% used [0x67000000,0x6c7973a8,0x6f4c0000)
 Metaspace       used 4282K, capacity 4294K, committed 4376K, reserved 4400K
}
Event: 7.620 GC heap before
{Heap before GC invocations=15 (full 2):
 PSYoungGen      total 271616K, used 271612K [0x91ac0000, 0xa7000000, 0xa7000000)
  eden space 217856K, 100% used [0x91ac0000,0x9ef80000,0x9ef80000)
  from space 53760K, 99% used [0xa3b80000,0xa6fff180,0xa7000000)
  to   space 65792K, 0% used [0x9ef80000,0x9ef80000,0xa2fc0000)
 ParOldGen       total 135936K, used 89692K [0x67000000, 0x6f4c0000, 0x91ac0000)
  object space 135936K, 65% used [0x67000000,0x6c7973a8,0x6f4c0000)
 Metaspace       used 4285K, capacity 4294K, committed 4376K, reserved 4400K
Event: 7.802 GC heap after
Heap after GC invocations=15 (full 2):
 PSYoungGen      total 283648K, used 31661K [0x91ac0000, 0xa7000000, 0xa7000000)
  eden space 217856K, 0% used [0x91ac0000,0x91ac0000,0x9ef80000)
  from space 65792K, 48% used [0x9ef80000,0xa0e6b680,0xa2fc0000)
  to   space 64512K, 0% used [0xa3100000,0xa3100000,0xa7000000)
 ParOldGen       total 143616K, used 143525K [0x67000000, 0x6fc40000, 0x91ac0000)
  object space 143616K, 99% used [0x67000000,0x6fc29740,0x6fc40000)
 Metaspace       used 4285K, capacity 4294K, committed 4376K, reserved 4400K
}
Event: 7.802 GC heap before
{Heap before GC invocations=16 (full 3):
 PSYoungGen      total 283648K, used 31661K [0x91ac0000, 0xa7000000, 0xa7000000)
  eden space 217856K, 0% used [0x91ac0000,0x91ac0000,0x9ef80000)
  from space 65792K, 48% used [0x9ef80000,0xa0e6b680,0xa2fc0000)
  to   space 64512K, 0% used [0xa3100000,0xa3100000,0xa7000000)
 ParOldGen       total 143616K, used 143525K [0x67000000, 0x6fc40000, 0x91ac0000)
  object space 143616K, 99% used [0x67000000,0x6fc29740,0x6fc40000)
 Metaspace       used 4285K, capacity 4294K, committed 4376K, reserved 4400K
Event: 8.604 GC heap after
Heap after GC invocations=16 (full 3):
 PSYoungGen      total 283648K, used 27044K [0x91ac0000, 0xa7000000, 0xa7000000)
  eden space 217856K, 0% used [0x91ac0000,0x91ac0000,0x9ef80000)
  from space 65792K, 41% used [0x9ef80000,0xa09e90f8,0xa2fc0000)
  to   space 64512K, 0% used [0xa3100000,0xa3100000,0xa7000000)
 ParOldGen       total 222976K, used 143488K [0x67000000, 0x749c0000, 0x91ac0000)
  object space 222976K, 64% used [0x67000000,0x6fc201a8,0x749c0000)
 Metaspace       used 4285K, capacity 4294K, committed 4376K, reserved 4400K
}
Event: 9.384 GC heap before
{Heap before GC invocations=17 (full 3):
 PSYoungGen      total 283648K, used 244900K [0x91ac0000, 0xa7000000, 0xa7000000)
  eden space 217856K, 100% used [0x91ac0000,0x9ef80000,0x9ef80000)
  from space 65792K, 41% used [0x9ef80000,0xa09e90f8,0xa2fc0000)
  to   space 64512K, 0% used [0xa3100000,0xa3100000,0xa7000000)
 ParOldGen       total 222976K, used 143488K [0x67000000, 0x749c0000, 0x91ac0000)
  object space 222976K, 64% used [0x67000000,0x6fc201a8,0x749c0000)
 Metaspace       used 4289K, capacity 4326K, committed 4376K, reserved 4400K
Event: 9.514 GC heap after
Heap after GC invocations=17 (full 3):
 PSYoungGen      total 280832K, used 32795K [0x91ac0000, 0xa6d40000, 0xa7000000)
  eden space 219136K, 0% used [0x91ac0000,0x91ac0000,0x9f0c0000)
  from space 61696K, 53% used [0xa3100000,0xa5106f98,0xa6d40000)
  to   space 63744K, 0% used [0x9f0c0000,0x9f0c0000,0xa2f00000)
 ParOldGen       total 222976K, used 169501K [0x67000000, 0x749c0000, 0x91ac0000)
  object space 222976K, 76% used [0x67000000,0x71587618,0x749c0000)
 Metaspace       used 4289K, capacity 4326K, committed 4376K, reserved 4400K
}
Event: 10.264 GC heap before
{Heap before GC invocations=18 (full 3):
 PSYoungGen      total 280832K, used 251931K [0x91ac0000, 0xa6d40000, 0xa7000000)
  eden space 219136K, 100% used [0x91ac0000,0x9f0c0000,0x9f0c0000)
  from space 61696K, 53% used [0xa3100000,0xa5106f98,0xa6d40000)
  to   space 63744K, 0% used [0x9f0c0000,0x9f0c0000,0xa2f00000)
 ParOldGen       total 222976K, used 169501K [0x67000000, 0x749c0000, 0x91ac0000)
  object space 222976K, 76% used [0x67000000,0x71587618,0x749c0000)
 Metaspace       used 4292K, capacity 4326K, committed 4376K, reserved 4400K
Event: 10.369 GC heap after
Heap after GC invocations=18 (full 3):
 PSYoungGen      total 282880K, used 32059K [0x91ac0000, 0xa6f80000, 0xa7000000)
  eden space 219136K, 0% used [0x91ac0000,0x91ac0000,0x9f0c0000)
  from space 63744K, 50% used [0x9f0c0000,0xa100ee18,0xa2f00000)
  to   space 62464K, 0% used [0xa3280000,0xa3280000,0xa6f80000)
 ParOldGen       total 222976K, used 200857K [0x67000000, 0x749c0000, 0x91ac0000)
  object space 222976K, 90% used [0x67000000,0x734266d0,0x749c0000)
 Metaspace       used 4292K, capacity 4326K, committed 4376K, reserved 4400K
}
Event: 10.369 GC heap before
{Heap before GC invocations=19 (full 4):
 PSYoungGen      total 282880K, used 32059K [0x91ac0000, 0xa6f80000, 0xa7000000)
  eden space 219136K, 0% used [0x91ac0000,0x91ac0000,0x9f0c0000)
  from space 63744K, 50% used [0x9f0c0000,0xa100ee18,0xa2f00000)
  to   space 62464K, 0% used [0xa3280000,0xa3280000,0xa6f80000)
 ParOldGen       total 222976K, used 200857K [0x67000000, 0x749c0000, 0x91ac0000)
  object space 222976K, 90% used [0x67000000,0x734266d0,0x749c0000)
 Metaspace       used 4292K, capacity 4326K, committed 4376K, reserved 4400K

Deoptimization events (10 events):
Event: 5.136 Thread 0xb6507800 Uncommon trap: reason=bimorphic action=maybe_recompile pc=0xa7c19148 method=com.android.dx.cf.code.BytecodeArray.parseInstruction(ILcom/android/dx/cf/code/BytecodeArray$Visitor;)I @ 1357
Event: 5.137 Thread 0x63276400 Uncommon trap: reason=bimorphic action=maybe_recompile pc=0xa7c19148 method=com.android.dx.cf.code.BytecodeArray.parseInstruction(ILcom/android/dx/cf/code/BytecodeArray$Visitor;)I @ 1357
Event: 5.977 Thread 0x63276400 Uncommon trap: reason=unstable_if action=reinterpret pc=0xa7cc5744 method=com.android.dx.rop.code.LocalVariableInfo.mergeStarts(ILcom/android/dx/rop/code/RegisterSpecSet;)Z @ 31
Event: 7.345 Thread 0x6327a400 Uncommon trap: reason=unstable_if action=reinterpret pc=0xa7c77830 method=java.util.HashMap.putVal(ILjava/lang/Object;Ljava/lang/Object;ZZ)Ljava/lang/Object; @ 109
Event: 7.379 Thread 0x63280c00 Uncommon trap: reason=unstable_if action=reinterpret pc=0xa7d44334 method=com.android.dx.ssa.SCCP.simulateBranch(Lcom/android/dx/ssa/SsaInsn;)V @ 140
Event: 9.002 Thread 0x63276400 Uncommon trap: reason=bimorphic action=maybe_recompile pc=0xa7d0e1d0 method=com.android.dx.cf.code.BytecodeArray.parseInstruction(ILcom/android/dx/cf/code/BytecodeArray$Visitor;)I @ 1327
Event: 9.002 Thread 0x63276400 Uncommon trap: reason=bimorphic action=maybe_recompile pc=0xa7d0e1d0 method=com.android.dx.cf.code.BytecodeArray.parseInstruction(ILcom/android/dx/cf/code/BytecodeArray$Visitor;)I @ 1327
Event: 9.074 Thread 0xb6507800 Uncommon trap: reason=unstable_if action=reinterpret pc=0xa7d2fa10 method=com.android.dx.ssa.SsaBasicBlock.scheduleMovesFromPhis()V @ 63
Event: 9.821 Thread 0xb6507800 Uncommon trap: reason=bimorphic action=maybe_recompile pc=0xa7e12214 method=com.android.dx.cf.code.BytecodeArray.parseInstruction(ILcom/android/dx/cf/code/BytecodeArray$Visitor;)I @ 1477
Event: 9.822 Thread 0xb6507800 Uncommon trap: reason=bimorphic action=maybe_recompile pc=0xa7e12214 method=com.android.dx.cf.code.BytecodeArray.parseInstruction(ILcom/android/dx/cf/code/BytecodeArray$Visitor;)I @ 1477

Internal exceptions (7 events):
Event: 0.036 Thread 0xb6507800 Exception <a 'java/lang/NoSuchMethodError': Method sun.misc.Unsafe.defineClass(Ljava/lang/String;[BII)Ljava/lang/Class; name or signature does not match> (0x91ad0540) thrown at [/HUDSON/workspace/8-2-build-linux-i586/jdk8u66/4988/hotspot/src/share/vm/prim
Event: 0.036 Thread 0xb6507800 Exception <a 'java/lang/NoSuchMethodError': Method sun.misc.Unsafe.prefetchRead(Ljava/lang/Object;J)V name or signature does not match> (0x91ad0810) thrown at [/HUDSON/workspace/8-2-build-linux-i586/jdk8u66/4988/hotspot/src/share/vm/prims/jni.cpp, line 39
Event: 0.993 Thread 0x63280c00 Implicit null exception at 0xa7773b72 to 0xa7775fd5
Event: 1.149 Thread 0x6327a400 Implicit null exception at 0xa778e7e9 to 0xa7790b8d
Event: 2.369 Thread 0xb6507800 Exception <a 'java/lang/ArrayIndexOutOfBoundsException': 18> (0x942a1ea8) thrown at [/HUDSON/workspace/8-2-build-linux-i586/jdk8u66/4988/hotspot/src/share/vm/interpreter/interpreterRuntime.cpp, line 366]
Event: 2.369 Thread 0xb6507800 Exception <a 'java/lang/ArrayIndexOutOfBoundsException': 145> (0x942a3748) thrown at [/HUDSON/workspace/8-2-build-linux-i586/jdk8u66/4988/hotspot/src/share/vm/interpreter/interpreterRuntime.cpp, line 366]
Event: 2.371 Thread 0xb6507800 Exception <a 'java/lang/ArrayIndexOutOfBoundsException'> (0x942a4828) thrown at [/HUDSON/workspace/8-2-build-linux-i586/jdk8u66/4988/hotspot/src/share/vm/runtime/sharedRuntime.cpp, line 605]

Events (10 events):
Event: 10.048 Thread 0x63279400 DEOPT UNPACKING pc=0xa753c590 sp=0x62dad5d8 mode 0
Event: 10.081 Thread 0x63280c00 DEOPT PACKING pc=0xa79933f9 sp=0x62bfe960
Event: 10.081 Thread 0x63280c00 DEOPT UNPACKING pc=0xa753c590 sp=0x62bfe878 mode 0
Event: 10.125 Thread 0x63280c00 DEOPT PACKING pc=0xa79933f9 sp=0x62bfe9c0
Event: 10.125 Thread 0x63280c00 DEOPT UNPACKING pc=0xa753c590 sp=0x62bfe8d8 mode 0
Event: 10.200 Thread 0x63280c00 DEOPT PACKING pc=0xa79933f9 sp=0x62bfe960
Event: 10.200 Thread 0x63280c00 DEOPT UNPACKING pc=0xa753c590 sp=0x62bfe878 mode 0
Event: 10.244 Thread 0x6327a400 DEOPT PACKING pc=0xa79933f9 sp=0x62d5c940
Event: 10.244 Thread 0x6327a400 DEOPT UNPACKING pc=0xa753c590 sp=0x62d5c858 mode 0
Event: 10.264 Executing VM operation: ParallelGCFailedAllocation


Dynamic libraries:
08048000-08049000 r-xp 00000000 08:06 1552326    /usr/lib/jvm/java-8-oracle/bin/java
08049000-0804a000 rw-p 00000000 08:06 1552326    /usr/lib/jvm/java-8-oracle/bin/java
09335000-09430000 rw-p 00000000 00:00 0          [heap]
61200000-612c4000 rw-p 00000000 00:00 0 
612c4000-61300000 ---p 00000000 00:00 0 
61400000-61422000 rw-p 00000000 00:00 0 
61422000-61500000 ---p 00000000 00:00 0 
61600000-61700000 rw-p 00000000 00:00 0 
61800000-61900000 rw-p 00000000 00:00 0 
61a00000-61ae1000 rw-p 00000000 00:00 0 
61ae1000-61b00000 ---p 00000000 00:00 0 
61b00000-61bf1000 rw-p 00000000 00:00 0 
61bf1000-61c00000 ---p 00000000 00:00 0 
61c00000-61cd0000 rw-p 00000000 00:00 0 
61cd0000-61d00000 ---p 00000000 00:00 0 
61d00000-61dfc000 rw-p 00000000 00:00 0 
61dfc000-61e00000 ---p 00000000 00:00 0 
61f00000-61ffe000 rw-p 00000000 00:00 0 
61ffe000-62000000 ---p 00000000 00:00 0 
62000000-620fe000 rw-p 00000000 00:00 0 
620fe000-62100000 ---p 00000000 00:00 0 
62100000-621e9000 rw-p 00000000 00:00 0 
621e9000-62200000 ---p 00000000 00:00 0 
62200000-62300000 rw-p 00000000 00:00 0 
62300000-623fd000 rw-p 00000000 00:00 0 
623fd000-62400000 ---p 00000000 00:00 0 
62400000-62500000 rw-p 00000000 00:00 0 
62500000-625fa000 rw-p 00000000 00:00 0 
625fa000-62600000 ---p 00000000 00:00 0 
62600000-626fe000 rw-p 00000000 00:00 0 
626fe000-62700000 ---p 00000000 00:00 0 
62700000-627f5000 rw-p 00000000 00:00 0 
627f5000-62800000 ---p 00000000 00:00 0 
62800000-628f7000 rw-p 00000000 00:00 0 
628f7000-62900000 ---p 00000000 00:00 0 
62a00000-62aff000 rw-p 00000000 00:00 0 
62aff000-62b00000 ---p 00000000 00:00 0 
62b05000-62baf000 rw-p 00000000 00:00 0 
62baf000-62bb2000 ---p 00000000 00:00 0 
62bb2000-62c00000 rw-p 00000000 00:00 0          [stack:489]
62c00000-62d00000 rw-p 00000000 00:00 0 
62d0d000-62d10000 ---p 00000000 00:00 0 
62d10000-62d5e000 rw-p 00000000 00:00 0          [stack:488]
62d5e000-62d61000 ---p 00000000 00:00 0 
62d61000-62daf000 rw-p 00000000 00:00 0          [stack:487]
62daf000-62db2000 ---p 00000000 00:00 0 
62db2000-62e00000 rw-p 00000000 00:00 0          [stack:486]
62e00000-62efd000 rw-p 00000000 00:00 0 
62efd000-62f00000 ---p 00000000 00:00 0 
62f00000-62fff000 rw-p 00000000 00:00 0 
62fff000-63000000 ---p 00000000 00:00 0 
63000000-630fb000 rw-p 00000000 00:00 0 
630fb000-63100000 ---p 00000000 00:00 0 
63100000-631ff000 rw-p 00000000 00:00 0 
631ff000-63200000 ---p 00000000 00:00 0 
63200000-63300000 rw-p 00000000 00:00 0 
63310000-63313000 ---p 00000000 00:00 0 
63313000-63361000 rw-p 00000000 00:00 0          [stack:485]
63361000-633ab000 r--s 003c0000 08:06 131322     /home/priya/matrix/Kurukshetra/app/build/intermediates/transforms/jarMerging/debug/jars/1/1f/combined.jar
633ab000-633ac000 ---p 00000000 00:00 0 
633ac000-6342c000 rw-p 00000000 00:00 0          [stack:483]
6342c000-6342f000 ---p 00000000 00:00 0 
6342f000-6347d000 rw-p 00000000 00:00 0          [stack:482]
6347d000-63480000 ---p 00000000 00:00 0 
63480000-634fe000 rw-p 00000000 00:00 0          [stack:481]
634fe000-63501000 ---p 00000000 00:00 0 
63501000-6357f000 rw-p 00000000 00:00 0          [stack:480]
6357f000-63582000 ---p 00000000 00:00 0 
63582000-63600000 rw-p 00000000 00:00 0          [stack:479]
63600000-63800000 r--p 00000000 08:06 1093651    /usr/lib/locale/locale-archive
63800000-6382b000 rw-p 00000000 00:00 0 
6382b000-63900000 ---p 00000000 00:00 0 
63900000-639fa000 rw-p 00000000 00:00 0 
639fa000-63a00000 ---p 00000000 00:00 0 
63a0d000-63a10000 ---p 00000000 00:00 0 
63a10000-63a5e000 rw-p 00000000 00:00 0          [stack:478]
63a5e000-63a61000 ---p 00000000 00:00 0 
63a61000-63aaf000 rw-p 00000000 00:00 0          [stack:477]
63aaf000-63ab2000 ---p 00000000 00:00 0 
63ab2000-63b00000 rw-p 00000000 00:00 0          [stack:476]
63b00000-63c00000 rw-p 00000000 00:00 0 
63c0b000-63c0c000 ---p 00000000 00:00 0 
63c0c000-63cdb000 rw-p 00000000 00:00 0          [stack:475]
63cdb000-63eb4000 r--s 03d20000 08:06 1286207    /usr/lib/jvm/java-8-oracle/jre/lib/rt.jar
63eb4000-642fa000 rw-p 00000000 00:00 0 
642fa000-64300000 ---p 00000000 00:00 0 
64300000-66700000 rw-p 00000000 00:00 0 
66700000-66800000 rw-p 00000000 00:00 0 
66824000-6687f000 rw-p 00000000 00:00 0 
6687f000-66880000 ---p 00000000 00:00 0 
66880000-66900000 rw-p 00000000 00:00 0          [stack:474]
66900000-66921000 rw-p 00000000 00:00 0 
66921000-66a00000 ---p 00000000 00:00 0 
66a00000-66aff000 rw-p 00000000 00:00 0 
66aff000-66b00000 ---p 00000000 00:00 0 
66b00000-66b21000 rw-p 00000000 00:00 0 
66b21000-66c00000 ---p 00000000 00:00 0 
66c28000-66c29000 ---p 00000000 00:00 0 
66c29000-66d16000 rw-p 00000000 00:00 0          [stack:473]
66d16000-66dff000 ---p 00000000 00:00 0 
66dff000-66e6c000 rw-p 00000000 00:00 0 
66e6c000-66f54000 ---p 00000000 00:00 0 
66f54000-66fff000 rw-p 00000000 00:00 0 
66fff000-749c0000 rw-p 00000000 00:00 0 
7ac25000-7adc0000 rw-p 00000000 00:00 0 
7adc0000-91ac0000 ---p 00000000 00:00 0 
91ac0000-a6f80000 rw-p 00000000 00:00 0 
a6f80000-a7000000 ---p 00000000 00:00 0 
a703e000-a703f000 ---p 00000000 00:00 0 
a703f000-a70bf000 rw-p 00000000 00:00 0          [stack:472]
a70bf000-a70c0000 ---p 00000000 00:00 0 
a70c0000-a7165000 rw-p 00000000 00:00 0          [stack:471]
a7165000-a7500000 ---p 00000000 00:00 0 
a7500000-a7e38000 rwxp 00000000 00:00 0 
a7e38000-b6500000 ---p 00000000 00:00 0 
b6500000-b65fb000 rw-p 00000000 00:00 0 
b65fb000-b6600000 ---p 00000000 00:00 0 
b6625000-b6634000 r--s 000df000 08:06 3122779    /home/priya/Android/Sdk/build-tools/23.0.2/lib/dx.jar
b6634000-b664c000 rw-p 00000000 00:00 0 
b664c000-b6665000 r-xp 00000000 08:06 1387720    /usr/lib/jvm/java-8-oracle/jre/lib/i386/libzip.so
b6665000-b6666000 rw-p 00019000 08:06 1387720    /usr/lib/jvm/java-8-oracle/jre/lib/i386/libzip.so
b6666000-b6671000 r-xp 00000000 08:06 1933505    /lib/i386-linux-gnu/libnss_files-2.19.so
b6671000-b6672000 r--p 0000a000 08:06 1933505    /lib/i386-linux-gnu/libnss_files-2.19.so
b6672000-b6673000 rw-p 0000b000 08:06 1933505    /lib/i386-linux-gnu/libnss_files-2.19.so
b6673000-b667d000 r-xp 00000000 08:06 1933491    /lib/i386-linux-gnu/libnss_nis-2.19.so
b667d000-b667e000 r--p 00009000 08:06 1933491    /lib/i386-linux-gnu/libnss_nis-2.19.so
b667e000-b667f000 rw-p 0000a000 08:06 1933491    /lib/i386-linux-gnu/libnss_nis-2.19.so
b667f000-b6694000 r-xp 00000000 08:06 1933492    /lib/i386-linux-gnu/libnsl-2.19.so
b6694000-b6695000 r--p 00015000 08:06 1933492    /lib/i386-linux-gnu/libnsl-2.19.so
b6695000-b6696000 rw-p 00016000 08:06 1933492    /lib/i386-linux-gnu/libnsl-2.19.so
b6696000-b6698000 rw-p 00000000 00:00 0 
b66a4000-b66a6000 rw-p 00000000 00:00 0 
b66a6000-b66a7000 r--p 00850000 08:06 1093651    /usr/lib/locale/locale-archive
b66a7000-b66af000 rw-s 00000000 08:06 386081     /tmp/hsperfdata_priya/465
b66af000-b66d3000 r-xp 00000000 08:06 1387732    /usr/lib/jvm/java-8-oracle/jre/lib/i386/libjava.so
b66d3000-b66d4000 rw-p 00023000 08:06 1387732    /usr/lib/jvm/java-8-oracle/jre/lib/i386/libjava.so
b66d4000-b66db000 r-xp 00000000 08:06 1933506    /lib/i386-linux-gnu/librt-2.19.so
b66db000-b66dc000 r--p 00006000 08:06 1933506    /lib/i386-linux-gnu/librt-2.19.so
b66dc000-b66dd000 rw-p 00007000 08:06 1933506    /lib/i386-linux-gnu/librt-2.19.so
b66dd000-b66e0000 ---p 00000000 00:00 0 
b66e0000-b672e000 rw-p 00000000 00:00 0          [stack:470]
b672e000-b6772000 r-xp 00000000 08:06 1933496    /lib/i386-linux-gnu/libm-2.19.so
b6772000-b6773000 r--p 00043000 08:06 1933496    /lib/i386-linux-gnu/libm-2.19.so
b6773000-b6774000 rw-p 00044000 08:06 1933496    /lib/i386-linux-gnu/libm-2.19.so
b6774000-b70f4000 r-xp 00000000 08:06 1395826    /usr/lib/jvm/java-8-oracle/jre/lib/i386/server/libjvm.so
b70f4000-b7161000 rw-p 00980000 08:06 1395826    /usr/lib/jvm/java-8-oracle/jre/lib/i386/server/libjvm.so
b7161000-b7587000 rw-p 00000000 00:00 0 
b7587000-b772f000 r-xp 00000000 08:06 1933488    /lib/i386-linux-gnu/libc-2.19.so
b772f000-b7731000 r--p 001a8000 08:06 1933488    /lib/i386-linux-gnu/libc-2.19.so
b7731000-b7732000 rw-p 001aa000 08:06 1933488    /lib/i386-linux-gnu/libc-2.19.so
b7732000-b7735000 rw-p 00000000 00:00 0 
b7735000-b7738000 r-xp 00000000 08:06 1933489    /lib/i386-linux-gnu/libdl-2.19.so
b7738000-b7739000 r--p 00002000 08:06 1933489    /lib/i386-linux-gnu/libdl-2.19.so
b7739000-b773a000 rw-p 00003000 08:06 1933489    /lib/i386-linux-gnu/libdl-2.19.so
b773a000-b774e000 r-xp 00000000 08:06 1549650    /usr/lib/jvm/java-8-oracle/lib/i386/jli/libjli.so
b774e000-b774f000 rw-p 00014000 08:06 1549650    /usr/lib/jvm/java-8-oracle/lib/i386/jli/libjli.so
b774f000-b7750000 rw-p 00000000 00:00 0 
b7750000-b7768000 r-xp 00000000 08:06 1933501    /lib/i386-linux-gnu/libpthread-2.19.so
b7768000-b7769000 r--p 00018000 08:06 1933501    /lib/i386-linux-gnu/libpthread-2.19.so
b7769000-b776a000 rw-p 00019000 08:06 1933501    /lib/i386-linux-gnu/libpthread-2.19.so
b776a000-b776c000 rw-p 00000000 00:00 0 
b776c000-b7773000 r-xp 00000000 08:06 1933497    /lib/i386-linux-gnu/libnss_compat-2.19.so
b7773000-b7774000 r--p 00006000 08:06 1933497    /lib/i386-linux-gnu/libnss_compat-2.19.so
b7774000-b7775000 rw-p 00007000 08:06 1933497    /lib/i386-linux-gnu/libnss_compat-2.19.so
b7775000-b7776000 rw-p 00000000 00:00 0 
b7776000-b7777000 ---p 00000000 00:00 0 
b7777000-b7782000 r-xp 00000000 08:06 1387688    /usr/lib/jvm/java-8-oracle/jre/lib/i386/libverify.so
b7782000-b7783000 rw-p 0000b000 08:06 1387688    /usr/lib/jvm/java-8-oracle/jre/lib/i386/libverify.so
b7783000-b7785000 rw-p 00000000 00:00 0 
b7785000-b7786000 r-xp 00000000 00:00 0          [vdso]
b7786000-b77a6000 r-xp 00000000 08:06 1933490    /lib/i386-linux-gnu/ld-2.19.so
b77a6000-b77a7000 r--p 0001f000 08:06 1933490    /lib/i386-linux-gnu/ld-2.19.so
b77a7000-b77a8000 rw-p 00020000 08:06 1933490    /lib/i386-linux-gnu/ld-2.19.so
bfa41000-bfa42000 rwxp 00000000 00:00 0 
bfa74000-bfa95000 rw-p 00000000 00:00 0          [stack]

VM Arguments:
jvm_args: -Djava.awt.headless=true -Xmx1024M -Dfile.encoding=UTF-8 -Duser.country=IN -Duser.language=en -Duser.variant 
java_command: com.android.dx.command.Main --dex --num-threads=4 --multi-dex --main-dex-list /home/priya/matrix/Kurukshetra/app/build/intermediates/multi-dex/debug/maindexlist.txt --output /home/priya/matrix/Kurukshetra/app/build/intermediates/transforms/dex/debug/folders/1000/1f/main /home/priya/matrix/Kurukshetra/app/build/intermediates/transforms/jarMerging/debug/jars/1/1f/combined.jar
java_class_path (initial): /home/priya/Android/Sdk/build-tools/23.0.2/lib/dx.jar
Launcher Type: SUN_STANDARD

Environment Variables:
JAVA_HOME=/usr/lib/jvm/java-8-oracle
PATH=/usr/local/sbin:/usr/local/bin:/usr/sbin:/usr/bin:/sbin:/bin:/usr/games:/usr/local/games:/home/priya/matrix/proxy/google_appengine/
LD_LIBRARY_PATH=bin:
SHELL=/bin/bash
DISPLAY=:0

Signal Handlers:
SIGSEGV: [libjvm.so+0x8cdc10], sa_mask[0]=11111111011111111101111111111110, sa_flags=SA_RESTART|SA_SIGINFO
SIGBUS: [libjvm.so+0x8cdc10], sa_mask[0]=11111111011111111101111111111110, sa_flags=SA_RESTART|SA_SIGINFO
SIGFPE: [libjvm.so+0x74dbb0], sa_mask[0]=11111111011111111101111111111110, sa_flags=SA_RESTART|SA_SIGINFO
SIGPIPE: [libjvm.so+0x74dbb0], sa_mask[0]=11111111011111111101111111111110, sa_flags=SA_RESTART|SA_SIGINFO
SIGXFSZ: [libjvm.so+0x74dbb0], sa_mask[0]=11111111011111111101111111111110, sa_flags=SA_RESTART|SA_SIGINFO
SIGILL: [libjvm.so+0x74dbb0], sa_mask[0]=11111111011111111101111111111110, sa_flags=SA_RESTART|SA_SIGINFO
SIGUSR1: SIG_DFL, sa_mask[0]=00000000000000000000000000000000, sa_flags=none
SIGUSR2: [libjvm.so+0x74f230], sa_mask[0]=00100000000000000000000000000000, sa_flags=SA_RESTART|SA_SIGINFO
SIGHUP: [libjvm.so+0x7506e0], sa_mask[0]=11111111011111111101111111111110, sa_flags=SA_RESTART|SA_SIGINFO
SIGINT: [libjvm.so+0x7506e0], sa_mask[0]=11111111011111111101111111111110, sa_flags=SA_RESTART|SA_SIGINFO
SIGTERM: [libjvm.so+0x7506e0], sa_mask[0]=11111111011111111101111111111110, sa_flags=SA_RESTART|SA_SIGINFO
SIGQUIT: [libjvm.so+0x7506e0], sa_mask[0]=11111111011111111101111111111110, sa_flags=SA_RESTART|SA_SIGINFO


---------------  S Y S T E M  ---------------

OS:DISTRIB_ID=Ubuntu
DISTRIB_RELEASE=14.04
DISTRIB_CODENAME=trusty
DISTRIB_DESCRIPTION="Ubuntu 14.04.3 LTS"

uname:Linux 3.13.0-74-generic #118-Ubuntu SMP Thu Dec 17 22:52:02 UTC 2015 i686
libc:glibc 2.19 NPTL 2.19 
rlimit: STACK 8192k, CORE 0k, NPROC 31374, NOFILE 4096, AS infinity
load average:1.46 1.00 0.80

/proc/meminfo:
MemTotal:        4035184 kB
MemFree:          233476 kB
Buffers:            4792 kB
Cached:           527876 kB
SwapCached:            0 kB
Active:          3199348 kB
Inactive:         492400 kB
Active(anon):    3163392 kB
Inactive(anon):   453304 kB
Active(file):      35956 kB
Inactive(file):    39096 kB
Unevictable:         100 kB
Mlocked:             100 kB
HighTotal:       3182980 kB
HighFree:          68796 kB
LowTotal:         852204 kB
LowFree:          164680 kB
SwapTotal:             0 kB
SwapFree:              0 kB
Dirty:                76 kB
Writeback:             0 kB
AnonPages:       3159456 kB
Mapped:           206028 kB
Shmem:            457348 kB
Slab:              52640 kB
SReclaimable:      26908 kB
SUnreclaim:        25732 kB
KernelStack:        5040 kB
PageTables:        18728 kB
NFS_Unstable:          0 kB
Bounce:                0 kB
WritebackTmp:          0 kB
CommitLimit:     2017592 kB
Committed_AS:    8675848 kB
VmallocTotal:     122880 kB
VmallocUsed:       70844 kB
VmallocChunk:      24496 kB
HardwareCorrupted:     0 kB
AnonHugePages:   1482752 kB
HugePages_Total:       0
HugePages_Free:        0
HugePages_Rsvd:        0
HugePages_Surp:        0
Hugepagesize:       2048 kB
DirectMap4k:       34808 kB
DirectMap2M:      878592 kB


CPU:total 4 (2 cores per cpu, 2 threads per core) family 6 model 69 stepping 1, cmov, cx8, fxsr, mmx, sse, sse2, sse3, ssse3, sse4.1, sse4.2, popcnt, avx, avx2, aes, clmul, erms, lzcnt, ht, tsc, tscinvbit, bmi1, bmi2

/proc/cpuinfo:
processor	: 0
vendor_id	: GenuineIntel
cpu family	: 6
model		: 69
model name	: Intel(R) Core(TM) i5-4210U CPU @ 1.70GHz
stepping	: 1
microcode	: 0x17
cpu MHz		: 782.000
cache size	: 3072 KB
physical id	: 0
siblings	: 4
core id		: 0
cpu cores	: 2
apicid		: 0
initial apicid	: 0
fdiv_bug	: no
f00f_bug	: no
coma_bug	: no
fpu		: yes
fpu_exception	: yes
cpuid level	: 13
wp		: yes
flags		: fpu vme de pse tsc msr pae mce cx8 apic sep mtrr pge mca cmov pat pse36 clflush dts acpi mmx fxsr sse sse2 ss ht tm pbe nx pdpe1gb rdtscp lm constant_tsc arch_perfmon pebs bts xtopology nonstop_tsc aperfmperf eagerfpu pni pclmulqdq dtes64 monitor ds_cpl vmx est tm2 ssse3 fma cx16 xtpr pdcm pcid sse4_1 sse4_2 movbe popcnt tsc_deadline_timer aes xsave avx f16c rdrand lahf_lm abm ida arat epb xsaveopt pln pts dtherm tpr_shadow vnmi flexpriority ept vpid fsgsbase tsc_adjust bmi1 avx2 smep bmi2 erms invpcid
bogomips	: 3392.23
clflush size	: 64
cache_alignment	: 64
address sizes	: 39 bits physical, 48 bits virtual
power management:

processor	: 1
vendor_id	: GenuineIntel
cpu family	: 6
model		: 69
model name	: Intel(R) Core(TM) i5-4210U CPU @ 1.70GHz
stepping	: 1
microcode	: 0x17
cpu MHz		: 782.000
cache size	: 3072 KB
physical id	: 0
siblings	: 4
core id		: 1
cpu cores	: 2
apicid		: 2
initial apicid	: 2
fdiv_bug	: no
f00f_bug	: no
coma_bug	: no
fpu		: yes
fpu_exception	: yes
cpuid level	: 13
wp		: yes
flags		: fpu vme de pse tsc msr pae mce cx8 apic sep mtrr pge mca cmov pat pse36 clflush dts acpi mmx fxsr sse sse2 ss ht tm pbe nx pdpe1gb rdtscp lm constant_tsc arch_perfmon pebs bts xtopology nonstop_tsc aperfmperf eagerfpu pni pclmulqdq dtes64 monitor ds_cpl vmx est tm2 ssse3 fma cx16 xtpr pdcm pcid sse4_1 sse4_2 movbe popcnt tsc_deadline_timer aes xsave avx f16c rdrand lahf_lm abm ida arat epb xsaveopt pln pts dtherm tpr_shadow vnmi flexpriority ept vpid fsgsbase tsc_adjust bmi1 avx2 smep bmi2 erms invpcid
bogomips	: 3392.23
clflush size	: 64
cache_alignment	: 64
address sizes	: 39 bits physical, 48 bits virtual
power management:

processor	: 2
vendor_id	: GenuineIntel
cpu family	: 6
model		: 69
model name	: Intel(R) Core(TM) i5-4210U CPU @ 1.70GHz
stepping	: 1
microcode	: 0x17
cpu MHz		: 1700.000
cache size	: 3072 KB
physical id	: 0
siblings	: 4
core id		: 0
cpu cores	: 2
apicid		: 1
initial apicid	: 1
fdiv_bug	: no
f00f_bug	: no
coma_bug	: no
fpu		: yes
fpu_exception	: yes
cpuid level	: 13
wp		: yes
flags		: fpu vme de pse tsc msr pae mce cx8 apic sep mtrr pge mca cmov pat pse36 clflush dts acpi mmx fxsr sse sse2 ss ht tm pbe nx pdpe1gb rdtscp lm constant_tsc arch_perfmon pebs bts xtopology nonstop_tsc aperfmperf eagerfpu pni pclmulqdq dtes64 monitor ds_cpl vmx est tm2 ssse3 fma cx16 xtpr pdcm pcid sse4_1 sse4_2 movbe popcnt tsc_deadline_timer aes xsave avx f16c rdrand lahf_lm abm ida arat epb xsaveopt pln pts dtherm tpr_shadow vnmi flexpriority ept vpid fsgsbase tsc_adjust bmi1 avx2 smep bmi2 erms invpcid
bogomips	: 3392.23
clflush size	: 64
cache_alignment	: 64
address sizes	: 39 bits physical, 48 bits virtual
power management:

processor	: 3
vendor_id	: GenuineIntel
cpu family	: 6
model		: 69
model name	: Intel(R) Core(TM) i5-4210U CPU @ 1.70GHz
stepping	: 1
microcode	: 0x17
cpu MHz		: 1700.000
cache size	: 3072 KB
physical id	: 0
siblings	: 4
core id		: 1
cpu cores	: 2
apicid		: 3
initial apicid	: 3
fdiv_bug	: no
f00f_bug	: no
coma_bug	: no
fpu		: yes
fpu_exception	: yes
cpuid level	: 13
wp		: yes
flags		: fpu vme de pse tsc msr pae mce cx8 apic sep mtrr pge mca cmov pat pse36 clflush dts acpi mmx fxsr sse sse2 ss ht tm pbe nx pdpe1gb rdtscp lm constant_tsc arch_perfmon pebs bts xtopology nonstop_tsc aperfmperf eagerfpu pni pclmulqdq dtes64 monitor ds_cpl vmx est tm2 ssse3 fma cx16 xtpr pdcm pcid sse4_1 sse4_2 movbe popcnt tsc_deadline_timer aes xsave avx f16c rdrand lahf_lm abm ida arat epb xsaveopt pln pts dtherm tpr_shadow vnmi flexpriority ept vpid fsgsbase tsc_adjust bmi1 avx2 smep bmi2 erms invpcid
bogomips	: 3392.23
clflush size	: 64
cache_alignment	: 64
address sizes	: 39 bits physical, 48 bits virtual
power management:



Memory: 4k page, physical 4035184k(233476k free), swap 0k(0k free)

vm_info: Java HotSpot(TM) Server VM (25.66-b17) for linux-x86 JRE (1.8.0_66-b17), built on Oct  6 2015 18:06:03 by "java_re" with gcc 4.3.0 20080428 (Red Hat 4.3.0-8)

time: Wed Dec 23 20:55:28 2015
elapsed time: 12 seconds (0d 0h 0m 12s)

