#
# There is insufficient memory for the Java Runtime Environment to continue.
# Native memory allocation (mmap) failed to map 88080384 bytes for committing reserved memory.
# Possible reasons:
#   The system is out of physical RAM or swap space
#   In 32 bit mode, the process size limit was hit
# Possible solutions:
#   Reduce memory load on the system
#   Increase physical memory or swap space
#   Check if swap backing store is full
#   Use 64 bit Java on a 64 bit OS
#   Decrease Java heap size (-Xmx/-Xms)
#   Decrease number of Java threads
#   Decrease Java thread stack sizes (-Xss)
#   Set larger code cache with -XX:ReservedCodeCacheSize=
# This output file may be truncated or incomplete.
#
#  Out of Memory Error (os_linux.cpp:2627), pid=15390, tid=1674099520
#
# JRE version: Java(TM) SE Runtime Environment (8.0_66-b17) (build 1.8.0_66-b17)
# Java VM: Java HotSpot(TM) Server VM (25.66-b17 mixed mode linux-x86 )
# Failed to write core dump. Core dumps have been disabled. To enable core dumping, try "ulimit -c unlimited" before starting Java again
#

---------------  T H R E A D  ---------------

Current thread (0x63b81400):  VMThread [stack: 0x63c0b000,0x63c8c000] [id=15400]

Stack: [0x63c0b000,0x63c8c000],  sp=0x63c8a920,  free space=510k
Native frames: (J=compiled Java code, j=interpreted, Vv=VM code, C=native code)
V  [libjvm.so+0x8cd0ff]  VMError::report_and_die()+0x16f
V  [libjvm.so+0x38bee5]  report_vm_out_of_memory(char const*, int, unsigned int, VMErrorType, char const*)+0x55
V  [libjvm.so+0x750ed6]  os::Linux::commit_memory_impl(char*, unsigned int, bool)+0xe6
V  [libjvm.so+0x7513a8]  os::pd_commit_memory(char*, unsigned int, unsigned int, bool)+0x28
V  [libjvm.so+0x74b2cc]  os::commit_memory(char*, unsigned int, unsigned int, bool)+0x2c
V  [libjvm.so+0x7b58a8]  PSVirtualSpace::expand_by(unsigned int)+0x48
V  [libjvm.so+0x7b69aa]  PSYoungGen::resize_generation(unsigned int, unsigned int)+0xda
V  [libjvm.so+0x7b5cd9]  PSYoungGen::resize(unsigned int, unsigned int)+0x19
V  [libjvm.so+0x7b3605]  PSScavenge::invoke_no_policy()+0xd15
V  [libjvm.so+0x7b3dc8]  PSScavenge::invoke()+0x28
V  [libjvm.so+0x7728ba]  ParallelScavengeHeap::failed_mem_allocate(unsigned int)+0x5a
V  [libjvm.so+0x8cebca]  VM_ParallelGCFailedAllocation::doit()+0x7a
V  [libjvm.so+0x8d81d7]  VM_Operation::evaluate()+0x47
V  [libjvm.so+0x8d62b3]  VMThread::evaluate_operation(VM_Operation*)+0xb3
V  [libjvm.so+0x8d6650]  VMThread::loop()+0x1b0
V  [libjvm.so+0x8d6ab5]  VMThread::run()+0x85
V  [libjvm.so+0x753519]  java_start(Thread*)+0x119
C  [libpthread.so.0+0x6f70]  start_thread+0xd0

VM_Operation (0xb66c6554): ParallelGCFailedAllocation, mode: safepoint, requested by thread 0xb6507800


---------------  P R O C E S S  ---------------

Java Threads: ( => current thread )
  0x63272800 JavaThread "pool-2-thread-4" [_thread_blocked, id=15414, stack(0x62baf000,0x62c00000)]
  0x63271400 JavaThread "pool-2-thread-3" [_thread_blocked, id=15413, stack(0x62d0d000,0x62d5e000)]
  0x63276000 JavaThread "pool-2-thread-2" [_thread_blocked, id=15412, stack(0x62d5e000,0x62daf000)]
  0x6326fc00 JavaThread "pool-3-thread-1" [_thread_blocked, id=15411, stack(0x62daf000,0x62e00000)]
  0x6326e400 JavaThread "pool-2-thread-1" [_thread_blocked, id=15410, stack(0x63310000,0x63361000)]
  0x63ba9800 JavaThread "Service Thread" daemon [_thread_blocked, id=15408, stack(0x6342c000,0x6347d000)]
  0x63ba6800 JavaThread "C1 CompilerThread2" daemon [_thread_blocked, id=15407, stack(0x6347d000,0x634fe000)]
  0x63ba5000 JavaThread "C2 CompilerThread1" daemon [_thread_blocked, id=15405, stack(0x634fe000,0x6357f000)]
  0x63ba3000 JavaThread "C2 CompilerThread0" daemon [_thread_blocked, id=15404, stack(0x6357f000,0x63600000)]
  0x63ba1800 JavaThread "Signal Dispatcher" daemon [_thread_blocked, id=15403, stack(0x63a0d000,0x63a5e000)]
  0x63b86000 JavaThread "Finalizer" daemon [_thread_blocked, id=15402, stack(0x63a5e000,0x63aaf000)]
  0x63b84800 JavaThread "Reference Handler" daemon [_thread_blocked, id=15401, stack(0x63aaf000,0x63b00000)]
  0xb6507800 JavaThread "main" [_thread_blocked, id=15395, stack(0xb6677000,0xb66c8000)]

Other Threads:
=>0x63b81400 VMThread [stack: 0x63c0b000,0x63c8c000] [id=15400]
  0x63bab000 WatcherThread [stack: 0x633ab000,0x6342c000] [id=15409]

VM state:at safepoint (normal execution)

VM Mutex/Monitor currently owned by a thread:  ([mutex/lock_event])
[0xb6504f00] Threads_lock - owner thread: 0x63b81400
[0xb6505310] Heap_lock - owner thread: 0xb6507800

Heap:
 PSYoungGen      total 66048K, used 2550K [0x91ac0000, 0x95dc0000, 0xa7000000)
  eden space 63488K, 0% used [0x91ac0000,0x91ac0000,0x958c0000)
  from space 2560K, 99% used [0x958c0000,0x95b3d9a8,0x95b40000)
  to   space 2560K, 0% used [0x95b40000,0x95b40000,0x95dc0000)
 ParOldGen       total 42496K, used 17783K [0x67000000, 0x69980000, 0x91ac0000)
  object space 42496K, 41% used [0x67000000,0x6815dc08,0x69980000)
 Metaspace       used 3894K, capacity 3942K, committed 3992K, reserved 4400K

Card table byte_map: [0x66dff000,0x67000000] byte_map_base: 0x66ac7000

Marking Bits: (ParMarkBitMap*) 0xb710c380
 Begin Bits: [0x64700000, 0x65700000)
 End Bits:   [0x65700000, 0x66700000)

Polling page: 0xb7710000

CodeCache: size=245760Kb used=3508Kb max_used=3508Kb free=242251Kb
 bounds [0xa74e6000, 0xa7856000, 0xb64e6000]
 total_blobs=1344 nmethods=1183 adapters=75
 compilation: enabled

Compilation events (10 events):
Event: 1.621 Thread 0x63ba6800 nmethod 1333% 0xa7844688 code [0xa7844800, 0xa7844e90]
Event: 1.621 Thread 0x63ba6800 1330 %     3       com.android.dx.util.Bits::or @ 2 (24 bytes)
Event: 1.621 Thread 0x63ba6800 nmethod 1330% 0xa78441c8 code [0xa78442e0, 0xa78444a0]
Event: 1.621 Thread 0x63ba6800 1314 %     3       com.android.dx.cf.code.RopperMachine::jopToRopOpcode @ 949 (1103 bytes)
Event: 1.656 Thread 0x63ba6800 nmethod 1314% 0xa7851cc8 code [0xa7851fa0, 0xa7853c00]
Event: 1.656 Thread 0x63ba6800 1339       3       com.android.dx.ssa.SsaRenamer$BlockRenamer::updateSuccessorPhis (64 bytes)
Event: 1.657 Thread 0x63ba6800 nmethod 1339 0xa7854588 code [0xa7854740, 0xa7854e5c]
Event: 1.657 Thread 0x63ba6800 1340       3       com.android.dx.ssa.SsaMethod::indexListFromLabelList (47 bytes)
Event: 1.658 Thread 0x63ba6800 nmethod 1340 0xa7855448 code [0xa78555c0, 0xa7855bd0]
Event: 1.658 Thread 0x63ba6800 1344   !   3       com.android.dx.cf.code.Ropper::processBlock (1101 bytes)

GC Heap History (9 events):
Event: 0.268 GC heap before
{Heap before GC invocations=1 (full 0):
 PSYoungGen      total 18432K, used 15872K [0x91ac0000, 0x92f40000, 0xa7000000)
  eden space 15872K, 100% used [0x91ac0000,0x92a40000,0x92a40000)
  from space 2560K, 0% used [0x92cc0000,0x92cc0000,0x92f40000)
  to   space 2560K, 0% used [0x92a40000,0x92a40000,0x92cc0000)
 ParOldGen       total 42496K, used 0K [0x67000000, 0x69980000, 0x91ac0000)
  object space 42496K, 0% used [0x67000000,0x67000000,0x69980000)
 Metaspace       used 2190K, capacity 2366K, committed 2456K, reserved 4400K
Event: 0.272 GC heap after
Heap after GC invocations=1 (full 0):
 PSYoungGen      total 18432K, used 1282K [0x91ac0000, 0x93ec0000, 0xa7000000)
  eden space 15872K, 0% used [0x91ac0000,0x91ac0000,0x92a40000)
  from space 2560K, 50% used [0x92a40000,0x92b808a8,0x92cc0000)
  to   space 2560K, 0% used [0x93c40000,0x93c40000,0x93ec0000)
 ParOldGen       total 42496K, used 4K [0x67000000, 0x69980000, 0x91ac0000)
  object space 42496K, 0% used [0x67000000,0x67001000,0x69980000)
 Metaspace       used 2190K, capacity 2366K, committed 2456K, reserved 4400K
}
Event: 0.283 GC heap before
{Heap before GC invocations=2 (full 0):
 PSYoungGen      total 18432K, used 17154K [0x91ac0000, 0x93ec0000, 0xa7000000)
  eden space 15872K, 100% used [0x91ac0000,0x92a40000,0x92a40000)
  from space 2560K, 50% used [0x92a40000,0x92b808a8,0x92cc0000)
  to   space 2560K, 0% used [0x93c40000,0x93c40000,0x93ec0000)
 ParOldGen       total 42496K, used 4K [0x67000000, 0x69980000, 0x91ac0000)
  object space 42496K, 0% used [0x67000000,0x67001000,0x69980000)
 Metaspace       used 2190K, capacity 2366K, committed 2456K, reserved 4400K
Event: 0.285 GC heap after
Heap after GC invocations=2 (full 0):
 PSYoungGen      total 34304K, used 1088K [0x91ac0000, 0x93ec0000, 0xa7000000)
  eden space 31744K, 0% used [0x91ac0000,0x91ac0000,0x939c0000)
  from space 2560K, 42% used [0x93c40000,0x93d50190,0x93ec0000)
  to   space 2560K, 0% used [0x939c0000,0x939c0000,0x93c40000)
 ParOldGen       total 42496K, used 8K [0x67000000, 0x69980000, 0x91ac0000)
  object space 42496K, 0% used [0x67000000,0x67002000,0x69980000)
 Metaspace       used 2190K, capacity 2366K, committed 2456K, reserved 4400K
}
Event: 0.889 GC heap before
{Heap before GC invocations=3 (full 0):
 PSYoungGen      total 34304K, used 32832K [0x91ac0000, 0x93ec0000, 0xa7000000)
  eden space 31744K, 100% used [0x91ac0000,0x939c0000,0x939c0000)
  from space 2560K, 42% used [0x93c40000,0x93d50190,0x93ec0000)
  to   space 2560K, 0% used [0x939c0000,0x939c0000,0x93c40000)
 ParOldGen       total 42496K, used 8K [0x67000000, 0x69980000, 0x91ac0000)
  object space 42496K, 0% used [0x67000000,0x67002000,0x69980000)
 Metaspace       used 3788K, capacity 3814K, committed 3864K, reserved 4400K
Event: 0.997 GC heap after
Heap after GC invocations=3 (full 0):
 PSYoungGen      total 34304K, used 2551K [0x91ac0000, 0x95dc0000, 0xa7000000)
  eden space 31744K, 0% used [0x91ac0000,0x91ac0000,0x939c0000)
  from space 2560K, 99% used [0x939c0000,0x93c3df00,0x93c40000)
  to   space 2560K, 0% used [0x95b40000,0x95b40000,0x95dc0000)
 ParOldGen       total 42496K, used 2751K [0x67000000, 0x69980000, 0x91ac0000)
  object space 42496K, 6% used [0x67000000,0x672afd90,0x69980000)
 Metaspace       used 3788K, capacity 3814K, committed 3864K, reserved 4400K
}
Event: 1.336 GC heap before
{Heap before GC invocations=4 (full 0):
 PSYoungGen      total 34304K, used 34295K [0x91ac0000, 0x95dc0000, 0xa7000000)
  eden space 31744K, 100% used [0x91ac0000,0x939c0000,0x939c0000)
  from space 2560K, 99% used [0x939c0000,0x93c3df00,0x93c40000)
  to   space 2560K, 0% used [0x95b40000,0x95b40000,0x95dc0000)
 ParOldGen       total 42496K, used 2751K [0x67000000, 0x69980000, 0x91ac0000)
  object space 42496K, 6% used [0x67000000,0x672afd90,0x69980000)
 Metaspace       used 3877K, capacity 3910K, committed 3992K, reserved 4400K
Event: 1.351 GC heap after
Heap after GC invocations=4 (full 0):
 PSYoungGen      total 66048K, used 2544K [0x91ac0000, 0x95dc0000, 0xa7000000)
  eden space 63488K, 0% used [0x91ac0000,0x91ac0000,0x958c0000)
  from space 2560K, 99% used [0x95b40000,0x95dbc038,0x95dc0000)
  to   space 2560K, 0% used [0x958c0000,0x958c0000,0x95b40000)
 ParOldGen       total 42496K, used 7728K [0x67000000, 0x69980000, 0x91ac0000)
  object space 42496K, 18% used [0x67000000,0x6778c118,0x69980000)
 Metaspace       used 3877K, capacity 3910K, committed 3992K, reserved 4400K
}
Event: 1.674 GC heap before
{Heap before GC invocations=5 (full 0):
 PSYoungGen      total 66048K, used 66032K [0x91ac0000, 0x95dc0000, 0xa7000000)
  eden space 63488K, 100% used [0x91ac0000,0x958c0000,0x958c0000)
  from space 2560K, 99% used [0x95b40000,0x95dbc038,0x95dc0000)
  to   space 2560K, 0% used [0x958c0000,0x958c0000,0x95b40000)
 ParOldGen       total 42496K, used 7728K [0x67000000, 0x69980000, 0x91ac0000)
  object space 42496K, 18% used [0x67000000,0x6778c118,0x69980000)
 Metaspace       used 3894K, capacity 3942K, committed 3992K, reserved 4400K

Deoptimization events (10 events):
Event: 1.231 Thread 0x6326e400 Uncommon trap: reason=bimorphic action=maybe_recompile pc=0xa7722f98 method=java.util.HashMap.getNode(ILjava/lang/Object;)Ljava/util/HashMap$Node; @ 126
Event: 1.231 Thread 0x6326e400 Uncommon trap: reason=bimorphic action=maybe_recompile pc=0xa7722f98 method=java.util.HashMap.getNode(ILjava/lang/Object;)Ljava/util/HashMap$Node; @ 126
Event: 1.231 Thread 0x6326e400 Uncommon trap: reason=bimorphic action=maybe_recompile pc=0xa7722f98 method=java.util.HashMap.getNode(ILjava/lang/Object;)Ljava/util/HashMap$Node; @ 126
Event: 1.249 Thread 0x63271400 Uncommon trap: reason=null_check action=make_not_entrant pc=0xa7714ca8 method=com.android.dx.ssa.SsaRenamer.getLocalForNewReg(I)Lcom/android/dx/rop/code/LocalItem; @ 19
Event: 1.255 Thread 0x63276000 Uncommon trap: reason=class_check action=maybe_recompile pc=0xa770c4e8 method=com.android.dx.ssa.NormalSsaInsn.accept(Lcom/android/dx/ssa/SsaInsn$Visitor;)V @ 9
Event: 1.255 Thread 0x63276000 Uncommon trap: reason=class_check action=maybe_recompile pc=0xa770c4e8 method=com.android.dx.ssa.NormalSsaInsn.accept(Lcom/android/dx/ssa/SsaInsn$Visitor;)V @ 9
Event: 1.255 Thread 0x63276000 Uncommon trap: reason=class_check action=maybe_recompile pc=0xa770c4e8 method=com.android.dx.ssa.NormalSsaInsn.accept(Lcom/android/dx/ssa/SsaInsn$Visitor;)V @ 9
Event: 1.255 Thread 0x63276000 Uncommon trap: reason=class_check action=maybe_recompile pc=0xa770c4e8 method=com.android.dx.ssa.NormalSsaInsn.accept(Lcom/android/dx/ssa/SsaInsn$Visitor;)V @ 9
Event: 1.394 Thread 0x63271400 Uncommon trap: reason=bimorphic action=maybe_recompile pc=0xa7722f98 method=java.util.HashMap.getNode(ILjava/lang/Object;)Ljava/util/HashMap$Node; @ 126
Event: 1.394 Thread 0x63271400 Uncommon trap: reason=bimorphic action=maybe_recompile pc=0xa771d5c8 method=java.util.HashMap.getNode(ILjava/lang/Object;)Ljava/util/HashMap$Node; @ 126

Internal exceptions (3 events):
Event: 0.028 Thread 0xb6507800 Exception <a 'java/lang/NoSuchMethodError': Method sun.misc.Unsafe.defineClass(Ljava/lang/String;[BII)Ljava/lang/Class; name or signature does not match> (0x91ad03d0) thrown at [/HUDSON/workspace/8-2-build-linux-i586/jdk8u66/4988/hotspot/src/share/vm/prim
Event: 0.028 Thread 0xb6507800 Exception <a 'java/lang/NoSuchMethodError': Method sun.misc.Unsafe.prefetchRead(Ljava/lang/Object;J)V name or signature does not match> (0x91ad06a0) thrown at [/HUDSON/workspace/8-2-build-linux-i586/jdk8u66/4988/hotspot/src/share/vm/prims/jni.cpp, line 39
Event: 1.249 Thread 0x63271400 Implicit null exception at 0xa7712cb5 to 0xa7714c89

Events (10 events):
Event: 1.592 Thread 0x6326e400 DEOPT UNPACKING pc=0xa7522590 sp=0x6335f5e4 mode 0
Event: 1.596 Thread 0x6326e400 DEOPT PACKING pc=0xa77ec7c1 sp=0x6335f8a0
Event: 1.596 Thread 0x6326e400 DEOPT UNPACKING pc=0xa7522590 sp=0x6335f7b4 mode 0
Event: 1.625 Thread 0x6326e400 DEOPT PACKING pc=0xa76ee5dc sp=0x6335f7e0
Event: 1.625 Thread 0x6326e400 DEOPT UNPACKING pc=0xa7522590 sp=0x6335f684 mode 0
Event: 1.646 Thread 0xb6507800 DEOPT PACKING pc=0xa77e9d9e sp=0xb66c6670
Event: 1.646 Thread 0xb6507800 DEOPT UNPACKING pc=0xa7522590 sp=0xb66c64e0 mode 0
Event: 1.646 Thread 0x63271400 DEOPT PACKING pc=0xa77e9d9e sp=0x62d5c750
Event: 1.648 Thread 0x63271400 DEOPT UNPACKING pc=0xa7522590 sp=0x62d5c5c0 mode 0
Event: 1.667 Executing VM operation: ParallelGCFailedAllocation


Dynamic libraries:
08048000-08049000 r-xp 00000000 08:06 1552326    /usr/lib/jvm/java-8-oracle/bin/java
08049000-0804a000 rw-p 00000000 08:06 1552326    /usr/lib/jvm/java-8-oracle/bin/java
097e3000-0985e000 rw-p 00000000 00:00 0          [heap]
62700000-6278e000 rw-p 00000000 00:00 0 
6278e000-62800000 ---p 00000000 00:00 0 
62800000-628f2000 rw-p 00000000 00:00 0 
628f2000-62900000 ---p 00000000 00:00 0 
62a00000-62aea000 rw-p 00000000 00:00 0 
62aea000-62b00000 ---p 00000000 00:00 0 
62baf000-62bb2000 ---p 00000000 00:00 0 
62bb2000-62c00000 rw-p 00000000 00:00 0          [stack:15414]
62c00000-62cfa000 rw-p 00000000 00:00 0 
62cfa000-62d00000 ---p 00000000 00:00 0 
62d0d000-62d10000 ---p 00000000 00:00 0 
62d10000-62d5e000 rw-p 00000000 00:00 0          [stack:15413]
62d5e000-62d61000 ---p 00000000 00:00 0 
62d61000-62daf000 rw-p 00000000 00:00 0          [stack:15412]
62daf000-62db2000 ---p 00000000 00:00 0 
62db2000-62e00000 rw-p 00000000 00:00 0          [stack:15411]
62e00000-62ed0000 rw-p 00000000 00:00 0 
62ed0000-62f00000 ---p 00000000 00:00 0 
62f00000-63000000 rw-p 00000000 00:00 0 
63000000-63100000 rw-p 00000000 00:00 0 
63100000-63200000 rw-p 00000000 00:00 0 
63200000-632a9000 rw-p 00000000 00:00 0 
632a9000-63300000 ---p 00000000 00:00 0 
63310000-63313000 ---p 00000000 00:00 0 
63313000-63361000 rw-p 00000000 00:00 0          [stack:15410]
63361000-633ab000 r--s 003c0000 08:06 206386     /home/priya/matrix/Kurukshetra/app/build/intermediates/transforms/jarMerging/debug/jars/1/1f/combined.jar
633ab000-633ac000 ---p 00000000 00:00 0 
633ac000-6342c000 rw-p 00000000 00:00 0          [stack:15409]
6342c000-6342f000 ---p 00000000 00:00 0 
6342f000-6347d000 rw-p 00000000 00:00 0          [stack:15408]
6347d000-63480000 ---p 00000000 00:00 0 
63480000-634fe000 rw-p 00000000 00:00 0          [stack:15407]
634fe000-63501000 ---p 00000000 00:00 0 
63501000-6357f000 rw-p 00000000 00:00 0          [stack:15405]
6357f000-63582000 ---p 00000000 00:00 0 
63582000-63600000 rw-p 00000000 00:00 0          [stack:15404]
63600000-63800000 r--p 00000000 08:06 1093651    /usr/lib/locale/locale-archive
63800000-63821000 rw-p 00000000 00:00 0 
63821000-63900000 ---p 00000000 00:00 0 
63900000-639fc000 rw-p 00000000 00:00 0 
639fc000-63a00000 ---p 00000000 00:00 0 
63a0d000-63a10000 ---p 00000000 00:00 0 
63a10000-63a5e000 rw-p 00000000 00:00 0          [stack:15403]
63a5e000-63a61000 ---p 00000000 00:00 0 
63a61000-63aaf000 rw-p 00000000 00:00 0          [stack:15402]
63aaf000-63ab2000 ---p 00000000 00:00 0 
63ab2000-63b00000 rw-p 00000000 00:00 0          [stack:15401]
63b00000-63bff000 rw-p 00000000 00:00 0 
63bff000-63c00000 ---p 00000000 00:00 0 
63c0b000-63c0c000 ---p 00000000 00:00 0 
63c0c000-63cdb000 rw-p 00000000 00:00 0          [stack:15400]
63cdb000-63eb4000 r--s 03d20000 08:06 1286207    /usr/lib/jvm/java-8-oracle/jre/lib/rt.jar
63eb4000-6429a000 rw-p 00000000 00:00 0 
6429a000-64300000 ---p 00000000 00:00 0 
64300000-66700000 rw-p 00000000 00:00 0 
66700000-66800000 rw-p 00000000 00:00 0 
66824000-6687f000 rw-p 00000000 00:00 0 
6687f000-66880000 ---p 00000000 00:00 0 
66880000-66900000 rw-p 00000000 00:00 0          [stack:15399]
66900000-66921000 rw-p 00000000 00:00 0 
66921000-66a00000 ---p 00000000 00:00 0 
66a00000-66aff000 rw-p 00000000 00:00 0 
66aff000-66b00000 ---p 00000000 00:00 0 
66b00000-66b21000 rw-p 00000000 00:00 0 
66b21000-66c00000 ---p 00000000 00:00 0 
66c19000-66c28000 r--s 000df000 08:06 3122779    /home/priya/Android/Sdk/build-tools/23.0.2/lib/dx.jar
66c28000-66c29000 ---p 00000000 00:00 0 
66c29000-66cbe000 rw-p 00000000 00:00 0          [stack:15398]
66cbe000-66dff000 ---p 00000000 00:00 0 
66dff000-66e14000 rw-p 00000000 00:00 0 
66e14000-66f54000 ---p 00000000 00:00 0 
66f54000-66f76000 rw-p 00000000 00:00 0 
66f76000-66fff000 ---p 00000000 00:00 0 
66fff000-69980000 rw-p 00000000 00:00 0 
69980000-91ac0000 ---p 00000000 00:00 0 
91ac0000-95dc0000 rw-p 00000000 00:00 0 
9b025000-9b1c0000 rw-p 00000000 00:00 0 
9b1c0000-a7000000 ---p 00000000 00:00 0 
a700c000-a7024000 rw-p 00000000 00:00 0 
a7024000-a7025000 ---p 00000000 00:00 0 
a7025000-a70a5000 rw-p 00000000 00:00 0          [stack:15397]
a70a5000-a70a6000 ---p 00000000 00:00 0 
a70a6000-a7134000 rw-p 00000000 00:00 0          [stack:15396]
a7134000-a74e6000 ---p 00000000 00:00 0 
a74e6000-a7856000 rwxp 00000000 00:00 0 
a7856000-b64e6000 ---p 00000000 00:00 0 
b64e6000-b64ff000 r-xp 00000000 08:06 1387720    /usr/lib/jvm/java-8-oracle/jre/lib/i386/libzip.so
b64ff000-b6500000 rw-p 00019000 08:06 1387720    /usr/lib/jvm/java-8-oracle/jre/lib/i386/libzip.so
b6500000-b65fb000 rw-p 00000000 00:00 0 
b65fb000-b6600000 ---p 00000000 00:00 0 
b6600000-b660b000 r-xp 00000000 08:06 1933505    /lib/i386-linux-gnu/libnss_files-2.19.so
b660b000-b660c000 r--p 0000a000 08:06 1933505    /lib/i386-linux-gnu/libnss_files-2.19.so
b660c000-b660d000 rw-p 0000b000 08:06 1933505    /lib/i386-linux-gnu/libnss_files-2.19.so
b660d000-b6617000 r-xp 00000000 08:06 1933491    /lib/i386-linux-gnu/libnss_nis-2.19.so
b6617000-b6618000 r--p 00009000 08:06 1933491    /lib/i386-linux-gnu/libnss_nis-2.19.so
b6618000-b6619000 rw-p 0000a000 08:06 1933491    /lib/i386-linux-gnu/libnss_nis-2.19.so
b6619000-b662e000 r-xp 00000000 08:06 1933492    /lib/i386-linux-gnu/libnsl-2.19.so
b662e000-b662f000 r--p 00015000 08:06 1933492    /lib/i386-linux-gnu/libnsl-2.19.so
b662f000-b6630000 rw-p 00016000 08:06 1933492    /lib/i386-linux-gnu/libnsl-2.19.so
b6630000-b6632000 rw-p 00000000 00:00 0 
b663e000-b6640000 rw-p 00000000 00:00 0 
b6640000-b6641000 r--p 00850000 08:06 1093651    /usr/lib/locale/locale-archive
b6641000-b6649000 rw-s 00000000 08:06 386827     /tmp/hsperfdata_priya/15390
b6649000-b666d000 r-xp 00000000 08:06 1387732    /usr/lib/jvm/java-8-oracle/jre/lib/i386/libjava.so
b666d000-b666e000 rw-p 00023000 08:06 1387732    /usr/lib/jvm/java-8-oracle/jre/lib/i386/libjava.so
b666e000-b6675000 r-xp 00000000 08:06 1933506    /lib/i386-linux-gnu/librt-2.19.so
b6675000-b6676000 r--p 00006000 08:06 1933506    /lib/i386-linux-gnu/librt-2.19.so
b6676000-b6677000 rw-p 00007000 08:06 1933506    /lib/i386-linux-gnu/librt-2.19.so
b6677000-b667a000 ---p 00000000 00:00 0 
b667a000-b66c8000 rw-p 00000000 00:00 0          [stack:15395]
b66c8000-b670c000 r-xp 00000000 08:06 1933496    /lib/i386-linux-gnu/libm-2.19.so
b670c000-b670d000 r--p 00043000 08:06 1933496    /lib/i386-linux-gnu/libm-2.19.so
b670d000-b670e000 rw-p 00044000 08:06 1933496    /lib/i386-linux-gnu/libm-2.19.so
b670e000-b708e000 r-xp 00000000 08:06 1395826    /usr/lib/jvm/java-8-oracle/jre/lib/i386/server/libjvm.so
b708e000-b70fb000 rw-p 00980000 08:06 1395826    /usr/lib/jvm/java-8-oracle/jre/lib/i386/server/libjvm.so
b70fb000-b7521000 rw-p 00000000 00:00 0 
b7521000-b76c9000 r-xp 00000000 08:06 1933488    /lib/i386-linux-gnu/libc-2.19.so
b76c9000-b76cb000 r--p 001a8000 08:06 1933488    /lib/i386-linux-gnu/libc-2.19.so
b76cb000-b76cc000 rw-p 001aa000 08:06 1933488    /lib/i386-linux-gnu/libc-2.19.so
b76cc000-b76cf000 rw-p 00000000 00:00 0 
b76cf000-b76d2000 r-xp 00000000 08:06 1933489    /lib/i386-linux-gnu/libdl-2.19.so
b76d2000-b76d3000 r--p 00002000 08:06 1933489    /lib/i386-linux-gnu/libdl-2.19.so
b76d3000-b76d4000 rw-p 00003000 08:06 1933489    /lib/i386-linux-gnu/libdl-2.19.so
b76d4000-b76e8000 r-xp 00000000 08:06 1549650    /usr/lib/jvm/java-8-oracle/lib/i386/jli/libjli.so
b76e8000-b76e9000 rw-p 00014000 08:06 1549650    /usr/lib/jvm/java-8-oracle/lib/i386/jli/libjli.so
b76e9000-b76ea000 rw-p 00000000 00:00 0 
b76ea000-b7702000 r-xp 00000000 08:06 1933501    /lib/i386-linux-gnu/libpthread-2.19.so
b7702000-b7703000 r--p 00018000 08:06 1933501    /lib/i386-linux-gnu/libpthread-2.19.so
b7703000-b7704000 rw-p 00019000 08:06 1933501    /lib/i386-linux-gnu/libpthread-2.19.so
b7704000-b7706000 rw-p 00000000 00:00 0 
b7706000-b770d000 r-xp 00000000 08:06 1933497    /lib/i386-linux-gnu/libnss_compat-2.19.so
b770d000-b770e000 r--p 00006000 08:06 1933497    /lib/i386-linux-gnu/libnss_compat-2.19.so
b770e000-b770f000 rw-p 00007000 08:06 1933497    /lib/i386-linux-gnu/libnss_compat-2.19.so
b770f000-b7710000 rw-p 00000000 00:00 0 
b7710000-b7711000 ---p 00000000 00:00 0 
b7711000-b771c000 r-xp 00000000 08:06 1387688    /usr/lib/jvm/java-8-oracle/jre/lib/i386/libverify.so
b771c000-b771d000 rw-p 0000b000 08:06 1387688    /usr/lib/jvm/java-8-oracle/jre/lib/i386/libverify.so
b771d000-b771f000 rw-p 00000000 00:00 0 
b771f000-b7720000 r-xp 00000000 00:00 0          [vdso]
b7720000-b7740000 r-xp 00000000 08:06 1933490    /lib/i386-linux-gnu/ld-2.19.so
b7740000-b7741000 r--p 0001f000 08:06 1933490    /lib/i386-linux-gnu/ld-2.19.so
b7741000-b7742000 rw-p 00020000 08:06 1933490    /lib/i386-linux-gnu/ld-2.19.so
bf861000-bf862000 rwxp 00000000 00:00 0 
bf894000-bf8b5000 rw-p 00000000 00:00 0          [stack]

VM Arguments:
jvm_args: -Djava.awt.headless=true -Xmx1024M -Dfile.encoding=UTF-8 -Duser.country=IN -Duser.language=en -Duser.variant 
java_command: com.android.dx.command.Main --dex --num-threads=4 --multi-dex --main-dex-list /home/priya/matrix/Kurukshetra/app/build/intermediates/multi-dex/debug/maindexlist.txt --output /home/priya/matrix/Kurukshetra/app/build/intermediates/transforms/dex/debug/folders/1000/1f/main /home/priya/matrix/Kurukshetra/app/build/intermediates/transforms/jarMerging/debug/jars/1/1f/combined.jar
java_class_path (initial): /home/priya/Android/Sdk/build-tools/23.0.2/lib/dx.jar
Launcher Type: SUN_STANDARD

Environment Variables:
JAVA_HOME=/usr/lib/jvm/java-8-oracle
PATH=/usr/local/sbin:/usr/local/bin:/usr/sbin:/usr/bin:/sbin:/bin:/usr/games:/usr/local/games:/home/priya/matrix/proxy/google_appengine/
LD_LIBRARY_PATH=bin:
SHELL=/bin/bash
DISPLAY=:0

Signal Handlers:
SIGSEGV: [libjvm.so+0x8cdc10], sa_mask[0]=11111111011111111101111111111110, sa_flags=SA_RESTART|SA_SIGINFO
SIGBUS: [libjvm.so+0x8cdc10], sa_mask[0]=11111111011111111101111111111110, sa_flags=SA_RESTART|SA_SIGINFO
SIGFPE: [libjvm.so+0x74dbb0], sa_mask[0]=11111111011111111101111111111110, sa_flags=SA_RESTART|SA_SIGINFO
SIGPIPE: [libjvm.so+0x74dbb0], sa_mask[0]=11111111011111111101111111111110, sa_flags=SA_RESTART|SA_SIGINFO
SIGXFSZ: [libjvm.so+0x74dbb0], sa_mask[0]=11111111011111111101111111111110, sa_flags=SA_RESTART|SA_SIGINFO
SIGILL: [libjvm.so+0x74dbb0], sa_mask[0]=11111111011111111101111111111110, sa_flags=SA_RESTART|SA_SIGINFO
SIGUSR1: SIG_DFL, sa_mask[0]=00000000000000000000000000000000, sa_flags=none
SIGUSR2: [libjvm.so+0x74f230], sa_mask[0]=00100000000000000000000000000000, sa_flags=SA_RESTART|SA_SIGINFO
SIGHUP: [libjvm.so+0x7506e0], sa_mask[0]=11111111011111111101111111111110, sa_flags=SA_RESTART|SA_SIGINFO
SIGINT: [libjvm.so+0x7506e0], sa_mask[0]=11111111011111111101111111111110, sa_flags=SA_RESTART|SA_SIGINFO
SIGTERM: [libjvm.so+0x7506e0], sa_mask[0]=11111111011111111101111111111110, sa_flags=SA_RESTART|SA_SIGINFO
SIGQUIT: [libjvm.so+0x7506e0], sa_mask[0]=11111111011111111101111111111110, sa_flags=SA_RESTART|SA_SIGINFO


---------------  S Y S T E M  ---------------

OS:DISTRIB_ID=Ubuntu
DISTRIB_RELEASE=14.04
DISTRIB_CODENAME=trusty
DISTRIB_DESCRIPTION="Ubuntu 14.04.3 LTS"

uname:Linux 3.13.0-74-generic #118-Ubuntu SMP Thu Dec 17 22:52:02 UTC 2015 i686
libc:glibc 2.19 NPTL 2.19 
rlimit: STACK 8192k, CORE 0k, NPROC 31374, NOFILE 4096, AS infinity
load average:1.88 0.88 0.87

/proc/meminfo:
MemTotal:        4035184 kB
MemFree:          248408 kB
Buffers:            4676 kB
Cached:           745044 kB
SwapCached:            0 kB
Active:          2956436 kB
Inactive:         722128 kB
Active(anon):    2934288 kB
Inactive(anon):   704104 kB
Active(file):      22148 kB
Inactive(file):    18024 kB
Unevictable:         120 kB
Mlocked:             120 kB
HighTotal:       3182980 kB
HighFree:          86440 kB
LowTotal:         852204 kB
LowFree:          161968 kB
SwapTotal:             0 kB
SwapFree:              0 kB
Dirty:              1488 kB
Writeback:             0 kB
AnonPages:       2929120 kB
Mapped:           375900 kB
Shmem:            709480 kB
Slab:              48072 kB
SReclaimable:      21600 kB
SUnreclaim:        26472 kB
KernelStack:        5408 kB
PageTables:        20908 kB
NFS_Unstable:          0 kB
Bounce:                0 kB
WritebackTmp:          0 kB
CommitLimit:     2017592 kB
Committed_AS:    9757064 kB
VmallocTotal:     122880 kB
VmallocUsed:       70844 kB
VmallocChunk:      23352 kB
HardwareCorrupted:     0 kB
AnonHugePages:   1452032 kB
HugePages_Total:       0
HugePages_Free:        0
HugePages_Rsvd:        0
HugePages_Surp:        0
Hugepagesize:       2048 kB
DirectMap4k:       34808 kB
DirectMap2M:      878592 kB


CPU:total 4 (2 cores per cpu, 2 threads per core) family 6 model 69 stepping 1, cmov, cx8, fxsr, mmx, sse, sse2, sse3, ssse3, sse4.1, sse4.2, popcnt, avx, avx2, aes, clmul, erms, lzcnt, ht, tsc, tscinvbit, bmi1, bmi2

/proc/cpuinfo:
processor	: 0
vendor_id	: GenuineIntel
cpu family	: 6
model		: 69
model name	: Intel(R) Core(TM) i5-4210U CPU @ 1.70GHz
stepping	: 1
microcode	: 0x17
cpu MHz		: 1701.000
cache size	: 3072 KB
physical id	: 0
siblings	: 4
core id		: 0
cpu cores	: 2
apicid		: 0
initial apicid	: 0
fdiv_bug	: no
f00f_bug	: no
coma_bug	: no
fpu		: yes
fpu_exception	: yes
cpuid level	: 13
wp		: yes
flags		: fpu vme de pse tsc msr pae mce cx8 apic sep mtrr pge mca cmov pat pse36 clflush dts acpi mmx fxsr sse sse2 ss ht tm pbe nx pdpe1gb rdtscp lm constant_tsc arch_perfmon pebs bts xtopology nonstop_tsc aperfmperf eagerfpu pni pclmulqdq dtes64 monitor ds_cpl vmx est tm2 ssse3 fma cx16 xtpr pdcm pcid sse4_1 sse4_2 movbe popcnt tsc_deadline_timer aes xsave avx f16c rdrand lahf_lm abm ida arat epb xsaveopt pln pts dtherm tpr_shadow vnmi flexpriority ept vpid fsgsbase tsc_adjust bmi1 avx2 smep bmi2 erms invpcid
bogomips	: 3392.23
clflush size	: 64
cache_alignment	: 64
address sizes	: 39 bits physical, 48 bits virtual
power management:

processor	: 1
vendor_id	: GenuineIntel
cpu family	: 6
model		: 69
model name	: Intel(R) Core(TM) i5-4210U CPU @ 1.70GHz
stepping	: 1
microcode	: 0x17
cpu MHz		: 782.000
cache size	: 3072 KB
physical id	: 0
siblings	: 4
core id		: 1
cpu cores	: 2
apicid		: 2
initial apicid	: 2
fdiv_bug	: no
f00f_bug	: no
coma_bug	: no
fpu		: yes
fpu_exception	: yes
cpuid level	: 13
wp		: yes
flags		: fpu vme de pse tsc msr pae mce cx8 apic sep mtrr pge mca cmov pat pse36 clflush dts acpi mmx fxsr sse sse2 ss ht tm pbe nx pdpe1gb rdtscp lm constant_tsc arch_perfmon pebs bts xtopology nonstop_tsc aperfmperf eagerfpu pni pclmulqdq dtes64 monitor ds_cpl vmx est tm2 ssse3 fma cx16 xtpr pdcm pcid sse4_1 sse4_2 movbe popcnt tsc_deadline_timer aes xsave avx f16c rdrand lahf_lm abm ida arat epb xsaveopt pln pts dtherm tpr_shadow vnmi flexpriority ept vpid fsgsbase tsc_adjust bmi1 avx2 smep bmi2 erms invpcid
bogomips	: 3392.23
clflush size	: 64
cache_alignment	: 64
address sizes	: 39 bits physical, 48 bits virtual
power management:

processor	: 2
vendor_id	: GenuineIntel
cpu family	: 6
model		: 69
model name	: Intel(R) Core(TM) i5-4210U CPU @ 1.70GHz
stepping	: 1
microcode	: 0x17
cpu MHz		: 782.000
cache size	: 3072 KB
physical id	: 0
siblings	: 4
core id		: 0
cpu cores	: 2
apicid		: 1
initial apicid	: 1
fdiv_bug	: no
f00f_bug	: no
coma_bug	: no
fpu		: yes
fpu_exception	: yes
cpuid level	: 13
wp		: yes
flags		: fpu vme de pse tsc msr pae mce cx8 apic sep mtrr pge mca cmov pat pse36 clflush dts acpi mmx fxsr sse sse2 ss ht tm pbe nx pdpe1gb rdtscp lm constant_tsc arch_perfmon pebs bts xtopology nonstop_tsc aperfmperf eagerfpu pni pclmulqdq dtes64 monitor ds_cpl vmx est tm2 ssse3 fma cx16 xtpr pdcm pcid sse4_1 sse4_2 movbe popcnt tsc_deadline_timer aes xsave avx f16c rdrand lahf_lm abm ida arat epb xsaveopt pln pts dtherm tpr_shadow vnmi flexpriority ept vpid fsgsbase tsc_adjust bmi1 avx2 smep bmi2 erms invpcid
bogomips	: 3392.23
clflush size	: 64
cache_alignment	: 64
address sizes	: 39 bits physical, 48 bits virtual
power management:

processor	: 3
vendor_id	: GenuineIntel
cpu family	: 6
model		: 69
model name	: Intel(R) Core(TM) i5-4210U CPU @ 1.70GHz
stepping	: 1
microcode	: 0x17
cpu MHz		: 782.000
cache size	: 3072 KB
physical id	: 0
siblings	: 4
core id		: 1
cpu cores	: 2
apicid		: 3
initial apicid	: 3
fdiv_bug	: no
f00f_bug	: no
coma_bug	: no
fpu		: yes
fpu_exception	: yes
cpuid level	: 13
wp		: yes
flags		: fpu vme de pse tsc msr pae mce cx8 apic sep mtrr pge mca cmov pat pse36 clflush dts acpi mmx fxsr sse sse2 ss ht tm pbe nx pdpe1gb rdtscp lm constant_tsc arch_perfmon pebs bts xtopology nonstop_tsc aperfmperf eagerfpu pni pclmulqdq dtes64 monitor ds_cpl vmx est tm2 ssse3 fma cx16 xtpr pdcm pcid sse4_1 sse4_2 movbe popcnt tsc_deadline_timer aes xsave avx f16c rdrand lahf_lm abm ida arat epb xsaveopt pln pts dtherm tpr_shadow vnmi flexpriority ept vpid fsgsbase tsc_adjust bmi1 avx2 smep bmi2 erms invpcid
bogomips	: 3392.23
clflush size	: 64
cache_alignment	: 64
address sizes	: 39 bits physical, 48 bits virtual
power management:



Memory: 4k page, physical 4035184k(248160k free), swap 0k(0k free)

vm_info: Java HotSpot(TM) Server VM (25.66-b17) for linux-x86 JRE (1.8.0_66-b17), built on Oct  6 2015 18:06:03 by "java_re" with gcc 4.3.0 20080428 (Red Hat 4.3.0-8)

time: Thu Dec 24 03:33:46 2015
elapsed time: 1 seconds (0d 0h 0m 1s)

