#
# There is insufficient memory for the Java Runtime Environment to continue.
# Native memory allocation (mmap) failed to map 57933824 bytes for committing reserved memory.
# Possible reasons:
#   The system is out of physical RAM or swap space
#   In 32 bit mode, the process size limit was hit
# Possible solutions:
#   Reduce memory load on the system
#   Increase physical memory or swap space
#   Check if swap backing store is full
#   Use 64 bit Java on a 64 bit OS
#   Decrease Java heap size (-Xmx/-Xms)
#   Decrease number of Java threads
#   Decrease Java thread stack sizes (-Xss)
#   Set larger code cache with -XX:ReservedCodeCacheSize=
# This output file may be truncated or incomplete.
#
#  Out of Memory Error (os_linux.cpp:2627), pid=16720, tid=1673374528
#
# JRE version: Java(TM) SE Runtime Environment (8.0_66-b17) (build 1.8.0_66-b17)
# Java VM: Java HotSpot(TM) Server VM (25.66-b17 mixed mode linux-x86 )
# Failed to write core dump. Core dumps have been disabled. To enable core dumping, try "ulimit -c unlimited" before starting Java again
#

---------------  T H R E A D  ---------------

Current thread (0x63a81400):  VMThread [stack: 0x63b5a000,0x63bdb000] [id=16730]

Stack: [0x63b5a000,0x63bdb000],  sp=0x63bd9880,  free space=510k
Native frames: (J=compiled Java code, j=interpreted, Vv=VM code, C=native code)
V  [libjvm.so+0x8cd0ff]  VMError::report_and_die()+0x16f
V  [libjvm.so+0x38bee5]  report_vm_out_of_memory(char const*, int, unsigned int, VMErrorType, char const*)+0x55
V  [libjvm.so+0x750ed6]  os::Linux::commit_memory_impl(char*, unsigned int, bool)+0xe6
V  [libjvm.so+0x7513a8]  os::pd_commit_memory(char*, unsigned int, unsigned int, bool)+0x28
V  [libjvm.so+0x74b2cc]  os::commit_memory(char*, unsigned int, unsigned int, bool)+0x2c
V  [libjvm.so+0x7b58a8]  PSVirtualSpace::expand_by(unsigned int)+0x48
V  [libjvm.so+0x7a8941]  PSOldGen::expand(unsigned int)+0x141
V  [libjvm.so+0x7a8a0f]  PSOldGen::resize(unsigned int)+0x8f
V  [libjvm.so+0x7af534]  PSParallelCompact::invoke_no_policy(bool)+0x874
V  [libjvm.so+0x7b3f0d]  PSScavenge::invoke()+0x16d
V  [libjvm.so+0x7728ba]  ParallelScavengeHeap::failed_mem_allocate(unsigned int)+0x5a
V  [libjvm.so+0x8cebca]  VM_ParallelGCFailedAllocation::doit()+0x7a
V  [libjvm.so+0x8d81d7]  VM_Operation::evaluate()+0x47
V  [libjvm.so+0x8d62b3]  VMThread::evaluate_operation(VM_Operation*)+0xb3
V  [libjvm.so+0x8d6650]  VMThread::loop()+0x1b0
V  [libjvm.so+0x8d6ab5]  VMThread::run()+0x85
V  [libjvm.so+0x753519]  java_start(Thread*)+0x119
C  [libpthread.so.0+0x6f70]  start_thread+0xd0

VM_Operation (0x62bfe604): ParallelGCFailedAllocation, mode: safepoint, requested by thread 0x63256800


---------------  P R O C E S S  ---------------

Java Threads: ( => current thread )
  0x63265000 JavaThread "pool-2-thread-4" [_thread_blocked, id=16743, stack(0x62a6b000,0x62abc000)]
  0x63264000 JavaThread "pool-2-thread-3" [_thread_blocked, id=16742, stack(0x62abc000,0x62b0d000)]
  0x63262800 JavaThread "pool-2-thread-2" [_thread_blocked, id=16741, stack(0x62b0d000,0x62b5e000)]
  0x63266400 JavaThread "pool-3-thread-1" [_thread_blocked, id=16740, stack(0x62b5e000,0x62baf000)]
  0x63256800 JavaThread "pool-2-thread-1" [_thread_blocked, id=16739, stack(0x62baf000,0x62c00000)]
  0x63aaac00 JavaThread "Service Thread" daemon [_thread_blocked, id=16737, stack(0x633db000,0x6342c000)]
  0x63aa7800 JavaThread "C1 CompilerThread2" daemon [_thread_blocked, id=16736, stack(0x6342c000,0x634ad000)]
  0x63aa6000 JavaThread "C2 CompilerThread1" daemon [_thread_blocked, id=16735, stack(0x634ad000,0x6352e000)]
  0x63aa4400 JavaThread "C2 CompilerThread0" daemon [_thread_blocked, id=16734, stack(0x6352e000,0x635af000)]
  0x63aa2c00 JavaThread "Signal Dispatcher" daemon [_thread_blocked, id=16733, stack(0x635af000,0x63600000)]
  0x63a86000 JavaThread "Finalizer" daemon [_thread_blocked, id=16732, stack(0x63b09000,0x63b5a000)]
  0x63a84800 JavaThread "Reference Handler" daemon [_thread_blocked, id=16731, stack(0x6672e000,0x6677f000)]
  0xb6507800 JavaThread "main" [_thread_blocked, id=16725, stack(0xb663d000,0xb668e000)]

Other Threads:
=>0x63a81400 VMThread [stack: 0x63b5a000,0x63bdb000] [id=16730]
  0x63ac5c00 WatcherThread [stack: 0x6335a000,0x633db000] [id=16738]

VM state:at safepoint (normal execution)

VM Mutex/Monitor currently owned by a thread:  ([mutex/lock_event])
[0xb65049b8] ExpandHeap_lock - owner thread: 0x63a81400
[0xb6504f00] Threads_lock - owner thread: 0x63a81400
[0xb6505310] Heap_lock - owner thread: 0x63256800

Heap:
 PSYoungGen      total 268288K, used 25950K [0x91ac0000, 0xa4b40000, 0xa7000000)
  eden space 231424K, 0% used [0x91ac0000,0x91ac0000,0x9fcc0000)
  from space 36864K, 70% used [0xa2600000,0xa3f57b38,0xa4a00000)
  to   space 40192K, 0% used [0x9fcc0000,0x9fcc0000,0xa2400000)
 ParOldGen       total 81152K, used 80954K [0x67000000, 0x6bf40000, 0x91ac0000)
  object space 81152K, 99% used [0x67000000,0x6bf0ea28,0x6bf40000)
 Metaspace       used 4281K, capacity 4294K, committed 4376K, reserved 4400K

Card table byte_map: [0x66dff000,0x67000000] byte_map_base: 0x66ac7000

Marking Bits: (ParMarkBitMap*) 0xb70d2380
 Begin Bits: [0x64600000, 0x65600000)
 End Bits:   [0x65600000, 0x66600000)

Polling page: 0xb76d6000

CodeCache: size=245760Kb used=9186Kb max_used=9186Kb free=236573Kb
 bounds [0xa74a9000, 0xa7da9000, 0xb64a9000]
 total_blobs=2600 nmethods=2439 adapters=75
 compilation: enabled

Compilation events (10 events):
Event: 8.629 Thread 0x63aa7800 2632       1       java.util.concurrent.ThreadPoolExecutor::beforeExecute (1 bytes)
Event: 8.629 Thread 0x63aa7800 nmethod 2632 0xa7d92fc8 code [0xa7d930c0, 0xa7d93160]
Event: 8.634 Thread 0x63aa7800 2634       2       java.util.HashMap$Values::iterator (12 bytes)
Event: 8.634 Thread 0x63aa7800 nmethod 2634 0xa7d92cc8 code [0xa7d92de0, 0xa7d92f2c]
Event: 8.634 Thread 0x63aa7800 2635       2       java.util.HashMap$ValueIterator::<init> (11 bytes)
Event: 8.634 Thread 0x63aa7800 nmethod 2635 0xa7d92a48 code [0xa7d92b60, 0xa7d92c4c]
Event: 8.638 Thread 0x63aa7800 2641       2       java.util.HashMap::put (13 bytes)
Event: 8.638 Thread 0x63aa7800 nmethod 2641 0xa7d92708 code [0xa7d92820, 0xa7d92978]
Event: 8.640 Thread 0x63aa7800 2642       2       com.android.dx.dex.code.RopTranslator::outputBlock (202 bytes)
Event: 8.642 Thread 0x63aa7800 nmethod 2642 0xa7d8dec8 code [0xa7d8e160, 0xa7d8e94c]

GC Heap History (10 events):
Event: 2.947 GC heap after
Heap after GC invocations=9 (full 0):
 PSYoungGen      total 137728K, used 19446K [0x91ac0000, 0xa0a40000, 0xa7000000)
  eden space 118272K, 0% used [0x91ac0000,0x91ac0000,0x98e40000)
  from space 19456K, 99% used [0x98e40000,0x9a13da58,0x9a140000)
  to   space 27904K, 0% used [0x9ef00000,0x9ef00000,0xa0a40000)
 ParOldGen       total 42496K, used 29929K [0x67000000, 0x69980000, 0x91ac0000)
  object space 42496K, 70% used [0x67000000,0x68d3a590,0x69980000)
 Metaspace       used 4139K, capacity 4166K, committed 4248K, reserved 4400K
}
Event: 3.364 GC heap before
{Heap before GC invocations=10 (full 0):
 PSYoungGen      total 137728K, used 137718K [0x91ac0000, 0xa0a40000, 0xa7000000)
  eden space 118272K, 100% used [0x91ac0000,0x98e40000,0x98e40000)
  from space 19456K, 99% used [0x98e40000,0x9a13da58,0x9a140000)
  to   space 27904K, 0% used [0x9ef00000,0x9ef00000,0xa0a40000)
 ParOldGen       total 42496K, used 29929K [0x67000000, 0x69980000, 0x91ac0000)
  object space 42496K, 70% used [0x67000000,0x68d3a590,0x69980000)
 Metaspace       used 4205K, capacity 4230K, committed 4248K, reserved 4400K
Event: 3.447 GC heap after
Heap after GC invocations=10 (full 0):
 PSYoungGen      total 209408K, used 27894K [0x91ac0000, 0xa19c0000, 0xa7000000)
  eden space 181504K, 0% used [0x91ac0000,0x91ac0000,0x9cc00000)
  from space 27904K, 99% used [0x9ef00000,0xa0a3da48,0xa0a40000)
  to   space 35840K, 0% used [0x9cc00000,0x9cc00000,0x9ef00000)
 ParOldGen       total 42496K, used 37964K [0x67000000, 0x69980000, 0x91ac0000)
  object space 42496K, 89% used [0x67000000,0x69513368,0x69980000)
 Metaspace       used 4205K, capacity 4230K, committed 4248K, reserved 4400K
}
Event: 3.447 GC heap before
{Heap before GC invocations=11 (full 1):
 PSYoungGen      total 209408K, used 27894K [0x91ac0000, 0xa19c0000, 0xa7000000)
  eden space 181504K, 0% used [0x91ac0000,0x91ac0000,0x9cc00000)
  from space 27904K, 99% used [0x9ef00000,0xa0a3da48,0xa0a40000)
  to   space 35840K, 0% used [0x9cc00000,0x9cc00000,0x9ef00000)
 ParOldGen       total 42496K, used 37964K [0x67000000, 0x69980000, 0x91ac0000)
  object space 42496K, 89% used [0x67000000,0x69513368,0x69980000)
 Metaspace       used 4205K, capacity 4230K, committed 4248K, reserved 4400K
Event: 3.820 GC heap after
Heap after GC invocations=11 (full 1):
 PSYoungGen      total 209408K, used 18037K [0x91ac0000, 0xa19c0000, 0xa7000000)
  eden space 181504K, 0% used [0x91ac0000,0x91ac0000,0x9cc00000)
  from space 27904K, 64% used [0x9ef00000,0xa009d5c0,0xa0a40000)
  to   space 35840K, 0% used [0x9cc00000,0x9cc00000,0x9ef00000)
 ParOldGen       total 77568K, used 42412K [0x67000000, 0x6bbc0000, 0x91ac0000)
  object space 77568K, 54% used [0x67000000,0x6996b270,0x6bbc0000)
 Metaspace       used 4205K, capacity 4230K, committed 4248K, reserved 4400K
}
Event: 4.366 GC heap before
{Heap before GC invocations=12 (full 1):
 PSYoungGen      total 209408K, used 199541K [0x91ac0000, 0xa19c0000, 0xa7000000)
  eden space 181504K, 100% used [0x91ac0000,0x9cc00000,0x9cc00000)
  from space 27904K, 64% used [0x9ef00000,0xa009d5c0,0xa0a40000)
  to   space 35840K, 0% used [0x9cc00000,0x9cc00000,0x9ef00000)
 ParOldGen       total 77568K, used 42412K [0x67000000, 0x6bbc0000, 0x91ac0000)
  object space 77568K, 54% used [0x67000000,0x6996b270,0x6bbc0000)
 Metaspace       used 4249K, capacity 4294K, committed 4376K, reserved 4400K
Event: 4.469 GC heap after
Heap after GC invocations=12 (full 1):
 PSYoungGen      total 217344K, used 21345K [0x91ac0000, 0xa4a00000, 0xa7000000)
  eden space 181504K, 0% used [0x91ac0000,0x91ac0000,0x9cc00000)
  from space 35840K, 59% used [0x9cc00000,0x9e0d84e0,0x9ef00000)
  to   space 36864K, 0% used [0xa2600000,0xa2600000,0xa4a00000)
 ParOldGen       total 77568K, used 60118K [0x67000000, 0x6bbc0000, 0x91ac0000)
  object space 77568K, 77% used [0x67000000,0x6aab5888,0x6bbc0000)
 Metaspace       used 4249K, capacity 4294K, committed 4376K, reserved 4400K
}
Event: 8.725 GC heap before
{Heap before GC invocations=13 (full 1):
 PSYoungGen      total 217344K, used 202849K [0x91ac0000, 0xa4a00000, 0xa7000000)
  eden space 181504K, 100% used [0x91ac0000,0x9cc00000,0x9cc00000)
  from space 35840K, 59% used [0x9cc00000,0x9e0d84e0,0x9ef00000)
  to   space 36864K, 0% used [0xa2600000,0xa2600000,0xa4a00000)
 ParOldGen       total 77568K, used 60118K [0x67000000, 0x6bbc0000, 0x91ac0000)
  object space 77568K, 77% used [0x67000000,0x6aab5888,0x6bbc0000)
 Metaspace       used 4281K, capacity 4294K, committed 4376K, reserved 4400K
Event: 8.841 GC heap after
Heap after GC invocations=13 (full 1):
 PSYoungGen      total 268288K, used 29055K [0x91ac0000, 0xa4b40000, 0xa7000000)
  eden space 231424K, 0% used [0x91ac0000,0x91ac0000,0x9fcc0000)
  from space 36864K, 78% used [0xa2600000,0xa425ff00,0xa4a00000)
  to   space 40192K, 0% used [0x9fcc0000,0x9fcc0000,0xa2400000)
 ParOldGen       total 81152K, used 80544K [0x67000000, 0x6bf40000, 0x91ac0000)
  object space 81152K, 99% used [0x67000000,0x6bea81c8,0x6bf40000)
 Metaspace       used 4281K, capacity 4294K, committed 4376K, reserved 4400K
}
Event: 8.841 GC heap before
{Heap before GC invocations=14 (full 2):
 PSYoungGen      total 268288K, used 29055K [0x91ac0000, 0xa4b40000, 0xa7000000)
  eden space 231424K, 0% used [0x91ac0000,0x91ac0000,0x9fcc0000)
  from space 36864K, 78% used [0xa2600000,0xa425ff00,0xa4a00000)
  to   space 40192K, 0% used [0x9fcc0000,0x9fcc0000,0xa2400000)
 ParOldGen       total 81152K, used 80544K [0x67000000, 0x6bf40000, 0x91ac0000)
  object space 81152K, 99% used [0x67000000,0x6bea81c8,0x6bf40000)
 Metaspace       used 4281K, capacity 4294K, committed 4376K, reserved 4400K

Deoptimization events (10 events):
Event: 7.787 Thread 0x63265000 Uncommon trap: reason=class_check action=maybe_recompile pc=0xa7cf9224 method=com.android.dx.rop.code.RegisterSpec.withSimpleType()Lcom/android/dx/rop/code/RegisterSpec; @ 21
Event: 7.818 Thread 0x63265000 Uncommon trap: reason=unstable_if action=reinterpret pc=0xa7ba7210 method=java.util.HashMap.putVal(ILjava/lang/Object;Ljava/lang/Object;ZZ)Ljava/lang/Object; @ 109
Event: 8.237 Thread 0x63264000 Uncommon trap: reason=unstable_if action=reinterpret pc=0xa7d1215c method=com.android.dx.cf.code.Ropper.labelToResultIndex(I)I @ 34
Event: 8.263 Thread 0x63256800 Uncommon trap: reason=unstable_if action=reinterpret pc=0xa7d20308 method=com.android.dx.ssa.back.FirstFitLocalCombiningAllocator.getAlignment(I)Lcom/android/dx/ssa/back/FirstFitLocalCombiningAllocator$Alignment; @ 6
Event: 8.263 Thread 0x63256800 Uncommon trap: reason=unstable_if action=reinterpret pc=0xa7cc1ea0 method=com.android.dx.ssa.InterferenceRegisterMapper.interferes(III)Z @ 35
Event: 8.364 Thread 0x63265000 Uncommon trap: reason=class_check action=maybe_recompile pc=0xa7cee150 method=com.android.dx.rop.code.RegisterSpec.withSimpleType()Lcom/android/dx/rop/code/RegisterSpec; @ 21
Event: 8.386 Thread 0x63264000 Uncommon trap: reason=unstable_if action=reinterpret pc=0xa7ce850c method=com.android.dx.ssa.LocalVariableExtractor.doit()Lcom/android/dx/ssa/LocalVariableInfo; @ 7
Event: 8.386 Thread 0x63264000 Uncommon trap: reason=unstable_if action=reinterpret pc=0xa7cf9118 method=com.android.dx.rop.code.RegisterSpecSet.<init>(I)V @ 2
Event: 8.634 Thread 0xb6507800 Uncommon trap: reason=unstable_if action=reinterpret pc=0xa7be3e2c method=java.util.HashMap.putVal(ILjava/lang/Object;Ljava/lang/Object;ZZ)Ljava/lang/Object; @ 109
Event: 8.639 Thread 0x63265000 Uncommon trap: reason=unstable_if action=reinterpret pc=0xa7cda3d8 method=com.android.dx.dex.code.RopTranslator.outputBlock(Lcom/android/dx/rop/code/BasicBlock;I)V @ 140

Internal exceptions (7 events):
Event: 0.032 Thread 0xb6507800 Exception <a 'java/lang/NoSuchMethodError': Method sun.misc.Unsafe.defineClass(Ljava/lang/String;[BII)Ljava/lang/Class; name or signature does not match> (0x91ad0540) thrown at [/HUDSON/workspace/8-2-build-linux-i586/jdk8u66/4988/hotspot/src/share/vm/prim
Event: 0.032 Thread 0xb6507800 Exception <a 'java/lang/NoSuchMethodError': Method sun.misc.Unsafe.prefetchRead(Ljava/lang/Object;J)V name or signature does not match> (0x91ad0810) thrown at [/HUDSON/workspace/8-2-build-linux-i586/jdk8u66/4988/hotspot/src/share/vm/prims/jni.cpp, line 39
Event: 1.069 Thread 0xb6507800 Implicit null exception at 0xa76f1272 to 0xa76f36d9
Event: 1.367 Thread 0x63264000 Implicit null exception at 0xa772ded7 to 0xa773021d
Event: 2.366 Thread 0x63264000 Exception <a 'java/lang/ArrayIndexOutOfBoundsException': 18> (0x92b834d0) thrown at [/HUDSON/workspace/8-2-build-linux-i586/jdk8u66/4988/hotspot/src/share/vm/interpreter/interpreterRuntime.cpp, line 366]
Event: 2.367 Thread 0x63264000 Exception <a 'java/lang/ArrayIndexOutOfBoundsException': 145> (0x92b84d70) thrown at [/HUDSON/workspace/8-2-build-linux-i586/jdk8u66/4988/hotspot/src/share/vm/interpreter/interpreterRuntime.cpp, line 366]
Event: 2.368 Thread 0x63264000 Exception <a 'java/lang/ArrayIndexOutOfBoundsException'> (0x92b85e50) thrown at [/HUDSON/workspace/8-2-build-linux-i586/jdk8u66/4988/hotspot/src/share/vm/runtime/sharedRuntime.cpp, line 605]

Events (10 events):
Event: 8.599 Thread 0x63265000 DEOPT UNPACKING pc=0xa74e5590 sp=0x62aba84c mode 0
Event: 8.634 Thread 0xb6507800 Uncommon trap: trap_request=0xffffff65 fr.pc=0xa7be3e2c
Event: 8.634 Thread 0xb6507800 DEOPT PACKING pc=0xa7be3e2c sp=0xb668c530
Event: 8.634 Thread 0xb6507800 DEOPT UNPACKING pc=0xa74e3e55 sp=0xb668c4dc mode 2
Event: 8.639 Thread 0x63265000 Uncommon trap: trap_request=0xffffff65 fr.pc=0xa7cda3d8
Event: 8.639 Thread 0x63265000 DEOPT PACKING pc=0xa7cda3d8 sp=0x62abaa00
Event: 8.639 Thread 0x63265000 DEOPT UNPACKING pc=0xa74e3e55 sp=0x62aba9f0 mode 2
Event: 8.723 Thread 0x63262800 DEOPT PACKING pc=0xa7739048 sp=0x62b5c5e0
Event: 8.723 Thread 0x63262800 DEOPT UNPACKING pc=0xa74e5590 sp=0x62b5c4cc mode 0
Event: 8.725 Executing VM operation: ParallelGCFailedAllocation


Dynamic libraries:
08048000-08049000 r-xp 00000000 08:06 1552326    /usr/lib/jvm/java-8-oracle/bin/java
08049000-0804a000 rw-p 00000000 08:06 1552326    /usr/lib/jvm/java-8-oracle/bin/java
098ce000-099c2000 rw-p 00000000 00:00 0          [heap]
60f00000-60ff5000 rw-p 00000000 00:00 0 
60ff5000-61000000 ---p 00000000 00:00 0 
61100000-611fd000 rw-p 00000000 00:00 0 
611fd000-61200000 ---p 00000000 00:00 0 
61300000-613ff000 rw-p 00000000 00:00 0 
613ff000-61400000 ---p 00000000 00:00 0 
61400000-61500000 rw-p 00000000 00:00 0 
61500000-615e7000 rw-p 00000000 00:00 0 
615e7000-61600000 ---p 00000000 00:00 0 
61700000-617fc000 rw-p 00000000 00:00 0 
617fc000-61800000 ---p 00000000 00:00 0 
61800000-61848000 rw-p 00000000 00:00 0 
61848000-61900000 ---p 00000000 00:00 0 
61900000-619f5000 rw-p 00000000 00:00 0 
619f5000-61a00000 ---p 00000000 00:00 0 
61a00000-61afe000 rw-p 00000000 00:00 0 
61afe000-61b00000 ---p 00000000 00:00 0 
61b00000-61bfd000 rw-p 00000000 00:00 0 
61bfd000-61c00000 ---p 00000000 00:00 0 
61d00000-61dff000 rw-p 00000000 00:00 0 
61dff000-61e00000 ---p 00000000 00:00 0 
61e00000-61efd000 rw-p 00000000 00:00 0 
61efd000-61f00000 ---p 00000000 00:00 0 
61f00000-61ffe000 rw-p 00000000 00:00 0 
61ffe000-62000000 ---p 00000000 00:00 0 
62000000-620e9000 rw-p 00000000 00:00 0 
620e9000-62100000 ---p 00000000 00:00 0 
62100000-621f0000 rw-p 00000000 00:00 0 
621f0000-62200000 ---p 00000000 00:00 0 
62300000-623fe000 rw-p 00000000 00:00 0 
623fe000-62400000 ---p 00000000 00:00 0 
62500000-625fd000 rw-p 00000000 00:00 0 
625fd000-62600000 ---p 00000000 00:00 0 
62700000-627f9000 rw-p 00000000 00:00 0 
627f9000-62800000 ---p 00000000 00:00 0 
62800000-628fa000 rw-p 00000000 00:00 0 
628fa000-62900000 ---p 00000000 00:00 0 
62a6b000-62a6e000 ---p 00000000 00:00 0 
62a6e000-62abc000 rw-p 00000000 00:00 0          [stack:16743]
62abc000-62abf000 ---p 00000000 00:00 0 
62abf000-62b0d000 rw-p 00000000 00:00 0          [stack:16742]
62b0d000-62b10000 ---p 00000000 00:00 0 
62b10000-62b5e000 rw-p 00000000 00:00 0          [stack:16741]
62b5e000-62b61000 ---p 00000000 00:00 0 
62b61000-62baf000 rw-p 00000000 00:00 0          [stack:16740]
62baf000-62bb2000 ---p 00000000 00:00 0 
62bb2000-62c00000 rw-p 00000000 00:00 0          [stack:16739]
62c00000-62cfd000 rw-p 00000000 00:00 0 
62cfd000-62d00000 ---p 00000000 00:00 0 
62d00000-62df6000 rw-p 00000000 00:00 0 
62df6000-62e00000 ---p 00000000 00:00 0 
62e00000-62efd000 rw-p 00000000 00:00 0 
62efd000-62f00000 ---p 00000000 00:00 0 
62f00000-62ffa000 rw-p 00000000 00:00 0 
62ffa000-63000000 ---p 00000000 00:00 0 
63000000-630fb000 rw-p 00000000 00:00 0 
630fb000-63100000 ---p 00000000 00:00 0 
63100000-631f9000 rw-p 00000000 00:00 0 
631f9000-63200000 ---p 00000000 00:00 0 
63200000-632c5000 rw-p 00000000 00:00 0 
632c5000-63300000 ---p 00000000 00:00 0 
6330f000-6335a000 r--s 003c9000 08:06 190036     /home/priya/matrix/Kurukshetra/app/build/intermediates/transforms/jarMerging/debug/jars/1/1f/combined.jar
6335a000-6335b000 ---p 00000000 00:00 0 
6335b000-633db000 rw-p 00000000 00:00 0          [stack:16738]
633db000-633de000 ---p 00000000 00:00 0 
633de000-6342c000 rw-p 00000000 00:00 0          [stack:16737]
6342c000-6342f000 ---p 00000000 00:00 0 
6342f000-634ad000 rw-p 00000000 00:00 0          [stack:16736]
634ad000-634b0000 ---p 00000000 00:00 0 
634b0000-6352e000 rw-p 00000000 00:00 0          [stack:16735]
6352e000-63531000 ---p 00000000 00:00 0 
63531000-635af000 rw-p 00000000 00:00 0          [stack:16734]
635af000-635b2000 ---p 00000000 00:00 0 
635b2000-63600000 rw-p 00000000 00:00 0          [stack:16733]
63600000-63800000 r--p 00000000 08:06 1093651    /usr/lib/locale/locale-archive
63800000-638fc000 rw-p 00000000 00:00 0 
638fc000-63900000 ---p 00000000 00:00 0 
63900000-63921000 rw-p 00000000 00:00 0 
63921000-63a00000 ---p 00000000 00:00 0 
63a00000-63af8000 rw-p 00000000 00:00 0 
63af8000-63b00000 ---p 00000000 00:00 0 
63b09000-63b0c000 ---p 00000000 00:00 0 
63b0c000-63b5a000 rw-p 00000000 00:00 0          [stack:16732]
63b5a000-63b5b000 ---p 00000000 00:00 0 
63b5b000-63bdb000 rw-p 00000000 00:00 0          [stack:16730]
63bdb000-63db4000 r--s 03d20000 08:06 1286207    /usr/lib/jvm/java-8-oracle/jre/lib/rt.jar
63db4000-641fa000 rw-p 00000000 00:00 0 
641fa000-64200000 ---p 00000000 00:00 0 
64200000-66600000 rw-p 00000000 00:00 0 
66600000-666fd000 rw-p 00000000 00:00 0 
666fd000-66700000 ---p 00000000 00:00 0 
6672e000-66731000 ---p 00000000 00:00 0 
66731000-6677f000 rw-p 00000000 00:00 0          [stack:16731]
6677f000-66780000 ---p 00000000 00:00 0 
66780000-66800000 rw-p 00000000 00:00 0          [stack:16729]
66800000-668fa000 rw-p 00000000 00:00 0 
668fa000-66900000 ---p 00000000 00:00 0 
66900000-66921000 rw-p 00000000 00:00 0 
66921000-66a00000 ---p 00000000 00:00 0 
66a24000-66a7f000 rw-p 00000000 00:00 0 
66a7f000-66a80000 ---p 00000000 00:00 0 
66a80000-66b00000 rw-p 00000000 00:00 0          [stack:16728]
66b00000-66b21000 rw-p 00000000 00:00 0 
66b21000-66c00000 ---p 00000000 00:00 0 
66c28000-66c29000 ---p 00000000 00:00 0 
66c29000-66cd1000 rw-p 00000000 00:00 0          [stack:16727]
66cd1000-66dff000 ---p 00000000 00:00 0 
66dff000-66e27000 rw-p 00000000 00:00 0 
66e27000-66f54000 ---p 00000000 00:00 0 
66f54000-66fed000 rw-p 00000000 00:00 0 
66fed000-66fff000 ---p 00000000 00:00 0 
66fff000-6bf40000 rw-p 00000000 00:00 0 
6f42f000-6f680000 rw-p 00000000 00:00 0 
6f680000-91ac0000 ---p 00000000 00:00 0 
91ac0000-a4b40000 rw-p 00000000 00:00 0 
a4b40000-a7000000 ---p 00000000 00:00 0 
a7001000-a7068000 rw-p 00000000 00:00 0 
a7068000-a7069000 ---p 00000000 00:00 0 
a7069000-a710d000 rw-p 00000000 00:00 0          [stack:16726]
a710d000-a74a9000 ---p 00000000 00:00 0 
a74a9000-a7da9000 rwxp 00000000 00:00 0 
a7da9000-b64a9000 ---p 00000000 00:00 0 
b64a9000-b64c2000 r-xp 00000000 08:06 1387720    /usr/lib/jvm/java-8-oracle/jre/lib/i386/libzip.so
b64c2000-b64c3000 rw-p 00019000 08:06 1387720    /usr/lib/jvm/java-8-oracle/jre/lib/i386/libzip.so
b64c3000-b64ce000 r-xp 00000000 08:06 1933505    /lib/i386-linux-gnu/libnss_files-2.19.so
b64ce000-b64cf000 r--p 0000a000 08:06 1933505    /lib/i386-linux-gnu/libnss_files-2.19.so
b64cf000-b64d0000 rw-p 0000b000 08:06 1933505    /lib/i386-linux-gnu/libnss_files-2.19.so
b64d0000-b64e5000 r-xp 00000000 08:06 1933492    /lib/i386-linux-gnu/libnsl-2.19.so
b64e5000-b64e6000 r--p 00015000 08:06 1933492    /lib/i386-linux-gnu/libnsl-2.19.so
b64e6000-b64e7000 rw-p 00016000 08:06 1933492    /lib/i386-linux-gnu/libnsl-2.19.so
b64e7000-b64e9000 rw-p 00000000 00:00 0 
b64e9000-b64f8000 r--s 000df000 08:06 3122779    /home/priya/Android/Sdk/build-tools/23.0.2/lib/dx.jar
b64f8000-b6500000 rw-s 00000000 08:06 386240     /tmp/hsperfdata_priya/16720
b6500000-b65fb000 rw-p 00000000 00:00 0 
b65fb000-b6600000 ---p 00000000 00:00 0 
b6600000-b6602000 rw-p 00000000 00:00 0 
b6602000-b6603000 r--p 00850000 08:06 1093651    /usr/lib/locale/locale-archive
b6603000-b660d000 r-xp 00000000 08:06 1933491    /lib/i386-linux-gnu/libnss_nis-2.19.so
b660d000-b660e000 r--p 00009000 08:06 1933491    /lib/i386-linux-gnu/libnss_nis-2.19.so
b660e000-b660f000 rw-p 0000a000 08:06 1933491    /lib/i386-linux-gnu/libnss_nis-2.19.so
b660f000-b6633000 r-xp 00000000 08:06 1387732    /usr/lib/jvm/java-8-oracle/jre/lib/i386/libjava.so
b6633000-b6634000 rw-p 00023000 08:06 1387732    /usr/lib/jvm/java-8-oracle/jre/lib/i386/libjava.so
b6634000-b663b000 r-xp 00000000 08:06 1933506    /lib/i386-linux-gnu/librt-2.19.so
b663b000-b663c000 r--p 00006000 08:06 1933506    /lib/i386-linux-gnu/librt-2.19.so
b663c000-b663d000 rw-p 00007000 08:06 1933506    /lib/i386-linux-gnu/librt-2.19.so
b663d000-b6640000 ---p 00000000 00:00 0 
b6640000-b668e000 rw-p 00000000 00:00 0          [stack:16725]
b668e000-b66d2000 r-xp 00000000 08:06 1933496    /lib/i386-linux-gnu/libm-2.19.so
b66d2000-b66d3000 r--p 00043000 08:06 1933496    /lib/i386-linux-gnu/libm-2.19.so
b66d3000-b66d4000 rw-p 00044000 08:06 1933496    /lib/i386-linux-gnu/libm-2.19.so
b66d4000-b7054000 r-xp 00000000 08:06 1395826    /usr/lib/jvm/java-8-oracle/jre/lib/i386/server/libjvm.so
b7054000-b70c1000 rw-p 00980000 08:06 1395826    /usr/lib/jvm/java-8-oracle/jre/lib/i386/server/libjvm.so
b70c1000-b74e7000 rw-p 00000000 00:00 0 
b74e7000-b768f000 r-xp 00000000 08:06 1933488    /lib/i386-linux-gnu/libc-2.19.so
b768f000-b7691000 r--p 001a8000 08:06 1933488    /lib/i386-linux-gnu/libc-2.19.so
b7691000-b7692000 rw-p 001aa000 08:06 1933488    /lib/i386-linux-gnu/libc-2.19.so
b7692000-b7695000 rw-p 00000000 00:00 0 
b7695000-b7698000 r-xp 00000000 08:06 1933489    /lib/i386-linux-gnu/libdl-2.19.so
b7698000-b7699000 r--p 00002000 08:06 1933489    /lib/i386-linux-gnu/libdl-2.19.so
b7699000-b769a000 rw-p 00003000 08:06 1933489    /lib/i386-linux-gnu/libdl-2.19.so
b769a000-b76ae000 r-xp 00000000 08:06 1549650    /usr/lib/jvm/java-8-oracle/lib/i386/jli/libjli.so
b76ae000-b76af000 rw-p 00014000 08:06 1549650    /usr/lib/jvm/java-8-oracle/lib/i386/jli/libjli.so
b76af000-b76b0000 rw-p 00000000 00:00 0 
b76b0000-b76c8000 r-xp 00000000 08:06 1933501    /lib/i386-linux-gnu/libpthread-2.19.so
b76c8000-b76c9000 r--p 00018000 08:06 1933501    /lib/i386-linux-gnu/libpthread-2.19.so
b76c9000-b76ca000 rw-p 00019000 08:06 1933501    /lib/i386-linux-gnu/libpthread-2.19.so
b76ca000-b76cc000 rw-p 00000000 00:00 0 
b76cc000-b76d3000 r-xp 00000000 08:06 1933497    /lib/i386-linux-gnu/libnss_compat-2.19.so
b76d3000-b76d4000 r--p 00006000 08:06 1933497    /lib/i386-linux-gnu/libnss_compat-2.19.so
b76d4000-b76d5000 rw-p 00007000 08:06 1933497    /lib/i386-linux-gnu/libnss_compat-2.19.so
b76d5000-b76d6000 rw-p 00000000 00:00 0 
b76d6000-b76d7000 ---p 00000000 00:00 0 
b76d7000-b76e2000 r-xp 00000000 08:06 1387688    /usr/lib/jvm/java-8-oracle/jre/lib/i386/libverify.so
b76e2000-b76e3000 rw-p 0000b000 08:06 1387688    /usr/lib/jvm/java-8-oracle/jre/lib/i386/libverify.so
b76e3000-b76e5000 rw-p 00000000 00:00 0 
b76e5000-b76e6000 r-xp 00000000 00:00 0          [vdso]
b76e6000-b7706000 r-xp 00000000 08:06 1933490    /lib/i386-linux-gnu/ld-2.19.so
b7706000-b7707000 r--p 0001f000 08:06 1933490    /lib/i386-linux-gnu/ld-2.19.so
b7707000-b7708000 rw-p 00020000 08:06 1933490    /lib/i386-linux-gnu/ld-2.19.so
bfd0e000-bfd0f000 rwxp 00000000 00:00 0 
bfd41000-bfd62000 rw-p 00000000 00:00 0          [stack]

VM Arguments:
jvm_args: -Djava.awt.headless=true -Xmx1024M -Dfile.encoding=UTF-8 -Duser.country=IN -Duser.language=en -Duser.variant 
java_command: com.android.dx.command.Main --dex --num-threads=4 --multi-dex --main-dex-list /home/priya/matrix/Kurukshetra/app/build/intermediates/multi-dex/debug/maindexlist.txt --output /home/priya/matrix/Kurukshetra/app/build/intermediates/transforms/dex/debug/folders/1000/1f/main /home/priya/matrix/Kurukshetra/app/build/intermediates/transforms/jarMerging/debug/jars/1/1f/combined.jar
java_class_path (initial): /home/priya/Android/Sdk/build-tools/23.0.2/lib/dx.jar
Launcher Type: SUN_STANDARD

Environment Variables:
JAVA_HOME=/usr/lib/jvm/java-8-oracle
PATH=/usr/local/sbin:/usr/local/bin:/usr/sbin:/usr/bin:/sbin:/bin:/usr/games:/usr/local/games:/home/priya/matrix/proxy/google_appengine/
LD_LIBRARY_PATH=bin:
SHELL=/bin/bash
DISPLAY=:0

Signal Handlers:
SIGSEGV: [libjvm.so+0x8cdc10], sa_mask[0]=11111111011111111101111111111110, sa_flags=SA_RESTART|SA_SIGINFO
SIGBUS: [libjvm.so+0x8cdc10], sa_mask[0]=11111111011111111101111111111110, sa_flags=SA_RESTART|SA_SIGINFO
SIGFPE: [libjvm.so+0x74dbb0], sa_mask[0]=11111111011111111101111111111110, sa_flags=SA_RESTART|SA_SIGINFO
SIGPIPE: [libjvm.so+0x74dbb0], sa_mask[0]=11111111011111111101111111111110, sa_flags=SA_RESTART|SA_SIGINFO
SIGXFSZ: [libjvm.so+0x74dbb0], sa_mask[0]=11111111011111111101111111111110, sa_flags=SA_RESTART|SA_SIGINFO
SIGILL: [libjvm.so+0x74dbb0], sa_mask[0]=11111111011111111101111111111110, sa_flags=SA_RESTART|SA_SIGINFO
SIGUSR1: SIG_DFL, sa_mask[0]=00000000000000000000000000000000, sa_flags=none
SIGUSR2: [libjvm.so+0x74f230], sa_mask[0]=00100000000000000000000000000000, sa_flags=SA_RESTART|SA_SIGINFO
SIGHUP: [libjvm.so+0x7506e0], sa_mask[0]=11111111011111111101111111111110, sa_flags=SA_RESTART|SA_SIGINFO
SIGINT: [libjvm.so+0x7506e0], sa_mask[0]=11111111011111111101111111111110, sa_flags=SA_RESTART|SA_SIGINFO
SIGTERM: [libjvm.so+0x7506e0], sa_mask[0]=11111111011111111101111111111110, sa_flags=SA_RESTART|SA_SIGINFO
SIGQUIT: [libjvm.so+0x7506e0], sa_mask[0]=11111111011111111101111111111110, sa_flags=SA_RESTART|SA_SIGINFO


---------------  S Y S T E M  ---------------

OS:DISTRIB_ID=Ubuntu
DISTRIB_RELEASE=14.04
DISTRIB_CODENAME=trusty
DISTRIB_DESCRIPTION="Ubuntu 14.04.3 LTS"

uname:Linux 3.13.0-74-generic #118-Ubuntu SMP Thu Dec 17 22:52:02 UTC 2015 i686
libc:glibc 2.19 NPTL 2.19 
rlimit: STACK 8192k, CORE 0k, NPROC 31374, NOFILE 4096, AS infinity
load average:1.73 0.81 0.53

/proc/meminfo:
MemTotal:        4035184 kB
MemFree:          243688 kB
Buffers:             588 kB
Cached:           506852 kB
SwapCached:            0 kB
Active:          3186884 kB
Inactive:         496640 kB
Active(anon):    3181936 kB
Inactive(anon):   480020 kB
Active(file):       4948 kB
Inactive(file):    16620 kB
Unevictable:         100 kB
Mlocked:             100 kB
HighTotal:       3182980 kB
HighFree:          70148 kB
LowTotal:         852204 kB
LowFree:          173540 kB
SwapTotal:             0 kB
SwapFree:              0 kB
Dirty:                68 kB
Writeback:             0 kB
AnonPages:       3176420 kB
Mapped:           209640 kB
Shmem:            485636 kB
Slab:              48644 kB
SReclaimable:      23344 kB
SUnreclaim:        25300 kB
KernelStack:        5088 kB
PageTables:        20248 kB
NFS_Unstable:          0 kB
Bounce:              360 kB
WritebackTmp:          0 kB
CommitLimit:     2017592 kB
Committed_AS:    9295784 kB
VmallocTotal:     122880 kB
VmallocUsed:       70780 kB
VmallocChunk:      25352 kB
HardwareCorrupted:     0 kB
AnonHugePages:   1665024 kB
HugePages_Total:       0
HugePages_Free:        0
HugePages_Rsvd:        0
HugePages_Surp:        0
Hugepagesize:       2048 kB
DirectMap4k:       49144 kB
DirectMap2M:      864256 kB


CPU:total 4 (2 cores per cpu, 2 threads per core) family 6 model 69 stepping 1, cmov, cx8, fxsr, mmx, sse, sse2, sse3, ssse3, sse4.1, sse4.2, popcnt, avx, avx2, aes, clmul, erms, lzcnt, ht, tsc, tscinvbit, bmi1, bmi2

/proc/cpuinfo:
processor	: 0
vendor_id	: GenuineIntel
cpu family	: 6
model		: 69
model name	: Intel(R) Core(TM) i5-4210U CPU @ 1.70GHz
stepping	: 1
microcode	: 0x17
cpu MHz		: 1701.000
cache size	: 3072 KB
physical id	: 0
siblings	: 4
core id		: 0
cpu cores	: 2
apicid		: 0
initial apicid	: 0
fdiv_bug	: no
f00f_bug	: no
coma_bug	: no
fpu		: yes
fpu_exception	: yes
cpuid level	: 13
wp		: yes
flags		: fpu vme de pse tsc msr pae mce cx8 apic sep mtrr pge mca cmov pat pse36 clflush dts acpi mmx fxsr sse sse2 ss ht tm pbe nx pdpe1gb rdtscp lm constant_tsc arch_perfmon pebs bts xtopology nonstop_tsc aperfmperf eagerfpu pni pclmulqdq dtes64 monitor ds_cpl vmx est tm2 ssse3 fma cx16 xtpr pdcm pcid sse4_1 sse4_2 movbe popcnt tsc_deadline_timer aes xsave avx f16c rdrand lahf_lm abm arat epb xsaveopt pln pts dtherm tpr_shadow vnmi flexpriority ept vpid fsgsbase tsc_adjust bmi1 avx2 smep bmi2 erms invpcid
bogomips	: 3392.31
clflush size	: 64
cache_alignment	: 64
address sizes	: 39 bits physical, 48 bits virtual
power management:

processor	: 1
vendor_id	: GenuineIntel
cpu family	: 6
model		: 69
model name	: Intel(R) Core(TM) i5-4210U CPU @ 1.70GHz
stepping	: 1
microcode	: 0x17
cpu MHz		: 782.000
cache size	: 3072 KB
physical id	: 0
siblings	: 4
core id		: 1
cpu cores	: 2
apicid		: 2
initial apicid	: 2
fdiv_bug	: no
f00f_bug	: no
coma_bug	: no
fpu		: yes
fpu_exception	: yes
cpuid level	: 13
wp		: yes
flags		: fpu vme de pse tsc msr pae mce cx8 apic sep mtrr pge mca cmov pat pse36 clflush dts acpi mmx fxsr sse sse2 ss ht tm pbe nx pdpe1gb rdtscp lm constant_tsc arch_perfmon pebs bts xtopology nonstop_tsc aperfmperf eagerfpu pni pclmulqdq dtes64 monitor ds_cpl vmx est tm2 ssse3 fma cx16 xtpr pdcm pcid sse4_1 sse4_2 movbe popcnt tsc_deadline_timer aes xsave avx f16c rdrand lahf_lm abm ida arat epb xsaveopt pln pts dtherm tpr_shadow vnmi flexpriority ept vpid fsgsbase tsc_adjust bmi1 avx2 smep bmi2 erms invpcid
bogomips	: 3392.31
clflush size	: 64
cache_alignment	: 64
address sizes	: 39 bits physical, 48 bits virtual
power management:

processor	: 2
vendor_id	: GenuineIntel
cpu family	: 6
model		: 69
model name	: Intel(R) Core(TM) i5-4210U CPU @ 1.70GHz
stepping	: 1
microcode	: 0x17
cpu MHz		: 782.000
cache size	: 3072 KB
physical id	: 0
siblings	: 4
core id		: 0
cpu cores	: 2
apicid		: 1
initial apicid	: 1
fdiv_bug	: no
f00f_bug	: no
coma_bug	: no
fpu		: yes
fpu_exception	: yes
cpuid level	: 13
wp		: yes
flags		: fpu vme de pse tsc msr pae mce cx8 apic sep mtrr pge mca cmov pat pse36 clflush dts acpi mmx fxsr sse sse2 ss ht tm pbe nx pdpe1gb rdtscp lm constant_tsc arch_perfmon pebs bts xtopology nonstop_tsc aperfmperf eagerfpu pni pclmulqdq dtes64 monitor ds_cpl vmx est tm2 ssse3 fma cx16 xtpr pdcm pcid sse4_1 sse4_2 movbe popcnt tsc_deadline_timer aes xsave avx f16c rdrand lahf_lm abm ida arat epb xsaveopt pln pts dtherm tpr_shadow vnmi flexpriority ept vpid fsgsbase tsc_adjust bmi1 avx2 smep bmi2 erms invpcid
bogomips	: 3392.31
clflush size	: 64
cache_alignment	: 64
address sizes	: 39 bits physical, 48 bits virtual
power management:

processor	: 3
vendor_id	: GenuineIntel
cpu family	: 6
model		: 69
model name	: Intel(R) Core(TM) i5-4210U CPU @ 1.70GHz
stepping	: 1
microcode	: 0x17
cpu MHz		: 1700.000
cache size	: 3072 KB
physical id	: 0
siblings	: 4
core id		: 1
cpu cores	: 2
apicid		: 3
initial apicid	: 3
fdiv_bug	: no
f00f_bug	: no
coma_bug	: no
fpu		: yes
fpu_exception	: yes
cpuid level	: 13
wp		: yes
flags		: fpu vme de pse tsc msr pae mce cx8 apic sep mtrr pge mca cmov pat pse36 clflush dts acpi mmx fxsr sse sse2 ss ht tm pbe nx pdpe1gb rdtscp lm constant_tsc arch_perfmon pebs bts xtopology nonstop_tsc aperfmperf eagerfpu pni pclmulqdq dtes64 monitor ds_cpl vmx est tm2 ssse3 fma cx16 xtpr pdcm pcid sse4_1 sse4_2 movbe popcnt tsc_deadline_timer aes xsave avx f16c rdrand lahf_lm abm ida arat epb xsaveopt pln pts dtherm tpr_shadow vnmi flexpriority ept vpid fsgsbase tsc_adjust bmi1 avx2 smep bmi2 erms invpcid
bogomips	: 3392.31
clflush size	: 64
cache_alignment	: 64
address sizes	: 39 bits physical, 48 bits virtual
power management:



Memory: 4k page, physical 4035184k(243688k free), swap 0k(0k free)

vm_info: Java HotSpot(TM) Server VM (25.66-b17) for linux-x86 JRE (1.8.0_66-b17), built on Oct  6 2015 18:06:03 by "java_re" with gcc 4.3.0 20080428 (Red Hat 4.3.0-8)

time: Fri Dec 25 05:48:52 2015
elapsed time: 12 seconds (0d 0h 0m 12s)

