#
# There is insufficient memory for the Java Runtime Environment to continue.
# Native memory allocation (mmap) failed to map 146276352 bytes for committing reserved memory.
# Possible reasons:
#   The system is out of physical RAM or swap space
#   In 32 bit mode, the process size limit was hit
# Possible solutions:
#   Reduce memory load on the system
#   Increase physical memory or swap space
#   Check if swap backing store is full
#   Use 64 bit Java on a 64 bit OS
#   Decrease Java heap size (-Xmx/-Xms)
#   Decrease number of Java threads
#   Decrease Java thread stack sizes (-Xss)
#   Set larger code cache with -XX:ReservedCodeCacheSize=
# This output file may be truncated or incomplete.
#
#  Out of Memory Error (os_linux.cpp:2627), pid=3991, tid=1674099520
#
# JRE version: Java(TM) SE Runtime Environment (8.0_66-b17) (build 1.8.0_66-b17)
# Java VM: Java HotSpot(TM) Server VM (25.66-b17 mixed mode linux-x86 )
# Failed to write core dump. Core dumps have been disabled. To enable core dumping, try "ulimit -c unlimited" before starting Java again
#

---------------  T H R E A D  ---------------

Current thread (0x63b81400):  VMThread [stack: 0x63c0b000,0x63c8c000] [id=4001]

Stack: [0x63c0b000,0x63c8c000],  sp=0x63c8a8a0,  free space=510k
Native frames: (J=compiled Java code, j=interpreted, Vv=VM code, C=native code)
V  [libjvm.so+0x8cd0ff]  VMError::report_and_die()+0x16f
V  [libjvm.so+0x38bee5]  report_vm_out_of_memory(char const*, int, unsigned int, VMErrorType, char const*)+0x55
V  [libjvm.so+0x750ed6]  os::Linux::commit_memory_impl(char*, unsigned int, bool)+0xe6
V  [libjvm.so+0x7513a8]  os::pd_commit_memory(char*, unsigned int, unsigned int, bool)+0x28
V  [libjvm.so+0x74b2cc]  os::commit_memory(char*, unsigned int, unsigned int, bool)+0x2c
V  [libjvm.so+0x7b58a8]  PSVirtualSpace::expand_by(unsigned int)+0x48
V  [libjvm.so+0x7b69aa]  PSYoungGen::resize_generation(unsigned int, unsigned int)+0xda
V  [libjvm.so+0x7b5cd9]  PSYoungGen::resize(unsigned int, unsigned int)+0x19
V  [libjvm.so+0x7b3605]  PSScavenge::invoke_no_policy()+0xd15
V  [libjvm.so+0x7b3dc8]  PSScavenge::invoke()+0x28
V  [libjvm.so+0x7728ba]  ParallelScavengeHeap::failed_mem_allocate(unsigned int)+0x5a
V  [libjvm.so+0x8cebca]  VM_ParallelGCFailedAllocation::doit()+0x7a
V  [libjvm.so+0x8d81d7]  VM_Operation::evaluate()+0x47
V  [libjvm.so+0x8d62b3]  VMThread::evaluate_operation(VM_Operation*)+0xb3
V  [libjvm.so+0x8d6650]  VMThread::loop()+0x1b0
V  [libjvm.so+0x8d6ab5]  VMThread::run()+0x85
V  [libjvm.so+0x753519]  java_start(Thread*)+0x119
C  [libpthread.so.0+0x6f70]  start_thread+0xd0

VM_Operation (0x62b5c384): ParallelGCFailedAllocation, mode: safepoint, requested by thread 0x63263c00


---------------  P R O C E S S  ---------------

Java Threads: ( => current thread )
  0x63263c00 JavaThread "pool-2-thread-4" [_thread_blocked, id=4014, stack(0x62b0d000,0x62b5e000)]
  0x63262800 JavaThread "pool-2-thread-3" [_thread_blocked, id=4013, stack(0x62b5e000,0x62baf000)]
  0x63261800 JavaThread "pool-2-thread-2" [_thread_blocked, id=4012, stack(0x62baf000,0x62c00000)]
  0x6325fc00 JavaThread "pool-3-thread-1" [_thread_blocked, id=4011, stack(0x62aaf000,0x62b00000)]
  0x6325e400 JavaThread "pool-2-thread-1" [_thread_blocked, id=4010, stack(0x63310000,0x63361000)]
  0x63baac00 JavaThread "Service Thread" daemon [_thread_blocked, id=4008, stack(0x6342c000,0x6347d000)]
  0x63ba7800 JavaThread "C1 CompilerThread2" daemon [_thread_blocked, id=4007, stack(0x6347d000,0x634fe000)]
  0x63ba6000 JavaThread "C2 CompilerThread1" daemon [_thread_blocked, id=4006, stack(0x634fe000,0x6357f000)]
  0x63ba4400 JavaThread "C2 CompilerThread0" daemon [_thread_blocked, id=4005, stack(0x6357f000,0x63600000)]
  0x63ba2c00 JavaThread "Signal Dispatcher" daemon [_thread_blocked, id=4004, stack(0x63a0d000,0x63a5e000)]
  0x63b86000 JavaThread "Finalizer" daemon [_thread_blocked, id=4003, stack(0x63a5e000,0x63aaf000)]
  0x63b84800 JavaThread "Reference Handler" daemon [_thread_blocked, id=4002, stack(0x63aaf000,0x63b00000)]
  0xb6507800 JavaThread "main" [_thread_blocked, id=3996, stack(0xb66bb000,0xb670c000)]

Other Threads:
=>0x63b81400 VMThread [stack: 0x63c0b000,0x63c8c000] [id=4001]
  0x63bb5c00 WatcherThread [stack: 0x633ab000,0x6342c000] [id=4009]

VM state:at safepoint (normal execution)

VM Mutex/Monitor currently owned by a thread:  ([mutex/lock_event])
[0xb6504f00] Threads_lock - owner thread: 0x63b81400
[0xb6505310] Heap_lock - owner thread: 0x63263c00

Heap:
 PSYoungGen      total 140544K, used 15610K [0x91ac0000, 0x9b540000, 0xa7000000)
  eden space 124928K, 0% used [0x91ac0000,0x91ac0000,0x994c0000)
  from space 15616K, 99% used [0x994c0000,0x9a3fe940,0x9a400000)
  to   space 13568K, 0% used [0x9a400000,0x9a400000,0x9b140000)
 ParOldGen       total 42496K, used 30460K [0x67000000, 0x69980000, 0x91ac0000)
  object space 42496K, 71% used [0x67000000,0x68dbf0a0,0x69980000)
 Metaspace       used 4110K, capacity 4134K, committed 4248K, reserved 4400K

Card table byte_map: [0x66dff000,0x67000000] byte_map_base: 0x66ac7000

Marking Bits: (ParMarkBitMap*) 0xb7150380
 Begin Bits: [0x64700000, 0x65700000)
 End Bits:   [0x65700000, 0x66700000)

Polling page: 0xb7754000

CodeCache: size=245760Kb used=5346Kb max_used=5346Kb free=240413Kb
 bounds [0xa7500000, 0xa7a40000, 0xb6500000]
 total_blobs=1831 nmethods=1670 adapters=75
 compilation: enabled

Compilation events (10 events):
Event: 3.994 Thread 0x63ba7800 nmethod 2008 0xa7a39088 code [0xa7a391a0, 0xa7a39280]
Event: 3.994 Thread 0x63ba7800 2007       2       com.android.dx.cf.code.LocalVariableList$Item::matchesAllButType (53 bytes)
Event: 3.994 Thread 0x63ba7800 nmethod 2007 0xa7a39308 code [0xa7a39420, 0xa7a395ac]
Event: 3.995 Thread 0x63ba7800 1874       2       com.android.dx.cf.code.BasicBlocker::<init> (79 bytes)
Event: 3.995 Thread 0x63ba7800 nmethod 1874 0xa7a39708 code [0xa7a39880, 0xa7a39d0c]
Event: 3.995 Thread 0x63ba7800 1876       2       com.android.dx.cf.code.RopperMachine::<init> (134 bytes)
Event: 3.996 Thread 0x63ba7800 nmethod 1876 0xa7a39f48 code [0xa7a3a0e0, 0xa7a3a4c8]
Event: 3.996 Thread 0x63ba7800 1877       2       com.android.dx.cf.code.ValueAwareMachine::<init> (6 bytes)
Event: 3.997 Thread 0x63ba7800 nmethod 1877 0xa7a3a788 code [0xa7a3a8a0, 0xa7a3a98c]
Event: 3.997 Thread 0x63ba7800 1885       2       com.android.dx.cf.code.BaseMachine::<init> (46 bytes)

GC Heap History (10 events):
Event: 0.405 GC heap after
Heap after GC invocations=2 (full 0):
 PSYoungGen      total 34304K, used 1080K [0x91ac0000, 0x93ec0000, 0xa7000000)
  eden space 31744K, 0% used [0x91ac0000,0x91ac0000,0x939c0000)
  from space 2560K, 42% used [0x93c40000,0x93d4e160,0x93ec0000)
  to   space 2560K, 0% used [0x939c0000,0x939c0000,0x93c40000)
 ParOldGen       total 42496K, used 4K [0x67000000, 0x69980000, 0x91ac0000)
  object space 42496K, 0% used [0x67000000,0x67001000,0x69980000)
 Metaspace       used 2190K, capacity 2366K, committed 2456K, reserved 4400K
}
Event: 1.070 GC heap before
{Heap before GC invocations=3 (full 0):
 PSYoungGen      total 34304K, used 32824K [0x91ac0000, 0x93ec0000, 0xa7000000)
  eden space 31744K, 100% used [0x91ac0000,0x939c0000,0x939c0000)
  from space 2560K, 42% used [0x93c40000,0x93d4e160,0x93ec0000)
  to   space 2560K, 0% used [0x939c0000,0x939c0000,0x93c40000)
 ParOldGen       total 42496K, used 4K [0x67000000, 0x69980000, 0x91ac0000)
  object space 42496K, 0% used [0x67000000,0x67001000,0x69980000)
 Metaspace       used 3793K, capacity 3814K, committed 3864K, reserved 4400K
Event: 1.079 GC heap after
Heap after GC invocations=3 (full 0):
 PSYoungGen      total 34304K, used 2544K [0x91ac0000, 0x95dc0000, 0xa7000000)
  eden space 31744K, 0% used [0x91ac0000,0x91ac0000,0x939c0000)
  from space 2560K, 99% used [0x939c0000,0x93c3c288,0x93c40000)
  to   space 2560K, 0% used [0x95b40000,0x95b40000,0x95dc0000)
 ParOldGen       total 42496K, used 2494K [0x67000000, 0x69980000, 0x91ac0000)
  object space 42496K, 5% used [0x67000000,0x6726fa78,0x69980000)
 Metaspace       used 3793K, capacity 3814K, committed 3864K, reserved 4400K
}
Event: 1.585 GC heap before
{Heap before GC invocations=4 (full 0):
 PSYoungGen      total 34304K, used 34288K [0x91ac0000, 0x95dc0000, 0xa7000000)
  eden space 31744K, 100% used [0x91ac0000,0x939c0000,0x939c0000)
  from space 2560K, 99% used [0x939c0000,0x93c3c288,0x93c40000)
  to   space 2560K, 0% used [0x95b40000,0x95b40000,0x95dc0000)
 ParOldGen       total 42496K, used 2494K [0x67000000, 0x69980000, 0x91ac0000)
  object space 42496K, 5% used [0x67000000,0x6726fa78,0x69980000)
 Metaspace       used 3853K, capacity 3878K, committed 3992K, reserved 4400K
Event: 1.599 GC heap after
Heap after GC invocations=4 (full 0):
 PSYoungGen      total 66048K, used 2549K [0x91ac0000, 0x95dc0000, 0xa7000000)
  eden space 63488K, 0% used [0x91ac0000,0x91ac0000,0x958c0000)
  from space 2560K, 99% used [0x95b40000,0x95dbd700,0x95dc0000)
  to   space 2560K, 0% used [0x958c0000,0x958c0000,0x95b40000)
 ParOldGen       total 42496K, used 7336K [0x67000000, 0x69980000, 0x91ac0000)
  object space 42496K, 17% used [0x67000000,0x6772a148,0x69980000)
 Metaspace       used 3853K, capacity 3878K, committed 3992K, reserved 4400K
}
Event: 2.373 GC heap before
{Heap before GC invocations=5 (full 0):
 PSYoungGen      total 66048K, used 66037K [0x91ac0000, 0x95dc0000, 0xa7000000)
  eden space 63488K, 100% used [0x91ac0000,0x958c0000,0x958c0000)
  from space 2560K, 99% used [0x95b40000,0x95dbd700,0x95dc0000)
  to   space 2560K, 0% used [0x958c0000,0x958c0000,0x95b40000)
 ParOldGen       total 42496K, used 7336K [0x67000000, 0x69980000, 0x91ac0000)
  object space 42496K, 17% used [0x67000000,0x6772a148,0x69980000)
 Metaspace       used 3919K, capacity 3974K, committed 3992K, reserved 4400K
Event: 2.411 GC heap after
Heap after GC invocations=5 (full 0):
 PSYoungGen      total 66048K, used 2558K [0x91ac0000, 0x9b140000, 0xa7000000)
  eden space 63488K, 0% used [0x91ac0000,0x91ac0000,0x958c0000)
  from space 2560K, 99% used [0x958c0000,0x95b3f908,0x95b40000)
  to   space 13568K, 0% used [0x9a400000,0x9a400000,0x9b140000)
 ParOldGen       total 42496K, used 17146K [0x67000000, 0x69980000, 0x91ac0000)
  object space 42496K, 40% used [0x67000000,0x680beae8,0x69980000)
 Metaspace       used 3919K, capacity 3974K, committed 3992K, reserved 4400K
}
Event: 2.905 GC heap before
{Heap before GC invocations=6 (full 0):
 PSYoungGen      total 66048K, used 66046K [0x91ac0000, 0x9b140000, 0xa7000000)
  eden space 63488K, 100% used [0x91ac0000,0x958c0000,0x958c0000)
  from space 2560K, 99% used [0x958c0000,0x95b3f908,0x95b40000)
  to   space 13568K, 0% used [0x9a400000,0x9a400000,0x9b140000)
 ParOldGen       total 42496K, used 17146K [0x67000000, 0x69980000, 0x91ac0000)
  object space 42496K, 40% used [0x67000000,0x680beae8,0x69980000)
 Metaspace       used 3945K, capacity 3974K, committed 3992K, reserved 4400K
Event: 2.939 GC heap after
Heap after GC invocations=6 (full 0):
 PSYoungGen      total 138496K, used 11506K [0x91ac0000, 0x9b540000, 0xa7000000)
  eden space 124928K, 0% used [0x91ac0000,0x91ac0000,0x994c0000)
  from space 13568K, 84% used [0x9a400000,0x9af3c8e8,0x9b140000)
  to   space 15616K, 0% used [0x994c0000,0x994c0000,0x9a400000)
 ParOldGen       total 42496K, used 17146K [0x67000000, 0x69980000, 0x91ac0000)
  object space 42496K, 40% used [0x67000000,0x680beae8,0x69980000)
 Metaspace       used 3945K, capacity 3974K, committed 3992K, reserved 4400K
}
Event: 4.004 GC heap before
{Heap before GC invocations=7 (full 0):
 PSYoungGen      total 138496K, used 136434K [0x91ac0000, 0x9b540000, 0xa7000000)
  eden space 124928K, 100% used [0x91ac0000,0x994c0000,0x994c0000)
  from space 13568K, 84% used [0x9a400000,0x9af3c8e8,0x9b140000)
  to   space 15616K, 0% used [0x994c0000,0x994c0000,0x9a400000)
 ParOldGen       total 42496K, used 17146K [0x67000000, 0x69980000, 0x91ac0000)
  object space 42496K, 40% used [0x67000000,0x680beae8,0x69980000)
 Metaspace       used 4110K, capacity 4134K, committed 4248K, reserved 4400K

Deoptimization events (10 events):
Event: 1.338 Thread 0x63262800 Uncommon trap: reason=class_check action=maybe_recompile pc=0xa771d92c method=com.android.dx.ssa.NormalSsaInsn.accept(Lcom/android/dx/ssa/SsaInsn$Visitor;)V @ 9
Event: 1.338 Thread 0x63262800 Uncommon trap: reason=class_check action=maybe_recompile pc=0xa771d92c method=com.android.dx.ssa.NormalSsaInsn.accept(Lcom/android/dx/ssa/SsaInsn$Visitor;)V @ 9
Event: 1.359 Thread 0x63262800 Uncommon trap: reason=class_check action=maybe_recompile pc=0xa771d92c method=com.android.dx.ssa.NormalSsaInsn.accept(Lcom/android/dx/ssa/SsaInsn$Visitor;)V @ 9
Event: 1.364 Thread 0x63261800 Uncommon trap: reason=class_check action=maybe_recompile pc=0xa771d92c method=com.android.dx.ssa.NormalSsaInsn.accept(Lcom/android/dx/ssa/SsaInsn$Visitor;)V @ 9
Event: 1.496 Thread 0x63262800 Uncommon trap: reason=unstable_if action=reinterpret pc=0xa76fd490 method=com.android.dx.rop.code.RegisterSpec.equals(ILcom/android/dx/rop/type/TypeBearer;Lcom/android/dx/rop/code/LocalItem;)Z @ 42
Event: 1.673 Thread 0x6325e400 Uncommon trap: reason=null_check action=make_not_entrant pc=0xa7773a54 method=com.android.dx.ssa.SsaRenamer.getLocalForNewReg(I)Lcom/android/dx/rop/code/LocalItem; @ 19
Event: 3.230 Thread 0xb6507800 Uncommon trap: reason=unstable_if action=reinterpret pc=0xa790c15c method=java.util.HashMap.getNode(ILjava/lang/Object;)Ljava/util/HashMap$Node; @ 84
Event: 3.231 Thread 0x63262800 Uncommon trap: reason=unstable_if action=reinterpret pc=0xa78bc3fc method=java.util.HashMap.getNode(ILjava/lang/Object;)Ljava/util/HashMap$Node; @ 84
Event: 3.770 Thread 0x63263c00 Uncommon trap: reason=unstable_if action=reinterpret pc=0xa79fa4dc method=com.android.dx.ssa.LocalVariableExtractor.processBlock(I)V @ 77
Event: 3.792 Thread 0x6325e400 Uncommon trap: reason=unstable_if action=reinterpret pc=0xa7882844 method=java.util.HashMap.getNode(ILjava/lang/Object;)Ljava/util/HashMap$Node; @ 84

Internal exceptions (6 events):
Event: 0.070 Thread 0xb6507800 Exception <a 'java/lang/NoSuchMethodError': Method sun.misc.Unsafe.defineClass(Ljava/lang/String;[BII)Ljava/lang/Class; name or signature does not match> (0x91ad0528) thrown at [/HUDSON/workspace/8-2-build-linux-i586/jdk8u66/4988/hotspot/src/share/vm/prim
Event: 0.070 Thread 0xb6507800 Exception <a 'java/lang/NoSuchMethodError': Method sun.misc.Unsafe.prefetchRead(Ljava/lang/Object;J)V name or signature does not match> (0x91ad07f8) thrown at [/HUDSON/workspace/8-2-build-linux-i586/jdk8u66/4988/hotspot/src/share/vm/prims/jni.cpp, line 39
Event: 1.673 Thread 0x6325e400 Implicit null exception at 0xa777178d to 0xa7773a25
Event: 3.223 Thread 0xb6507800 Exception <a 'java/lang/ArrayIndexOutOfBoundsException': 18> (0x93b807d8) thrown at [/HUDSON/workspace/8-2-build-linux-i586/jdk8u66/4988/hotspot/src/share/vm/interpreter/interpreterRuntime.cpp, line 366]
Event: 3.224 Thread 0xb6507800 Exception <a 'java/lang/ArrayIndexOutOfBoundsException': 145> (0x93b82078) thrown at [/HUDSON/workspace/8-2-build-linux-i586/jdk8u66/4988/hotspot/src/share/vm/interpreter/interpreterRuntime.cpp, line 366]
Event: 3.224 Thread 0xb6507800 Exception <a 'java/lang/ArrayIndexOutOfBoundsException'> (0x93b83158) thrown at [/HUDSON/workspace/8-2-build-linux-i586/jdk8u66/4988/hotspot/src/share/vm/runtime/sharedRuntime.cpp, line 605]

Events (10 events):
Event: 3.929 Thread 0x6325e400 DEOPT UNPACKING pc=0xa753c590 sp=0x6335f71c mode 0
Event: 3.980 Thread 0x63262800 DEOPT PACKING pc=0xa779ef8e sp=0x62bad550
Event: 3.980 Thread 0x63262800 DEOPT UNPACKING pc=0xa753c590 sp=0x62bad3f4 mode 0
Event: 3.986 Thread 0x6325e400 DEOPT PACKING pc=0xa777b131 sp=0x6335f960
Event: 3.986 Thread 0x6325e400 DEOPT UNPACKING pc=0xa753c590 sp=0x6335f828 mode 0
Event: 3.987 Thread 0xb6507800 DEOPT PACKING pc=0xa76fbb17 sp=0xb670a010
Event: 3.987 Thread 0xb6507800 DEOPT UNPACKING pc=0xa753c590 sp=0xb6709ea0 mode 0
Event: 3.990 Thread 0xb6507800 DEOPT PACKING pc=0xa76f5cd2 sp=0xb670a5c0
Event: 3.990 Thread 0xb6507800 DEOPT UNPACKING pc=0xa753c590 sp=0xb670a46c mode 0
Event: 4.000 Executing VM operation: ParallelGCFailedAllocation


Dynamic libraries:
08048000-08049000 r-xp 00000000 08:06 1552326    /usr/lib/jvm/java-8-oracle/bin/java
08049000-0804a000 rw-p 00000000 08:06 1552326    /usr/lib/jvm/java-8-oracle/bin/java
08c5f000-08cda000 rw-p 00000000 00:00 0          [heap]
61c00000-61c64000 rw-p 00000000 00:00 0 
61c64000-61d00000 ---p 00000000 00:00 0 
61e00000-61f00000 rw-p 00000000 00:00 0 
61f00000-61ff7000 rw-p 00000000 00:00 0 
61ff7000-62000000 ---p 00000000 00:00 0 
62000000-620fc000 rw-p 00000000 00:00 0 
620fc000-62100000 ---p 00000000 00:00 0 
62100000-621fc000 rw-p 00000000 00:00 0 
621fc000-62200000 ---p 00000000 00:00 0 
62300000-623fd000 rw-p 00000000 00:00 0 
623fd000-62400000 ---p 00000000 00:00 0 
62400000-624f0000 rw-p 00000000 00:00 0 
624f0000-62500000 ---p 00000000 00:00 0 
62500000-625e5000 rw-p 00000000 00:00 0 
625e5000-62600000 ---p 00000000 00:00 0 
62600000-626fa000 rw-p 00000000 00:00 0 
626fa000-62700000 ---p 00000000 00:00 0 
62700000-627f9000 rw-p 00000000 00:00 0 
627f9000-62800000 ---p 00000000 00:00 0 
62900000-629ff000 rw-p 00000000 00:00 0 
629ff000-62a00000 ---p 00000000 00:00 0 
62a22000-62aaf000 rw-p 00000000 00:00 0 
62aaf000-62ab2000 ---p 00000000 00:00 0 
62ab2000-62b00000 rw-p 00000000 00:00 0          [stack:4011]
62b0d000-62b10000 ---p 00000000 00:00 0 
62b10000-62b5e000 rw-p 00000000 00:00 0          [stack:4014]
62b5e000-62b61000 ---p 00000000 00:00 0 
62b61000-62baf000 rw-p 00000000 00:00 0          [stack:4013]
62baf000-62bb2000 ---p 00000000 00:00 0 
62bb2000-62c00000 rw-p 00000000 00:00 0          [stack:4012]
62c00000-62cfd000 rw-p 00000000 00:00 0 
62cfd000-62d00000 ---p 00000000 00:00 0 
62d00000-62e00000 rw-p 00000000 00:00 0 
62e00000-62eef000 rw-p 00000000 00:00 0 
62eef000-62f00000 ---p 00000000 00:00 0 
62f00000-62fed000 rw-p 00000000 00:00 0 
62fed000-63000000 ---p 00000000 00:00 0 
63000000-630fb000 rw-p 00000000 00:00 0 
630fb000-63100000 ---p 00000000 00:00 0 
63100000-631f9000 rw-p 00000000 00:00 0 
631f9000-63200000 ---p 00000000 00:00 0 
63200000-632b2000 rw-p 00000000 00:00 0 
632b2000-63300000 ---p 00000000 00:00 0 
63310000-63313000 ---p 00000000 00:00 0 
63313000-63361000 rw-p 00000000 00:00 0          [stack:4010]
63361000-633ab000 r--s 003c0000 08:06 131322     /home/priya/matrix/Kurukshetra/app/build/intermediates/transforms/jarMerging/debug/jars/1/1f/combined.jar
633ab000-633ac000 ---p 00000000 00:00 0 
633ac000-6342c000 rw-p 00000000 00:00 0          [stack:4009]
6342c000-6342f000 ---p 00000000 00:00 0 
6342f000-6347d000 rw-p 00000000 00:00 0          [stack:4008]
6347d000-63480000 ---p 00000000 00:00 0 
63480000-634fe000 rw-p 00000000 00:00 0          [stack:4007]
634fe000-63501000 ---p 00000000 00:00 0 
63501000-6357f000 rw-p 00000000 00:00 0          [stack:4006]
6357f000-63582000 ---p 00000000 00:00 0 
63582000-63600000 rw-p 00000000 00:00 0          [stack:4005]
63600000-63800000 r--p 00000000 08:06 1093651    /usr/lib/locale/locale-archive
63800000-63821000 rw-p 00000000 00:00 0 
63821000-63900000 ---p 00000000 00:00 0 
63900000-639fb000 rw-p 00000000 00:00 0 
639fb000-63a00000 ---p 00000000 00:00 0 
63a0d000-63a10000 ---p 00000000 00:00 0 
63a10000-63a5e000 rw-p 00000000 00:00 0          [stack:4004]
63a5e000-63a61000 ---p 00000000 00:00 0 
63a61000-63aaf000 rw-p 00000000 00:00 0          [stack:4003]
63aaf000-63ab2000 ---p 00000000 00:00 0 
63ab2000-63b00000 rw-p 00000000 00:00 0          [stack:4002]
63b00000-63c00000 rw-p 00000000 00:00 0 
63c0b000-63c0c000 ---p 00000000 00:00 0 
63c0c000-63cdb000 rw-p 00000000 00:00 0          [stack:4001]
63cdb000-63eb4000 r--s 03d20000 08:06 1286207    /usr/lib/jvm/java-8-oracle/jre/lib/rt.jar
63eb4000-642da000 rw-p 00000000 00:00 0 
642da000-64300000 ---p 00000000 00:00 0 
64300000-66700000 rw-p 00000000 00:00 0 
66700000-667fb000 rw-p 00000000 00:00 0 
667fb000-66800000 ---p 00000000 00:00 0 
66824000-6687f000 rw-p 00000000 00:00 0 
6687f000-66880000 ---p 00000000 00:00 0 
66880000-66900000 rw-p 00000000 00:00 0          [stack:4000]
66900000-66921000 rw-p 00000000 00:00 0 
66921000-66a00000 ---p 00000000 00:00 0 
66a00000-66b00000 rw-p 00000000 00:00 0 
66b00000-66b21000 rw-p 00000000 00:00 0 
66b21000-66c00000 ---p 00000000 00:00 0 
66c28000-66c29000 ---p 00000000 00:00 0 
66c29000-66cbe000 rw-p 00000000 00:00 0          [stack:3999]
66cbe000-66dff000 ---p 00000000 00:00 0 
66dff000-66e14000 rw-p 00000000 00:00 0 
66e14000-66f54000 ---p 00000000 00:00 0 
66f54000-66fa2000 rw-p 00000000 00:00 0 
66fa2000-66fff000 ---p 00000000 00:00 0 
66fff000-69980000 rw-p 00000000 00:00 0 
69980000-91ac0000 ---p 00000000 00:00 0 
91ac0000-9b540000 rw-p 00000000 00:00 0 
a3f25000-a40c0000 rw-p 00000000 00:00 0 
a40c0000-a7000000 ---p 00000000 00:00 0 
a703e000-a703f000 ---p 00000000 00:00 0 
a703f000-a70bf000 rw-p 00000000 00:00 0          [stack:3998]
a70bf000-a70c0000 ---p 00000000 00:00 0 
a70c0000-a7155000 rw-p 00000000 00:00 0          [stack:3997]
a7155000-a7500000 ---p 00000000 00:00 0 
a7500000-a7a40000 rwxp 00000000 00:00 0 
a7a40000-b6500000 ---p 00000000 00:00 0 
b6500000-b65fb000 rw-p 00000000 00:00 0 
b65fb000-b6600000 ---p 00000000 00:00 0 
b6603000-b6612000 r--s 000df000 08:06 3122779    /home/priya/Android/Sdk/build-tools/23.0.2/lib/dx.jar
b6612000-b662a000 rw-p 00000000 00:00 0 
b662a000-b6643000 r-xp 00000000 08:06 1387720    /usr/lib/jvm/java-8-oracle/jre/lib/i386/libzip.so
b6643000-b6644000 rw-p 00019000 08:06 1387720    /usr/lib/jvm/java-8-oracle/jre/lib/i386/libzip.so
b6644000-b664f000 r-xp 00000000 08:06 1933505    /lib/i386-linux-gnu/libnss_files-2.19.so
b664f000-b6650000 r--p 0000a000 08:06 1933505    /lib/i386-linux-gnu/libnss_files-2.19.so
b6650000-b6651000 rw-p 0000b000 08:06 1933505    /lib/i386-linux-gnu/libnss_files-2.19.so
b6651000-b665b000 r-xp 00000000 08:06 1933491    /lib/i386-linux-gnu/libnss_nis-2.19.so
b665b000-b665c000 r--p 00009000 08:06 1933491    /lib/i386-linux-gnu/libnss_nis-2.19.so
b665c000-b665d000 rw-p 0000a000 08:06 1933491    /lib/i386-linux-gnu/libnss_nis-2.19.so
b665d000-b6672000 r-xp 00000000 08:06 1933492    /lib/i386-linux-gnu/libnsl-2.19.so
b6672000-b6673000 r--p 00015000 08:06 1933492    /lib/i386-linux-gnu/libnsl-2.19.so
b6673000-b6674000 rw-p 00016000 08:06 1933492    /lib/i386-linux-gnu/libnsl-2.19.so
b6674000-b6676000 rw-p 00000000 00:00 0 
b6682000-b6684000 rw-p 00000000 00:00 0 
b6684000-b6685000 r--p 00850000 08:06 1093651    /usr/lib/locale/locale-archive
b6685000-b668d000 rw-s 00000000 08:06 386093     /tmp/hsperfdata_priya/3991
b668d000-b66b1000 r-xp 00000000 08:06 1387732    /usr/lib/jvm/java-8-oracle/jre/lib/i386/libjava.so
b66b1000-b66b2000 rw-p 00023000 08:06 1387732    /usr/lib/jvm/java-8-oracle/jre/lib/i386/libjava.so
b66b2000-b66b9000 r-xp 00000000 08:06 1933506    /lib/i386-linux-gnu/librt-2.19.so
b66b9000-b66ba000 r--p 00006000 08:06 1933506    /lib/i386-linux-gnu/librt-2.19.so
b66ba000-b66bb000 rw-p 00007000 08:06 1933506    /lib/i386-linux-gnu/librt-2.19.so
b66bb000-b66be000 ---p 00000000 00:00 0 
b66be000-b670c000 rw-p 00000000 00:00 0          [stack:3996]
b670c000-b6750000 r-xp 00000000 08:06 1933496    /lib/i386-linux-gnu/libm-2.19.so
b6750000-b6751000 r--p 00043000 08:06 1933496    /lib/i386-linux-gnu/libm-2.19.so
b6751000-b6752000 rw-p 00044000 08:06 1933496    /lib/i386-linux-gnu/libm-2.19.so
b6752000-b70d2000 r-xp 00000000 08:06 1395826    /usr/lib/jvm/java-8-oracle/jre/lib/i386/server/libjvm.so
b70d2000-b713f000 rw-p 00980000 08:06 1395826    /usr/lib/jvm/java-8-oracle/jre/lib/i386/server/libjvm.so
b713f000-b7565000 rw-p 00000000 00:00 0 
b7565000-b770d000 r-xp 00000000 08:06 1933488    /lib/i386-linux-gnu/libc-2.19.so
b770d000-b770f000 r--p 001a8000 08:06 1933488    /lib/i386-linux-gnu/libc-2.19.so
b770f000-b7710000 rw-p 001aa000 08:06 1933488    /lib/i386-linux-gnu/libc-2.19.so
b7710000-b7713000 rw-p 00000000 00:00 0 
b7713000-b7716000 r-xp 00000000 08:06 1933489    /lib/i386-linux-gnu/libdl-2.19.so
b7716000-b7717000 r--p 00002000 08:06 1933489    /lib/i386-linux-gnu/libdl-2.19.so
b7717000-b7718000 rw-p 00003000 08:06 1933489    /lib/i386-linux-gnu/libdl-2.19.so
b7718000-b772c000 r-xp 00000000 08:06 1549650    /usr/lib/jvm/java-8-oracle/lib/i386/jli/libjli.so
b772c000-b772d000 rw-p 00014000 08:06 1549650    /usr/lib/jvm/java-8-oracle/lib/i386/jli/libjli.so
b772d000-b772e000 rw-p 00000000 00:00 0 
b772e000-b7746000 r-xp 00000000 08:06 1933501    /lib/i386-linux-gnu/libpthread-2.19.so
b7746000-b7747000 r--p 00018000 08:06 1933501    /lib/i386-linux-gnu/libpthread-2.19.so
b7747000-b7748000 rw-p 00019000 08:06 1933501    /lib/i386-linux-gnu/libpthread-2.19.so
b7748000-b774a000 rw-p 00000000 00:00 0 
b774a000-b7751000 r-xp 00000000 08:06 1933497    /lib/i386-linux-gnu/libnss_compat-2.19.so
b7751000-b7752000 r--p 00006000 08:06 1933497    /lib/i386-linux-gnu/libnss_compat-2.19.so
b7752000-b7753000 rw-p 00007000 08:06 1933497    /lib/i386-linux-gnu/libnss_compat-2.19.so
b7753000-b7754000 rw-p 00000000 00:00 0 
b7754000-b7755000 ---p 00000000 00:00 0 
b7755000-b7760000 r-xp 00000000 08:06 1387688    /usr/lib/jvm/java-8-oracle/jre/lib/i386/libverify.so
b7760000-b7761000 rw-p 0000b000 08:06 1387688    /usr/lib/jvm/java-8-oracle/jre/lib/i386/libverify.so
b7761000-b7763000 rw-p 00000000 00:00 0 
b7763000-b7764000 r-xp 00000000 00:00 0          [vdso]
b7764000-b7784000 r-xp 00000000 08:06 1933490    /lib/i386-linux-gnu/ld-2.19.so
b7784000-b7785000 r--p 0001f000 08:06 1933490    /lib/i386-linux-gnu/ld-2.19.so
b7785000-b7786000 rw-p 00020000 08:06 1933490    /lib/i386-linux-gnu/ld-2.19.so
bfa90000-bfa91000 rwxp 00000000 00:00 0 
bfac3000-bfae4000 rw-p 00000000 00:00 0          [stack]

VM Arguments:
jvm_args: -Djava.awt.headless=true -Xmx1024M -Dfile.encoding=UTF-8 -Duser.country=IN -Duser.language=en -Duser.variant 
java_command: com.android.dx.command.Main --dex --num-threads=4 --multi-dex --main-dex-list /home/priya/matrix/Kurukshetra/app/build/intermediates/multi-dex/debug/maindexlist.txt --output /home/priya/matrix/Kurukshetra/app/build/intermediates/transforms/dex/debug/folders/1000/1f/main /home/priya/matrix/Kurukshetra/app/build/intermediates/transforms/jarMerging/debug/jars/1/1f/combined.jar
java_class_path (initial): /home/priya/Android/Sdk/build-tools/23.0.2/lib/dx.jar
Launcher Type: SUN_STANDARD

Environment Variables:
JAVA_HOME=/usr/lib/jvm/java-8-oracle
PATH=/usr/local/sbin:/usr/local/bin:/usr/sbin:/usr/bin:/sbin:/bin:/usr/games:/usr/local/games:/home/priya/matrix/proxy/google_appengine/
LD_LIBRARY_PATH=bin:
SHELL=/bin/bash
DISPLAY=:0

Signal Handlers:
SIGSEGV: [libjvm.so+0x8cdc10], sa_mask[0]=11111111011111111101111111111110, sa_flags=SA_RESTART|SA_SIGINFO
SIGBUS: [libjvm.so+0x8cdc10], sa_mask[0]=11111111011111111101111111111110, sa_flags=SA_RESTART|SA_SIGINFO
SIGFPE: [libjvm.so+0x74dbb0], sa_mask[0]=11111111011111111101111111111110, sa_flags=SA_RESTART|SA_SIGINFO
SIGPIPE: [libjvm.so+0x74dbb0], sa_mask[0]=11111111011111111101111111111110, sa_flags=SA_RESTART|SA_SIGINFO
SIGXFSZ: [libjvm.so+0x74dbb0], sa_mask[0]=11111111011111111101111111111110, sa_flags=SA_RESTART|SA_SIGINFO
SIGILL: [libjvm.so+0x74dbb0], sa_mask[0]=11111111011111111101111111111110, sa_flags=SA_RESTART|SA_SIGINFO
SIGUSR1: SIG_DFL, sa_mask[0]=00000000000000000000000000000000, sa_flags=none
SIGUSR2: [libjvm.so+0x74f230], sa_mask[0]=00100000000000000000000000000000, sa_flags=SA_RESTART|SA_SIGINFO
SIGHUP: [libjvm.so+0x7506e0], sa_mask[0]=11111111011111111101111111111110, sa_flags=SA_RESTART|SA_SIGINFO
SIGINT: [libjvm.so+0x7506e0], sa_mask[0]=11111111011111111101111111111110, sa_flags=SA_RESTART|SA_SIGINFO
SIGTERM: [libjvm.so+0x7506e0], sa_mask[0]=11111111011111111101111111111110, sa_flags=SA_RESTART|SA_SIGINFO
SIGQUIT: [libjvm.so+0x7506e0], sa_mask[0]=11111111011111111101111111111110, sa_flags=SA_RESTART|SA_SIGINFO


---------------  S Y S T E M  ---------------

OS:DISTRIB_ID=Ubuntu
DISTRIB_RELEASE=14.04
DISTRIB_CODENAME=trusty
DISTRIB_DESCRIPTION="Ubuntu 14.04.3 LTS"

uname:Linux 3.13.0-74-generic #118-Ubuntu SMP Thu Dec 17 22:52:02 UTC 2015 i686
libc:glibc 2.19 NPTL 2.19 
rlimit: STACK 8192k, CORE 0k, NPROC 31374, NOFILE 4096, AS infinity
load average:2.97 1.42 0.97

/proc/meminfo:
MemTotal:        4035184 kB
MemFree:          260672 kB
Buffers:             692 kB
Cached:           537736 kB
SwapCached:            0 kB
Active:          3142464 kB
Inactive:         517152 kB
Active(anon):    3126256 kB
Inactive(anon):   500904 kB
Active(file):      16208 kB
Inactive(file):    16248 kB
Unevictable:         100 kB
Mlocked:             100 kB
HighTotal:       3182980 kB
HighFree:          80336 kB
LowTotal:         852204 kB
LowFree:          180336 kB
SwapTotal:             0 kB
SwapFree:              0 kB
Dirty:               408 kB
Writeback:             0 kB
AnonPages:       3121628 kB
Mapped:           237620 kB
Shmem:            505520 kB
Slab:              51240 kB
SReclaimable:      24512 kB
SUnreclaim:        26728 kB
KernelStack:        5576 kB
PageTables:        21300 kB
NFS_Unstable:          0 kB
Bounce:                0 kB
WritebackTmp:          0 kB
CommitLimit:     2017592 kB
Committed_AS:    9762332 kB
VmallocTotal:     122880 kB
VmallocUsed:       70844 kB
VmallocChunk:      24496 kB
HardwareCorrupted:     0 kB
AnonHugePages:   1648640 kB
HugePages_Total:       0
HugePages_Free:        0
HugePages_Rsvd:        0
HugePages_Surp:        0
Hugepagesize:       2048 kB
DirectMap4k:       34808 kB
DirectMap2M:      878592 kB


CPU:total 4 (2 cores per cpu, 2 threads per core) family 6 model 69 stepping 1, cmov, cx8, fxsr, mmx, sse, sse2, sse3, ssse3, sse4.1, sse4.2, popcnt, avx, avx2, aes, clmul, erms, lzcnt, ht, tsc, tscinvbit, bmi1, bmi2

/proc/cpuinfo:
processor	: 0
vendor_id	: GenuineIntel
cpu family	: 6
model		: 69
model name	: Intel(R) Core(TM) i5-4210U CPU @ 1.70GHz
stepping	: 1
microcode	: 0x17
cpu MHz		: 1000.000
cache size	: 3072 KB
physical id	: 0
siblings	: 4
core id		: 0
cpu cores	: 2
apicid		: 0
initial apicid	: 0
fdiv_bug	: no
f00f_bug	: no
coma_bug	: no
fpu		: yes
fpu_exception	: yes
cpuid level	: 13
wp		: yes
flags		: fpu vme de pse tsc msr pae mce cx8 apic sep mtrr pge mca cmov pat pse36 clflush dts acpi mmx fxsr sse sse2 ss ht tm pbe nx pdpe1gb rdtscp lm constant_tsc arch_perfmon pebs bts xtopology nonstop_tsc aperfmperf eagerfpu pni pclmulqdq dtes64 monitor ds_cpl vmx est tm2 ssse3 fma cx16 xtpr pdcm pcid sse4_1 sse4_2 movbe popcnt tsc_deadline_timer aes xsave avx f16c rdrand lahf_lm abm ida arat epb xsaveopt pln pts dtherm tpr_shadow vnmi flexpriority ept vpid fsgsbase tsc_adjust bmi1 avx2 smep bmi2 erms invpcid
bogomips	: 3392.23
clflush size	: 64
cache_alignment	: 64
address sizes	: 39 bits physical, 48 bits virtual
power management:

processor	: 1
vendor_id	: GenuineIntel
cpu family	: 6
model		: 69
model name	: Intel(R) Core(TM) i5-4210U CPU @ 1.70GHz
stepping	: 1
microcode	: 0x17
cpu MHz		: 782.000
cache size	: 3072 KB
physical id	: 0
siblings	: 4
core id		: 1
cpu cores	: 2
apicid		: 2
initial apicid	: 2
fdiv_bug	: no
f00f_bug	: no
coma_bug	: no
fpu		: yes
fpu_exception	: yes
cpuid level	: 13
wp		: yes
flags		: fpu vme de pse tsc msr pae mce cx8 apic sep mtrr pge mca cmov pat pse36 clflush dts acpi mmx fxsr sse sse2 ss ht tm pbe nx pdpe1gb rdtscp lm constant_tsc arch_perfmon pebs bts xtopology nonstop_tsc aperfmperf eagerfpu pni pclmulqdq dtes64 monitor ds_cpl vmx est tm2 ssse3 fma cx16 xtpr pdcm pcid sse4_1 sse4_2 movbe popcnt tsc_deadline_timer aes xsave avx f16c rdrand lahf_lm abm ida arat epb xsaveopt pln pts dtherm tpr_shadow vnmi flexpriority ept vpid fsgsbase tsc_adjust bmi1 avx2 smep bmi2 erms invpcid
bogomips	: 3392.23
clflush size	: 64
cache_alignment	: 64
address sizes	: 39 bits physical, 48 bits virtual
power management:

processor	: 2
vendor_id	: GenuineIntel
cpu family	: 6
model		: 69
model name	: Intel(R) Core(TM) i5-4210U CPU @ 1.70GHz
stepping	: 1
microcode	: 0x17
cpu MHz		: 782.000
cache size	: 3072 KB
physical id	: 0
siblings	: 4
core id		: 0
cpu cores	: 2
apicid		: 1
initial apicid	: 1
fdiv_bug	: no
f00f_bug	: no
coma_bug	: no
fpu		: yes
fpu_exception	: yes
cpuid level	: 13
wp		: yes
flags		: fpu vme de pse tsc msr pae mce cx8 apic sep mtrr pge mca cmov pat pse36 clflush dts acpi mmx fxsr sse sse2 ss ht tm pbe nx pdpe1gb rdtscp lm constant_tsc arch_perfmon pebs bts xtopology nonstop_tsc aperfmperf eagerfpu pni pclmulqdq dtes64 monitor ds_cpl vmx est tm2 ssse3 fma cx16 xtpr pdcm pcid sse4_1 sse4_2 movbe popcnt tsc_deadline_timer aes xsave avx f16c rdrand lahf_lm abm ida arat epb xsaveopt pln pts dtherm tpr_shadow vnmi flexpriority ept vpid fsgsbase tsc_adjust bmi1 avx2 smep bmi2 erms invpcid
bogomips	: 3392.23
clflush size	: 64
cache_alignment	: 64
address sizes	: 39 bits physical, 48 bits virtual
power management:

processor	: 3
vendor_id	: GenuineIntel
cpu family	: 6
model		: 69
model name	: Intel(R) Core(TM) i5-4210U CPU @ 1.70GHz
stepping	: 1
microcode	: 0x17
cpu MHz		: 1700.000
cache size	: 3072 KB
physical id	: 0
siblings	: 4
core id		: 1
cpu cores	: 2
apicid		: 3
initial apicid	: 3
fdiv_bug	: no
f00f_bug	: no
coma_bug	: no
fpu		: yes
fpu_exception	: yes
cpuid level	: 13
wp		: yes
flags		: fpu vme de pse tsc msr pae mce cx8 apic sep mtrr pge mca cmov pat pse36 clflush dts acpi mmx fxsr sse sse2 ss ht tm pbe nx pdpe1gb rdtscp lm constant_tsc arch_perfmon pebs bts xtopology nonstop_tsc aperfmperf eagerfpu pni pclmulqdq dtes64 monitor ds_cpl vmx est tm2 ssse3 fma cx16 xtpr pdcm pcid sse4_1 sse4_2 movbe popcnt tsc_deadline_timer aes xsave avx f16c rdrand lahf_lm abm ida arat epb xsaveopt pln pts dtherm tpr_shadow vnmi flexpriority ept vpid fsgsbase tsc_adjust bmi1 avx2 smep bmi2 erms invpcid
bogomips	: 3392.23
clflush size	: 64
cache_alignment	: 64
address sizes	: 39 bits physical, 48 bits virtual
power management:



Memory: 4k page, physical 4035184k(260672k free), swap 0k(0k free)

vm_info: Java HotSpot(TM) Server VM (25.66-b17) for linux-x86 JRE (1.8.0_66-b17), built on Oct  6 2015 18:06:03 by "java_re" with gcc 4.3.0 20080428 (Red Hat 4.3.0-8)

time: Wed Dec 23 22:46:09 2015
elapsed time: 4 seconds (0d 0h 0m 4s)

