#
# There is insufficient memory for the Java Runtime Environment to continue.
# Native memory allocation (mmap) failed to map 61865984 bytes for committing reserved memory.
# Possible reasons:
#   The system is out of physical RAM or swap space
#   In 32 bit mode, the process size limit was hit
# Possible solutions:
#   Reduce memory load on the system
#   Increase physical memory or swap space
#   Check if swap backing store is full
#   Use 64 bit Java on a 64 bit OS
#   Decrease Java heap size (-Xmx/-Xms)
#   Decrease number of Java threads
#   Decrease Java thread stack sizes (-Xss)
#   Set larger code cache with -XX:ReservedCodeCacheSize=
# This output file may be truncated or incomplete.
#
#  Out of Memory Error (os_linux.cpp:2627), pid=7920, tid=1674099520
#
# JRE version: Java(TM) SE Runtime Environment (8.0_66-b17) (build 1.8.0_66-b17)
# Java VM: Java HotSpot(TM) Server VM (25.66-b17 mixed mode linux-x86 )
# Failed to write core dump. Core dumps have been disabled. To enable core dumping, try "ulimit -c unlimited" before starting Java again
#

---------------  T H R E A D  ---------------

Current thread (0x63b81400):  VMThread [stack: 0x63c0b000,0x63c8c000] [id=7929]

Stack: [0x63c0b000,0x63c8c000],  sp=0x63c8a880,  free space=510k
Native frames: (J=compiled Java code, j=interpreted, Vv=VM code, C=native code)
V  [libjvm.so+0x8cd0ff]  VMError::report_and_die()+0x16f
V  [libjvm.so+0x38bee5]  report_vm_out_of_memory(char const*, int, unsigned int, VMErrorType, char const*)+0x55
V  [libjvm.so+0x750ed6]  os::Linux::commit_memory_impl(char*, unsigned int, bool)+0xe6
V  [libjvm.so+0x7513a8]  os::pd_commit_memory(char*, unsigned int, unsigned int, bool)+0x28
V  [libjvm.so+0x74b2cc]  os::commit_memory(char*, unsigned int, unsigned int, bool)+0x2c
V  [libjvm.so+0x7b58a8]  PSVirtualSpace::expand_by(unsigned int)+0x48
V  [libjvm.so+0x7a8941]  PSOldGen::expand(unsigned int)+0x141
V  [libjvm.so+0x7a8a0f]  PSOldGen::resize(unsigned int)+0x8f
V  [libjvm.so+0x7af534]  PSParallelCompact::invoke_no_policy(bool)+0x874
V  [libjvm.so+0x7b3f0d]  PSScavenge::invoke()+0x16d
V  [libjvm.so+0x7728ba]  ParallelScavengeHeap::failed_mem_allocate(unsigned int)+0x5a
V  [libjvm.so+0x8cebca]  VM_ParallelGCFailedAllocation::doit()+0x7a
V  [libjvm.so+0x8d81d7]  VM_Operation::evaluate()+0x47
V  [libjvm.so+0x8d62b3]  VMThread::evaluate_operation(VM_Operation*)+0xb3
V  [libjvm.so+0x8d6650]  VMThread::loop()+0x1b0
V  [libjvm.so+0x8d6ab5]  VMThread::run()+0x85
V  [libjvm.so+0x753519]  java_start(Thread*)+0x119
C  [libpthread.so.0+0x6f70]  start_thread+0xd0

VM_Operation (0x629fe834): ParallelGCFailedAllocation, mode: safepoint, requested by thread 0x63280800


---------------  P R O C E S S  ---------------

Java Threads: ( => current thread )
  0x63280800 JavaThread "pool-2-thread-4" [_thread_blocked, id=7942, stack(0x629af000,0x62a00000)]
  0x6327c000 JavaThread "pool-2-thread-3" [_thread_blocked, id=7941, stack(0x62d0d000,0x62d5e000)]
  0x6327a800 JavaThread "pool-2-thread-2" [_thread_blocked, id=7940, stack(0x62d5e000,0x62daf000)]
  0x6327e400 JavaThread "pool-3-thread-1" [_thread_blocked, id=7939, stack(0x62daf000,0x62e00000)]
  0x6326e800 JavaThread "pool-2-thread-1" [_thread_blocked, id=7938, stack(0x6330f000,0x63360000)]
  0x63baa400 JavaThread "Service Thread" daemon [_thread_blocked, id=7936, stack(0x6342c000,0x6347d000)]
  0x63ba7800 JavaThread "C1 CompilerThread2" daemon [_thread_blocked, id=7935, stack(0x6347d000,0x634fe000)]
  0x63ba6000 JavaThread "C2 CompilerThread1" daemon [_thread_blocked, id=7934, stack(0x634fe000,0x6357f000)]
  0x63ba4400 JavaThread "C2 CompilerThread0" daemon [_thread_blocked, id=7933, stack(0x6357f000,0x63600000)]
  0x63ba2c00 JavaThread "Signal Dispatcher" daemon [_thread_blocked, id=7932, stack(0x63a0d000,0x63a5e000)]
  0x63b86000 JavaThread "Finalizer" daemon [_thread_blocked, id=7931, stack(0x63a5e000,0x63aaf000)]
  0x63b84800 JavaThread "Reference Handler" daemon [_thread_blocked, id=7930, stack(0x63aaf000,0x63b00000)]
  0xb6507800 JavaThread "main" [_thread_blocked, id=7924, stack(0xb66cf000,0xb6720000)]

Other Threads:
=>0x63b81400 VMThread [stack: 0x63c0b000,0x63c8c000] [id=7929]
  0x63bac400 WatcherThread [stack: 0x633ab000,0x6342c000] [id=7937]

VM state:at safepoint (normal execution)

VM Mutex/Monitor currently owned by a thread:  ([mutex/lock_event])
[0xb65049b8] ExpandHeap_lock - owner thread: 0x63b81400
[0xb6504f00] Threads_lock - owner thread: 0x63b81400
[0xb6505310] Heap_lock - owner thread: 0x63280800

Heap:
 PSYoungGen      total 273920K, used 24551K [0x91ac0000, 0xa51c0000, 0xa7000000)
  eden space 239104K, 0% used [0x91ac0000,0x91ac0000,0xa0440000)
  from space 34816K, 70% used [0xa29c0000,0xa41b9fa0,0xa4bc0000)
  to   space 38400K, 0% used [0xa0440000,0xa0440000,0xa29c0000)
 ParOldGen       total 82176K, used 82022K [0x67000000, 0x6c040000, 0x91ac0000)
  object space 82176K, 99% used [0x67000000,0x6c019b10,0x6c040000)
 Metaspace       used 4287K, capacity 4294K, committed 4376K, reserved 4400K

Card table byte_map: [0x66dff000,0x67000000] byte_map_base: 0x66ac7000

Marking Bits: (ParMarkBitMap*) 0xb7164380
 Begin Bits: [0x64700000, 0x65700000)
 End Bits:   [0x65700000, 0x66700000)

Polling page: 0xb7768000

CodeCache: size=245760Kb used=7376Kb max_used=7391Kb free=238384Kb
 bounds [0xa7500000, 0xa7c40000, 0xb6500000]
 total_blobs=2417 nmethods=2256 adapters=75
 compilation: enabled

Compilation events (10 events):
Event: 5.308 Thread 0x63ba7800 2490       2       java.util.HashMap$ValueIterator::<init> (11 bytes)
Event: 5.309 Thread 0x63ba7800 nmethod 2490 0xa7c32688 code [0xa7c327a0, 0xa7c3288c]
Event: 5.310 Thread 0x63ba4400 nmethod 2394 0xa7c32908 code [0xa7c32c80, 0xa7c354b0]
Event: 5.310 Thread 0x63ba4400 2404       4       com.android.dx.ssa.BasicRegisterMapper::addMapping (68 bytes)
Event: 5.313 Thread 0x63ba7800 2491       1       java.util.concurrent.ThreadPoolExecutor::afterExecute (1 bytes)
Event: 5.313 Thread 0x63ba7800 nmethod 2491 0xa7c31f88 code [0xa7c32080, 0xa7c32120]
Event: 5.320 Thread 0x63ba7800 2492 %     3       com.android.dx.cf.code.Frame::initializeWithParameters @ 10 (49 bytes)
Event: 5.320 Thread 0x63ba7800 nmethod 2492% 0xa7c31508 code [0xa7c31680, 0xa7c31ca4]
Event: 5.322 Thread 0x63ba4400 nmethod 2404 0xa7c2db08 code [0xa7c2dc40, 0xa7c2e0f0]
Event: 5.322 Thread 0x63ba4400 2196       4       com.android.dx.rop.code.LocalVariableExtractor::processBlock (327 bytes)

GC Heap History (10 events):
Event: 2.918 GC heap after
Heap after GC invocations=9 (full 0):
 PSYoungGen      total 138752K, used 19708K [0x91ac0000, 0xa0c40000, 0xa7000000)
  eden space 119040K, 0% used [0x91ac0000,0x91ac0000,0x98f00000)
  from space 19712K, 99% used [0x98f00000,0x9a23f1c0,0x9a240000)
  to   space 28416K, 0% used [0x9f080000,0x9f080000,0xa0c40000)
 ParOldGen       total 42496K, used 30350K [0x67000000, 0x69980000, 0x91ac0000)
  object space 42496K, 71% used [0x67000000,0x68da3980,0x69980000)
 Metaspace       used 4145K, capacity 4166K, committed 4248K, reserved 4400K
}
Event: 3.342 GC heap before
{Heap before GC invocations=10 (full 0):
 PSYoungGen      total 138752K, used 138748K [0x91ac0000, 0xa0c40000, 0xa7000000)
  eden space 119040K, 100% used [0x91ac0000,0x98f00000,0x98f00000)
  from space 19712K, 99% used [0x98f00000,0x9a23f1c0,0x9a240000)
  to   space 28416K, 0% used [0x9f080000,0x9f080000,0xa0c40000)
 ParOldGen       total 42496K, used 30350K [0x67000000, 0x69980000, 0x91ac0000)
  object space 42496K, 71% used [0x67000000,0x68da3980,0x69980000)
 Metaspace       used 4209K, capacity 4230K, committed 4248K, reserved 4400K
Event: 3.420 GC heap after
Heap after GC invocations=10 (full 0):
 PSYoungGen      total 214016K, used 28386K [0x91ac0000, 0xa15c0000, 0xa7000000)
  eden space 185600K, 0% used [0x91ac0000,0x91ac0000,0x9d000000)
  from space 28416K, 99% used [0x9f080000,0xa0c38bf8,0xa0c40000)
  to   space 33280K, 0% used [0x9d000000,0x9d000000,0x9f080000)
 ParOldGen       total 42496K, used 37438K [0x67000000, 0x69980000, 0x91ac0000)
  object space 42496K, 88% used [0x67000000,0x6948f8d0,0x69980000)
 Metaspace       used 4209K, capacity 4230K, committed 4248K, reserved 4400K
}
Event: 3.420 GC heap before
{Heap before GC invocations=11 (full 1):
 PSYoungGen      total 214016K, used 28386K [0x91ac0000, 0xa15c0000, 0xa7000000)
  eden space 185600K, 0% used [0x91ac0000,0x91ac0000,0x9d000000)
  from space 28416K, 99% used [0x9f080000,0xa0c38bf8,0xa0c40000)
  to   space 33280K, 0% used [0x9d000000,0x9d000000,0x9f080000)
 ParOldGen       total 42496K, used 37438K [0x67000000, 0x69980000, 0x91ac0000)
  object space 42496K, 88% used [0x67000000,0x6948f8d0,0x69980000)
 Metaspace       used 4209K, capacity 4230K, committed 4248K, reserved 4400K
Event: 3.806 GC heap after
Heap after GC invocations=11 (full 1):
 PSYoungGen      total 214016K, used 18243K [0x91ac0000, 0xa15c0000, 0xa7000000)
  eden space 185600K, 0% used [0x91ac0000,0x91ac0000,0x9d000000)
  from space 28416K, 64% used [0x9f080000,0xa0250cb8,0xa0c40000)
  to   space 33280K, 0% used [0x9d000000,0x9d000000,0x9f080000)
 ParOldGen       total 77824K, used 42489K [0x67000000, 0x6bc00000, 0x91ac0000)
  object space 77824K, 54% used [0x67000000,0x6997e578,0x6bc00000)
 Metaspace       used 4209K, capacity 4230K, committed 4248K, reserved 4400K
}
Event: 4.461 GC heap before
{Heap before GC invocations=12 (full 1):
 PSYoungGen      total 214016K, used 203843K [0x91ac0000, 0xa15c0000, 0xa7000000)
  eden space 185600K, 100% used [0x91ac0000,0x9d000000,0x9d000000)
  from space 28416K, 64% used [0x9f080000,0xa0250cb8,0xa0c40000)
  to   space 33280K, 0% used [0x9d000000,0x9d000000,0x9f080000)
 ParOldGen       total 77824K, used 42489K [0x67000000, 0x6bc00000, 0x91ac0000)
  object space 77824K, 54% used [0x67000000,0x6997e578,0x6bc00000)
 Metaspace       used 4268K, capacity 4294K, committed 4376K, reserved 4400K
Event: 4.619 GC heap after
Heap after GC invocations=12 (full 1):
 PSYoungGen      total 218880K, used 21852K [0x91ac0000, 0xa4bc0000, 0xa7000000)
  eden space 185600K, 0% used [0x91ac0000,0x91ac0000,0x9d000000)
  from space 33280K, 65% used [0x9d000000,0x9e5573b8,0x9f080000)
  to   space 34816K, 0% used [0xa29c0000,0xa29c0000,0xa4bc0000)
 ParOldGen       total 77824K, used 60378K [0x67000000, 0x6bc00000, 0x91ac0000)
  object space 77824K, 77% used [0x67000000,0x6aaf69f0,0x6bc00000)
 Metaspace       used 4268K, capacity 4294K, committed 4376K, reserved 4400K
}
Event: 5.322 GC heap before
{Heap before GC invocations=13 (full 1):
 PSYoungGen      total 218880K, used 207452K [0x91ac0000, 0xa4bc0000, 0xa7000000)
  eden space 185600K, 100% used [0x91ac0000,0x9d000000,0x9d000000)
  from space 33280K, 65% used [0x9d000000,0x9e5573b8,0x9f080000)
  to   space 34816K, 0% used [0xa29c0000,0xa29c0000,0xa4bc0000)
 ParOldGen       total 77824K, used 60378K [0x67000000, 0x6bc00000, 0x91ac0000)
  object space 77824K, 77% used [0x67000000,0x6aaf69f0,0x6bc00000)
 Metaspace       used 4287K, capacity 4294K, committed 4376K, reserved 4400K
Event: 5.394 GC heap after
Heap after GC invocations=13 (full 1):
 PSYoungGen      total 273920K, used 28390K [0x91ac0000, 0xa51c0000, 0xa7000000)
  eden space 239104K, 0% used [0x91ac0000,0x91ac0000,0xa0440000)
  from space 34816K, 81% used [0xa29c0000,0xa4579950,0xa4bc0000)
  to   space 38400K, 0% used [0xa0440000,0xa0440000,0xa29c0000)
 ParOldGen       total 82176K, used 81396K [0x67000000, 0x6c040000, 0x91ac0000)
  object space 82176K, 99% used [0x67000000,0x6bf7d288,0x6c040000)
 Metaspace       used 4287K, capacity 4294K, committed 4376K, reserved 4400K
}
Event: 5.394 GC heap before
{Heap before GC invocations=14 (full 2):
 PSYoungGen      total 273920K, used 28390K [0x91ac0000, 0xa51c0000, 0xa7000000)
  eden space 239104K, 0% used [0x91ac0000,0x91ac0000,0xa0440000)
  from space 34816K, 81% used [0xa29c0000,0xa4579950,0xa4bc0000)
  to   space 38400K, 0% used [0xa0440000,0xa0440000,0xa29c0000)
 ParOldGen       total 82176K, used 81396K [0x67000000, 0x6c040000, 0x91ac0000)
  object space 82176K, 99% used [0x67000000,0x6bf7d288,0x6c040000)
 Metaspace       used 4287K, capacity 4294K, committed 4376K, reserved 4400K

Deoptimization events (10 events):
Event: 3.281 Thread 0x6326e800 Uncommon trap: reason=class_check action=maybe_recompile pc=0xa7af70d4 method=com.android.dx.rop.code.RegisterSpec.withSimpleType()Lcom/android/dx/rop/code/RegisterSpec; @ 21
Event: 3.297 Thread 0xb6507800 Uncommon trap: reason=unstable_if action=reinterpret pc=0xa79db8c4 method=com.android.dx.ssa.SCCP.simulateStmt(Lcom/android/dx/ssa/SsaInsn;)V @ 59
Event: 3.310 Thread 0x6326e800 Uncommon trap: reason=class_check action=maybe_recompile pc=0xa7af70d4 method=com.android.dx.rop.code.RegisterSpec.withSimpleType()Lcom/android/dx/rop/code/RegisterSpec; @ 21
Event: 3.310 Thread 0x6326e800 Uncommon trap: reason=class_check action=maybe_recompile pc=0xa7af70d4 method=com.android.dx.rop.code.RegisterSpec.withSimpleType()Lcom/android/dx/rop/code/RegisterSpec; @ 21
Event: 3.317 Thread 0xb6507800 Uncommon trap: reason=class_check action=maybe_recompile pc=0xa7af70d4 method=com.android.dx.rop.code.RegisterSpec.withSimpleType()Lcom/android/dx/rop/code/RegisterSpec; @ 21
Event: 4.435 Thread 0xb6507800 Uncommon trap: reason=bimorphic action=maybe_recompile pc=0xa7ba06c0 method=com.android.dx.cf.code.BytecodeArray.parseInstruction(ILcom/android/dx/cf/code/BytecodeArray$Visitor;)I @ 1549
Event: 4.435 Thread 0xb6507800 Uncommon trap: reason=bimorphic action=maybe_recompile pc=0xa7ba06c0 method=com.android.dx.cf.code.BytecodeArray.parseInstruction(ILcom/android/dx/cf/code/BytecodeArray$Visitor;)I @ 1549
Event: 4.667 Thread 0x63280800 Uncommon trap: reason=bimorphic action=maybe_recompile pc=0xa7b809b4 method=com.android.dx.rop.code.RegisterSpec.withSimpleType()Lcom/android/dx/rop/code/RegisterSpec; @ 21
Event: 4.668 Thread 0x63280800 Uncommon trap: reason=bimorphic action=maybe_recompile pc=0xa7b809b4 method=com.android.dx.rop.code.RegisterSpec.withSimpleType()Lcom/android/dx/rop/code/RegisterSpec; @ 21
Event: 4.695 Thread 0x6327a800 Uncommon trap: reason=unstable_if action=reinterpret pc=0xa7b80518 method=com.android.dx.rop.code.RegisterSpecSet.localItemToSpec(Lcom/android/dx/rop/code/LocalItem;)Lcom/android/dx/rop/code/RegisterSpec; @ 35

Internal exceptions (7 events):
Event: 0.083 Thread 0xb6507800 Exception <a 'java/lang/NoSuchMethodError': Method sun.misc.Unsafe.defineClass(Ljava/lang/String;[BII)Ljava/lang/Class; name or signature does not match> (0x91ad0540) thrown at [/HUDSON/workspace/8-2-build-linux-i586/jdk8u66/4988/hotspot/src/share/vm/prim
Event: 0.083 Thread 0xb6507800 Exception <a 'java/lang/NoSuchMethodError': Method sun.misc.Unsafe.prefetchRead(Ljava/lang/Object;J)V name or signature does not match> (0x91ad0810) thrown at [/HUDSON/workspace/8-2-build-linux-i586/jdk8u66/4988/hotspot/src/share/vm/prims/jni.cpp, line 39
Event: 1.310 Thread 0x6327a800 Implicit null exception at 0xa77392ba to 0xa773b89d
Event: 1.470 Thread 0x6327a800 Implicit null exception at 0xa77a225f to 0xa77a4749
Event: 2.407 Thread 0x6327c000 Exception <a 'java/lang/ArrayIndexOutOfBoundsException': 18> (0x92aa5d40) thrown at [/HUDSON/workspace/8-2-build-linux-i586/jdk8u66/4988/hotspot/src/share/vm/interpreter/interpreterRuntime.cpp, line 366]
Event: 2.408 Thread 0x6327c000 Exception <a 'java/lang/ArrayIndexOutOfBoundsException': 145> (0x92aa75e0) thrown at [/HUDSON/workspace/8-2-build-linux-i586/jdk8u66/4988/hotspot/src/share/vm/interpreter/interpreterRuntime.cpp, line 366]
Event: 2.409 Thread 0x6327c000 Exception <a 'java/lang/ArrayIndexOutOfBoundsException': 40> (0x92aa86c0) thrown at [/HUDSON/workspace/8-2-build-linux-i586/jdk8u66/4988/hotspot/src/share/vm/interpreter/interpreterRuntime.cpp, line 366]

Events (10 events):
Event: 5.098 Thread 0x63280800 DEOPT UNPACKING pc=0xa753c590 sp=0x629fe28c mode 0
Event: 5.139 Thread 0x63280800 DEOPT PACKING pc=0xa780d4de sp=0x629fe990
Event: 5.139 Thread 0x63280800 DEOPT UNPACKING pc=0xa753c590 sp=0x629fe800 mode 0
Event: 5.197 Thread 0xb6507800 DEOPT PACKING pc=0xa780d4de sp=0xb671e660
Event: 5.197 Thread 0xb6507800 DEOPT UNPACKING pc=0xa753c590 sp=0xb671e4d0 mode 0
Event: 5.214 Thread 0x6326e800 DEOPT PACKING pc=0xa7a65e75 sp=0x6335e860
Event: 5.214 Thread 0x6326e800 DEOPT UNPACKING pc=0xa753c590 sp=0x6335e780 mode 0
Event: 5.277 Thread 0x6327c000 DEOPT PACKING pc=0xa780d4de sp=0x62d5cac0
Event: 5.277 Thread 0x6327c000 DEOPT UNPACKING pc=0xa753c590 sp=0x62d5c930 mode 0
Event: 5.322 Executing VM operation: ParallelGCFailedAllocation


Dynamic libraries:
08048000-08049000 r-xp 00000000 08:06 1552326    /usr/lib/jvm/java-8-oracle/bin/java
08049000-0804a000 rw-p 00000000 08:06 1552326    /usr/lib/jvm/java-8-oracle/bin/java
08370000-0843f000 rw-p 00000000 00:00 0          [heap]
61300000-6134e000 rw-p 00000000 00:00 0 
6134e000-61400000 ---p 00000000 00:00 0 
61500000-615fd000 rw-p 00000000 00:00 0 
615fd000-61600000 ---p 00000000 00:00 0 
61900000-619fb000 rw-p 00000000 00:00 0 
619fb000-61a00000 ---p 00000000 00:00 0 
61a00000-61ada000 rw-p 00000000 00:00 0 
61ada000-61b00000 ---p 00000000 00:00 0 
61b00000-61bff000 rw-p 00000000 00:00 0 
61bff000-61c00000 ---p 00000000 00:00 0 
61d00000-61e00000 rw-p 00000000 00:00 0 
61f00000-62000000 rw-p 00000000 00:00 0 
62100000-621fd000 rw-p 00000000 00:00 0 
621fd000-62200000 ---p 00000000 00:00 0 
62300000-623f9000 rw-p 00000000 00:00 0 
623f9000-62400000 ---p 00000000 00:00 0 
62400000-62500000 rw-p 00000000 00:00 0 
62600000-626d4000 rw-p 00000000 00:00 0 
626d4000-62700000 ---p 00000000 00:00 0 
62800000-628e5000 rw-p 00000000 00:00 0 
628e5000-62900000 ---p 00000000 00:00 0 
629af000-629b2000 ---p 00000000 00:00 0 
629b2000-62a00000 rw-p 00000000 00:00 0          [stack:7942]
62a00000-62b00000 rw-p 00000000 00:00 0 
62b80000-62c00000 rw-p 00000000 00:00 0 
62c00000-62cff000 rw-p 00000000 00:00 0 
62cff000-62d00000 ---p 00000000 00:00 0 
62d0d000-62d10000 ---p 00000000 00:00 0 
62d10000-62d5e000 rw-p 00000000 00:00 0          [stack:7941]
62d5e000-62d61000 ---p 00000000 00:00 0 
62d61000-62daf000 rw-p 00000000 00:00 0          [stack:7940]
62daf000-62db2000 ---p 00000000 00:00 0 
62db2000-62e00000 rw-p 00000000 00:00 0          [stack:7939]
62e00000-62efd000 rw-p 00000000 00:00 0 
62efd000-62f00000 ---p 00000000 00:00 0 
62f00000-62ffd000 rw-p 00000000 00:00 0 
62ffd000-63000000 ---p 00000000 00:00 0 
63000000-630fb000 rw-p 00000000 00:00 0 
630fb000-63100000 ---p 00000000 00:00 0 
63100000-631fb000 rw-p 00000000 00:00 0 
631fb000-63200000 ---p 00000000 00:00 0 
63200000-632eb000 rw-p 00000000 00:00 0 
632eb000-63300000 ---p 00000000 00:00 0 
6330f000-63312000 ---p 00000000 00:00 0 
63312000-63360000 rw-p 00000000 00:00 0          [stack:7938]
63360000-633ab000 r--s 003c9000 08:06 230914     /home/priya/matrix/Kurukshetra/app/build/intermediates/transforms/jarMerging/debug/jars/1/1f/combined.jar
633ab000-633ac000 ---p 00000000 00:00 0 
633ac000-6342c000 rw-p 00000000 00:00 0          [stack:7937]
6342c000-6342f000 ---p 00000000 00:00 0 
6342f000-6347d000 rw-p 00000000 00:00 0          [stack:7936]
6347d000-63480000 ---p 00000000 00:00 0 
63480000-634fe000 rw-p 00000000 00:00 0          [stack:7935]
634fe000-63501000 ---p 00000000 00:00 0 
63501000-6357f000 rw-p 00000000 00:00 0          [stack:7934]
6357f000-63582000 ---p 00000000 00:00 0 
63582000-63600000 rw-p 00000000 00:00 0          [stack:7933]
63600000-63800000 r--p 00000000 08:06 1093651    /usr/lib/locale/locale-archive
63800000-63821000 rw-p 00000000 00:00 0 
63821000-63900000 ---p 00000000 00:00 0 
63900000-639ff000 rw-p 00000000 00:00 0 
639ff000-63a00000 ---p 00000000 00:00 0 
63a0d000-63a10000 ---p 00000000 00:00 0 
63a10000-63a5e000 rw-p 00000000 00:00 0          [stack:7932]
63a5e000-63a61000 ---p 00000000 00:00 0 
63a61000-63aaf000 rw-p 00000000 00:00 0          [stack:7931]
63aaf000-63ab2000 ---p 00000000 00:00 0 
63ab2000-63b00000 rw-p 00000000 00:00 0          [stack:7930]
63b00000-63c00000 rw-p 00000000 00:00 0 
63c0b000-63c0c000 ---p 00000000 00:00 0 
63c0c000-63cdb000 rw-p 00000000 00:00 0          [stack:7929]
63cdb000-63eb4000 r--s 03d20000 08:06 1286207    /usr/lib/jvm/java-8-oracle/jre/lib/rt.jar
63eb4000-642fa000 rw-p 00000000 00:00 0 
642fa000-64300000 ---p 00000000 00:00 0 
64300000-66700000 rw-p 00000000 00:00 0 
66700000-667f7000 rw-p 00000000 00:00 0 
667f7000-66800000 ---p 00000000 00:00 0 
66824000-6687f000 rw-p 00000000 00:00 0 
6687f000-66880000 ---p 00000000 00:00 0 
66880000-66900000 rw-p 00000000 00:00 0          [stack:7928]
66900000-66921000 rw-p 00000000 00:00 0 
66921000-66a00000 ---p 00000000 00:00 0 
66a00000-66aff000 rw-p 00000000 00:00 0 
66aff000-66b00000 ---p 00000000 00:00 0 
66b00000-66b21000 rw-p 00000000 00:00 0 
66b21000-66c00000 ---p 00000000 00:00 0 
66c28000-66c29000 ---p 00000000 00:00 0 
66c29000-66cd2000 rw-p 00000000 00:00 0          [stack:7927]
66cd2000-66dff000 ---p 00000000 00:00 0 
66dff000-66e28000 rw-p 00000000 00:00 0 
66e28000-66f54000 ---p 00000000 00:00 0 
66f54000-66ff0000 rw-p 00000000 00:00 0 
66ff0000-66fff000 ---p 00000000 00:00 0 
66fff000-6c040000 rw-p 00000000 00:00 0 
6f8ef000-6fb40000 rw-p 00000000 00:00 0 
6fb40000-91ac0000 ---p 00000000 00:00 0 
91ac0000-a51c0000 rw-p 00000000 00:00 0 
a51c0000-a7000000 ---p 00000000 00:00 0 
a703e000-a703f000 ---p 00000000 00:00 0 
a703f000-a70bf000 rw-p 00000000 00:00 0          [stack:7926]
a70bf000-a70c0000 ---p 00000000 00:00 0 
a70c0000-a715d000 rw-p 00000000 00:00 0          [stack:7925]
a715d000-a7500000 ---p 00000000 00:00 0 
a7500000-a7c40000 rwxp 00000000 00:00 0 
a7c40000-b6500000 ---p 00000000 00:00 0 
b6500000-b65fb000 rw-p 00000000 00:00 0 
b65fb000-b6600000 ---p 00000000 00:00 0 
b6617000-b6626000 r--s 000df000 08:06 3122779    /home/priya/Android/Sdk/build-tools/23.0.2/lib/dx.jar
b6626000-b663e000 rw-p 00000000 00:00 0 
b663e000-b6657000 r-xp 00000000 08:06 1387720    /usr/lib/jvm/java-8-oracle/jre/lib/i386/libzip.so
b6657000-b6658000 rw-p 00019000 08:06 1387720    /usr/lib/jvm/java-8-oracle/jre/lib/i386/libzip.so
b6658000-b6663000 r-xp 00000000 08:06 1933505    /lib/i386-linux-gnu/libnss_files-2.19.so
b6663000-b6664000 r--p 0000a000 08:06 1933505    /lib/i386-linux-gnu/libnss_files-2.19.so
b6664000-b6665000 rw-p 0000b000 08:06 1933505    /lib/i386-linux-gnu/libnss_files-2.19.so
b6665000-b666f000 r-xp 00000000 08:06 1933491    /lib/i386-linux-gnu/libnss_nis-2.19.so
b666f000-b6670000 r--p 00009000 08:06 1933491    /lib/i386-linux-gnu/libnss_nis-2.19.so
b6670000-b6671000 rw-p 0000a000 08:06 1933491    /lib/i386-linux-gnu/libnss_nis-2.19.so
b6671000-b6686000 r-xp 00000000 08:06 1933492    /lib/i386-linux-gnu/libnsl-2.19.so
b6686000-b6687000 r--p 00015000 08:06 1933492    /lib/i386-linux-gnu/libnsl-2.19.so
b6687000-b6688000 rw-p 00016000 08:06 1933492    /lib/i386-linux-gnu/libnsl-2.19.so
b6688000-b668a000 rw-p 00000000 00:00 0 
b6696000-b6698000 rw-p 00000000 00:00 0 
b6698000-b6699000 r--p 00850000 08:06 1093651    /usr/lib/locale/locale-archive
b6699000-b66a1000 rw-s 00000000 08:06 386066     /tmp/hsperfdata_priya/7920
b66a1000-b66c5000 r-xp 00000000 08:06 1387732    /usr/lib/jvm/java-8-oracle/jre/lib/i386/libjava.so
b66c5000-b66c6000 rw-p 00023000 08:06 1387732    /usr/lib/jvm/java-8-oracle/jre/lib/i386/libjava.so
b66c6000-b66cd000 r-xp 00000000 08:06 1933506    /lib/i386-linux-gnu/librt-2.19.so
b66cd000-b66ce000 r--p 00006000 08:06 1933506    /lib/i386-linux-gnu/librt-2.19.so
b66ce000-b66cf000 rw-p 00007000 08:06 1933506    /lib/i386-linux-gnu/librt-2.19.so
b66cf000-b66d2000 ---p 00000000 00:00 0 
b66d2000-b6720000 rw-p 00000000 00:00 0          [stack:7924]
b6720000-b6764000 r-xp 00000000 08:06 1933496    /lib/i386-linux-gnu/libm-2.19.so
b6764000-b6765000 r--p 00043000 08:06 1933496    /lib/i386-linux-gnu/libm-2.19.so
b6765000-b6766000 rw-p 00044000 08:06 1933496    /lib/i386-linux-gnu/libm-2.19.so
b6766000-b70e6000 r-xp 00000000 08:06 1395826    /usr/lib/jvm/java-8-oracle/jre/lib/i386/server/libjvm.so
b70e6000-b7153000 rw-p 00980000 08:06 1395826    /usr/lib/jvm/java-8-oracle/jre/lib/i386/server/libjvm.so
b7153000-b7579000 rw-p 00000000 00:00 0 
b7579000-b7721000 r-xp 00000000 08:06 1933488    /lib/i386-linux-gnu/libc-2.19.so
b7721000-b7723000 r--p 001a8000 08:06 1933488    /lib/i386-linux-gnu/libc-2.19.so
b7723000-b7724000 rw-p 001aa000 08:06 1933488    /lib/i386-linux-gnu/libc-2.19.so
b7724000-b7727000 rw-p 00000000 00:00 0 
b7727000-b772a000 r-xp 00000000 08:06 1933489    /lib/i386-linux-gnu/libdl-2.19.so
b772a000-b772b000 r--p 00002000 08:06 1933489    /lib/i386-linux-gnu/libdl-2.19.so
b772b000-b772c000 rw-p 00003000 08:06 1933489    /lib/i386-linux-gnu/libdl-2.19.so
b772c000-b7740000 r-xp 00000000 08:06 1549650    /usr/lib/jvm/java-8-oracle/lib/i386/jli/libjli.so
b7740000-b7741000 rw-p 00014000 08:06 1549650    /usr/lib/jvm/java-8-oracle/lib/i386/jli/libjli.so
b7741000-b7742000 rw-p 00000000 00:00 0 
b7742000-b775a000 r-xp 00000000 08:06 1933501    /lib/i386-linux-gnu/libpthread-2.19.so
b775a000-b775b000 r--p 00018000 08:06 1933501    /lib/i386-linux-gnu/libpthread-2.19.so
b775b000-b775c000 rw-p 00019000 08:06 1933501    /lib/i386-linux-gnu/libpthread-2.19.so
b775c000-b775e000 rw-p 00000000 00:00 0 
b775e000-b7765000 r-xp 00000000 08:06 1933497    /lib/i386-linux-gnu/libnss_compat-2.19.so
b7765000-b7766000 r--p 00006000 08:06 1933497    /lib/i386-linux-gnu/libnss_compat-2.19.so
b7766000-b7767000 rw-p 00007000 08:06 1933497    /lib/i386-linux-gnu/libnss_compat-2.19.so
b7767000-b7768000 rw-p 00000000 00:00 0 
b7768000-b7769000 ---p 00000000 00:00 0 
b7769000-b7774000 r-xp 00000000 08:06 1387688    /usr/lib/jvm/java-8-oracle/jre/lib/i386/libverify.so
b7774000-b7775000 rw-p 0000b000 08:06 1387688    /usr/lib/jvm/java-8-oracle/jre/lib/i386/libverify.so
b7775000-b7777000 rw-p 00000000 00:00 0 
b7777000-b7778000 r-xp 00000000 00:00 0          [vdso]
b7778000-b7798000 r-xp 00000000 08:06 1933490    /lib/i386-linux-gnu/ld-2.19.so
b7798000-b7799000 r--p 0001f000 08:06 1933490    /lib/i386-linux-gnu/ld-2.19.so
b7799000-b779a000 rw-p 00020000 08:06 1933490    /lib/i386-linux-gnu/ld-2.19.so
bfbc2000-bfbc3000 rwxp 00000000 00:00 0 
bfbf5000-bfc16000 rw-p 00000000 00:00 0          [stack]

VM Arguments:
jvm_args: -Djava.awt.headless=true -Xmx1024M -Dfile.encoding=UTF-8 -Duser.country=IN -Duser.language=en -Duser.variant 
java_command: com.android.dx.command.Main --dex --num-threads=4 --multi-dex --main-dex-list /home/priya/matrix/Kurukshetra/app/build/intermediates/multi-dex/debug/maindexlist.txt --output /home/priya/matrix/Kurukshetra/app/build/intermediates/transforms/dex/debug/folders/1000/1f/main /home/priya/matrix/Kurukshetra/app/build/intermediates/transforms/jarMerging/debug/jars/1/1f/combined.jar
java_class_path (initial): /home/priya/Android/Sdk/build-tools/23.0.2/lib/dx.jar
Launcher Type: SUN_STANDARD

Environment Variables:
JAVA_HOME=/usr/lib/jvm/java-8-oracle
PATH=/usr/local/sbin:/usr/local/bin:/usr/sbin:/usr/bin:/sbin:/bin:/usr/games:/usr/local/games:/home/priya/matrix/proxy/google_appengine/
LD_LIBRARY_PATH=bin:
SHELL=/bin/bash
DISPLAY=:0

Signal Handlers:
SIGSEGV: [libjvm.so+0x8cdc10], sa_mask[0]=11111111011111111101111111111110, sa_flags=SA_RESTART|SA_SIGINFO
SIGBUS: [libjvm.so+0x8cdc10], sa_mask[0]=11111111011111111101111111111110, sa_flags=SA_RESTART|SA_SIGINFO
SIGFPE: [libjvm.so+0x74dbb0], sa_mask[0]=11111111011111111101111111111110, sa_flags=SA_RESTART|SA_SIGINFO
SIGPIPE: [libjvm.so+0x74dbb0], sa_mask[0]=11111111011111111101111111111110, sa_flags=SA_RESTART|SA_SIGINFO
SIGXFSZ: [libjvm.so+0x74dbb0], sa_mask[0]=11111111011111111101111111111110, sa_flags=SA_RESTART|SA_SIGINFO
SIGILL: [libjvm.so+0x74dbb0], sa_mask[0]=11111111011111111101111111111110, sa_flags=SA_RESTART|SA_SIGINFO
SIGUSR1: SIG_DFL, sa_mask[0]=00000000000000000000000000000000, sa_flags=none
SIGUSR2: [libjvm.so+0x74f230], sa_mask[0]=00100000000000000000000000000000, sa_flags=SA_RESTART|SA_SIGINFO
SIGHUP: [libjvm.so+0x7506e0], sa_mask[0]=11111111011111111101111111111110, sa_flags=SA_RESTART|SA_SIGINFO
SIGINT: [libjvm.so+0x7506e0], sa_mask[0]=11111111011111111101111111111110, sa_flags=SA_RESTART|SA_SIGINFO
SIGTERM: [libjvm.so+0x7506e0], sa_mask[0]=11111111011111111101111111111110, sa_flags=SA_RESTART|SA_SIGINFO
SIGQUIT: [libjvm.so+0x7506e0], sa_mask[0]=11111111011111111101111111111110, sa_flags=SA_RESTART|SA_SIGINFO


---------------  S Y S T E M  ---------------

OS:DISTRIB_ID=Ubuntu
DISTRIB_RELEASE=14.04
DISTRIB_CODENAME=trusty
DISTRIB_DESCRIPTION="Ubuntu 14.04.3 LTS"

uname:Linux 3.13.0-74-generic #118-Ubuntu SMP Thu Dec 17 22:52:02 UTC 2015 i686
libc:glibc 2.19 NPTL 2.19 
rlimit: STACK 8192k, CORE 0k, NPROC 31374, NOFILE 4096, AS infinity
load average:1.81 1.60 1.71

/proc/meminfo:
MemTotal:        4035184 kB
MemFree:          156752 kB
Buffers:           10948 kB
Cached:           676428 kB
SwapCached:            0 kB
Active:          3158292 kB
Inactive:         612324 kB
Active(anon):    3091352 kB
Inactive(anon):   547388 kB
Active(file):      66940 kB
Inactive(file):    64936 kB
Unevictable:         100 kB
Mlocked:             100 kB
HighTotal:       3182980 kB
HighFree:            388 kB
LowTotal:         852204 kB
LowFree:          156364 kB
SwapTotal:             0 kB
SwapFree:              0 kB
Dirty:              3460 kB
Writeback:             0 kB
AnonPages:       3083484 kB
Mapped:           378596 kB
Shmem:            555372 kB
Slab:              52612 kB
SReclaimable:      27852 kB
SUnreclaim:        24760 kB
KernelStack:        4984 kB
PageTables:        18924 kB
NFS_Unstable:          0 kB
Bounce:                0 kB
WritebackTmp:          0 kB
CommitLimit:     2017592 kB
Committed_AS:    8833656 kB
VmallocTotal:     122880 kB
VmallocUsed:       70700 kB
VmallocChunk:      47900 kB
HardwareCorrupted:     0 kB
AnonHugePages:   1718272 kB
HugePages_Total:       0
HugePages_Free:        0
HugePages_Rsvd:        0
HugePages_Surp:        0
Hugepagesize:       2048 kB
DirectMap4k:       38904 kB
DirectMap2M:      874496 kB


CPU:total 4 (2 cores per cpu, 2 threads per core) family 6 model 69 stepping 1, cmov, cx8, fxsr, mmx, sse, sse2, sse3, ssse3, sse4.1, sse4.2, popcnt, avx, avx2, aes, clmul, erms, lzcnt, ht, tsc, tscinvbit, bmi1, bmi2

/proc/cpuinfo:
processor	: 0
vendor_id	: GenuineIntel
cpu family	: 6
model		: 69
model name	: Intel(R) Core(TM) i5-4210U CPU @ 1.70GHz
stepping	: 1
microcode	: 0x17
cpu MHz		: 1000.000
cache size	: 3072 KB
physical id	: 0
siblings	: 4
core id		: 0
cpu cores	: 2
apicid		: 0
initial apicid	: 0
fdiv_bug	: no
f00f_bug	: no
coma_bug	: no
fpu		: yes
fpu_exception	: yes
cpuid level	: 13
wp		: yes
flags		: fpu vme de pse tsc msr pae mce cx8 apic sep mtrr pge mca cmov pat pse36 clflush dts acpi mmx fxsr sse sse2 ss ht tm pbe nx pdpe1gb rdtscp lm constant_tsc arch_perfmon pebs bts xtopology nonstop_tsc aperfmperf eagerfpu pni pclmulqdq dtes64 monitor ds_cpl vmx est tm2 ssse3 fma cx16 xtpr pdcm pcid sse4_1 sse4_2 movbe popcnt tsc_deadline_timer aes xsave avx f16c rdrand lahf_lm abm arat epb xsaveopt pln pts dtherm tpr_shadow vnmi flexpriority ept vpid fsgsbase tsc_adjust bmi1 avx2 smep bmi2 erms invpcid
bogomips	: 3392.31
clflush size	: 64
cache_alignment	: 64
address sizes	: 39 bits physical, 48 bits virtual
power management:

processor	: 1
vendor_id	: GenuineIntel
cpu family	: 6
model		: 69
model name	: Intel(R) Core(TM) i5-4210U CPU @ 1.70GHz
stepping	: 1
microcode	: 0x17
cpu MHz		: 1701.000
cache size	: 3072 KB
physical id	: 0
siblings	: 4
core id		: 1
cpu cores	: 2
apicid		: 2
initial apicid	: 2
fdiv_bug	: no
f00f_bug	: no
coma_bug	: no
fpu		: yes
fpu_exception	: yes
cpuid level	: 13
wp		: yes
flags		: fpu vme de pse tsc msr pae mce cx8 apic sep mtrr pge mca cmov pat pse36 clflush dts acpi mmx fxsr sse sse2 ss ht tm pbe nx pdpe1gb rdtscp lm constant_tsc arch_perfmon pebs bts xtopology nonstop_tsc aperfmperf eagerfpu pni pclmulqdq dtes64 monitor ds_cpl vmx est tm2 ssse3 fma cx16 xtpr pdcm pcid sse4_1 sse4_2 movbe popcnt tsc_deadline_timer aes xsave avx f16c rdrand lahf_lm abm arat epb xsaveopt pln pts dtherm tpr_shadow vnmi flexpriority ept vpid fsgsbase tsc_adjust bmi1 avx2 smep bmi2 erms invpcid
bogomips	: 3392.31
clflush size	: 64
cache_alignment	: 64
address sizes	: 39 bits physical, 48 bits virtual
power management:

processor	: 2
vendor_id	: GenuineIntel
cpu family	: 6
model		: 69
model name	: Intel(R) Core(TM) i5-4210U CPU @ 1.70GHz
stepping	: 1
microcode	: 0x17
cpu MHz		: 1600.000
cache size	: 3072 KB
physical id	: 0
siblings	: 4
core id		: 0
cpu cores	: 2
apicid		: 1
initial apicid	: 1
fdiv_bug	: no
f00f_bug	: no
coma_bug	: no
fpu		: yes
fpu_exception	: yes
cpuid level	: 13
wp		: yes
flags		: fpu vme de pse tsc msr pae mce cx8 apic sep mtrr pge mca cmov pat pse36 clflush dts acpi mmx fxsr sse sse2 ss ht tm pbe nx pdpe1gb rdtscp lm constant_tsc arch_perfmon pebs bts xtopology nonstop_tsc aperfmperf eagerfpu pni pclmulqdq dtes64 monitor ds_cpl vmx est tm2 ssse3 fma cx16 xtpr pdcm pcid sse4_1 sse4_2 movbe popcnt tsc_deadline_timer aes xsave avx f16c rdrand lahf_lm abm arat epb xsaveopt pln pts dtherm tpr_shadow vnmi flexpriority ept vpid fsgsbase tsc_adjust bmi1 avx2 smep bmi2 erms invpcid
bogomips	: 3392.31
clflush size	: 64
cache_alignment	: 64
address sizes	: 39 bits physical, 48 bits virtual
power management:

processor	: 3
vendor_id	: GenuineIntel
cpu family	: 6
model		: 69
model name	: Intel(R) Core(TM) i5-4210U CPU @ 1.70GHz
stepping	: 1
microcode	: 0x17
cpu MHz		: 782.000
cache size	: 3072 KB
physical id	: 0
siblings	: 4
core id		: 1
cpu cores	: 2
apicid		: 3
initial apicid	: 3
fdiv_bug	: no
f00f_bug	: no
coma_bug	: no
fpu		: yes
fpu_exception	: yes
cpuid level	: 13
wp		: yes
flags		: fpu vme de pse tsc msr pae mce cx8 apic sep mtrr pge mca cmov pat pse36 clflush dts acpi mmx fxsr sse sse2 ss ht tm pbe nx pdpe1gb rdtscp lm constant_tsc arch_perfmon pebs bts xtopology nonstop_tsc aperfmperf eagerfpu pni pclmulqdq dtes64 monitor ds_cpl vmx est tm2 ssse3 fma cx16 xtpr pdcm pcid sse4_1 sse4_2 movbe popcnt tsc_deadline_timer aes xsave avx f16c rdrand lahf_lm abm arat epb xsaveopt pln pts dtherm tpr_shadow vnmi flexpriority ept vpid fsgsbase tsc_adjust bmi1 avx2 smep bmi2 erms invpcid
bogomips	: 3392.31
clflush size	: 64
cache_alignment	: 64
address sizes	: 39 bits physical, 48 bits virtual
power management:



Memory: 4k page, physical 4035184k(156752k free), swap 0k(0k free)

vm_info: Java HotSpot(TM) Server VM (25.66-b17) for linux-x86 JRE (1.8.0_66-b17), built on Oct  6 2015 18:06:03 by "java_re" with gcc 4.3.0 20080428 (Red Hat 4.3.0-8)

time: Thu Dec 24 23:02:25 2015
elapsed time: 6 seconds (0d 0h 0m 6s)

