#
# There is insufficient memory for the Java Runtime Environment to continue.
# Native memory allocation (mmap) failed to map 96731136 bytes for committing reserved memory.
# Possible reasons:
#   The system is out of physical RAM or swap space
#   In 32 bit mode, the process size limit was hit
# Possible solutions:
#   Reduce memory load on the system
#   Increase physical memory or swap space
#   Check if swap backing store is full
#   Use 64 bit Java on a 64 bit OS
#   Decrease Java heap size (-Xmx/-Xms)
#   Decrease number of Java threads
#   Decrease Java thread stack sizes (-Xss)
#   Set larger code cache with -XX:ReservedCodeCacheSize=
# This output file may be truncated or incomplete.
#
#  Out of Memory Error (os_linux.cpp:2627), pid=6682, tid=1674099520
#
# JRE version: Java(TM) SE Runtime Environment (8.0_66-b17) (build 1.8.0_66-b17)
# Java VM: Java HotSpot(TM) Server VM (25.66-b17 mixed mode linux-x86 )
# Failed to write core dump. Core dumps have been disabled. To enable core dumping, try "ulimit -c unlimited" before starting Java again
#

---------------  T H R E A D  ---------------

Current thread (0x63b81400):  VMThread [stack: 0x63c0b000,0x63c8c000] [id=6692]

Stack: [0x63c0b000,0x63c8c000],  sp=0x63c8a720,  free space=509k
Native frames: (J=compiled Java code, j=interpreted, Vv=VM code, C=native code)
V  [libjvm.so+0x8cd0ff]  VMError::report_and_die()+0x16f
V  [libjvm.so+0x38bee5]  report_vm_out_of_memory(char const*, int, unsigned int, VMErrorType, char const*)+0x55
V  [libjvm.so+0x750ed6]  os::Linux::commit_memory_impl(char*, unsigned int, bool)+0xe6
V  [libjvm.so+0x7513a8]  os::pd_commit_memory(char*, unsigned int, unsigned int, bool)+0x28
V  [libjvm.so+0x74b2cc]  os::commit_memory(char*, unsigned int, unsigned int, bool)+0x2c
V  [libjvm.so+0x7b58a8]  PSVirtualSpace::expand_by(unsigned int)+0x48
V  [libjvm.so+0x7b69aa]  PSYoungGen::resize_generation(unsigned int, unsigned int)+0xda
V  [libjvm.so+0x7b5cd9]  PSYoungGen::resize(unsigned int, unsigned int)+0x19
V  [libjvm.so+0x7b3605]  PSScavenge::invoke_no_policy()+0xd15
V  [libjvm.so+0x7b3dc8]  PSScavenge::invoke()+0x28
V  [libjvm.so+0x7728ba]  ParallelScavengeHeap::failed_mem_allocate(unsigned int)+0x5a
V  [libjvm.so+0x8cebca]  VM_ParallelGCFailedAllocation::doit()+0x7a
V  [libjvm.so+0x8d81d7]  VM_Operation::evaluate()+0x47
V  [libjvm.so+0x8d62b3]  VMThread::evaluate_operation(VM_Operation*)+0xb3
V  [libjvm.so+0x8d6650]  VMThread::loop()+0x1b0
V  [libjvm.so+0x8d6ab5]  VMThread::run()+0x85
V  [libjvm.so+0x753519]  java_start(Thread*)+0x119
C  [libpthread.so.0+0x6f70]  start_thread+0xd0

VM_Operation (0xb66f0ef0): ParallelGCFailedAllocation, mode: safepoint, requested by thread 0xb6507800


---------------  P R O C E S S  ---------------

Java Threads: ( => current thread )
  0x63263c00 JavaThread "pool-2-thread-4" [_thread_blocked, id=6706, stack(0x630bc000,0x6310d000)]
  0x63262800 JavaThread "pool-2-thread-3" [_thread_blocked, id=6705, stack(0x6310d000,0x6315e000)]
  0x63261400 JavaThread "pool-2-thread-2" [_thread_blocked, id=6704, stack(0x6315e000,0x631af000)]
  0x63260000 JavaThread "pool-3-thread-1" [_thread_blocked, id=6703, stack(0x631af000,0x63200000)]
  0x6325e800 JavaThread "pool-2-thread-1" [_thread_blocked, id=6702, stack(0x6330f000,0x63360000)]
  0x63baac00 JavaThread "Service Thread" daemon [_thread_blocked, id=6700, stack(0x6342c000,0x6347d000)]
  0x63ba7800 JavaThread "C1 CompilerThread2" daemon [_thread_blocked, id=6699, stack(0x6347d000,0x634fe000)]
  0x63ba6000 JavaThread "C2 CompilerThread1" daemon [_thread_blocked, id=6698, stack(0x634fe000,0x6357f000)]
  0x63ba4400 JavaThread "C2 CompilerThread0" daemon [_thread_blocked, id=6697, stack(0x6357f000,0x63600000)]
  0x63ba2c00 JavaThread "Signal Dispatcher" daemon [_thread_blocked, id=6696, stack(0x63a0d000,0x63a5e000)]
  0x63b86000 JavaThread "Finalizer" daemon [_thread_blocked, id=6694, stack(0x63a5e000,0x63aaf000)]
  0x63b84800 JavaThread "Reference Handler" daemon [_thread_blocked, id=6693, stack(0x63aaf000,0x63b00000)]
  0xb6507800 JavaThread "main" [_thread_blocked, id=6687, stack(0xb66a2000,0xb66f3000)]

Other Threads:
=>0x63b81400 VMThread [stack: 0x63c0b000,0x63c8c000] [id=6692]
  0x63bac400 WatcherThread [stack: 0x633ab000,0x6342c000] [id=6701]

VM state:at safepoint (normal execution)

VM Mutex/Monitor currently owned by a thread:  ([mutex/lock_event])
[0xb6504f00] Threads_lock - owner thread: 0x63b81400
[0xb6505310] Heap_lock - owner thread: 0xb6507800

Heap:
 PSYoungGen      total 210176K, used 22258K [0x91ac0000, 0xa0000000, 0xa7000000)
  eden space 187904K, 0% used [0x91ac0000,0x91ac0000,0x9d240000)
  from space 22272K, 99% used [0x9d240000,0x9e7fcaa8,0x9e800000)
  to   space 19968K, 0% used [0x9e800000,0x9e800000,0x9fb80000)
 ParOldGen       total 71936K, used 51411K [0x67000000, 0x6b640000, 0x91ac0000)
  object space 71936K, 71% used [0x67000000,0x6a234d90,0x6b640000)
 Metaspace       used 4209K, capacity 4230K, committed 4248K, reserved 4400K

Card table byte_map: [0x66dff000,0x67000000] byte_map_base: 0x66ac7000

Marking Bits: (ParMarkBitMap*) 0xb7137380
 Begin Bits: [0x64700000, 0x65700000)
 End Bits:   [0x65700000, 0x66700000)

Polling page: 0xb773b000

CodeCache: size=245760Kb used=6540Kb max_used=6540Kb free=239219Kb
 bounds [0xa7500000, 0xa7b68000, 0xb6500000]
 total_blobs=2198 nmethods=2037 adapters=75
 compilation: enabled

Compilation events (10 events):
Event: 4.749 Thread 0x63ba7800 2402       2       com.android.dx.dex.cf.OptimizerOptions::loadOptimizeLists (52 bytes)
Event: 4.750 Thread 0x63ba7800 nmethod 2402 0xa7b62e48 code [0xa7b62f80, 0xa7b63144]
Event: 4.750 Thread 0x63ba7800 2400       2       com.android.dx.rop.code.FillArrayDataInsn::<init> (39 bytes)
Event: 4.750 Thread 0x63ba7800 nmethod 2400 0xa7b63248 code [0xa7b63380, 0xa7b63538]
Event: 4.750 Thread 0x63ba7800 2403       2       com.android.dx.dex.file.ClassDefItem::<init> (110 bytes)
Event: 4.751 Thread 0x63ba7800 nmethod 2403 0xa7b63688 code [0xa7b63840, 0xa7b63cb4]
Event: 4.751 Thread 0x63ba7800 2404   !   2       com.android.dx.dex.cf.AttributeTranslator::getClassAnnotations (135 bytes)
Event: 4.754 Thread 0x63ba7800 nmethod 2404 0xa7b63f88 code [0xa7b64260, 0xa7b64c94]
Event: 4.756 Thread 0x63ba7800 2406       2       java.util.concurrent.FutureTask::set (36 bytes)
Event: 4.757 Thread 0x63ba7800 nmethod 2406 0xa7b65808 code [0xa7b65920, 0xa7b65a4c]

GC Heap History (10 events):
Event: 2.707 GC heap after
Heap after GC invocations=7 (full 0):
 PSYoungGen      total 71424K, used 9723K [0x91ac0000, 0x9b0c0000, 0xa7000000)
  eden space 61696K, 0% used [0x91ac0000,0x91ac0000,0x95700000)
  from space 9728K, 99% used [0x95700000,0x9607ee38,0x96080000)
  to   space 15104K, 0% used [0x9a200000,0x9a200000,0x9b0c0000)
 ParOldGen       total 42496K, used 13877K [0x67000000, 0x69980000, 0x91ac0000)
  object space 42496K, 32% used [0x67000000,0x67d8d718,0x69980000)
 Metaspace       used 3931K, capacity 3974K, committed 3992K, reserved 4400K
}
Event: 3.008 GC heap before
{Heap before GC invocations=8 (full 0):
 PSYoungGen      total 71424K, used 71419K [0x91ac0000, 0x9b0c0000, 0xa7000000)
  eden space 61696K, 100% used [0x91ac0000,0x95700000,0x95700000)
  from space 9728K, 99% used [0x95700000,0x9607ee38,0x96080000)
  to   space 15104K, 0% used [0x9a200000,0x9a200000,0x9b0c0000)
 ParOldGen       total 42496K, used 14181K [0x67000000, 0x69980000, 0x91ac0000)
  object space 42496K, 33% used [0x67000000,0x67dd9700,0x69980000)
 Metaspace       used 3959K, capacity 4006K, committed 4120K, reserved 4400K
Event: 3.041 GC heap after
Heap after GC invocations=8 (full 0):
 PSYoungGen      total 133888K, used 15096K [0x91ac0000, 0x9b9c0000, 0xa7000000)
  eden space 118784K, 0% used [0x91ac0000,0x91ac0000,0x98ec0000)
  from space 15104K, 99% used [0x9a200000,0x9b0be3c0,0x9b0c0000)
  to   space 19712K, 0% used [0x98ec0000,0x98ec0000,0x9a200000)
 ParOldGen       total 42496K, used 17824K [0x67000000, 0x69980000, 0x91ac0000)
  object space 42496K, 41% used [0x67000000,0x68168110,0x69980000)
 Metaspace       used 3959K, capacity 4006K, committed 4120K, reserved 4400K
}
Event: 3.048 GC heap before
{Heap before GC invocations=9 (full 0):
 PSYoungGen      total 133888K, used 17095K [0x91ac0000, 0x9b9c0000, 0xa7000000)
  eden space 118784K, 1% used [0x91ac0000,0x91cb3970,0x98ec0000)
  from space 15104K, 99% used [0x9a200000,0x9b0be3c0,0x9b0c0000)
  to   space 19712K, 0% used [0x98ec0000,0x98ec0000,0x9a200000)
 ParOldGen       total 42496K, used 17824K [0x67000000, 0x69980000, 0x91ac0000)
  object space 42496K, 41% used [0x67000000,0x68168110,0x69980000)
 Metaspace       used 3970K, capacity 4006K, committed 4120K, reserved 4400K
Event: 3.080 GC heap after
Heap after GC invocations=9 (full 0):
 PSYoungGen      total 138496K, used 11227K [0x91ac0000, 0x9fb80000, 0xa7000000)
  eden space 118784K, 0% used [0x91ac0000,0x91ac0000,0x98ec0000)
  from space 19712K, 56% used [0x98ec0000,0x999b6ca0,0x9a200000)
  to   space 19968K, 0% used [0x9e800000,0x9e800000,0x9fb80000)
 ParOldGen       total 42496K, used 21853K [0x67000000, 0x69980000, 0x91ac0000)
  object space 42496K, 51% used [0x67000000,0x68557708,0x69980000)
 Metaspace       used 3970K, capacity 4006K, committed 4120K, reserved 4400K
}
Event: 3.632 GC heap before
{Heap before GC invocations=10 (full 0):
 PSYoungGen      total 138496K, used 130011K [0x91ac0000, 0x9fb80000, 0xa7000000)
  eden space 118784K, 100% used [0x91ac0000,0x98ec0000,0x98ec0000)
  from space 19712K, 56% used [0x98ec0000,0x999b6ca0,0x9a200000)
  to   space 19968K, 0% used [0x9e800000,0x9e800000,0x9fb80000)
 ParOldGen       total 42496K, used 21853K [0x67000000, 0x69980000, 0x91ac0000)
  object space 42496K, 51% used [0x67000000,0x68557708,0x69980000)
 Metaspace       used 4144K, capacity 4166K, committed 4248K, reserved 4400K
Event: 3.793 GC heap after
Heap after GC invocations=10 (full 0):
 PSYoungGen      total 207872K, used 17410K [0x91ac0000, 0xa0000000, 0xa7000000)
  eden space 187904K, 0% used [0x91ac0000,0x91ac0000,0x9d240000)
  from space 19968K, 87% used [0x9e800000,0x9f900980,0x9fb80000)
  to   space 22272K, 0% used [0x9d240000,0x9d240000,0x9e800000)
 ParOldGen       total 42496K, used 32860K [0x67000000, 0x69980000, 0x91ac0000)
  object space 42496K, 77% used [0x67000000,0x690170d8,0x69980000)
 Metaspace       used 4144K, capacity 4166K, committed 4248K, reserved 4400K
}
Event: 3.793 GC heap before
{Heap before GC invocations=11 (full 1):
 PSYoungGen      total 207872K, used 17410K [0x91ac0000, 0xa0000000, 0xa7000000)
  eden space 187904K, 0% used [0x91ac0000,0x91ac0000,0x9d240000)
  from space 19968K, 87% used [0x9e800000,0x9f900980,0x9fb80000)
  to   space 22272K, 0% used [0x9d240000,0x9d240000,0x9e800000)
 ParOldGen       total 42496K, used 32860K [0x67000000, 0x69980000, 0x91ac0000)
  object space 42496K, 77% used [0x67000000,0x690170d8,0x69980000)
 Metaspace       used 4144K, capacity 4166K, committed 4248K, reserved 4400K
Event: 4.099 GC heap after
Heap after GC invocations=11 (full 1):
 PSYoungGen      total 207872K, used 4249K [0x91ac0000, 0xa0000000, 0xa7000000)
  eden space 187904K, 0% used [0x91ac0000,0x91ac0000,0x9d240000)
  from space 19968K, 21% used [0x9e800000,0x9ec264d0,0x9fb80000)
  to   space 22272K, 0% used [0x9d240000,0x9d240000,0x9e800000)
 ParOldGen       total 71936K, used 42413K [0x67000000, 0x6b640000, 0x91ac0000)
  object space 71936K, 58% used [0x67000000,0x6996b7a8,0x6b640000)
 Metaspace       used 4144K, capacity 4166K, committed 4248K, reserved 4400K
}
Event: 4.757 GC heap before
{Heap before GC invocations=12 (full 1):
 PSYoungGen      total 207872K, used 192153K [0x91ac0000, 0xa0000000, 0xa7000000)
  eden space 187904K, 100% used [0x91ac0000,0x9d240000,0x9d240000)
  from space 19968K, 21% used [0x9e800000,0x9ec264d0,0x9fb80000)
  to   space 22272K, 0% used [0x9d240000,0x9d240000,0x9e800000)
 ParOldGen       total 71936K, used 42413K [0x67000000, 0x6b640000, 0x91ac0000)
  object space 71936K, 58% used [0x67000000,0x6996b7a8,0x6b640000)
 Metaspace       used 4209K, capacity 4230K, committed 4248K, reserved 4400K

Deoptimization events (10 events):
Event: 2.960 Thread 0x63261400 Uncommon trap: reason=unstable_if action=reinterpret pc=0xa793a24c method=com.android.dx.rop.code.BasicBlock.hasExceptionHandlers()Z @ 17
Event: 3.172 Thread 0x63262800 Uncommon trap: reason=unstable_if action=reinterpret pc=0xa7703668 method=java.util.HashMap.putVal(ILjava/lang/Object;Ljava/lang/Object;ZZ)Ljava/lang/Object; @ 162
Event: 3.230 Thread 0xb6507800 Uncommon trap: reason=unstable_if action=reinterpret pc=0xa78aadbc method=java.util.HashMap.getNode(ILjava/lang/Object;)Ljava/util/HashMap$Node; @ 84
Event: 4.143 Thread 0x63262800 Uncommon trap: reason=class_check action=maybe_recompile pc=0xa7a89e9c method=com.android.dx.rop.code.RegisterSpec.withSimpleType()Lcom/android/dx/rop/code/RegisterSpec; @ 21
Event: 4.164 Thread 0x63262800 Uncommon trap: reason=class_check action=maybe_recompile pc=0xa7a89e9c method=com.android.dx.rop.code.RegisterSpec.withSimpleType()Lcom/android/dx/rop/code/RegisterSpec; @ 21
Event: 4.298 Thread 0x63263c00 Uncommon trap: reason=class_check action=maybe_recompile pc=0xa7a89e9c method=com.android.dx.rop.code.RegisterSpec.withSimpleType()Lcom/android/dx/rop/code/RegisterSpec; @ 21
Event: 4.298 Thread 0x63263c00 Uncommon trap: reason=class_check action=maybe_recompile pc=0xa7a89e9c method=com.android.dx.rop.code.RegisterSpec.withSimpleType()Lcom/android/dx/rop/code/RegisterSpec; @ 21
Event: 4.365 Thread 0x6325e800 Uncommon trap: reason=unstable_if action=reinterpret pc=0xa78b5738 method=com.android.dx.dex.code.OutputFinisher.hasLocalInfo(Lcom/android/dx/dex/code/DalvInsn;)Z @ 24
Event: 4.367 Thread 0x6325e800 Uncommon trap: reason=unstable_if action=reinterpret pc=0xa7a79da4 method=com.android.dx.cf.code.Ropper.isSynchronized()Z @ 12
Event: 4.596 Thread 0x6325e800 Uncommon trap: reason=unstable_if action=reinterpret pc=0xa79ba198 method=java.util.HashMap.resize()[Ljava/util/HashMap$Node; @ 206

Internal exceptions (7 events):
Event: 0.070 Thread 0xb6507800 Exception <a 'java/lang/NoSuchMethodError': Method sun.misc.Unsafe.defineClass(Ljava/lang/String;[BII)Ljava/lang/Class; name or signature does not match> (0x91ad0540) thrown at [/HUDSON/workspace/8-2-build-linux-i586/jdk8u66/4988/hotspot/src/share/vm/prim
Event: 0.070 Thread 0xb6507800 Exception <a 'java/lang/NoSuchMethodError': Method sun.misc.Unsafe.prefetchRead(Ljava/lang/Object;J)V name or signature does not match> (0x91ad0810) thrown at [/HUDSON/workspace/8-2-build-linux-i586/jdk8u66/4988/hotspot/src/share/vm/prims/jni.cpp, line 39
Event: 1.943 Thread 0x63263c00 Implicit null exception at 0xa773483f to 0xa7735c79
Event: 2.069 Thread 0xb6507800 Implicit null exception at 0xa774141c to 0xa77427a9
Event: 3.206 Thread 0x63262800 Exception <a 'java/lang/ArrayIndexOutOfBoundsException': 18> (0x92be6748) thrown at [/HUDSON/workspace/8-2-build-linux-i586/jdk8u66/4988/hotspot/src/share/vm/interpreter/interpreterRuntime.cpp, line 366]
Event: 3.206 Thread 0x63262800 Exception <a 'java/lang/ArrayIndexOutOfBoundsException': 145> (0x92be7fe8) thrown at [/HUDSON/workspace/8-2-build-linux-i586/jdk8u66/4988/hotspot/src/share/vm/interpreter/interpreterRuntime.cpp, line 366]
Event: 3.227 Thread 0x63262800 Exception <a 'java/lang/ArrayIndexOutOfBoundsException'> (0x92be90c8) thrown at [/HUDSON/workspace/8-2-build-linux-i586/jdk8u66/4988/hotspot/src/share/vm/runtime/sharedRuntime.cpp, line 605]

Events (10 events):
Event: 4.701 Thread 0x63262800 DEOPT UNPACKING pc=0xa753c590 sp=0x6315ca50 mode 0
Event: 4.706 Thread 0x63261400 DEOPT PACKING pc=0xa781019f sp=0x631ad780
Event: 4.706 Thread 0x63261400 DEOPT UNPACKING pc=0xa753c590 sp=0x631ad61c mode 0
Event: 4.709 Thread 0x63261400 DEOPT PACKING pc=0xa77a7448 sp=0x631ad640
Event: 4.709 Thread 0x63261400 DEOPT UNPACKING pc=0xa753c590 sp=0x631ad52c mode 0
Event: 4.713 Thread 0x63263c00 DEOPT PACKING pc=0xa782ecdf sp=0x6310b6a0
Event: 4.713 Thread 0x63263c00 DEOPT UNPACKING pc=0xa753c590 sp=0x6310b598 mode 0
Event: 4.731 Thread 0x63261400 DEOPT PACKING pc=0xa77a7448 sp=0x631ad640
Event: 4.731 Thread 0x63261400 DEOPT UNPACKING pc=0xa753c590 sp=0x631ad52c mode 0
Event: 4.757 Executing VM operation: ParallelGCFailedAllocation


Dynamic libraries:
08048000-08049000 r-xp 00000000 08:06 1552326    /usr/lib/jvm/java-8-oracle/bin/java
08049000-0804a000 rw-p 00000000 08:06 1552326    /usr/lib/jvm/java-8-oracle/bin/java
0974d000-097c9000 rw-p 00000000 00:00 0          [heap]
61800000-6182b000 rw-p 00000000 00:00 0 
6182b000-61900000 ---p 00000000 00:00 0 
61900000-619d2000 rw-p 00000000 00:00 0 
619d2000-61a00000 ---p 00000000 00:00 0 
61b00000-61c00000 rw-p 00000000 00:00 0 
61d00000-61da4000 rw-p 00000000 00:00 0 
61da4000-61e00000 ---p 00000000 00:00 0 
61e00000-61f00000 rw-p 00000000 00:00 0 
61f00000-61fff000 rw-p 00000000 00:00 0 
61fff000-62000000 ---p 00000000 00:00 0 
62000000-62100000 rw-p 00000000 00:00 0 
62100000-621f9000 rw-p 00000000 00:00 0 
621f9000-62200000 ---p 00000000 00:00 0 
62300000-623f7000 rw-p 00000000 00:00 0 
623f7000-62400000 ---p 00000000 00:00 0 
62500000-625f3000 rw-p 00000000 00:00 0 
625f3000-62600000 ---p 00000000 00:00 0 
62600000-62700000 rw-p 00000000 00:00 0 
62700000-627ff000 rw-p 00000000 00:00 0 
627ff000-62800000 ---p 00000000 00:00 0 
62800000-628c3000 rw-p 00000000 00:00 0 
628c3000-62900000 ---p 00000000 00:00 0 
62900000-629ff000 rw-p 00000000 00:00 0 
629ff000-62a00000 ---p 00000000 00:00 0 
62a00000-62ae1000 rw-p 00000000 00:00 0 
62ae1000-62b00000 ---p 00000000 00:00 0 
62b00000-62bee000 rw-p 00000000 00:00 0 
62bee000-62c00000 ---p 00000000 00:00 0 
62c00000-62cfc000 rw-p 00000000 00:00 0 
62cfc000-62d00000 ---p 00000000 00:00 0 
62d00000-62dee000 rw-p 00000000 00:00 0 
62dee000-62e00000 ---p 00000000 00:00 0 
62e00000-62efa000 rw-p 00000000 00:00 0 
62efa000-62f00000 ---p 00000000 00:00 0 
62f00000-62fff000 rw-p 00000000 00:00 0 
62fff000-63000000 ---p 00000000 00:00 0 
63014000-630bc000 rw-p 00000000 00:00 0 
630bc000-630bf000 ---p 00000000 00:00 0 
630bf000-6310d000 rw-p 00000000 00:00 0          [stack:6706]
6310d000-63110000 ---p 00000000 00:00 0 
63110000-6315e000 rw-p 00000000 00:00 0          [stack:6705]
6315e000-63161000 ---p 00000000 00:00 0 
63161000-631af000 rw-p 00000000 00:00 0          [stack:6704]
631af000-631b2000 ---p 00000000 00:00 0 
631b2000-63200000 rw-p 00000000 00:00 0          [stack:6703]
63200000-632d8000 rw-p 00000000 00:00 0 
632d8000-63300000 ---p 00000000 00:00 0 
6330f000-63312000 ---p 00000000 00:00 0 
63312000-63360000 rw-p 00000000 00:00 0          [stack:6702]
63360000-633ab000 r--s 003bf000 08:06 206386     /home/priya/matrix/Kurukshetra/app/build/intermediates/transforms/jarMerging/debug/jars/1/1f/combined.jar
633ab000-633ac000 ---p 00000000 00:00 0 
633ac000-6342c000 rw-p 00000000 00:00 0          [stack:6701]
6342c000-6342f000 ---p 00000000 00:00 0 
6342f000-6347d000 rw-p 00000000 00:00 0          [stack:6700]
6347d000-63480000 ---p 00000000 00:00 0 
63480000-634fe000 rw-p 00000000 00:00 0          [stack:6699]
634fe000-63501000 ---p 00000000 00:00 0 
63501000-6357f000 rw-p 00000000 00:00 0          [stack:6698]
6357f000-63582000 ---p 00000000 00:00 0 
63582000-63600000 rw-p 00000000 00:00 0          [stack:6697]
63600000-63800000 r--p 00000000 08:06 1093651    /usr/lib/locale/locale-archive
63800000-6384e000 rw-p 00000000 00:00 0 
6384e000-63900000 ---p 00000000 00:00 0 
63900000-63a00000 rw-p 00000000 00:00 0 
63a0d000-63a10000 ---p 00000000 00:00 0 
63a10000-63a5e000 rw-p 00000000 00:00 0          [stack:6696]
63a5e000-63a61000 ---p 00000000 00:00 0 
63a61000-63aaf000 rw-p 00000000 00:00 0          [stack:6694]
63aaf000-63ab2000 ---p 00000000 00:00 0 
63ab2000-63b00000 rw-p 00000000 00:00 0          [stack:6693]
63b00000-63c00000 rw-p 00000000 00:00 0 
63c0b000-63c0c000 ---p 00000000 00:00 0 
63c0c000-63cdb000 rw-p 00000000 00:00 0          [stack:6692]
63cdb000-63eb4000 r--s 03d20000 08:06 1286207    /usr/lib/jvm/java-8-oracle/jre/lib/rt.jar
63eb4000-642da000 rw-p 00000000 00:00 0 
642da000-64300000 ---p 00000000 00:00 0 
64300000-66700000 rw-p 00000000 00:00 0 
66700000-667ff000 rw-p 00000000 00:00 0 
667ff000-66800000 ---p 00000000 00:00 0 
66824000-6687f000 rw-p 00000000 00:00 0 
6687f000-66880000 ---p 00000000 00:00 0 
66880000-66900000 rw-p 00000000 00:00 0          [stack:6691]
66900000-66921000 rw-p 00000000 00:00 0 
66921000-66a00000 ---p 00000000 00:00 0 
66a00000-66afa000 rw-p 00000000 00:00 0 
66afa000-66b00000 ---p 00000000 00:00 0 
66b00000-66b21000 rw-p 00000000 00:00 0 
66b21000-66c00000 ---p 00000000 00:00 0 
66c28000-66c29000 ---p 00000000 00:00 0 
66c29000-66ccd000 rw-p 00000000 00:00 0          [stack:6690]
66ccd000-66dff000 ---p 00000000 00:00 0 
66dff000-66e23000 rw-p 00000000 00:00 0 
66e23000-66f54000 ---p 00000000 00:00 0 
66f54000-66fc7000 rw-p 00000000 00:00 0 
66fc7000-66fff000 ---p 00000000 00:00 0 
66fff000-6b640000 rw-p 00000000 00:00 0 
6b640000-91ac0000 ---p 00000000 00:00 0 
91ac0000-a0000000 rw-p 00000000 00:00 0 
a59ef000-a5c40000 rw-p 00000000 00:00 0 
a5c40000-a7000000 ---p 00000000 00:00 0 
a7026000-a703e000 rw-p 00000000 00:00 0 
a703e000-a703f000 ---p 00000000 00:00 0 
a703f000-a70bf000 rw-p 00000000 00:00 0          [stack:6689]
a70bf000-a70c0000 ---p 00000000 00:00 0 
a70c0000-a715a000 rw-p 00000000 00:00 0          [stack:6688]
a715a000-a7500000 ---p 00000000 00:00 0 
a7500000-a7b68000 rwxp 00000000 00:00 0 
a7b68000-b6500000 ---p 00000000 00:00 0 
b6500000-b65fb000 rw-p 00000000 00:00 0 
b65fb000-b6600000 ---p 00000000 00:00 0 
b6602000-b6611000 r--s 000df000 08:06 3122779    /home/priya/Android/Sdk/build-tools/23.0.2/lib/dx.jar
b6611000-b662a000 r-xp 00000000 08:06 1387720    /usr/lib/jvm/java-8-oracle/jre/lib/i386/libzip.so
b662a000-b662b000 rw-p 00019000 08:06 1387720    /usr/lib/jvm/java-8-oracle/jre/lib/i386/libzip.so
b662b000-b6636000 r-xp 00000000 08:06 1933505    /lib/i386-linux-gnu/libnss_files-2.19.so
b6636000-b6637000 r--p 0000a000 08:06 1933505    /lib/i386-linux-gnu/libnss_files-2.19.so
b6637000-b6638000 rw-p 0000b000 08:06 1933505    /lib/i386-linux-gnu/libnss_files-2.19.so
b6638000-b6642000 r-xp 00000000 08:06 1933491    /lib/i386-linux-gnu/libnss_nis-2.19.so
b6642000-b6643000 r--p 00009000 08:06 1933491    /lib/i386-linux-gnu/libnss_nis-2.19.so
b6643000-b6644000 rw-p 0000a000 08:06 1933491    /lib/i386-linux-gnu/libnss_nis-2.19.so
b6644000-b6659000 r-xp 00000000 08:06 1933492    /lib/i386-linux-gnu/libnsl-2.19.so
b6659000-b665a000 r--p 00015000 08:06 1933492    /lib/i386-linux-gnu/libnsl-2.19.so
b665a000-b665b000 rw-p 00016000 08:06 1933492    /lib/i386-linux-gnu/libnsl-2.19.so
b665b000-b665d000 rw-p 00000000 00:00 0 
b6669000-b666b000 rw-p 00000000 00:00 0 
b666b000-b666c000 r--p 00850000 08:06 1093651    /usr/lib/locale/locale-archive
b666c000-b6674000 rw-s 00000000 08:06 386251     /tmp/hsperfdata_priya/6682
b6674000-b6698000 r-xp 00000000 08:06 1387732    /usr/lib/jvm/java-8-oracle/jre/lib/i386/libjava.so
b6698000-b6699000 rw-p 00023000 08:06 1387732    /usr/lib/jvm/java-8-oracle/jre/lib/i386/libjava.so
b6699000-b66a0000 r-xp 00000000 08:06 1933506    /lib/i386-linux-gnu/librt-2.19.so
b66a0000-b66a1000 r--p 00006000 08:06 1933506    /lib/i386-linux-gnu/librt-2.19.so
b66a1000-b66a2000 rw-p 00007000 08:06 1933506    /lib/i386-linux-gnu/librt-2.19.so
b66a2000-b66a5000 ---p 00000000 00:00 0 
b66a5000-b66f3000 rw-p 00000000 00:00 0          [stack:6687]
b66f3000-b6737000 r-xp 00000000 08:06 1933496    /lib/i386-linux-gnu/libm-2.19.so
b6737000-b6738000 r--p 00043000 08:06 1933496    /lib/i386-linux-gnu/libm-2.19.so
b6738000-b6739000 rw-p 00044000 08:06 1933496    /lib/i386-linux-gnu/libm-2.19.so
b6739000-b70b9000 r-xp 00000000 08:06 1395826    /usr/lib/jvm/java-8-oracle/jre/lib/i386/server/libjvm.so
b70b9000-b7126000 rw-p 00980000 08:06 1395826    /usr/lib/jvm/java-8-oracle/jre/lib/i386/server/libjvm.so
b7126000-b754c000 rw-p 00000000 00:00 0 
b754c000-b76f4000 r-xp 00000000 08:06 1933488    /lib/i386-linux-gnu/libc-2.19.so
b76f4000-b76f6000 r--p 001a8000 08:06 1933488    /lib/i386-linux-gnu/libc-2.19.so
b76f6000-b76f7000 rw-p 001aa000 08:06 1933488    /lib/i386-linux-gnu/libc-2.19.so
b76f7000-b76fa000 rw-p 00000000 00:00 0 
b76fa000-b76fd000 r-xp 00000000 08:06 1933489    /lib/i386-linux-gnu/libdl-2.19.so
b76fd000-b76fe000 r--p 00002000 08:06 1933489    /lib/i386-linux-gnu/libdl-2.19.so
b76fe000-b76ff000 rw-p 00003000 08:06 1933489    /lib/i386-linux-gnu/libdl-2.19.so
b76ff000-b7713000 r-xp 00000000 08:06 1549650    /usr/lib/jvm/java-8-oracle/lib/i386/jli/libjli.so
b7713000-b7714000 rw-p 00014000 08:06 1549650    /usr/lib/jvm/java-8-oracle/lib/i386/jli/libjli.so
b7714000-b7715000 rw-p 00000000 00:00 0 
b7715000-b772d000 r-xp 00000000 08:06 1933501    /lib/i386-linux-gnu/libpthread-2.19.so
b772d000-b772e000 r--p 00018000 08:06 1933501    /lib/i386-linux-gnu/libpthread-2.19.so
b772e000-b772f000 rw-p 00019000 08:06 1933501    /lib/i386-linux-gnu/libpthread-2.19.so
b772f000-b7731000 rw-p 00000000 00:00 0 
b7731000-b7738000 r-xp 00000000 08:06 1933497    /lib/i386-linux-gnu/libnss_compat-2.19.so
b7738000-b7739000 r--p 00006000 08:06 1933497    /lib/i386-linux-gnu/libnss_compat-2.19.so
b7739000-b773a000 rw-p 00007000 08:06 1933497    /lib/i386-linux-gnu/libnss_compat-2.19.so
b773a000-b773b000 rw-p 00000000 00:00 0 
b773b000-b773c000 ---p 00000000 00:00 0 
b773c000-b7747000 r-xp 00000000 08:06 1387688    /usr/lib/jvm/java-8-oracle/jre/lib/i386/libverify.so
b7747000-b7748000 rw-p 0000b000 08:06 1387688    /usr/lib/jvm/java-8-oracle/jre/lib/i386/libverify.so
b7748000-b774a000 rw-p 00000000 00:00 0 
b774a000-b774b000 r-xp 00000000 00:00 0          [vdso]
b774b000-b776b000 r-xp 00000000 08:06 1933490    /lib/i386-linux-gnu/ld-2.19.so
b776b000-b776c000 r--p 0001f000 08:06 1933490    /lib/i386-linux-gnu/ld-2.19.so
b776c000-b776d000 rw-p 00020000 08:06 1933490    /lib/i386-linux-gnu/ld-2.19.so
bf919000-bf91a000 rwxp 00000000 00:00 0 
bf94c000-bf96d000 rw-p 00000000 00:00 0          [stack]

VM Arguments:
jvm_args: -Djava.awt.headless=true -Xmx1024M -Dfile.encoding=UTF-8 -Duser.country=IN -Duser.language=en -Duser.variant 
java_command: com.android.dx.command.Main --dex --num-threads=4 --multi-dex --main-dex-list /home/priya/matrix/Kurukshetra/app/build/intermediates/multi-dex/debug/maindexlist.txt --output /home/priya/matrix/Kurukshetra/app/build/intermediates/transforms/dex/debug/folders/1000/1f/main /home/priya/matrix/Kurukshetra/app/build/intermediates/transforms/jarMerging/debug/jars/1/1f/combined.jar
java_class_path (initial): /home/priya/Android/Sdk/build-tools/23.0.2/lib/dx.jar
Launcher Type: SUN_STANDARD

Environment Variables:
JAVA_HOME=/usr/lib/jvm/java-8-oracle
PATH=/usr/local/sbin:/usr/local/bin:/usr/sbin:/usr/bin:/sbin:/bin:/usr/games:/usr/local/games:/home/priya/matrix/proxy/google_appengine/
LD_LIBRARY_PATH=bin:
SHELL=/bin/bash
DISPLAY=:0

Signal Handlers:
SIGSEGV: [libjvm.so+0x8cdc10], sa_mask[0]=11111111011111111101111111111110, sa_flags=SA_RESTART|SA_SIGINFO
SIGBUS: [libjvm.so+0x8cdc10], sa_mask[0]=11111111011111111101111111111110, sa_flags=SA_RESTART|SA_SIGINFO
SIGFPE: [libjvm.so+0x74dbb0], sa_mask[0]=11111111011111111101111111111110, sa_flags=SA_RESTART|SA_SIGINFO
SIGPIPE: [libjvm.so+0x74dbb0], sa_mask[0]=11111111011111111101111111111110, sa_flags=SA_RESTART|SA_SIGINFO
SIGXFSZ: [libjvm.so+0x74dbb0], sa_mask[0]=11111111011111111101111111111110, sa_flags=SA_RESTART|SA_SIGINFO
SIGILL: [libjvm.so+0x74dbb0], sa_mask[0]=11111111011111111101111111111110, sa_flags=SA_RESTART|SA_SIGINFO
SIGUSR1: SIG_DFL, sa_mask[0]=00000000000000000000000000000000, sa_flags=none
SIGUSR2: [libjvm.so+0x74f230], sa_mask[0]=00100000000000000000000000000000, sa_flags=SA_RESTART|SA_SIGINFO
SIGHUP: [libjvm.so+0x7506e0], sa_mask[0]=11111111011111111101111111111110, sa_flags=SA_RESTART|SA_SIGINFO
SIGINT: [libjvm.so+0x7506e0], sa_mask[0]=11111111011111111101111111111110, sa_flags=SA_RESTART|SA_SIGINFO
SIGTERM: [libjvm.so+0x7506e0], sa_mask[0]=11111111011111111101111111111110, sa_flags=SA_RESTART|SA_SIGINFO
SIGQUIT: [libjvm.so+0x7506e0], sa_mask[0]=11111111011111111101111111111110, sa_flags=SA_RESTART|SA_SIGINFO


---------------  S Y S T E M  ---------------

OS:DISTRIB_ID=Ubuntu
DISTRIB_RELEASE=14.04
DISTRIB_CODENAME=trusty
DISTRIB_DESCRIPTION="Ubuntu 14.04.3 LTS"

uname:Linux 3.13.0-74-generic #118-Ubuntu SMP Thu Dec 17 22:52:02 UTC 2015 i686
libc:glibc 2.19 NPTL 2.19 
rlimit: STACK 8192k, CORE 0k, NPROC 31374, NOFILE 4096, AS infinity
load average:2.76 1.64 1.11

/proc/meminfo:
MemTotal:        4035184 kB
MemFree:          237520 kB
Buffers:            5584 kB
Cached:           509604 kB
SwapCached:            0 kB
Active:          3216764 kB
Inactive:         474960 kB
Active(anon):    3182528 kB
Inactive(anon):   438456 kB
Active(file):      34236 kB
Inactive(file):    36504 kB
Unevictable:         100 kB
Mlocked:             100 kB
HighTotal:       3182980 kB
HighFree:          72712 kB
LowTotal:         852204 kB
LowFree:          164808 kB
SwapTotal:             0 kB
SwapFree:              0 kB
Dirty:                44 kB
Writeback:            52 kB
AnonPages:       3177012 kB
Mapped:           198016 kB
Shmem:            444160 kB
Slab:              48228 kB
SReclaimable:      22108 kB
SUnreclaim:        26120 kB
KernelStack:        5128 kB
PageTables:        18880 kB
NFS_Unstable:          0 kB
Bounce:                0 kB
WritebackTmp:          0 kB
CommitLimit:     2017592 kB
Committed_AS:    8804016 kB
VmallocTotal:     122880 kB
VmallocUsed:       70844 kB
VmallocChunk:      24496 kB
HardwareCorrupted:     0 kB
AnonHugePages:   1697792 kB
HugePages_Total:       0
HugePages_Free:        0
HugePages_Rsvd:        0
HugePages_Surp:        0
Hugepagesize:       2048 kB
DirectMap4k:       34808 kB
DirectMap2M:      878592 kB


CPU:total 4 (2 cores per cpu, 2 threads per core) family 6 model 69 stepping 1, cmov, cx8, fxsr, mmx, sse, sse2, sse3, ssse3, sse4.1, sse4.2, popcnt, avx, avx2, aes, clmul, erms, lzcnt, ht, tsc, tscinvbit, bmi1, bmi2

/proc/cpuinfo:
processor	: 0
vendor_id	: GenuineIntel
cpu family	: 6
model		: 69
model name	: Intel(R) Core(TM) i5-4210U CPU @ 1.70GHz
stepping	: 1
microcode	: 0x17
cpu MHz		: 1700.000
cache size	: 3072 KB
physical id	: 0
siblings	: 4
core id		: 0
cpu cores	: 2
apicid		: 0
initial apicid	: 0
fdiv_bug	: no
f00f_bug	: no
coma_bug	: no
fpu		: yes
fpu_exception	: yes
cpuid level	: 13
wp		: yes
flags		: fpu vme de pse tsc msr pae mce cx8 apic sep mtrr pge mca cmov pat pse36 clflush dts acpi mmx fxsr sse sse2 ss ht tm pbe nx pdpe1gb rdtscp lm constant_tsc arch_perfmon pebs bts xtopology nonstop_tsc aperfmperf eagerfpu pni pclmulqdq dtes64 monitor ds_cpl vmx est tm2 ssse3 fma cx16 xtpr pdcm pcid sse4_1 sse4_2 movbe popcnt tsc_deadline_timer aes xsave avx f16c rdrand lahf_lm abm ida arat epb xsaveopt pln pts dtherm tpr_shadow vnmi flexpriority ept vpid fsgsbase tsc_adjust bmi1 avx2 smep bmi2 erms invpcid
bogomips	: 3392.23
clflush size	: 64
cache_alignment	: 64
address sizes	: 39 bits physical, 48 bits virtual
power management:

processor	: 1
vendor_id	: GenuineIntel
cpu family	: 6
model		: 69
model name	: Intel(R) Core(TM) i5-4210U CPU @ 1.70GHz
stepping	: 1
microcode	: 0x17
cpu MHz		: 1700.000
cache size	: 3072 KB
physical id	: 0
siblings	: 4
core id		: 1
cpu cores	: 2
apicid		: 2
initial apicid	: 2
fdiv_bug	: no
f00f_bug	: no
coma_bug	: no
fpu		: yes
fpu_exception	: yes
cpuid level	: 13
wp		: yes
flags		: fpu vme de pse tsc msr pae mce cx8 apic sep mtrr pge mca cmov pat pse36 clflush dts acpi mmx fxsr sse sse2 ss ht tm pbe nx pdpe1gb rdtscp lm constant_tsc arch_perfmon pebs bts xtopology nonstop_tsc aperfmperf eagerfpu pni pclmulqdq dtes64 monitor ds_cpl vmx est tm2 ssse3 fma cx16 xtpr pdcm pcid sse4_1 sse4_2 movbe popcnt tsc_deadline_timer aes xsave avx f16c rdrand lahf_lm abm ida arat epb xsaveopt pln pts dtherm tpr_shadow vnmi flexpriority ept vpid fsgsbase tsc_adjust bmi1 avx2 smep bmi2 erms invpcid
bogomips	: 3392.23
clflush size	: 64
cache_alignment	: 64
address sizes	: 39 bits physical, 48 bits virtual
power management:

processor	: 2
vendor_id	: GenuineIntel
cpu family	: 6
model		: 69
model name	: Intel(R) Core(TM) i5-4210U CPU @ 1.70GHz
stepping	: 1
microcode	: 0x17
cpu MHz		: 782.000
cache size	: 3072 KB
physical id	: 0
siblings	: 4
core id		: 0
cpu cores	: 2
apicid		: 1
initial apicid	: 1
fdiv_bug	: no
f00f_bug	: no
coma_bug	: no
fpu		: yes
fpu_exception	: yes
cpuid level	: 13
wp		: yes
flags		: fpu vme de pse tsc msr pae mce cx8 apic sep mtrr pge mca cmov pat pse36 clflush dts acpi mmx fxsr sse sse2 ss ht tm pbe nx pdpe1gb rdtscp lm constant_tsc arch_perfmon pebs bts xtopology nonstop_tsc aperfmperf eagerfpu pni pclmulqdq dtes64 monitor ds_cpl vmx est tm2 ssse3 fma cx16 xtpr pdcm pcid sse4_1 sse4_2 movbe popcnt tsc_deadline_timer aes xsave avx f16c rdrand lahf_lm abm ida arat epb xsaveopt pln pts dtherm tpr_shadow vnmi flexpriority ept vpid fsgsbase tsc_adjust bmi1 avx2 smep bmi2 erms invpcid
bogomips	: 3392.23
clflush size	: 64
cache_alignment	: 64
address sizes	: 39 bits physical, 48 bits virtual
power management:

processor	: 3
vendor_id	: GenuineIntel
cpu family	: 6
model		: 69
model name	: Intel(R) Core(TM) i5-4210U CPU @ 1.70GHz
stepping	: 1
microcode	: 0x17
cpu MHz		: 1700.000
cache size	: 3072 KB
physical id	: 0
siblings	: 4
core id		: 1
cpu cores	: 2
apicid		: 3
initial apicid	: 3
fdiv_bug	: no
f00f_bug	: no
coma_bug	: no
fpu		: yes
fpu_exception	: yes
cpuid level	: 13
wp		: yes
flags		: fpu vme de pse tsc msr pae mce cx8 apic sep mtrr pge mca cmov pat pse36 clflush dts acpi mmx fxsr sse sse2 ss ht tm pbe nx pdpe1gb rdtscp lm constant_tsc arch_perfmon pebs bts xtopology nonstop_tsc aperfmperf eagerfpu pni pclmulqdq dtes64 monitor ds_cpl vmx est tm2 ssse3 fma cx16 xtpr pdcm pcid sse4_1 sse4_2 movbe popcnt tsc_deadline_timer aes xsave avx f16c rdrand lahf_lm abm ida arat epb xsaveopt pln pts dtherm tpr_shadow vnmi flexpriority ept vpid fsgsbase tsc_adjust bmi1 avx2 smep bmi2 erms invpcid
bogomips	: 3392.23
clflush size	: 64
cache_alignment	: 64
address sizes	: 39 bits physical, 48 bits virtual
power management:



Memory: 4k page, physical 4035184k(237520k free), swap 0k(0k free)

vm_info: Java HotSpot(TM) Server VM (25.66-b17) for linux-x86 JRE (1.8.0_66-b17), built on Oct  6 2015 18:06:03 by "java_re" with gcc 4.3.0 20080428 (Red Hat 4.3.0-8)

time: Wed Dec 23 23:38:00 2015
elapsed time: 6 seconds (0d 0h 0m 6s)

