#
# There is insufficient memory for the Java Runtime Environment to continue.
# Native memory allocation (mmap) failed to map 177471488 bytes for committing reserved memory.
# Possible reasons:
#   The system is out of physical RAM or swap space
#   In 32 bit mode, the process size limit was hit
# Possible solutions:
#   Reduce memory load on the system
#   Increase physical memory or swap space
#   Check if swap backing store is full
#   Use 64 bit Java on a 64 bit OS
#   Decrease Java heap size (-Xmx/-Xms)
#   Decrease number of Java threads
#   Decrease Java thread stack sizes (-Xss)
#   Set larger code cache with -XX:ReservedCodeCacheSize=
# This output file may be truncated or incomplete.
#
#  Out of Memory Error (os_linux.cpp:2627), pid=17485, tid=1674099520
#
# JRE version: Java(TM) SE Runtime Environment (8.0_66-b17) (build 1.8.0_66-b17)
# Java VM: Java HotSpot(TM) Server VM (25.66-b17 mixed mode linux-x86 )
# Failed to write core dump. Core dumps have been disabled. To enable core dumping, try "ulimit -c unlimited" before starting Java again
#

---------------  T H R E A D  ---------------

Current thread (0x63b81400):  VMThread [stack: 0x63c0b000,0x63c8c000] [id=17496]

Stack: [0x63c0b000,0x63c8c000],  sp=0x63c8aa00,  free space=510k
Native frames: (J=compiled Java code, j=interpreted, Vv=VM code, C=native code)
V  [libjvm.so+0x8cd0ff]  VMError::report_and_die()+0x16f
V  [libjvm.so+0x38bee5]  report_vm_out_of_memory(char const*, int, unsigned int, VMErrorType, char const*)+0x55
V  [libjvm.so+0x750ed6]  os::Linux::commit_memory_impl(char*, unsigned int, bool)+0xe6
V  [libjvm.so+0x7513a8]  os::pd_commit_memory(char*, unsigned int, unsigned int, bool)+0x28
V  [libjvm.so+0x74b2cc]  os::commit_memory(char*, unsigned int, unsigned int, bool)+0x2c
V  [libjvm.so+0x7b58a8]  PSVirtualSpace::expand_by(unsigned int)+0x48
V  [libjvm.so+0x7a8941]  PSOldGen::expand(unsigned int)+0x141
V  [libjvm.so+0x7a8a0f]  PSOldGen::resize(unsigned int)+0x8f
V  [libjvm.so+0x7af534]  PSParallelCompact::invoke_no_policy(bool)+0x874
V  [libjvm.so+0x7b3f0d]  PSScavenge::invoke()+0x16d
V  [libjvm.so+0x7728ba]  ParallelScavengeHeap::failed_mem_allocate(unsigned int)+0x5a
V  [libjvm.so+0x8cebca]  VM_ParallelGCFailedAllocation::doit()+0x7a
V  [libjvm.so+0x8d81d7]  VM_Operation::evaluate()+0x47
V  [libjvm.so+0x8d62b3]  VMThread::evaluate_operation(VM_Operation*)+0xb3
V  [libjvm.so+0x8d6650]  VMThread::loop()+0x1b0
V  [libjvm.so+0x8d6ab5]  VMThread::run()+0x85
V  [libjvm.so+0x753519]  java_start(Thread*)+0x119
C  [libpthread.so.0+0x6f70]  start_thread+0xd0

VM_Operation (0x629fe584): ParallelGCFailedAllocation, mode: safepoint, requested by thread 0x63268800


---------------  P R O C E S S  ---------------

Java Threads: ( => current thread )
  0x6326b800 JavaThread "pool-2-thread-4" [_thread_blocked, id=17509, stack(0x6295e000,0x629af000)]
  0x63268800 JavaThread "pool-2-thread-3" [_thread_blocked, id=17508, stack(0x629af000,0x62a00000)]
  0x63266000 JavaThread "pool-2-thread-2" [_thread_blocked, id=17507, stack(0x62d0d000,0x62d5e000)]
  0x6325d800 JavaThread "pool-3-thread-1" [_thread_blocked, id=17506, stack(0x62d5e000,0x62daf000)]
  0x6325a000 JavaThread "pool-2-thread-1" [_thread_blocked, id=17505, stack(0x62daf000,0x62e00000)]
  0x63ba9800 JavaThread "Service Thread" daemon [_thread_blocked, id=17503, stack(0x6342c000,0x6347d000)]
  0x63ba6800 JavaThread "C1 CompilerThread2" daemon [_thread_blocked, id=17502, stack(0x6347d000,0x634fe000)]
  0x63ba5000 JavaThread "C2 CompilerThread1" daemon [_thread_blocked, id=17501, stack(0x634fe000,0x6357f000)]
  0x63ba3000 JavaThread "C2 CompilerThread0" daemon [_thread_blocked, id=17500, stack(0x6357f000,0x63600000)]
  0x63ba1c00 JavaThread "Signal Dispatcher" daemon [_thread_blocked, id=17499, stack(0x63a0d000,0x63a5e000)]
  0x63b86000 JavaThread "Finalizer" daemon [_thread_blocked, id=17498, stack(0x63a5e000,0x63aaf000)]
  0x63b84800 JavaThread "Reference Handler" daemon [_thread_blocked, id=17497, stack(0x63aaf000,0x63b00000)]
  0xb6507800 JavaThread "main" [_thread_blocked, id=17491, stack(0xb66dc000,0xb672d000)]

Other Threads:
=>0x63b81400 VMThread [stack: 0x63c0b000,0x63c8c000] [id=17496]
  0x63bab000 WatcherThread [stack: 0x633ab000,0x6342c000] [id=17504]

VM state:at safepoint (normal execution)

VM Mutex/Monitor currently owned by a thread:  ([mutex/lock_event])
[0xb65049d0] ExpandHeap_lock - owner thread: 0x63b81400
[0xb6504f18] Threads_lock - owner thread: 0x63b81400
[0xb6505328] Heap_lock - owner thread: 0x63268800

Heap:
 PSYoungGen      total 237824K, used 0K [0x91ac0000, 0xa7000000, 0xa7000000)
  eden space 126208K, 0% used [0x91ac0000,0x91ac0000,0x99600000)
  from space 111616K, 0% used [0x99600000,0x99600000,0xa0300000)
  to   space 106752K, 0% used [0xa07c0000,0xa07c0000,0xa7000000)
 ParOldGen       total 498944K, used 457350K [0x67000000, 0x85740000, 0x91ac0000)
  object space 498944K, 91% used [0x67000000,0x82ea1908,0x85740000)
 Metaspace       used 4306K, capacity 4358K, committed 4376K, reserved 4400K

Card table byte_map: [0x66dff000,0x67000000] byte_map_base: 0x66ac7000

Marking Bits: (ParMarkBitMap*) 0xb7171380
 Begin Bits: [0x64700000, 0x65700000)
 End Bits:   [0x65700000, 0x66700000)

Polling page: 0xb7775000

CodeCache: size=245760Kb used=9619Kb max_used=10380Kb free=236140Kb
 bounds [0xa7500000, 0xa7f38000, 0xb6500000]
 total_blobs=2440 nmethods=2279 adapters=75
 compilation: enabled

Compilation events (10 events):
Event: 15.491 Thread 0x63ba3000 nmethod 2600 0xa75fcd88 code [0xa75fcf80, 0xa75fdc84]
Event: 15.492 Thread 0x63ba3000 2772       4       com.android.dx.cf.code.ByteCatchList::listFor (120 bytes)
Event: 15.508 Thread 0x63ba3000 nmethod 2772 0xa768fbc8 code [0xa768fd20, 0xa76903f0]
Event: 15.508 Thread 0x63ba3000 2792       4       com.android.dx.cf.code.ValueAwareMachine::run (1142 bytes)
Event: 15.595 Thread 0x63ba6800 2794       2       java.util.Collections::swap (25 bytes)
Event: 15.596 Thread 0x63ba6800 nmethod 2794 0xa75abb48 code [0xa75abc80, 0xa75abda4]
Event: 15.601 Thread 0x63ba5000 nmethod 2595 0xa76c63c8 code [0xa76c6920, 0xa76cbc00]
Event: 15.602 Thread 0x63ba5000 2605       4       com.android.dx.dex.code.RopTranslator::pickOrder (400 bytes)
Event: 15.639 Thread 0x63ba6800 2797 % !   3       com.android.dx.cf.code.Merger::mergeStack @ 35 (192 bytes)
Event: 15.641 Thread 0x63ba6800 nmethod 2797% 0xa7747c88 code [0xa7748020, 0xa77499f0]

GC Heap History (10 events):
Event: 13.194 GC heap after
Heap after GC invocations=22 (full 4):
 PSYoungGen      total 244736K, used 70387K [0x91ac0000, 0xa7000000, 0xa7000000)
  eden space 174336K, 0% used [0x91ac0000,0x91ac0000,0x9c500000)
  from space 70400K, 99% used [0xa2b40000,0xa6ffcf80,0xa7000000)
  to   space 87552K, 0% used [0x9c500000,0x9c500000,0xa1a80000)
 ParOldGen       total 357376K, used 251394K [0x67000000, 0x7cd00000, 0x91ac0000)
  object space 357376K, 70% used [0x67000000,0x765808b0,0x7cd00000)
 Metaspace       used 4306K, capacity 4358K, committed 4376K, reserved 4400K
}
Event: 14.298 GC heap before
{Heap before GC invocations=23 (full 4):
 PSYoungGen      total 244736K, used 244723K [0x91ac0000, 0xa7000000, 0xa7000000)
  eden space 174336K, 100% used [0x91ac0000,0x9c500000,0x9c500000)
  from space 70400K, 99% used [0xa2b40000,0xa6ffcf80,0xa7000000)
  to   space 87552K, 0% used [0x9c500000,0x9c500000,0xa1a80000)
 ParOldGen       total 357376K, used 251394K [0x67000000, 0x7cd00000, 0x91ac0000)
  object space 357376K, 70% used [0x67000000,0x765808b0,0x7cd00000)
 Metaspace       used 4306K, capacity 4358K, committed 4376K, reserved 4400K
Event: 14.430 GC heap after
Heap after GC invocations=23 (full 4):
 PSYoungGen      total 240384K, used 66046K [0x91ac0000, 0xa7000000, 0xa7000000)
  eden space 174336K, 0% used [0x91ac0000,0x91ac0000,0x9c500000)
  from space 66048K, 99% used [0x9c500000,0xa057f8a0,0xa0580000)
  to   space 94464K, 0% used [0xa13c0000,0xa13c0000,0xa7000000)
 ParOldGen       total 357376K, used 324710K [0x67000000, 0x7cd00000, 0x91ac0000)
  object space 357376K, 90% used [0x67000000,0x7ad19858,0x7cd00000)
 Metaspace       used 4306K, capacity 4358K, committed 4376K, reserved 4400K
}
Event: 14.430 GC heap before
{Heap before GC invocations=24 (full 5):
 PSYoungGen      total 240384K, used 66046K [0x91ac0000, 0xa7000000, 0xa7000000)
  eden space 174336K, 0% used [0x91ac0000,0x91ac0000,0x9c500000)
  from space 66048K, 99% used [0x9c500000,0xa057f8a0,0xa0580000)
  to   space 94464K, 0% used [0xa13c0000,0xa13c0000,0xa7000000)
 ParOldGen       total 357376K, used 324710K [0x67000000, 0x7cd00000, 0x91ac0000)
  object space 357376K, 90% used [0x67000000,0x7ad19858,0x7cd00000)
 Metaspace       used 4306K, capacity 4358K, committed 4376K, reserved 4400K
Event: 15.226 GC heap after
Heap after GC invocations=24 (full 5):
 PSYoungGen      total 240384K, used 0K [0x91ac0000, 0xa7000000, 0xa7000000)
  eden space 174336K, 0% used [0x91ac0000,0x91ac0000,0x9c500000)
  from space 66048K, 0% used [0x9c500000,0x9c500000,0xa0580000)
  to   space 94464K, 0% used [0xa13c0000,0xa13c0000,0xa7000000)
 ParOldGen       total 498944K, used 340881K [0x67000000, 0x85740000, 0x91ac0000)
  object space 498944K, 68% used [0x67000000,0x7bce4500,0x85740000)
 Metaspace       used 4306K, capacity 4358K, committed 4376K, reserved 4400K
}
Event: 15.381 GC heap before
{Heap before GC invocations=25 (full 5):
 PSYoungGen      total 240384K, used 174336K [0x91ac0000, 0xa7000000, 0xa7000000)
  eden space 174336K, 100% used [0x91ac0000,0x9c500000,0x9c500000)
  from space 66048K, 0% used [0x9c500000,0x9c500000,0xa0580000)
  to   space 94464K, 0% used [0xa13c0000,0xa13c0000,0xa7000000)
 ParOldGen       total 498944K, used 340881K [0x67000000, 0x85740000, 0x91ac0000)
  object space 498944K, 68% used [0x67000000,0x7bce4500,0x85740000)
 Metaspace       used 4306K, capacity 4358K, committed 4376K, reserved 4400K
Event: 15.433 GC heap after
Heap after GC invocations=25 (full 5):
 PSYoungGen      total 220672K, used 94455K [0x91ac0000, 0xa7000000, 0xa7000000)
  eden space 126208K, 0% used [0x91ac0000,0x91ac0000,0x99600000)
  from space 94464K, 99% used [0xa13c0000,0xa6ffdf08,0xa7000000)
  to   space 111616K, 0% used [0x99600000,0x99600000,0xa0300000)
 ParOldGen       total 498944K, used 345146K [0x67000000, 0x85740000, 0x91ac0000)
  object space 498944K, 69% used [0x67000000,0x7c10e938,0x85740000)
 Metaspace       used 4306K, capacity 4358K, committed 4376K, reserved 4400K
}
Event: 15.807 GC heap before
{Heap before GC invocations=26 (full 5):
 PSYoungGen      total 220672K, used 220663K [0x91ac0000, 0xa7000000, 0xa7000000)
  eden space 126208K, 100% used [0x91ac0000,0x99600000,0x99600000)
  from space 94464K, 99% used [0xa13c0000,0xa6ffdf08,0xa7000000)
  to   space 111616K, 0% used [0x99600000,0x99600000,0xa0300000)
 ParOldGen       total 498944K, used 345146K [0x67000000, 0x85740000, 0x91ac0000)
  object space 498944K, 69% used [0x67000000,0x7c10e938,0x85740000)
 Metaspace       used 4306K, capacity 4358K, committed 4376K, reserved 4400K
Event: 15.952 GC heap after
Heap after GC invocations=26 (full 5):
 PSYoungGen      total 237824K, used 31599K [0x91ac0000, 0xa7000000, 0xa7000000)
  eden space 126208K, 0% used [0x91ac0000,0x91ac0000,0x99600000)
  from space 111616K, 28% used [0x99600000,0x9b4dbf40,0xa0300000)
  to   space 106752K, 0% used [0xa07c0000,0xa07c0000,0xa7000000)
 ParOldGen       total 498944K, used 458910K [0x67000000, 0x85740000, 0x91ac0000)
  object space 498944K, 91% used [0x67000000,0x83027860,0x85740000)
 Metaspace       used 4306K, capacity 4358K, committed 4376K, reserved 4400K
}
Event: 15.952 GC heap before
{Heap before GC invocations=27 (full 6):
 PSYoungGen      total 237824K, used 31599K [0x91ac0000, 0xa7000000, 0xa7000000)
  eden space 126208K, 0% used [0x91ac0000,0x91ac0000,0x99600000)
  from space 111616K, 28% used [0x99600000,0x9b4dbf40,0xa0300000)
  to   space 106752K, 0% used [0xa07c0000,0xa07c0000,0xa7000000)
 ParOldGen       total 498944K, used 458910K [0x67000000, 0x85740000, 0x91ac0000)
  object space 498944K, 91% used [0x67000000,0x83027860,0x85740000)
 Metaspace       used 4306K, capacity 4358K, committed 4376K, reserved 4400K

Deoptimization events (10 events):
Event: 10.716 Thread 0x6325a000 Uncommon trap: reason=class_check action=maybe_recompile pc=0xa7da3038 method=com.android.dx.ssa.SCCP.simulateBranch(Lcom/android/dx/ssa/SsaInsn;)V @ 145
Event: 12.405 Thread 0x6326b800 Uncommon trap: reason=unstable_if action=reinterpret pc=0xa7eca0e8 method=com.android.dx.ssa.InterferenceRegisterMapper.interferes(III)Z @ 35
Event: 13.027 Thread 0xb6507800 Uncommon trap: reason=unstable_if action=reinterpret pc=0xa779b20c method=com.android.dx.ssa.SetFactory.makeLivenessSet(I)Lcom/android/dx/util/IntSet; @ 4
Event: 13.218 Thread 0xb6507800 Uncommon trap: reason=class_check action=maybe_recompile pc=0xa7eecf8c method=com.android.dx.ssa.back.InterferenceGraph.mergeInterferenceSet(ILcom/android/dx/util/IntSet;)V @ 20
Event: 13.375 Thread 0xb6507800 Uncommon trap: reason=unstable_if action=reinterpret pc=0xa7ee389c method=com.android.dx.ssa.SsaMethod.blockIndexToRopLabel(I)I @ 1
Event: 13.482 Thread 0xb6507800 Uncommon trap: reason=unstable_if action=reinterpret pc=0xa7ef9f30 method=com.android.dx.rop.type.Type.isReference()Z @ 6
Event: 13.573 Thread 0xb6507800 Uncommon trap: reason=speculate_class_check action=maybe_recompile pc=0xa7eaf850 method=com.android.dx.rop.cst.TypedConstant.getBasicType()I @ 1
Event: 13.573 Thread 0xb6507800 Uncommon trap: reason=speculate_class_check action=maybe_recompile pc=0xa7eaf850 method=com.android.dx.rop.cst.TypedConstant.getBasicType()I @ 1
Event: 13.734 Thread 0xb6507800 Uncommon trap: reason=speculate_class_check action=maybe_recompile pc=0xa7eaf850 method=com.android.dx.rop.cst.TypedConstant.getBasicType()I @ 1
Event: 15.701 Thread 0x63268800 Uncommon trap: reason=class_check action=maybe_recompile pc=0xa7eecf8c method=com.android.dx.ssa.back.InterferenceGraph.mergeInterferenceSet(ILcom/android/dx/util/IntSet;)V @ 20

Internal exceptions (5 events):
Event: 0.171 Thread 0xb6507800 Exception <a 'java/lang/NoSuchMethodError': Method sun.misc.Unsafe.defineClass(Ljava/lang/String;[BII)Ljava/lang/Class; name or signature does not match> (0x91ad03d0) thrown at [/HUDSON/workspace/8-2-build-linux-i586/jdk8u66/4988/hotspot/src/share/vm/prim
Event: 0.171 Thread 0xb6507800 Exception <a 'java/lang/NoSuchMethodError': Method sun.misc.Unsafe.prefetchRead(Ljava/lang/Object;J)V name or signature does not match> (0x91ad06a0) thrown at [/HUDSON/workspace/8-2-build-linux-i586/jdk8u66/4988/hotspot/src/share/vm/prims/jni.cpp, line 39
Event: 2.721 Thread 0xb6507800 Exception <a 'java/lang/ArrayIndexOutOfBoundsException': 18> (0x93a7b078) thrown at [/HUDSON/workspace/8-2-build-linux-i586/jdk8u66/4988/hotspot/src/share/vm/interpreter/interpreterRuntime.cpp, line 366]
Event: 2.721 Thread 0xb6507800 Exception <a 'java/lang/ArrayIndexOutOfBoundsException': 145> (0x93a7c918) thrown at [/HUDSON/workspace/8-2-build-linux-i586/jdk8u66/4988/hotspot/src/share/vm/interpreter/interpreterRuntime.cpp, line 366]
Event: 2.731 Thread 0xb6507800 Exception <a 'java/lang/ArrayIndexOutOfBoundsException'> (0x93a7d9f8) thrown at [/HUDSON/workspace/8-2-build-linux-i586/jdk8u66/4988/hotspot/src/share/vm/runtime/sharedRuntime.cpp, line 605]

Events (10 events):
Event: 15.642 Thread 0x63ba6800 flushing nmethod 0xa77d1848
Event: 15.642 Thread 0x63ba6800 flushing nmethod 0xa77d3348
Event: 15.668 Thread 0xb6507800 DEOPT PACKING pc=0xa77cd9b7 sp=0xb672b4b0
Event: 15.668 Thread 0xb6507800 DEOPT UNPACKING pc=0xa753c590 sp=0xb672b38c mode 0
Event: 15.701 Thread 0x63268800 Uncommon trap: trap_request=0xffffffde fr.pc=0xa7eecf8c
Event: 15.701 Thread 0x63268800 DEOPT PACKING pc=0xa7eecf8c sp=0x629fe710
Event: 15.701 Thread 0x63268800 DEOPT UNPACKING pc=0xa753ae55 sp=0x629fe680 mode 2
Event: 15.763 Thread 0xb6507800 DEOPT PACKING pc=0xa77cd9f3 sp=0xb672b4b0
Event: 15.763 Thread 0xb6507800 DEOPT UNPACKING pc=0xa753c590 sp=0xb672b38c mode 0
Event: 15.806 Executing VM operation: ParallelGCFailedAllocation


Dynamic libraries:
08048000-08049000 r-xp 00000000 08:06 1552326    /usr/lib/jvm/java-8-oracle/bin/java
08049000-0804a000 rw-p 00000000 08:06 1552326    /usr/lib/jvm/java-8-oracle/bin/java
0819b000-0828f000 rw-p 00000000 00:00 0          [heap]
60d00000-60df6000 rw-p 00000000 00:00 0 
60df6000-60e00000 ---p 00000000 00:00 0 
60f00000-60ffd000 rw-p 00000000 00:00 0 
60ffd000-61000000 ---p 00000000 00:00 0 
61200000-612a1000 rw-p 00000000 00:00 0 
612a1000-61300000 ---p 00000000 00:00 0 
61300000-613f6000 rw-p 00000000 00:00 0 
613f6000-61400000 ---p 00000000 00:00 0 
61500000-6152e000 rw-p 00000000 00:00 0 
6152e000-61600000 ---p 00000000 00:00 0 
61600000-61700000 rw-p 00000000 00:00 0 
61800000-618ff000 rw-p 00000000 00:00 0 
618ff000-61900000 ---p 00000000 00:00 0 
61900000-619fe000 rw-p 00000000 00:00 0 
619fe000-61a00000 ---p 00000000 00:00 0 
61b00000-61bfd000 rw-p 00000000 00:00 0 
61bfd000-61c00000 ---p 00000000 00:00 0 
61d00000-61df9000 rw-p 00000000 00:00 0 
61df9000-61e00000 ---p 00000000 00:00 0 
61f00000-61ffe000 rw-p 00000000 00:00 0 
61ffe000-62000000 ---p 00000000 00:00 0 
62000000-620e8000 rw-p 00000000 00:00 0 
620e8000-62100000 ---p 00000000 00:00 0 
62200000-62300000 rw-p 00000000 00:00 0 
62300000-62400000 rw-p 00000000 00:00 0 
62400000-624f9000 rw-p 00000000 00:00 0 
624f9000-62500000 ---p 00000000 00:00 0 
62500000-625fe000 rw-p 00000000 00:00 0 
625fe000-62600000 ---p 00000000 00:00 0 
62600000-626e5000 rw-p 00000000 00:00 0 
626e5000-62700000 ---p 00000000 00:00 0 
62800000-628fc000 rw-p 00000000 00:00 0 
628fc000-62900000 ---p 00000000 00:00 0 
6295e000-62961000 ---p 00000000 00:00 0 
62961000-629af000 rw-p 00000000 00:00 0          [stack:17509]
629af000-629b2000 ---p 00000000 00:00 0 
629b2000-62a00000 rw-p 00000000 00:00 0          [stack:17508]
62a00000-62afd000 rw-p 00000000 00:00 0 
62afd000-62b00000 ---p 00000000 00:00 0 
62b00000-62bff000 rw-p 00000000 00:00 0 
62bff000-62c00000 ---p 00000000 00:00 0 
62c00000-62cfb000 rw-p 00000000 00:00 0 
62cfb000-62d00000 ---p 00000000 00:00 0 
62d0d000-62d10000 ---p 00000000 00:00 0 
62d10000-62d5e000 rw-p 00000000 00:00 0          [stack:17507]
62d5e000-62d61000 ---p 00000000 00:00 0 
62d61000-62daf000 rw-p 00000000 00:00 0          [stack:17506]
62daf000-62db2000 ---p 00000000 00:00 0 
62db2000-62e00000 rw-p 00000000 00:00 0          [stack:17505]
62e00000-62eec000 rw-p 00000000 00:00 0 
62eec000-62f00000 ---p 00000000 00:00 0 
62f00000-62ff5000 rw-p 00000000 00:00 0 
62ff5000-63000000 ---p 00000000 00:00 0 
63000000-630f9000 rw-p 00000000 00:00 0 
630f9000-63100000 ---p 00000000 00:00 0 
63100000-631fb000 rw-p 00000000 00:00 0 
631fb000-63200000 ---p 00000000 00:00 0 
63200000-63300000 rw-p 00000000 00:00 0 
63348000-633ab000 r--s 004d2000 08:06 369065     /home/priya/matrix/Kurukshetra/app/build/intermediates/transforms/jarMerging/release/jars/1/1f/combined.jar
633ab000-633ac000 ---p 00000000 00:00 0 
633ac000-6342c000 rw-p 00000000 00:00 0          [stack:17504]
6342c000-6342f000 ---p 00000000 00:00 0 
6342f000-6347d000 rw-p 00000000 00:00 0          [stack:17503]
6347d000-63480000 ---p 00000000 00:00 0 
63480000-634fe000 rw-p 00000000 00:00 0          [stack:17502]
634fe000-63501000 ---p 00000000 00:00 0 
63501000-6357f000 rw-p 00000000 00:00 0          [stack:17501]
6357f000-63582000 ---p 00000000 00:00 0 
63582000-63600000 rw-p 00000000 00:00 0          [stack:17500]
63600000-63800000 r--p 00000000 08:06 1093651    /usr/lib/locale/locale-archive
63800000-6384b000 rw-p 00000000 00:00 0 
6384b000-63900000 ---p 00000000 00:00 0 
63900000-63a00000 rw-p 00000000 00:00 0 
63a0d000-63a10000 ---p 00000000 00:00 0 
63a10000-63a5e000 rw-p 00000000 00:00 0          [stack:17499]
63a5e000-63a61000 ---p 00000000 00:00 0 
63a61000-63aaf000 rw-p 00000000 00:00 0          [stack:17498]
63aaf000-63ab2000 ---p 00000000 00:00 0 
63ab2000-63b00000 rw-p 00000000 00:00 0          [stack:17497]
63b00000-63c00000 rw-p 00000000 00:00 0 
63c0b000-63c0c000 ---p 00000000 00:00 0 
63c0c000-63cdb000 rw-p 00000000 00:00 0          [stack:17496]
63cdb000-63eb4000 r--s 03d20000 08:06 1286207    /usr/lib/jvm/java-8-oracle/jre/lib/rt.jar
63eb4000-642fa000 rw-p 00000000 00:00 0 
642fa000-64300000 ---p 00000000 00:00 0 
64300000-66700000 rw-p 00000000 00:00 0 
66700000-667fe000 rw-p 00000000 00:00 0 
667fe000-66800000 ---p 00000000 00:00 0 
66824000-6687f000 rw-p 00000000 00:00 0 
6687f000-66880000 ---p 00000000 00:00 0 
66880000-66900000 rw-p 00000000 00:00 0          [stack:17495]
66900000-66921000 rw-p 00000000 00:00 0 
66921000-66a00000 ---p 00000000 00:00 0 
66a00000-66b00000 rw-p 00000000 00:00 0 
66b00000-66b21000 rw-p 00000000 00:00 0 
66b21000-66c00000 ---p 00000000 00:00 0 
66c28000-66c29000 ---p 00000000 00:00 0 
66c29000-66d9d000 rw-p 00000000 00:00 0          [stack:17494]
66d9d000-66dff000 ---p 00000000 00:00 0 
66dff000-66ef3000 rw-p 00000000 00:00 0 
66ef3000-66f54000 ---p 00000000 00:00 0 
66f54000-66fff000 rw-p 00000000 00:00 0 
66fff000-85740000 rw-p 00000000 00:00 0 
8fee5000-90080000 rw-p 00000000 00:00 0 
90080000-91ac0000 ---p 00000000 00:00 0 
91ac0000-a7000000 rw-p 00000000 00:00 0 
a703e000-a703f000 ---p 00000000 00:00 0 
a703f000-a70bf000 rw-p 00000000 00:00 0          [stack:17493]
a70bf000-a70c0000 ---p 00000000 00:00 0 
a70c0000-a7169000 rw-p 00000000 00:00 0          [stack:17492]
a7169000-a7500000 ---p 00000000 00:00 0 
a7500000-a7f38000 rwxp 00000000 00:00 0 
a7f38000-b6500000 ---p 00000000 00:00 0 
b6500000-b65fb000 rw-p 00000000 00:00 0 
b65fb000-b6600000 ---p 00000000 00:00 0 
b6624000-b6633000 r--s 000df000 08:06 3122779    /home/priya/Android/Sdk/build-tools/23.0.2/lib/dx.jar
b6633000-b664b000 rw-p 00000000 00:00 0 
b664b000-b6664000 r-xp 00000000 08:06 1387720    /usr/lib/jvm/java-8-oracle/jre/lib/i386/libzip.so
b6664000-b6665000 rw-p 00019000 08:06 1387720    /usr/lib/jvm/java-8-oracle/jre/lib/i386/libzip.so
b6665000-b6670000 r-xp 00000000 08:06 1933505    /lib/i386-linux-gnu/libnss_files-2.19.so
b6670000-b6671000 r--p 0000a000 08:06 1933505    /lib/i386-linux-gnu/libnss_files-2.19.so
b6671000-b6672000 rw-p 0000b000 08:06 1933505    /lib/i386-linux-gnu/libnss_files-2.19.so
b6672000-b667c000 r-xp 00000000 08:06 1933491    /lib/i386-linux-gnu/libnss_nis-2.19.so
b667c000-b667d000 r--p 00009000 08:06 1933491    /lib/i386-linux-gnu/libnss_nis-2.19.so
b667d000-b667e000 rw-p 0000a000 08:06 1933491    /lib/i386-linux-gnu/libnss_nis-2.19.so
b667e000-b6693000 r-xp 00000000 08:06 1933492    /lib/i386-linux-gnu/libnsl-2.19.so
b6693000-b6694000 r--p 00015000 08:06 1933492    /lib/i386-linux-gnu/libnsl-2.19.so
b6694000-b6695000 rw-p 00016000 08:06 1933492    /lib/i386-linux-gnu/libnsl-2.19.so
b6695000-b6697000 rw-p 00000000 00:00 0 
b66a3000-b66a5000 rw-p 00000000 00:00 0 
b66a5000-b66a6000 r--p 00850000 08:06 1093651    /usr/lib/locale/locale-archive
b66a6000-b66ae000 rw-s 00000000 08:06 386401     /tmp/hsperfdata_priya/17485
b66ae000-b66d2000 r-xp 00000000 08:06 1387732    /usr/lib/jvm/java-8-oracle/jre/lib/i386/libjava.so
b66d2000-b66d3000 rw-p 00023000 08:06 1387732    /usr/lib/jvm/java-8-oracle/jre/lib/i386/libjava.so
b66d3000-b66da000 r-xp 00000000 08:06 1933506    /lib/i386-linux-gnu/librt-2.19.so
b66da000-b66db000 r--p 00006000 08:06 1933506    /lib/i386-linux-gnu/librt-2.19.so
b66db000-b66dc000 rw-p 00007000 08:06 1933506    /lib/i386-linux-gnu/librt-2.19.so
b66dc000-b66df000 ---p 00000000 00:00 0 
b66df000-b672d000 rw-p 00000000 00:00 0          [stack:17491]
b672d000-b6771000 r-xp 00000000 08:06 1933496    /lib/i386-linux-gnu/libm-2.19.so
b6771000-b6772000 r--p 00043000 08:06 1933496    /lib/i386-linux-gnu/libm-2.19.so
b6772000-b6773000 rw-p 00044000 08:06 1933496    /lib/i386-linux-gnu/libm-2.19.so
b6773000-b70f3000 r-xp 00000000 08:06 1395826    /usr/lib/jvm/java-8-oracle/jre/lib/i386/server/libjvm.so
b70f3000-b7160000 rw-p 00980000 08:06 1395826    /usr/lib/jvm/java-8-oracle/jre/lib/i386/server/libjvm.so
b7160000-b7586000 rw-p 00000000 00:00 0 
b7586000-b772e000 r-xp 00000000 08:06 1933488    /lib/i386-linux-gnu/libc-2.19.so
b772e000-b7730000 r--p 001a8000 08:06 1933488    /lib/i386-linux-gnu/libc-2.19.so
b7730000-b7731000 rw-p 001aa000 08:06 1933488    /lib/i386-linux-gnu/libc-2.19.so
b7731000-b7734000 rw-p 00000000 00:00 0 
b7734000-b7737000 r-xp 00000000 08:06 1933489    /lib/i386-linux-gnu/libdl-2.19.so
b7737000-b7738000 r--p 00002000 08:06 1933489    /lib/i386-linux-gnu/libdl-2.19.so
b7738000-b7739000 rw-p 00003000 08:06 1933489    /lib/i386-linux-gnu/libdl-2.19.so
b7739000-b774d000 r-xp 00000000 08:06 1549650    /usr/lib/jvm/java-8-oracle/lib/i386/jli/libjli.so
b774d000-b774e000 rw-p 00014000 08:06 1549650    /usr/lib/jvm/java-8-oracle/lib/i386/jli/libjli.so
b774e000-b774f000 rw-p 00000000 00:00 0 
b774f000-b7767000 r-xp 00000000 08:06 1933501    /lib/i386-linux-gnu/libpthread-2.19.so
b7767000-b7768000 r--p 00018000 08:06 1933501    /lib/i386-linux-gnu/libpthread-2.19.so
b7768000-b7769000 rw-p 00019000 08:06 1933501    /lib/i386-linux-gnu/libpthread-2.19.so
b7769000-b776b000 rw-p 00000000 00:00 0 
b776b000-b7772000 r-xp 00000000 08:06 1933497    /lib/i386-linux-gnu/libnss_compat-2.19.so
b7772000-b7773000 r--p 00006000 08:06 1933497    /lib/i386-linux-gnu/libnss_compat-2.19.so
b7773000-b7774000 rw-p 00007000 08:06 1933497    /lib/i386-linux-gnu/libnss_compat-2.19.so
b7774000-b7775000 rw-p 00000000 00:00 0 
b7775000-b7776000 ---p 00000000 00:00 0 
b7776000-b7781000 r-xp 00000000 08:06 1387688    /usr/lib/jvm/java-8-oracle/jre/lib/i386/libverify.so
b7781000-b7782000 rw-p 0000b000 08:06 1387688    /usr/lib/jvm/java-8-oracle/jre/lib/i386/libverify.so
b7782000-b7784000 rw-p 00000000 00:00 0 
b7784000-b7785000 r-xp 00000000 00:00 0          [vdso]
b7785000-b77a5000 r-xp 00000000 08:06 1933490    /lib/i386-linux-gnu/ld-2.19.so
b77a5000-b77a6000 r--p 0001f000 08:06 1933490    /lib/i386-linux-gnu/ld-2.19.so
b77a6000-b77a7000 rw-p 00020000 08:06 1933490    /lib/i386-linux-gnu/ld-2.19.so
bfdab000-bfdac000 rwxp 00000000 00:00 0 
bfdde000-bfdff000 rw-p 00000000 00:00 0          [stack]

VM Arguments:
jvm_args: -Djava.awt.headless=true -Xmx1024M -Dfile.encoding=UTF-8 -Duser.country=IN -Duser.language=en -Duser.variant 
java_command: com.android.dx.command.Main --dex --num-threads=4 --multi-dex --main-dex-list /home/priya/matrix/Kurukshetra/app/build/intermediates/multi-dex/release/maindexlist.txt --output /home/priya/matrix/Kurukshetra/app/build/intermediates/transforms/dex/release/folders/1000/1f/main /home/priya/matrix/Kurukshetra/app/build/intermediates/transforms/jarMerging/release/jars/1/1f/combined.jar
java_class_path (initial): /home/priya/Android/Sdk/build-tools/23.0.2/lib/dx.jar
Launcher Type: SUN_STANDARD

Environment Variables:
JAVA_HOME=/usr/lib/jvm/java-8-oracle
PATH=/usr/local/sbin:/usr/local/bin:/usr/sbin:/usr/bin:/sbin:/bin:/usr/games:/usr/local/games:/home/priya/matrix/proxy/google_appengine/
LD_LIBRARY_PATH=bin:
SHELL=/bin/bash
DISPLAY=:0

Signal Handlers:
SIGSEGV: [libjvm.so+0x8cdc10], sa_mask[0]=11111111011111111101111111111110, sa_flags=SA_RESTART|SA_SIGINFO
SIGBUS: [libjvm.so+0x8cdc10], sa_mask[0]=11111111011111111101111111111110, sa_flags=SA_RESTART|SA_SIGINFO
SIGFPE: [libjvm.so+0x74dbb0], sa_mask[0]=11111111011111111101111111111110, sa_flags=SA_RESTART|SA_SIGINFO
SIGPIPE: [libjvm.so+0x74dbb0], sa_mask[0]=11111111011111111101111111111110, sa_flags=SA_RESTART|SA_SIGINFO
SIGXFSZ: [libjvm.so+0x74dbb0], sa_mask[0]=11111111011111111101111111111110, sa_flags=SA_RESTART|SA_SIGINFO
SIGILL: [libjvm.so+0x74dbb0], sa_mask[0]=11111111011111111101111111111110, sa_flags=SA_RESTART|SA_SIGINFO
SIGUSR1: SIG_DFL, sa_mask[0]=00000000000000000000000000000000, sa_flags=none
SIGUSR2: [libjvm.so+0x74f230], sa_mask[0]=00100000000000000000000000000000, sa_flags=SA_RESTART|SA_SIGINFO
SIGHUP: [libjvm.so+0x7506e0], sa_mask[0]=11111111011111111101111111111110, sa_flags=SA_RESTART|SA_SIGINFO
SIGINT: [libjvm.so+0x7506e0], sa_mask[0]=11111111011111111101111111111110, sa_flags=SA_RESTART|SA_SIGINFO
SIGTERM: [libjvm.so+0x7506e0], sa_mask[0]=11111111011111111101111111111110, sa_flags=SA_RESTART|SA_SIGINFO
SIGQUIT: [libjvm.so+0x7506e0], sa_mask[0]=11111111011111111101111111111110, sa_flags=SA_RESTART|SA_SIGINFO


---------------  S Y S T E M  ---------------

OS:DISTRIB_ID=Ubuntu
DISTRIB_RELEASE=14.04
DISTRIB_CODENAME=trusty
DISTRIB_DESCRIPTION="Ubuntu 14.04.3 LTS"

uname:Linux 3.13.0-74-generic #118-Ubuntu SMP Thu Dec 17 22:52:02 UTC 2015 i686
libc:glibc 2.19 NPTL 2.19 
rlimit: STACK 8192k, CORE 0k, NPROC 31374, NOFILE 4096, AS infinity
load average:2.65 1.79 1.34

/proc/meminfo:
MemTotal:        4035184 kB
MemFree:          235844 kB
Buffers:           15064 kB
Cached:           474696 kB
SwapCached:            0 kB
Active:          3299172 kB
Inactive:         395816 kB
Active(anon):    3210268 kB
Inactive(anon):   319888 kB
Active(file):      88904 kB
Inactive(file):    75928 kB
Unevictable:          76 kB
Mlocked:              76 kB
HighTotal:       3182980 kB
HighFree:          79056 kB
LowTotal:         852204 kB
LowFree:          156788 kB
SwapTotal:             0 kB
SwapFree:              0 kB
Dirty:                48 kB
Writeback:             0 kB
AnonPages:       3205500 kB
Mapped:           125132 kB
Shmem:            324856 kB
Slab:              49492 kB
SReclaimable:      23180 kB
SUnreclaim:        26312 kB
KernelStack:        4696 kB
PageTables:        16088 kB
NFS_Unstable:          0 kB
Bounce:                0 kB
WritebackTmp:          0 kB
CommitLimit:     2017592 kB
Committed_AS:    7646380 kB
VmallocTotal:     122880 kB
VmallocUsed:       70740 kB
VmallocChunk:      25892 kB
HardwareCorrupted:     0 kB
AnonHugePages:   1740800 kB
HugePages_Total:       0
HugePages_Free:        0
HugePages_Rsvd:        0
HugePages_Surp:        0
Hugepagesize:       2048 kB
DirectMap4k:       36856 kB
DirectMap2M:      876544 kB


CPU:total 4 (2 cores per cpu, 2 threads per core) family 6 model 69 stepping 1, cmov, cx8, fxsr, mmx, sse, sse2, sse3, ssse3, sse4.1, sse4.2, popcnt, avx, avx2, aes, clmul, erms, lzcnt, ht, tsc, tscinvbit, bmi1, bmi2

/proc/cpuinfo:
processor	: 0
vendor_id	: GenuineIntel
cpu family	: 6
model		: 69
model name	: Intel(R) Core(TM) i5-4210U CPU @ 1.70GHz
stepping	: 1
microcode	: 0x17
cpu MHz		: 782.000
cache size	: 3072 KB
physical id	: 0
siblings	: 4
core id		: 0
cpu cores	: 2
apicid		: 0
initial apicid	: 0
fdiv_bug	: no
f00f_bug	: no
coma_bug	: no
fpu		: yes
fpu_exception	: yes
cpuid level	: 13
wp		: yes
flags		: fpu vme de pse tsc msr pae mce cx8 apic sep mtrr pge mca cmov pat pse36 clflush dts acpi mmx fxsr sse sse2 ss ht tm pbe nx pdpe1gb rdtscp lm constant_tsc arch_perfmon pebs bts xtopology nonstop_tsc aperfmperf eagerfpu pni pclmulqdq dtes64 monitor ds_cpl vmx est tm2 ssse3 fma cx16 xtpr pdcm pcid sse4_1 sse4_2 movbe popcnt tsc_deadline_timer aes xsave avx f16c rdrand lahf_lm abm ida arat epb xsaveopt pln pts dtherm tpr_shadow vnmi flexpriority ept vpid fsgsbase tsc_adjust bmi1 avx2 smep bmi2 erms invpcid
bogomips	: 3392.29
clflush size	: 64
cache_alignment	: 64
address sizes	: 39 bits physical, 48 bits virtual
power management:

processor	: 1
vendor_id	: GenuineIntel
cpu family	: 6
model		: 69
model name	: Intel(R) Core(TM) i5-4210U CPU @ 1.70GHz
stepping	: 1
microcode	: 0x17
cpu MHz		: 1700.000
cache size	: 3072 KB
physical id	: 0
siblings	: 4
core id		: 1
cpu cores	: 2
apicid		: 2
initial apicid	: 2
fdiv_bug	: no
f00f_bug	: no
coma_bug	: no
fpu		: yes
fpu_exception	: yes
cpuid level	: 13
wp		: yes
flags		: fpu vme de pse tsc msr pae mce cx8 apic sep mtrr pge mca cmov pat pse36 clflush dts acpi mmx fxsr sse sse2 ss ht tm pbe nx pdpe1gb rdtscp lm constant_tsc arch_perfmon pebs bts xtopology nonstop_tsc aperfmperf eagerfpu pni pclmulqdq dtes64 monitor ds_cpl vmx est tm2 ssse3 fma cx16 xtpr pdcm pcid sse4_1 sse4_2 movbe popcnt tsc_deadline_timer aes xsave avx f16c rdrand lahf_lm abm ida arat epb xsaveopt pln pts dtherm tpr_shadow vnmi flexpriority ept vpid fsgsbase tsc_adjust bmi1 avx2 smep bmi2 erms invpcid
bogomips	: 3392.29
clflush size	: 64
cache_alignment	: 64
address sizes	: 39 bits physical, 48 bits virtual
power management:

processor	: 2
vendor_id	: GenuineIntel
cpu family	: 6
model		: 69
model name	: Intel(R) Core(TM) i5-4210U CPU @ 1.70GHz
stepping	: 1
microcode	: 0x17
cpu MHz		: 1700.000
cache size	: 3072 KB
physical id	: 0
siblings	: 4
core id		: 0
cpu cores	: 2
apicid		: 1
initial apicid	: 1
fdiv_bug	: no
f00f_bug	: no
coma_bug	: no
fpu		: yes
fpu_exception	: yes
cpuid level	: 13
wp		: yes
flags		: fpu vme de pse tsc msr pae mce cx8 apic sep mtrr pge mca cmov pat pse36 clflush dts acpi mmx fxsr sse sse2 ss ht tm pbe nx pdpe1gb rdtscp lm constant_tsc arch_perfmon pebs bts xtopology nonstop_tsc aperfmperf eagerfpu pni pclmulqdq dtes64 monitor ds_cpl vmx est tm2 ssse3 fma cx16 xtpr pdcm pcid sse4_1 sse4_2 movbe popcnt tsc_deadline_timer aes xsave avx f16c rdrand lahf_lm abm ida arat epb xsaveopt pln pts dtherm tpr_shadow vnmi flexpriority ept vpid fsgsbase tsc_adjust bmi1 avx2 smep bmi2 erms invpcid
bogomips	: 3392.29
clflush size	: 64
cache_alignment	: 64
address sizes	: 39 bits physical, 48 bits virtual
power management:

processor	: 3
vendor_id	: GenuineIntel
cpu family	: 6
model		: 69
model name	: Intel(R) Core(TM) i5-4210U CPU @ 1.70GHz
stepping	: 1
microcode	: 0x17
cpu MHz		: 782.000
cache size	: 3072 KB
physical id	: 0
siblings	: 4
core id		: 1
cpu cores	: 2
apicid		: 3
initial apicid	: 3
fdiv_bug	: no
f00f_bug	: no
coma_bug	: no
fpu		: yes
fpu_exception	: yes
cpuid level	: 13
wp		: yes
flags		: fpu vme de pse tsc msr pae mce cx8 apic sep mtrr pge mca cmov pat pse36 clflush dts acpi mmx fxsr sse sse2 ss ht tm pbe nx pdpe1gb rdtscp lm constant_tsc arch_perfmon pebs bts xtopology nonstop_tsc aperfmperf eagerfpu pni pclmulqdq dtes64 monitor ds_cpl vmx est tm2 ssse3 fma cx16 xtpr pdcm pcid sse4_1 sse4_2 movbe popcnt tsc_deadline_timer aes xsave avx f16c rdrand lahf_lm abm ida arat epb xsaveopt pln pts dtherm tpr_shadow vnmi flexpriority ept vpid fsgsbase tsc_adjust bmi1 avx2 smep bmi2 erms invpcid
bogomips	: 3392.29
clflush size	: 64
cache_alignment	: 64
address sizes	: 39 bits physical, 48 bits virtual
power management:



Memory: 4k page, physical 4035184k(235844k free), swap 0k(0k free)

vm_info: Java HotSpot(TM) Server VM (25.66-b17) for linux-x86 JRE (1.8.0_66-b17), built on Oct  6 2015 18:06:03 by "java_re" with gcc 4.3.0 20080428 (Red Hat 4.3.0-8)

time: Fri Dec 25 20:23:47 2015
elapsed time: 16 seconds (0d 0h 0m 16s)

