#
# There is insufficient memory for the Java Runtime Environment to continue.
# Native memory allocation (mmap) failed to map 85983232 bytes for committing reserved memory.
# Possible reasons:
#   The system is out of physical RAM or swap space
#   In 32 bit mode, the process size limit was hit
# Possible solutions:
#   Reduce memory load on the system
#   Increase physical memory or swap space
#   Check if swap backing store is full
#   Use 64 bit Java on a 64 bit OS
#   Decrease Java heap size (-Xmx/-Xms)
#   Decrease number of Java threads
#   Decrease Java thread stack sizes (-Xss)
#   Set larger code cache with -XX:ReservedCodeCacheSize=
# This output file may be truncated or incomplete.
#
#  Out of Memory Error (os_linux.cpp:2627), pid=23340, tid=1674099520
#
# JRE version: Java(TM) SE Runtime Environment (8.0_66-b17) (build 1.8.0_66-b17)
# Java VM: Java HotSpot(TM) Server VM (25.66-b17 mixed mode linux-x86 )
# Failed to write core dump. Core dumps have been disabled. To enable core dumping, try "ulimit -c unlimited" before starting Java again
#

---------------  T H R E A D  ---------------

Current thread (0x63b81400):  VMThread [stack: 0x63c0b000,0x63c8c000] [id=23349]

Stack: [0x63c0b000,0x63c8c000],  sp=0x63c8aa80,  free space=510k
Native frames: (J=compiled Java code, j=interpreted, Vv=VM code, C=native code)
V  [libjvm.so+0x8cd0ff]  VMError::report_and_die()+0x16f
V  [libjvm.so+0x38bee5]  report_vm_out_of_memory(char const*, int, unsigned int, VMErrorType, char const*)+0x55
V  [libjvm.so+0x750ed6]  os::Linux::commit_memory_impl(char*, unsigned int, bool)+0xe6
V  [libjvm.so+0x7513a8]  os::pd_commit_memory(char*, unsigned int, unsigned int, bool)+0x28
V  [libjvm.so+0x74b2cc]  os::commit_memory(char*, unsigned int, unsigned int, bool)+0x2c
V  [libjvm.so+0x7b58a8]  PSVirtualSpace::expand_by(unsigned int)+0x48
V  [libjvm.so+0x7a8941]  PSOldGen::expand(unsigned int)+0x141
V  [libjvm.so+0x7a8a0f]  PSOldGen::resize(unsigned int)+0x8f
V  [libjvm.so+0x7af534]  PSParallelCompact::invoke_no_policy(bool)+0x874
V  [libjvm.so+0x7b3f0d]  PSScavenge::invoke()+0x16d
V  [libjvm.so+0x7728ba]  ParallelScavengeHeap::failed_mem_allocate(unsigned int)+0x5a
V  [libjvm.so+0x8cebca]  VM_ParallelGCFailedAllocation::doit()+0x7a
V  [libjvm.so+0x8d81d7]  VM_Operation::evaluate()+0x47
V  [libjvm.so+0x8d62b3]  VMThread::evaluate_operation(VM_Operation*)+0xb3
V  [libjvm.so+0x8d6650]  VMThread::loop()+0x1b0
V  [libjvm.so+0x8d6ab5]  VMThread::run()+0x85
V  [libjvm.so+0x753519]  java_start(Thread*)+0x119
C  [libpthread.so.0+0x6f70]  start_thread+0xd0

VM_Operation (0x629fe514): ParallelGCFailedAllocation, mode: safepoint, requested by thread 0x63263c00


---------------  P R O C E S S  ---------------

Java Threads: ( => current thread )
  0x63263c00 JavaThread "pool-2-thread-4" [_thread_blocked, id=23362, stack(0x629af000,0x62a00000)]
  0x63261400 JavaThread "pool-2-thread-3" [_thread_blocked, id=23361, stack(0x62b0d000,0x62b5e000)]
  0x6325c400 JavaThread "pool-2-thread-2" [_thread_blocked, id=23360, stack(0x62b5e000,0x62baf000)]
  0x6325e400 JavaThread "pool-3-thread-1" [_thread_blocked, id=23359, stack(0x62baf000,0x62c00000)]
  0x6324e800 JavaThread "pool-2-thread-1" [_thread_blocked, id=23358, stack(0x63310000,0x63361000)]
  0x63baa800 JavaThread "Service Thread" daemon [_thread_blocked, id=23356, stack(0x6342c000,0x6347d000)]
  0x63ba7800 JavaThread "C1 CompilerThread2" daemon [_thread_blocked, id=23355, stack(0x6347d000,0x634fe000)]
  0x63ba6000 JavaThread "C2 CompilerThread1" daemon [_thread_blocked, id=23354, stack(0x634fe000,0x6357f000)]
  0x63ba4400 JavaThread "C2 CompilerThread0" daemon [_thread_blocked, id=23353, stack(0x6357f000,0x63600000)]
  0x63ba2c00 JavaThread "Signal Dispatcher" daemon [_thread_blocked, id=23352, stack(0x63a0d000,0x63a5e000)]
  0x63b86000 JavaThread "Finalizer" daemon [_thread_blocked, id=23351, stack(0x63a5e000,0x63aaf000)]
  0x63b84800 JavaThread "Reference Handler" daemon [_thread_blocked, id=23350, stack(0x63aaf000,0x63b00000)]
  0xb6507800 JavaThread "main" [_thread_blocked, id=23344, stack(0xb6672000,0xb66c3000)]

Other Threads:
=>0x63b81400 VMThread [stack: 0x63c0b000,0x63c8c000] [id=23349]
  0x63bac400 WatcherThread [stack: 0x633ab000,0x6342c000] [id=23357]

VM state:at safepoint (normal execution)

VM Mutex/Monitor currently owned by a thread:  ([mutex/lock_event])
[0xb65049b8] ExpandHeap_lock - owner thread: 0x63b81400
[0xb6504f00] Threads_lock - owner thread: 0x63b81400
[0xb6505310] Heap_lock - owner thread: 0x63263c00

Heap:
 PSYoungGen      total 271616K, used 32602K [0x91ac0000, 0xa7000000, 0xa7000000)
  eden space 227584K, 0% used [0x91ac0000,0x91ac0000,0x9f900000)
  from space 44032K, 74% used [0xa4500000,0xa64d6ae0,0xa7000000)
  to   space 60928K, 0% used [0x9f900000,0x9f900000,0xa3480000)
 ParOldGen       total 141056K, used 140813K [0x67000000, 0x6f9c0000, 0x91ac0000)
  object space 141056K, 99% used [0x67000000,0x6f983498,0x6f9c0000)
 Metaspace       used 4294K, capacity 4326K, committed 4376K, reserved 4400K

Card table byte_map: [0x66dff000,0x67000000] byte_map_base: 0x66ac7000

Marking Bits: (ParMarkBitMap*) 0xb7107380
 Begin Bits: [0x64700000, 0x65700000)
 End Bits:   [0x65700000, 0x66700000)

Polling page: 0xb770b000

CodeCache: size=245760Kb used=8806Kb max_used=8806Kb free=236953Kb
 bounds [0xa74d9000, 0xa7d79000, 0xb64d9000]
 total_blobs=2538 nmethods=2377 adapters=75
 compilation: enabled

Compilation events (10 events):
Event: 7.413 Thread 0x63ba7800 2612       2       com.android.dx.ssa.SsaBasicBlock::addPhiInsnForReg (18 bytes)
Event: 7.413 Thread 0x63ba7800 nmethod 2612 0xa7d37688 code [0xa7d377e0, 0xa7d37a58]
Event: 7.414 Thread 0x63ba7800 2613       2       com.android.dx.ssa.PhiInsn::<init> (26 bytes)
Event: 7.414 Thread 0x63ba7800 nmethod 2613 0xa7d66a48 code [0xa7d66b80, 0xa7d66d8c]
Event: 7.495 Thread 0x63ba7800 2615       2       com.android.dx.cf.direct.StdAttributeFactory::exceptions (105 bytes)
Event: 7.497 Thread 0x63ba7800 nmethod 2615 0xa7d76948 code [0xa7d76b80, 0xa7d77288]
Event: 7.497 Thread 0x63ba7800 2616       2       com.android.dx.cf.attrib.AttExceptions::byteLength (15 bytes)
Event: 7.497 Thread 0x63ba7800 nmethod 2616 0xa7d335c8 code [0xa7d336e0, 0xa7d337cc]
Event: 7.515 Thread 0x63ba7800 2617       2       com.android.dx.dex.file.AnnotationUtils::makeThrows (40 bytes)
Event: 7.515 Thread 0x63ba7800 nmethod 2617 0xa7d66408 code [0xa7d66580, 0xa7d667dc]

GC Heap History (10 events):
Event: 4.544 GC heap after
Heap after GC invocations=12 (full 1):
 PSYoungGen      total 216576K, used 21772K [0x91ac0000, 0xa4840000, 0xa7000000)
  eden space 184064K, 0% used [0x91ac0000,0x91ac0000,0x9ce80000)
  from space 32512K, 66% used [0x9ce80000,0x9e3c31b0,0x9ee40000)
  to   space 34048K, 0% used [0xa2700000,0xa2700000,0xa4840000)
 ParOldGen       total 77568K, used 60138K [0x67000000, 0x6bbc0000, 0x91ac0000)
  object space 77568K, 77% used [0x67000000,0x6aaba9f0,0x6bbc0000)
 Metaspace       used 4259K, capacity 4294K, committed 4376K, reserved 4400K
}
Event: 5.291 GC heap before
{Heap before GC invocations=13 (full 1):
 PSYoungGen      total 216576K, used 205836K [0x91ac0000, 0xa4840000, 0xa7000000)
  eden space 184064K, 100% used [0x91ac0000,0x9ce80000,0x9ce80000)
  from space 32512K, 66% used [0x9ce80000,0x9e3c31b0,0x9ee40000)
  to   space 34048K, 0% used [0xa2700000,0xa2700000,0xa4840000)
 ParOldGen       total 77568K, used 60138K [0x67000000, 0x6bbc0000, 0x91ac0000)
  object space 77568K, 77% used [0x67000000,0x6aaba9f0,0x6bbc0000)
 Metaspace       used 4285K, capacity 4294K, committed 4376K, reserved 4400K
Event: 5.372 GC heap after
Heap after GC invocations=13 (full 1):
 PSYoungGen      total 270848K, used 28527K [0x91ac0000, 0xa4f80000, 0xa7000000)
  eden space 236800K, 0% used [0x91ac0000,0x91ac0000,0xa0200000)
  from space 34048K, 83% used [0xa2700000,0xa42dbf90,0xa4840000)
  to   space 37888K, 0% used [0xa0200000,0xa0200000,0xa2700000)
 ParOldGen       total 81664K, used 81164K [0x67000000, 0x6bfc0000, 0x91ac0000)
  object space 81664K, 99% used [0x67000000,0x6bf432f8,0x6bfc0000)
 Metaspace       used 4285K, capacity 4294K, committed 4376K, reserved 4400K
}
Event: 5.372 GC heap before
{Heap before GC invocations=14 (full 2):
 PSYoungGen      total 270848K, used 28527K [0x91ac0000, 0xa4f80000, 0xa7000000)
  eden space 236800K, 0% used [0x91ac0000,0x91ac0000,0xa0200000)
  from space 34048K, 83% used [0xa2700000,0xa42dbf90,0xa4840000)
  to   space 37888K, 0% used [0xa0200000,0xa0200000,0xa2700000)
 ParOldGen       total 81664K, used 81164K [0x67000000, 0x6bfc0000, 0x91ac0000)
  object space 81664K, 99% used [0x67000000,0x6bf432f8,0x6bfc0000)
 Metaspace       used 4285K, capacity 4294K, committed 4376K, reserved 4400K
Event: 5.851 GC heap after
Heap after GC invocations=14 (full 2):
 PSYoungGen      total 270848K, used 25177K [0x91ac0000, 0xa4f80000, 0xa7000000)
  eden space 236800K, 0% used [0x91ac0000,0x91ac0000,0xa0200000)
  from space 34048K, 73% used [0xa2700000,0xa3f96570,0xa4840000)
  to   space 37888K, 0% used [0xa0200000,0xa0200000,0xa2700000)
 ParOldGen       total 141056K, used 81525K [0x67000000, 0x6f9c0000, 0x91ac0000)
  object space 141056K, 57% used [0x67000000,0x6bf9d668,0x6f9c0000)
 Metaspace       used 4285K, capacity 4294K, committed 4376K, reserved 4400K
}
Event: 6.695 GC heap before
{Heap before GC invocations=15 (full 2):
 PSYoungGen      total 270848K, used 261977K [0x91ac0000, 0xa4f80000, 0xa7000000)
  eden space 236800K, 100% used [0x91ac0000,0xa0200000,0xa0200000)
  from space 34048K, 73% used [0xa2700000,0xa3f96570,0xa4840000)
  to   space 37888K, 0% used [0xa0200000,0xa0200000,0xa2700000)
 ParOldGen       total 141056K, used 81525K [0x67000000, 0x6f9c0000, 0x91ac0000)
  object space 141056K, 57% used [0x67000000,0x6bf9d668,0x6f9c0000)
 Metaspace       used 4290K, capacity 4294K, committed 4376K, reserved 4400K
Event: 6.824 GC heap after
Heap after GC invocations=15 (full 2):
 PSYoungGen      total 274688K, used 37345K [0x91ac0000, 0xa7000000, 0xa7000000)
  eden space 236800K, 0% used [0x91ac0000,0x91ac0000,0xa0200000)
  from space 37888K, 98% used [0xa0200000,0xa2678500,0xa2700000)
  to   space 44032K, 0% used [0xa4500000,0xa4500000,0xa7000000)
 ParOldGen       total 141056K, used 105480K [0x67000000, 0x6f9c0000, 0x91ac0000)
  object space 141056K, 74% used [0x67000000,0x6d7023c8,0x6f9c0000)
 Metaspace       used 4290K, capacity 4294K, committed 4376K, reserved 4400K
}
Event: 7.592 GC heap before
{Heap before GC invocations=16 (full 2):
 PSYoungGen      total 274688K, used 274145K [0x91ac0000, 0xa7000000, 0xa7000000)
  eden space 236800K, 100% used [0x91ac0000,0xa0200000,0xa0200000)
  from space 37888K, 98% used [0xa0200000,0xa2678500,0xa2700000)
  to   space 44032K, 0% used [0xa4500000,0xa4500000,0xa7000000)
 ParOldGen       total 141056K, used 105480K [0x67000000, 0x6f9c0000, 0x91ac0000)
  object space 141056K, 74% used [0x67000000,0x6d7023c8,0x6f9c0000)
 Metaspace       used 4294K, capacity 4326K, committed 4376K, reserved 4400K
Event: 7.760 GC heap after
Heap after GC invocations=16 (full 2):
 PSYoungGen      total 271616K, used 44029K [0x91ac0000, 0xa7000000, 0xa7000000)
  eden space 227584K, 0% used [0x91ac0000,0x91ac0000,0x9f900000)
  from space 44032K, 99% used [0xa4500000,0xa6fff498,0xa7000000)
  to   space 60928K, 0% used [0x9f900000,0x9f900000,0xa3480000)
 ParOldGen       total 141056K, used 131204K [0x67000000, 0x6f9c0000, 0x91ac0000)
  object space 141056K, 93% used [0x67000000,0x6f021100,0x6f9c0000)
 Metaspace       used 4294K, capacity 4326K, committed 4376K, reserved 4400K
}
Event: 7.760 GC heap before
{Heap before GC invocations=17 (full 3):
 PSYoungGen      total 271616K, used 44029K [0x91ac0000, 0xa7000000, 0xa7000000)
  eden space 227584K, 0% used [0x91ac0000,0x91ac0000,0x9f900000)
  from space 44032K, 99% used [0xa4500000,0xa6fff498,0xa7000000)
  to   space 60928K, 0% used [0x9f900000,0x9f900000,0xa3480000)
 ParOldGen       total 141056K, used 131204K [0x67000000, 0x6f9c0000, 0x91ac0000)
  object space 141056K, 93% used [0x67000000,0x6f021100,0x6f9c0000)
 Metaspace       used 4294K, capacity 4326K, committed 4376K, reserved 4400K

Deoptimization events (10 events):
Event: 5.095 Thread 0x63261400 Uncommon trap: reason=bimorphic action=maybe_recompile pc=0xa7c62ca4 method=com.android.dx.cf.code.BaseMachine.getLocalTarget(Z)Lcom/android/dx/rop/code/RegisterSpec; @ 70
Event: 5.095 Thread 0x63261400 Uncommon trap: reason=bimorphic action=maybe_recompile pc=0xa7c62ca4 method=com.android.dx.cf.code.BaseMachine.getLocalTarget(Z)Lcom/android/dx/rop/code/RegisterSpec; @ 70
Event: 5.096 Thread 0x63261400 Uncommon trap: reason=bimorphic action=maybe_recompile pc=0xa7c62ca4 method=com.android.dx.cf.code.BaseMachine.getLocalTarget(Z)Lcom/android/dx/rop/code/RegisterSpec; @ 70
Event: 5.156 Thread 0xb6507800 Uncommon trap: reason=class_check action=maybe_recompile pc=0xa7c6b110 method=com.android.dx.rop.code.RegisterSpec.withSimpleType()Lcom/android/dx/rop/code/RegisterSpec; @ 21
Event: 5.160 Thread 0x63261400 Uncommon trap: reason=unstable_if action=reinterpret pc=0xa7c6b484 method=com.android.dx.rop.code.RegisterSpec.intersect(Lcom/android/dx/rop/code/RegisterSpec;Z)Lcom/android/dx/rop/code/RegisterSpec; @ 42
Event: 5.201 Thread 0x63263c00 Uncommon trap: reason=unstable_if action=reinterpret pc=0xa77d139c method=com.android.dx.rop.code.RegisterSpecSet.<init>(I)V @ 2
Event: 5.234 Thread 0x63261400 Uncommon trap: reason=unstable_if action=reinterpret pc=0xa7c9500c method=java.util.BitSet.clone()Ljava/lang/Object; @ 4
Event: 5.874 Thread 0x6325c400 Uncommon trap: reason=unstable_if action=reinterpret pc=0xa7cab1c8 method=java.util.BitSet.clone()Ljava/lang/Object; @ 4
Event: 7.328 Thread 0x6324e800 Uncommon trap: reason=unstable_if action=reinterpret pc=0xa7d5ee20 method=com.android.dx.rop.code.RegisterSpecSet.localItemToSpec(Lcom/android/dx/rop/code/LocalItem;)Lcom/android/dx/rop/code/RegisterSpec; @ 35
Event: 7.341 Thread 0x63263c00 Uncommon trap: reason=unstable_if action=reinterpret pc=0xa7c47688 method=java.util.HashMap.putVal(ILjava/lang/Object;Ljava/lang/Object;ZZ)Ljava/lang/Object; @ 109

Internal exceptions (7 events):
Event: 0.028 Thread 0xb6507800 Exception <a 'java/lang/NoSuchMethodError': Method sun.misc.Unsafe.defineClass(Ljava/lang/String;[BII)Ljava/lang/Class; name or signature does not match> (0x91ad0540) thrown at [/HUDSON/workspace/8-2-build-linux-i586/jdk8u66/4988/hotspot/src/share/vm/prim
Event: 0.028 Thread 0xb6507800 Exception <a 'java/lang/NoSuchMethodError': Method sun.misc.Unsafe.prefetchRead(Ljava/lang/Object;J)V name or signature does not match> (0x91ad0810) thrown at [/HUDSON/workspace/8-2-build-linux-i586/jdk8u66/4988/hotspot/src/share/vm/prims/jni.cpp, line 39
Event: 1.218 Thread 0x6324e800 Implicit null exception at 0xa7700223 to 0xa7702931
Event: 1.428 Thread 0x6325c400 Implicit null exception at 0xa772f312 to 0xa7731215
Event: 2.464 Thread 0xb6507800 Exception <a 'java/lang/ArrayIndexOutOfBoundsException': 18> (0x924d7ba0) thrown at [/HUDSON/workspace/8-2-build-linux-i586/jdk8u66/4988/hotspot/src/share/vm/interpreter/interpreterRuntime.cpp, line 366]
Event: 2.464 Thread 0xb6507800 Exception <a 'java/lang/ArrayIndexOutOfBoundsException': 145> (0x924d9440) thrown at [/HUDSON/workspace/8-2-build-linux-i586/jdk8u66/4988/hotspot/src/share/vm/interpreter/interpreterRuntime.cpp, line 366]
Event: 2.466 Thread 0xb6507800 Exception <a 'java/lang/ArrayIndexOutOfBoundsException'> (0x924da520) thrown at [/HUDSON/workspace/8-2-build-linux-i586/jdk8u66/4988/hotspot/src/share/vm/runtime/sharedRuntime.cpp, line 605]

Events (10 events):
Event: 7.563 Thread 0x63261400 DEOPT UNPACKING pc=0xa7515590 sp=0x62b5c66c mode 0
Event: 7.567 Thread 0x63261400 DEOPT PACKING pc=0xa778f179 sp=0x62b5c690
Event: 7.567 Thread 0x63261400 DEOPT UNPACKING pc=0xa7515590 sp=0x62b5c54c mode 0
Event: 7.572 Thread 0x63261400 DEOPT PACKING pc=0xa76f74e2 sp=0x62b5c620
Event: 7.572 Thread 0x63261400 DEOPT UNPACKING pc=0xa7515590 sp=0x62b5c4dc mode 0
Event: 7.587 Thread 0x6324e800 DEOPT PACKING pc=0xa7923b31 sp=0x6335f940
Event: 7.587 Thread 0x6324e800 DEOPT UNPACKING pc=0xa7515590 sp=0x6335f858 mode 0
Event: 7.590 Thread 0xb6507800 DEOPT PACKING pc=0xa76f74e2 sp=0xb66c13d0
Event: 7.590 Thread 0xb6507800 DEOPT UNPACKING pc=0xa7515590 sp=0xb66c128c mode 0
Event: 7.592 Executing VM operation: ParallelGCFailedAllocation


Dynamic libraries:
08048000-08049000 r-xp 00000000 08:06 1552326    /usr/lib/jvm/java-8-oracle/bin/java
08049000-0804a000 rw-p 00000000 08:06 1552326    /usr/lib/jvm/java-8-oracle/bin/java
093a5000-0943c000 rw-p 00000000 00:00 0          [heap]
60a00000-60afe000 rw-p 00000000 00:00 0 
60afe000-60b00000 ---p 00000000 00:00 0 
60b00000-60bc4000 rw-p 00000000 00:00 0 
60bc4000-60c00000 ---p 00000000 00:00 0 
60c00000-60cf8000 rw-p 00000000 00:00 0 
60cf8000-60d00000 ---p 00000000 00:00 0 
61000000-610de000 rw-p 00000000 00:00 0 
610de000-61100000 ---p 00000000 00:00 0 
61300000-61400000 rw-p 00000000 00:00 0 
61400000-615fa000 rw-p 00000000 00:00 0 
615fa000-61600000 ---p 00000000 00:00 0 
61600000-616e9000 rw-p 00000000 00:00 0 
616e9000-61700000 ---p 00000000 00:00 0 
61800000-618ff000 rw-p 00000000 00:00 0 
618ff000-61900000 ---p 00000000 00:00 0 
61a00000-61acc000 rw-p 00000000 00:00 0 
61acc000-61b00000 ---p 00000000 00:00 0 
61b00000-61bff000 rw-p 00000000 00:00 0 
61bff000-61c00000 ---p 00000000 00:00 0 
61c00000-61cfd000 rw-p 00000000 00:00 0 
61cfd000-61d00000 ---p 00000000 00:00 0 
61e00000-61efa000 rw-p 00000000 00:00 0 
61efa000-61f00000 ---p 00000000 00:00 0 
62000000-620f4000 rw-p 00000000 00:00 0 
620f4000-62100000 ---p 00000000 00:00 0 
62100000-621ff000 rw-p 00000000 00:00 0 
621ff000-62200000 ---p 00000000 00:00 0 
62200000-622ff000 rw-p 00000000 00:00 0 
622ff000-62300000 ---p 00000000 00:00 0 
62400000-624fc000 rw-p 00000000 00:00 0 
624fc000-62500000 ---p 00000000 00:00 0 
62500000-625fd000 rw-p 00000000 00:00 0 
625fd000-62600000 ---p 00000000 00:00 0 
62600000-626fa000 rw-p 00000000 00:00 0 
626fa000-62700000 ---p 00000000 00:00 0 
62800000-628f2000 rw-p 00000000 00:00 0 
628f2000-62900000 ---p 00000000 00:00 0 
629af000-629b2000 ---p 00000000 00:00 0 
629b2000-62a00000 rw-p 00000000 00:00 0          [stack:23362]
62a00000-62afc000 rw-p 00000000 00:00 0 
62afc000-62b00000 ---p 00000000 00:00 0 
62b0d000-62b10000 ---p 00000000 00:00 0 
62b10000-62b5e000 rw-p 00000000 00:00 0          [stack:23361]
62b5e000-62b61000 ---p 00000000 00:00 0 
62b61000-62baf000 rw-p 00000000 00:00 0          [stack:23360]
62baf000-62bb2000 ---p 00000000 00:00 0 
62bb2000-62c00000 rw-p 00000000 00:00 0          [stack:23359]
62c00000-62d00000 rw-p 00000000 00:00 0 
62d00000-62dfa000 rw-p 00000000 00:00 0 
62dfa000-62e00000 ---p 00000000 00:00 0 
62e00000-62eeb000 rw-p 00000000 00:00 0 
62eeb000-62f00000 ---p 00000000 00:00 0 
62f00000-62fe2000 rw-p 00000000 00:00 0 
62fe2000-63000000 ---p 00000000 00:00 0 
63000000-630f9000 rw-p 00000000 00:00 0 
630f9000-63100000 ---p 00000000 00:00 0 
63100000-631f9000 rw-p 00000000 00:00 0 
631f9000-63200000 ---p 00000000 00:00 0 
63200000-632f7000 rw-p 00000000 00:00 0 
632f7000-63300000 ---p 00000000 00:00 0 
63310000-63313000 ---p 00000000 00:00 0 
63313000-63361000 rw-p 00000000 00:00 0          [stack:23358]
63361000-633ab000 r--s 003c2000 08:06 190036     /home/priya/matrix/Kurukshetra/app/build/intermediates/transforms/jarMerging/debug/jars/1/1f/combined.jar
633ab000-633ac000 ---p 00000000 00:00 0 
633ac000-6342c000 rw-p 00000000 00:00 0          [stack:23357]
6342c000-6342f000 ---p 00000000 00:00 0 
6342f000-6347d000 rw-p 00000000 00:00 0          [stack:23356]
6347d000-63480000 ---p 00000000 00:00 0 
63480000-634fe000 rw-p 00000000 00:00 0          [stack:23355]
634fe000-63501000 ---p 00000000 00:00 0 
63501000-6357f000 rw-p 00000000 00:00 0          [stack:23354]
6357f000-63582000 ---p 00000000 00:00 0 
63582000-63600000 rw-p 00000000 00:00 0          [stack:23353]
63600000-63800000 r--p 00000000 08:06 1093651    /usr/lib/locale/locale-archive
63800000-63832000 rw-p 00000000 00:00 0 
63832000-63900000 ---p 00000000 00:00 0 
63900000-639fc000 rw-p 00000000 00:00 0 
639fc000-63a00000 ---p 00000000 00:00 0 
63a0d000-63a10000 ---p 00000000 00:00 0 
63a10000-63a5e000 rw-p 00000000 00:00 0          [stack:23352]
63a5e000-63a61000 ---p 00000000 00:00 0 
63a61000-63aaf000 rw-p 00000000 00:00 0          [stack:23351]
63aaf000-63ab2000 ---p 00000000 00:00 0 
63ab2000-63b00000 rw-p 00000000 00:00 0          [stack:23350]
63b00000-63bf8000 rw-p 00000000 00:00 0 
63bf8000-63c00000 ---p 00000000 00:00 0 
63c0b000-63c0c000 ---p 00000000 00:00 0 
63c0c000-63cdb000 rw-p 00000000 00:00 0          [stack:23349]
63cdb000-63eb4000 r--s 03d20000 08:06 1286207    /usr/lib/jvm/java-8-oracle/jre/lib/rt.jar
63eb4000-642fa000 rw-p 00000000 00:00 0 
642fa000-64300000 ---p 00000000 00:00 0 
64300000-66700000 rw-p 00000000 00:00 0 
66700000-667fc000 rw-p 00000000 00:00 0 
667fc000-66800000 ---p 00000000 00:00 0 
66824000-6687f000 rw-p 00000000 00:00 0 
6687f000-66880000 ---p 00000000 00:00 0 
66880000-66900000 rw-p 00000000 00:00 0          [stack:23348]
66900000-66921000 rw-p 00000000 00:00 0 
66921000-66a00000 ---p 00000000 00:00 0 
66a00000-66af9000 rw-p 00000000 00:00 0 
66af9000-66b00000 ---p 00000000 00:00 0 
66b00000-66b21000 rw-p 00000000 00:00 0 
66b21000-66c00000 ---p 00000000 00:00 0 
66c10000-66c28000 rw-p 00000000 00:00 0 
66c28000-66c29000 ---p 00000000 00:00 0 
66c29000-66cee000 rw-p 00000000 00:00 0          [stack:23347]
66cee000-66dff000 ---p 00000000 00:00 0 
66dff000-66e44000 rw-p 00000000 00:00 0 
66e44000-66f54000 ---p 00000000 00:00 0 
66f54000-66fff000 rw-p 00000000 00:00 0 
66fff000-6f9c0000 rw-p 00000000 00:00 0 
74a25000-74bc0000 rw-p 00000000 00:00 0 
74bc0000-91ac0000 ---p 00000000 00:00 0 
91ac0000-a7000000 rw-p 00000000 00:00 0 
a7008000-a7017000 r--s 000df000 08:06 3122779    /home/priya/Android/Sdk/build-tools/23.0.2/lib/dx.jar
a7017000-a7018000 ---p 00000000 00:00 0 
a7018000-a7098000 rw-p 00000000 00:00 0          [stack:23346]
a7098000-a7099000 ---p 00000000 00:00 0 
a7099000-a713c000 rw-p 00000000 00:00 0          [stack:23345]
a713c000-a74d9000 ---p 00000000 00:00 0 
a74d9000-a7d79000 rwxp 00000000 00:00 0 
a7d79000-b64d9000 ---p 00000000 00:00 0 
b64d9000-b64f2000 r-xp 00000000 08:06 1387720    /usr/lib/jvm/java-8-oracle/jre/lib/i386/libzip.so
b64f2000-b64f3000 rw-p 00019000 08:06 1387720    /usr/lib/jvm/java-8-oracle/jre/lib/i386/libzip.so
b64f3000-b64fe000 r-xp 00000000 08:06 1933505    /lib/i386-linux-gnu/libnss_files-2.19.so
b64fe000-b64ff000 r--p 0000a000 08:06 1933505    /lib/i386-linux-gnu/libnss_files-2.19.so
b64ff000-b6500000 rw-p 0000b000 08:06 1933505    /lib/i386-linux-gnu/libnss_files-2.19.so
b6500000-b65fb000 rw-p 00000000 00:00 0 
b65fb000-b6600000 ---p 00000000 00:00 0 
b6608000-b6612000 r-xp 00000000 08:06 1933491    /lib/i386-linux-gnu/libnss_nis-2.19.so
b6612000-b6613000 r--p 00009000 08:06 1933491    /lib/i386-linux-gnu/libnss_nis-2.19.so
b6613000-b6614000 rw-p 0000a000 08:06 1933491    /lib/i386-linux-gnu/libnss_nis-2.19.so
b6614000-b6629000 r-xp 00000000 08:06 1933492    /lib/i386-linux-gnu/libnsl-2.19.so
b6629000-b662a000 r--p 00015000 08:06 1933492    /lib/i386-linux-gnu/libnsl-2.19.so
b662a000-b662b000 rw-p 00016000 08:06 1933492    /lib/i386-linux-gnu/libnsl-2.19.so
b662b000-b662d000 rw-p 00000000 00:00 0 
b6639000-b663b000 rw-p 00000000 00:00 0 
b663b000-b663c000 r--p 00850000 08:06 1093651    /usr/lib/locale/locale-archive
b663c000-b6644000 rw-s 00000000 08:06 386083     /tmp/hsperfdata_priya/23340
b6644000-b6668000 r-xp 00000000 08:06 1387732    /usr/lib/jvm/java-8-oracle/jre/lib/i386/libjava.so
b6668000-b6669000 rw-p 00023000 08:06 1387732    /usr/lib/jvm/java-8-oracle/jre/lib/i386/libjava.so
b6669000-b6670000 r-xp 00000000 08:06 1933506    /lib/i386-linux-gnu/librt-2.19.so
b6670000-b6671000 r--p 00006000 08:06 1933506    /lib/i386-linux-gnu/librt-2.19.so
b6671000-b6672000 rw-p 00007000 08:06 1933506    /lib/i386-linux-gnu/librt-2.19.so
b6672000-b6675000 ---p 00000000 00:00 0 
b6675000-b66c3000 rw-p 00000000 00:00 0          [stack:23344]
b66c3000-b6707000 r-xp 00000000 08:06 1933496    /lib/i386-linux-gnu/libm-2.19.so
b6707000-b6708000 r--p 00043000 08:06 1933496    /lib/i386-linux-gnu/libm-2.19.so
b6708000-b6709000 rw-p 00044000 08:06 1933496    /lib/i386-linux-gnu/libm-2.19.so
b6709000-b7089000 r-xp 00000000 08:06 1395826    /usr/lib/jvm/java-8-oracle/jre/lib/i386/server/libjvm.so
b7089000-b70f6000 rw-p 00980000 08:06 1395826    /usr/lib/jvm/java-8-oracle/jre/lib/i386/server/libjvm.so
b70f6000-b751c000 rw-p 00000000 00:00 0 
b751c000-b76c4000 r-xp 00000000 08:06 1933488    /lib/i386-linux-gnu/libc-2.19.so
b76c4000-b76c6000 r--p 001a8000 08:06 1933488    /lib/i386-linux-gnu/libc-2.19.so
b76c6000-b76c7000 rw-p 001aa000 08:06 1933488    /lib/i386-linux-gnu/libc-2.19.so
b76c7000-b76ca000 rw-p 00000000 00:00 0 
b76ca000-b76cd000 r-xp 00000000 08:06 1933489    /lib/i386-linux-gnu/libdl-2.19.so
b76cd000-b76ce000 r--p 00002000 08:06 1933489    /lib/i386-linux-gnu/libdl-2.19.so
b76ce000-b76cf000 rw-p 00003000 08:06 1933489    /lib/i386-linux-gnu/libdl-2.19.so
b76cf000-b76e3000 r-xp 00000000 08:06 1549650    /usr/lib/jvm/java-8-oracle/lib/i386/jli/libjli.so
b76e3000-b76e4000 rw-p 00014000 08:06 1549650    /usr/lib/jvm/java-8-oracle/lib/i386/jli/libjli.so
b76e4000-b76e5000 rw-p 00000000 00:00 0 
b76e5000-b76fd000 r-xp 00000000 08:06 1933501    /lib/i386-linux-gnu/libpthread-2.19.so
b76fd000-b76fe000 r--p 00018000 08:06 1933501    /lib/i386-linux-gnu/libpthread-2.19.so
b76fe000-b76ff000 rw-p 00019000 08:06 1933501    /lib/i386-linux-gnu/libpthread-2.19.so
b76ff000-b7701000 rw-p 00000000 00:00 0 
b7701000-b7708000 r-xp 00000000 08:06 1933497    /lib/i386-linux-gnu/libnss_compat-2.19.so
b7708000-b7709000 r--p 00006000 08:06 1933497    /lib/i386-linux-gnu/libnss_compat-2.19.so
b7709000-b770a000 rw-p 00007000 08:06 1933497    /lib/i386-linux-gnu/libnss_compat-2.19.so
b770a000-b770b000 rw-p 00000000 00:00 0 
b770b000-b770c000 ---p 00000000 00:00 0 
b770c000-b7717000 r-xp 00000000 08:06 1387688    /usr/lib/jvm/java-8-oracle/jre/lib/i386/libverify.so
b7717000-b7718000 rw-p 0000b000 08:06 1387688    /usr/lib/jvm/java-8-oracle/jre/lib/i386/libverify.so
b7718000-b771a000 rw-p 00000000 00:00 0 
b771a000-b771b000 r-xp 00000000 00:00 0          [vdso]
b771b000-b773b000 r-xp 00000000 08:06 1933490    /lib/i386-linux-gnu/ld-2.19.so
b773b000-b773c000 r--p 0001f000 08:06 1933490    /lib/i386-linux-gnu/ld-2.19.so
b773c000-b773d000 rw-p 00020000 08:06 1933490    /lib/i386-linux-gnu/ld-2.19.so
bf87c000-bf87d000 rwxp 00000000 00:00 0 
bf8af000-bf8d0000 rw-p 00000000 00:00 0          [stack]

VM Arguments:
jvm_args: -Djava.awt.headless=true -Xmx1024M -Dfile.encoding=UTF-8 -Duser.country=IN -Duser.language=en -Duser.variant 
java_command: com.android.dx.command.Main --dex --num-threads=4 --multi-dex --main-dex-list /home/priya/matrix/Kurukshetra/app/build/intermediates/multi-dex/debug/maindexlist.txt --output /home/priya/matrix/Kurukshetra/app/build/intermediates/transforms/dex/debug/folders/1000/1f/main /home/priya/matrix/Kurukshetra/app/build/intermediates/transforms/jarMerging/debug/jars/1/1f/combined.jar
java_class_path (initial): /home/priya/Android/Sdk/build-tools/23.0.2/lib/dx.jar
Launcher Type: SUN_STANDARD

Environment Variables:
JAVA_HOME=/usr/lib/jvm/java-8-oracle
PATH=/usr/local/sbin:/usr/local/bin:/usr/sbin:/usr/bin:/sbin:/bin:/usr/games:/usr/local/games:/home/priya/matrix/proxy/google_appengine/
LD_LIBRARY_PATH=bin:
SHELL=/bin/bash
DISPLAY=:0

Signal Handlers:
SIGSEGV: [libjvm.so+0x8cdc10], sa_mask[0]=11111111011111111101111111111110, sa_flags=SA_RESTART|SA_SIGINFO
SIGBUS: [libjvm.so+0x8cdc10], sa_mask[0]=11111111011111111101111111111110, sa_flags=SA_RESTART|SA_SIGINFO
SIGFPE: [libjvm.so+0x74dbb0], sa_mask[0]=11111111011111111101111111111110, sa_flags=SA_RESTART|SA_SIGINFO
SIGPIPE: [libjvm.so+0x74dbb0], sa_mask[0]=11111111011111111101111111111110, sa_flags=SA_RESTART|SA_SIGINFO
SIGXFSZ: [libjvm.so+0x74dbb0], sa_mask[0]=11111111011111111101111111111110, sa_flags=SA_RESTART|SA_SIGINFO
SIGILL: [libjvm.so+0x74dbb0], sa_mask[0]=11111111011111111101111111111110, sa_flags=SA_RESTART|SA_SIGINFO
SIGUSR1: SIG_DFL, sa_mask[0]=00000000000000000000000000000000, sa_flags=none
SIGUSR2: [libjvm.so+0x74f230], sa_mask[0]=00100000000000000000000000000000, sa_flags=SA_RESTART|SA_SIGINFO
SIGHUP: [libjvm.so+0x7506e0], sa_mask[0]=11111111011111111101111111111110, sa_flags=SA_RESTART|SA_SIGINFO
SIGINT: [libjvm.so+0x7506e0], sa_mask[0]=11111111011111111101111111111110, sa_flags=SA_RESTART|SA_SIGINFO
SIGTERM: [libjvm.so+0x7506e0], sa_mask[0]=11111111011111111101111111111110, sa_flags=SA_RESTART|SA_SIGINFO
SIGQUIT: [libjvm.so+0x7506e0], sa_mask[0]=11111111011111111101111111111110, sa_flags=SA_RESTART|SA_SIGINFO


---------------  S Y S T E M  ---------------

OS:DISTRIB_ID=Ubuntu
DISTRIB_RELEASE=14.04
DISTRIB_CODENAME=trusty
DISTRIB_DESCRIPTION="Ubuntu 14.04.3 LTS"

uname:Linux 3.13.0-74-generic #118-Ubuntu SMP Thu Dec 17 22:52:02 UTC 2015 i686
libc:glibc 2.19 NPTL 2.19 
rlimit: STACK 8192k, CORE 0k, NPROC 31374, NOFILE 4096, AS infinity
load average:1.44 1.17 1.08

/proc/meminfo:
MemTotal:        4035184 kB
MemFree:          242572 kB
Buffers:            1580 kB
Cached:           468372 kB
SwapCached:            0 kB
Active:          3254496 kB
Inactive:         433516 kB
Active(anon):    3227612 kB
Inactive(anon):   398072 kB
Active(file):      26884 kB
Inactive(file):    35444 kB
Unevictable:         128 kB
Mlocked:             128 kB
HighTotal:       3182980 kB
HighFree:          69456 kB
LowTotal:         852204 kB
LowFree:          173116 kB
SwapTotal:             0 kB
SwapFree:              0 kB
Dirty:                96 kB
Writeback:             0 kB
AnonPages:       3218320 kB
Mapped:           203620 kB
Shmem:            407492 kB
Slab:              49476 kB
SReclaimable:      24076 kB
SUnreclaim:        25400 kB
KernelStack:        4912 kB
PageTables:        18796 kB
NFS_Unstable:          0 kB
Bounce:                0 kB
WritebackTmp:          0 kB
CommitLimit:     2017592 kB
Committed_AS:    8615444 kB
VmallocTotal:     122880 kB
VmallocUsed:       70812 kB
VmallocChunk:      18596 kB
HardwareCorrupted:     0 kB
AnonHugePages:   1722368 kB
HugePages_Total:       0
HugePages_Free:        0
HugePages_Rsvd:        0
HugePages_Surp:        0
Hugepagesize:       2048 kB
DirectMap4k:       49144 kB
DirectMap2M:      864256 kB


CPU:total 4 (2 cores per cpu, 2 threads per core) family 6 model 69 stepping 1, cmov, cx8, fxsr, mmx, sse, sse2, sse3, ssse3, sse4.1, sse4.2, popcnt, avx, avx2, aes, clmul, erms, lzcnt, ht, tsc, tscinvbit, bmi1, bmi2

/proc/cpuinfo:
processor	: 0
vendor_id	: GenuineIntel
cpu family	: 6
model		: 69
model name	: Intel(R) Core(TM) i5-4210U CPU @ 1.70GHz
stepping	: 1
microcode	: 0x17
cpu MHz		: 1701.000
cache size	: 3072 KB
physical id	: 0
siblings	: 4
core id		: 0
cpu cores	: 2
apicid		: 0
initial apicid	: 0
fdiv_bug	: no
f00f_bug	: no
coma_bug	: no
fpu		: yes
fpu_exception	: yes
cpuid level	: 13
wp		: yes
flags		: fpu vme de pse tsc msr pae mce cx8 apic sep mtrr pge mca cmov pat pse36 clflush dts acpi mmx fxsr sse sse2 ss ht tm pbe nx pdpe1gb rdtscp lm constant_tsc arch_perfmon pebs bts xtopology nonstop_tsc aperfmperf eagerfpu pni pclmulqdq dtes64 monitor ds_cpl vmx est tm2 ssse3 fma cx16 xtpr pdcm pcid sse4_1 sse4_2 movbe popcnt tsc_deadline_timer aes xsave avx f16c rdrand lahf_lm abm arat epb xsaveopt pln pts dtherm tpr_shadow vnmi flexpriority ept vpid fsgsbase tsc_adjust bmi1 avx2 smep bmi2 erms invpcid
bogomips	: 3392.31
clflush size	: 64
cache_alignment	: 64
address sizes	: 39 bits physical, 48 bits virtual
power management:

processor	: 1
vendor_id	: GenuineIntel
cpu family	: 6
model		: 69
model name	: Intel(R) Core(TM) i5-4210U CPU @ 1.70GHz
stepping	: 1
microcode	: 0x17
cpu MHz		: 782.000
cache size	: 3072 KB
physical id	: 0
siblings	: 4
core id		: 1
cpu cores	: 2
apicid		: 2
initial apicid	: 2
fdiv_bug	: no
f00f_bug	: no
coma_bug	: no
fpu		: yes
fpu_exception	: yes
cpuid level	: 13
wp		: yes
flags		: fpu vme de pse tsc msr pae mce cx8 apic sep mtrr pge mca cmov pat pse36 clflush dts acpi mmx fxsr sse sse2 ss ht tm pbe nx pdpe1gb rdtscp lm constant_tsc arch_perfmon pebs bts xtopology nonstop_tsc aperfmperf eagerfpu pni pclmulqdq dtes64 monitor ds_cpl vmx est tm2 ssse3 fma cx16 xtpr pdcm pcid sse4_1 sse4_2 movbe popcnt tsc_deadline_timer aes xsave avx f16c rdrand lahf_lm abm ida arat epb xsaveopt pln pts dtherm tpr_shadow vnmi flexpriority ept vpid fsgsbase tsc_adjust bmi1 avx2 smep bmi2 erms invpcid
bogomips	: 3392.31
clflush size	: 64
cache_alignment	: 64
address sizes	: 39 bits physical, 48 bits virtual
power management:

processor	: 2
vendor_id	: GenuineIntel
cpu family	: 6
model		: 69
model name	: Intel(R) Core(TM) i5-4210U CPU @ 1.70GHz
stepping	: 1
microcode	: 0x17
cpu MHz		: 1700.000
cache size	: 3072 KB
physical id	: 0
siblings	: 4
core id		: 0
cpu cores	: 2
apicid		: 1
initial apicid	: 1
fdiv_bug	: no
f00f_bug	: no
coma_bug	: no
fpu		: yes
fpu_exception	: yes
cpuid level	: 13
wp		: yes
flags		: fpu vme de pse tsc msr pae mce cx8 apic sep mtrr pge mca cmov pat pse36 clflush dts acpi mmx fxsr sse sse2 ss ht tm pbe nx pdpe1gb rdtscp lm constant_tsc arch_perfmon pebs bts xtopology nonstop_tsc aperfmperf eagerfpu pni pclmulqdq dtes64 monitor ds_cpl vmx est tm2 ssse3 fma cx16 xtpr pdcm pcid sse4_1 sse4_2 movbe popcnt tsc_deadline_timer aes xsave avx f16c rdrand lahf_lm abm ida arat epb xsaveopt pln pts dtherm tpr_shadow vnmi flexpriority ept vpid fsgsbase tsc_adjust bmi1 avx2 smep bmi2 erms invpcid
bogomips	: 3392.31
clflush size	: 64
cache_alignment	: 64
address sizes	: 39 bits physical, 48 bits virtual
power management:

processor	: 3
vendor_id	: GenuineIntel
cpu family	: 6
model		: 69
model name	: Intel(R) Core(TM) i5-4210U CPU @ 1.70GHz
stepping	: 1
microcode	: 0x17
cpu MHz		: 782.000
cache size	: 3072 KB
physical id	: 0
siblings	: 4
core id		: 1
cpu cores	: 2
apicid		: 3
initial apicid	: 3
fdiv_bug	: no
f00f_bug	: no
coma_bug	: no
fpu		: yes
fpu_exception	: yes
cpuid level	: 13
wp		: yes
flags		: fpu vme de pse tsc msr pae mce cx8 apic sep mtrr pge mca cmov pat pse36 clflush dts acpi mmx fxsr sse sse2 ss ht tm pbe nx pdpe1gb rdtscp lm constant_tsc arch_perfmon pebs bts xtopology nonstop_tsc aperfmperf eagerfpu pni pclmulqdq dtes64 monitor ds_cpl vmx est tm2 ssse3 fma cx16 xtpr pdcm pcid sse4_1 sse4_2 movbe popcnt tsc_deadline_timer aes xsave avx f16c rdrand lahf_lm abm ida arat epb xsaveopt pln pts dtherm tpr_shadow vnmi flexpriority ept vpid fsgsbase tsc_adjust bmi1 avx2 smep bmi2 erms invpcid
bogomips	: 3392.31
clflush size	: 64
cache_alignment	: 64
address sizes	: 39 bits physical, 48 bits virtual
power management:



Memory: 4k page, physical 4035184k(242572k free), swap 0k(0k free)

vm_info: Java HotSpot(TM) Server VM (25.66-b17) for linux-x86 JRE (1.8.0_66-b17), built on Oct  6 2015 18:06:03 by "java_re" with gcc 4.3.0 20080428 (Red Hat 4.3.0-8)

time: Fri Dec 25 09:32:05 2015
elapsed time: 10 seconds (0d 0h 0m 10s)

