#
# There is insufficient memory for the Java Runtime Environment to continue.
# Native memory allocation (mmap) failed to map 53739520 bytes for committing reserved memory.
# Possible reasons:
#   The system is out of physical RAM or swap space
#   In 32 bit mode, the process size limit was hit
# Possible solutions:
#   Reduce memory load on the system
#   Increase physical memory or swap space
#   Check if swap backing store is full
#   Use 64 bit Java on a 64 bit OS
#   Decrease Java heap size (-Xmx/-Xms)
#   Decrease number of Java threads
#   Decrease Java thread stack sizes (-Xss)
#   Set larger code cache with -XX:ReservedCodeCacheSize=
# This output file may be truncated or incomplete.
#
#  Out of Memory Error (os_linux.cpp:2627), pid=21012, tid=1674099520
#
# JRE version: Java(TM) SE Runtime Environment (8.0_66-b17) (build 1.8.0_66-b17)
# Java VM: Java HotSpot(TM) Server VM (25.66-b17 mixed mode linux-x86 )
# Failed to write core dump. Core dumps have been disabled. To enable core dumping, try "ulimit -c unlimited" before starting Java again
#

---------------  T H R E A D  ---------------

Current thread (0x63b81400):  VMThread [stack: 0x63c0b000,0x63c8c000] [id=21021]

Stack: [0x63c0b000,0x63c8c000],  sp=0x63c8aa20,  free space=510k
Native frames: (J=compiled Java code, j=interpreted, Vv=VM code, C=native code)
V  [libjvm.so+0x8cd0ff]  VMError::report_and_die()+0x16f
V  [libjvm.so+0x38bee5]  report_vm_out_of_memory(char const*, int, unsigned int, VMErrorType, char const*)+0x55
V  [libjvm.so+0x750ed6]  os::Linux::commit_memory_impl(char*, unsigned int, bool)+0xe6
V  [libjvm.so+0x7513a8]  os::pd_commit_memory(char*, unsigned int, unsigned int, bool)+0x28
V  [libjvm.so+0x74b2cc]  os::commit_memory(char*, unsigned int, unsigned int, bool)+0x2c
V  [libjvm.so+0x7b58a8]  PSVirtualSpace::expand_by(unsigned int)+0x48
V  [libjvm.so+0x7b69aa]  PSYoungGen::resize_generation(unsigned int, unsigned int)+0xda
V  [libjvm.so+0x7b5cd9]  PSYoungGen::resize(unsigned int, unsigned int)+0x19
V  [libjvm.so+0x7b3605]  PSScavenge::invoke_no_policy()+0xd15
V  [libjvm.so+0x7b3dc8]  PSScavenge::invoke()+0x28
V  [libjvm.so+0x7728ba]  ParallelScavengeHeap::failed_mem_allocate(unsigned int)+0x5a
V  [libjvm.so+0x8cebca]  VM_ParallelGCFailedAllocation::doit()+0x7a
V  [libjvm.so+0x8d81d7]  VM_Operation::evaluate()+0x47
V  [libjvm.so+0x8d62b3]  VMThread::evaluate_operation(VM_Operation*)+0xb3
V  [libjvm.so+0x8d6650]  VMThread::loop()+0x1b0
V  [libjvm.so+0x8d6ab5]  VMThread::run()+0x85
V  [libjvm.so+0x753519]  java_start(Thread*)+0x119
C  [libpthread.so.0+0x6f70]  start_thread+0xd0

VM_Operation (0xb67173c0): ParallelGCFailedAllocation, mode: safepoint, requested by thread 0xb6507800


---------------  P R O C E S S  ---------------

Java Threads: ( => current thread )
  0x63285400 JavaThread "pool-2-thread-4" [_thread_blocked, id=21034, stack(0x62abc000,0x62b0d000)]
  0x63284000 JavaThread "pool-2-thread-3" [_thread_blocked, id=21033, stack(0x62b0d000,0x62b5e000)]
  0x63283000 JavaThread "pool-2-thread-2" [_thread_blocked, id=21032, stack(0x62b5e000,0x62baf000)]
  0x63281800 JavaThread "pool-3-thread-1" [_thread_blocked, id=21031, stack(0x62baf000,0x62c00000)]
  0x6327e400 JavaThread "pool-2-thread-1" [_thread_blocked, id=21030, stack(0x63310000,0x63361000)]
  0x63baac00 JavaThread "Service Thread" daemon [_thread_blocked, id=21028, stack(0x6342c000,0x6347d000)]
  0x63ba7800 JavaThread "C1 CompilerThread2" daemon [_thread_blocked, id=21027, stack(0x6347d000,0x634fe000)]
  0x63ba6000 JavaThread "C2 CompilerThread1" daemon [_thread_blocked, id=21026, stack(0x634fe000,0x6357f000)]
  0x63ba4400 JavaThread "C2 CompilerThread0" daemon [_thread_blocked, id=21025, stack(0x6357f000,0x63600000)]
  0x63ba2c00 JavaThread "Signal Dispatcher" daemon [_thread_blocked, id=21024, stack(0x63a0d000,0x63a5e000)]
  0x63b86000 JavaThread "Finalizer" daemon [_thread_blocked, id=21023, stack(0x63a5e000,0x63aaf000)]
  0x63b84800 JavaThread "Reference Handler" daemon [_thread_blocked, id=21022, stack(0x63aaf000,0x63b00000)]
  0xb6507800 JavaThread "main" [_thread_blocked, id=21016, stack(0xb66c8000,0xb6719000)]

Other Threads:
=>0x63b81400 VMThread [stack: 0x63c0b000,0x63c8c000] [id=21021]
  0x63badc00 WatcherThread [stack: 0x633ab000,0x6342c000] [id=21029]

VM state:at safepoint (normal execution)

VM Mutex/Monitor currently owned by a thread:  ([mutex/lock_event])
[0xb6504f00] Threads_lock - owner thread: 0x63b81400
[0xb6505310] Heap_lock - owner thread: 0xb6507800

Heap:
 PSYoungGen      total 219136K, used 23042K [0x91ac0000, 0xa1340000, 0xa7000000)
  eden space 187136K, 0% used [0x91ac0000,0x91ac0000,0x9d180000)
  from space 32000K, 72% used [0x9d180000,0x9e800b28,0x9f0c0000)
  to   space 28672K, 0% used [0x9f0c0000,0x9f0c0000,0xa0cc0000)
 ParOldGen       total 80128K, used 59889K [0x67000000, 0x6be40000, 0x91ac0000)
  object space 80128K, 74% used [0x67000000,0x6aa7c780,0x6be40000)
 Metaspace       used 4250K, capacity 4294K, committed 4376K, reserved 4400K

Card table byte_map: [0x66dff000,0x67000000] byte_map_base: 0x66ac7000

Marking Bits: (ParMarkBitMap*) 0xb715d380
 Begin Bits: [0x64700000, 0x65700000)
 End Bits:   [0x65700000, 0x66700000)

Polling page: 0xb7761000

CodeCache: size=245760Kb used=7017Kb max_used=7017Kb free=238742Kb
 bounds [0xa7500000, 0xa7be0000, 0xb6500000]
 total_blobs=2297 nmethods=2136 adapters=75
 compilation: enabled

Compilation events (10 events):
Event: 4.382 Thread 0x63ba7800 nmethod 2393 0xa7bb0e08 code [0xa7bb0f20, 0xa7bb10cc]
Event: 4.396 Thread 0x63ba7800 2395       3       com.android.dx.ssa.LocalVariableExtractor::processBlock (383 bytes)
Event: 4.401 Thread 0x63ba7800 nmethod 2395 0xa7bbf108 code [0xa7bbf620, 0xa7bc2358]
Event: 4.401 Thread 0x63ba7800 2397       2       java.util.concurrent.locks.AbstractQueuedSynchronizer::compareAndSetTail (13 bytes)
Event: 4.401 Thread 0x63ba7800 nmethod 2397 0xa7bb0b88 code [0xa7bb0c80, 0xa7bb0d80]
Event: 4.404 Thread 0x63ba7800 2398       2       com.android.dx.rop.cst.CstArray$List::set (7 bytes)
Event: 4.405 Thread 0x63ba7800 nmethod 2398 0xa7bb0288 code [0xa7bb0400, 0xa7bb0744]
Event: 4.411 Thread 0x63ba7800 2399       2       com.android.dx.cf.code.SwitchList::getTarget (9 bytes)
Event: 4.411 Thread 0x63ba7800 nmethod 2399 0xa7baffc8 code [0xa7bb00e0, 0xa7bb01cc]
Event: 4.416 Thread 0x63ba7800 2400       2       com.android.dx.dex.cf.OptimizerOptions::loadOptimizeLists (52 bytes)

GC Heap History (10 events):
Event: 1.901 GC heap after
Heap after GC invocations=7 (full 0):
 PSYoungGen      total 71168K, used 9469K [0x91ac0000, 0x9b140000, 0xa7000000)
  eden space 61696K, 0% used [0x91ac0000,0x91ac0000,0x95700000)
  from space 9472K, 99% used [0x95700000,0x9603f520,0x96040000)
  to   space 15360K, 0% used [0x9a240000,0x9a240000,0x9b140000)
 ParOldGen       total 42496K, used 15407K [0x67000000, 0x69980000, 0x91ac0000)
  object space 42496K, 36% used [0x67000000,0x67f0bd80,0x69980000)
 Metaspace       used 3930K, capacity 3974K, committed 3992K, reserved 4400K
}
Event: 2.174 GC heap before
{Heap before GC invocations=8 (full 0):
 PSYoungGen      total 71168K, used 71165K [0x91ac0000, 0x9b140000, 0xa7000000)
  eden space 61696K, 100% used [0x91ac0000,0x95700000,0x95700000)
  from space 9472K, 99% used [0x95700000,0x9603f520,0x96040000)
  to   space 15360K, 0% used [0x9a240000,0x9a240000,0x9b140000)
 ParOldGen       total 42496K, used 15407K [0x67000000, 0x69980000, 0x91ac0000)
  object space 42496K, 36% used [0x67000000,0x67f0bd80,0x69980000)
 Metaspace       used 3955K, capacity 4006K, committed 4120K, reserved 4400K
Event: 2.204 GC heap after
Heap after GC invocations=8 (full 0):
 PSYoungGen      total 134400K, used 15350K [0x91ac0000, 0x9b9c0000, 0xa7000000)
  eden space 119040K, 0% used [0x91ac0000,0x91ac0000,0x98f00000)
  from space 15360K, 99% used [0x9a240000,0x9b13da28,0x9b140000)
  to   space 19712K, 0% used [0x98f00000,0x98f00000,0x9a240000)
 ParOldGen       total 42496K, used 18305K [0x67000000, 0x69980000, 0x91ac0000)
  object space 42496K, 43% used [0x67000000,0x681e06c8,0x69980000)
 Metaspace       used 3955K, capacity 4006K, committed 4120K, reserved 4400K
}
Event: 2.874 GC heap before
{Heap before GC invocations=9 (full 0):
 PSYoungGen      total 134400K, used 134390K [0x91ac0000, 0x9b9c0000, 0xa7000000)
  eden space 119040K, 100% used [0x91ac0000,0x98f00000,0x98f00000)
  from space 15360K, 99% used [0x9a240000,0x9b13da28,0x9b140000)
  to   space 19712K, 0% used [0x98f00000,0x98f00000,0x9a240000)
 ParOldGen       total 42496K, used 18305K [0x67000000, 0x69980000, 0x91ac0000)
  object space 42496K, 43% used [0x67000000,0x681e06c8,0x69980000)
 Metaspace       used 4142K, capacity 4166K, committed 4248K, reserved 4400K
Event: 2.926 GC heap after
Heap after GC invocations=9 (full 0):
 PSYoungGen      total 138752K, used 19696K [0x91ac0000, 0xa0cc0000, 0xa7000000)
  eden space 119040K, 0% used [0x91ac0000,0x91ac0000,0x98f00000)
  from space 19712K, 99% used [0x98f00000,0x9a23c3a8,0x9a240000)
  to   space 28672K, 0% used [0x9f0c0000,0x9f0c0000,0xa0cc0000)
 ParOldGen       total 42496K, used 31091K [0x67000000, 0x69980000, 0x91ac0000)
  object space 42496K, 73% used [0x67000000,0x68e5cdd8,0x69980000)
 Metaspace       used 4142K, capacity 4166K, committed 4248K, reserved 4400K
}
Event: 3.327 GC heap before
{Heap before GC invocations=10 (full 0):
 PSYoungGen      total 138752K, used 138736K [0x91ac0000, 0xa0cc0000, 0xa7000000)
  eden space 119040K, 100% used [0x91ac0000,0x98f00000,0x98f00000)
  from space 19712K, 99% used [0x98f00000,0x9a23c3a8,0x9a240000)
  to   space 28672K, 0% used [0x9f0c0000,0x9f0c0000,0xa0cc0000)
 ParOldGen       total 42496K, used 31091K [0x67000000, 0x69980000, 0x91ac0000)
  object space 42496K, 73% used [0x67000000,0x68e5cdd8,0x69980000)
 Metaspace       used 4193K, capacity 4230K, committed 4248K, reserved 4400K
Event: 3.380 GC heap after
Heap after GC invocations=10 (full 0):
 PSYoungGen      total 215808K, used 24086K [0x91ac0000, 0xa1340000, 0xa7000000)
  eden space 187136K, 0% used [0x91ac0000,0x91ac0000,0x9d180000)
  from space 28672K, 84% used [0x9f0c0000,0xa0845b38,0xa0cc0000)
  to   space 32000K, 0% used [0x9d180000,0x9d180000,0x9f0c0000)
 ParOldGen       total 42496K, used 41844K [0x67000000, 0x69980000, 0x91ac0000)
  object space 42496K, 98% used [0x67000000,0x698dd210,0x69980000)
 Metaspace       used 4193K, capacity 4230K, committed 4248K, reserved 4400K
}
Event: 3.380 GC heap before
{Heap before GC invocations=11 (full 1):
 PSYoungGen      total 215808K, used 24086K [0x91ac0000, 0xa1340000, 0xa7000000)
  eden space 187136K, 0% used [0x91ac0000,0x91ac0000,0x9d180000)
  from space 28672K, 84% used [0x9f0c0000,0xa0845b38,0xa0cc0000)
  to   space 32000K, 0% used [0x9d180000,0x9d180000,0x9f0c0000)
 ParOldGen       total 42496K, used 41844K [0x67000000, 0x69980000, 0x91ac0000)
  object space 42496K, 98% used [0x67000000,0x698dd210,0x69980000)
 Metaspace       used 4193K, capacity 4230K, committed 4248K, reserved 4400K
Event: 3.735 GC heap after
Heap after GC invocations=11 (full 1):
 PSYoungGen      total 215808K, used 18290K [0x91ac0000, 0xa1340000, 0xa7000000)
  eden space 187136K, 0% used [0x91ac0000,0x91ac0000,0x9d180000)
  from space 28672K, 63% used [0x9f0c0000,0xa029c8f0,0xa0cc0000)
  to   space 32000K, 0% used [0x9d180000,0x9d180000,0x9f0c0000)
 ParOldGen       total 80128K, used 42306K [0x67000000, 0x6be40000, 0x91ac0000)
  object space 80128K, 52% used [0x67000000,0x69950860,0x6be40000)
 Metaspace       used 4193K, capacity 4230K, committed 4248K, reserved 4400K
}
Event: 4.417 GC heap before
{Heap before GC invocations=12 (full 1):
 PSYoungGen      total 215808K, used 205426K [0x91ac0000, 0xa1340000, 0xa7000000)
  eden space 187136K, 100% used [0x91ac0000,0x9d180000,0x9d180000)
  from space 28672K, 63% used [0x9f0c0000,0xa029c8f0,0xa0cc0000)
  to   space 32000K, 0% used [0x9d180000,0x9d180000,0x9f0c0000)
 ParOldGen       total 80128K, used 42306K [0x67000000, 0x6be40000, 0x91ac0000)
  object space 80128K, 52% used [0x67000000,0x69950860,0x6be40000)
 Metaspace       used 4250K, capacity 4294K, committed 4376K, reserved 4400K

Deoptimization events (10 events):
Event: 3.789 Thread 0x63284000 Uncommon trap: reason=bimorphic action=maybe_recompile pc=0xa7a2563c method=com.android.dx.cf.code.BytecodeArray.parseInstruction(ILcom/android/dx/cf/code/BytecodeArray$Visitor;)I @ 1549
Event: 3.789 Thread 0x63284000 Uncommon trap: reason=bimorphic action=maybe_recompile pc=0xa7a2563c method=com.android.dx.cf.code.BytecodeArray.parseInstruction(ILcom/android/dx/cf/code/BytecodeArray$Visitor;)I @ 1549
Event: 3.844 Thread 0xb6507800 Uncommon trap: reason=unstable_if action=reinterpret pc=0xa7986ae4 method=java.util.HashMap.resize()[Ljava/util/HashMap$Node; @ 206
Event: 3.907 Thread 0x63284000 Uncommon trap: reason=class_check action=maybe_recompile pc=0xa7af8b80 method=com.android.dx.cf.code.Ropper.processBlock(Lcom/android/dx/cf/code/ByteBlock;Lcom/android/dx/cf/code/Frame;[I)V @ 777
Event: 3.915 Thread 0x6327e400 Uncommon trap: reason=unstable_if action=reinterpret pc=0xa7af6e10 method=com.android.dx.cf.code.Ropper.isSynchronized()Z @ 12
Event: 4.295 Thread 0x63285400 Uncommon trap: reason=class_check action=maybe_recompile pc=0xa7b98bd4 method=com.android.dx.cf.code.BytecodeArray.parseInstruction(ILcom/android/dx/cf/code/BytecodeArray$Visitor;)I @ 2032
Event: 4.295 Thread 0x63285400 Uncommon trap: reason=class_check action=maybe_recompile pc=0xa7b98bd4 method=com.android.dx.cf.code.BytecodeArray.parseInstruction(ILcom/android/dx/cf/code/BytecodeArray$Visitor;)I @ 2032
Event: 4.295 Thread 0x63285400 Uncommon trap: reason=class_check action=maybe_recompile pc=0xa7b98bd4 method=com.android.dx.cf.code.BytecodeArray.parseInstruction(ILcom/android/dx/cf/code/BytecodeArray$Visitor;)I @ 2032
Event: 4.328 Thread 0x63285400 Uncommon trap: reason=class_check action=maybe_recompile pc=0xa7b98bd4 method=com.android.dx.cf.code.BytecodeArray.parseInstruction(ILcom/android/dx/cf/code/BytecodeArray$Visitor;)I @ 2032
Event: 4.395 Thread 0x63285400 Uncommon trap: reason=unstable_if action=reinterpret pc=0xa7bc7b74 method=com.android.dx.rop.code.RegisterSpecSet.put(Lcom/android/dx/rop/code/RegisterSpec;)V @ 77

Internal exceptions (7 events):
Event: 0.107 Thread 0xb6507800 Exception <a 'java/lang/NoSuchMethodError': Method sun.misc.Unsafe.defineClass(Ljava/lang/String;[BII)Ljava/lang/Class; name or signature does not match> (0x91ad0540) thrown at [/HUDSON/workspace/8-2-build-linux-i586/jdk8u66/4988/hotspot/src/share/vm/prim
Event: 0.107 Thread 0xb6507800 Exception <a 'java/lang/NoSuchMethodError': Method sun.misc.Unsafe.prefetchRead(Ljava/lang/Object;J)V name or signature does not match> (0x91ad0810) thrown at [/HUDSON/workspace/8-2-build-linux-i586/jdk8u66/4988/hotspot/src/share/vm/prims/jni.cpp, line 39
Event: 1.227 Thread 0x63284000 Implicit null exception at 0xa770fb5f to 0xa771176d
Event: 1.338 Thread 0xb6507800 Implicit null exception at 0xa774fc58 to 0xa775194d
Event: 2.334 Thread 0x63284000 Exception <a 'java/lang/ArrayIndexOutOfBoundsException': 18> (0x92c61ae8) thrown at [/HUDSON/workspace/8-2-build-linux-i586/jdk8u66/4988/hotspot/src/share/vm/interpreter/interpreterRuntime.cpp, line 366]
Event: 2.335 Thread 0x63284000 Exception <a 'java/lang/ArrayIndexOutOfBoundsException': 145> (0x92c63388) thrown at [/HUDSON/workspace/8-2-build-linux-i586/jdk8u66/4988/hotspot/src/share/vm/interpreter/interpreterRuntime.cpp, line 366]
Event: 2.336 Thread 0x63284000 Exception <a 'java/lang/ArrayIndexOutOfBoundsException'> (0x92c64468) thrown at [/HUDSON/workspace/8-2-build-linux-i586/jdk8u66/4988/hotspot/src/share/vm/runtime/sharedRuntime.cpp, line 605]

Events (10 events):
Event: 4.395 Thread 0x63285400 Uncommon trap: trap_request=0xffffff65 fr.pc=0xa7bc7b74
Event: 4.395 Thread 0x63285400 DEOPT PACKING pc=0xa7bc7b74 sp=0x62b0b700
Event: 4.395 Thread 0x63285400 DEOPT UNPACKING pc=0xa753ae55 sp=0x62b0b6f0 mode 2
Event: 4.405 Thread 0x63283000 DEOPT PACKING pc=0xa7790a43 sp=0x62bad700
Event: 4.405 Thread 0x63283000 DEOPT UNPACKING pc=0xa753c590 sp=0x62bad5ec mode 0
Event: 4.406 Thread 0x63283000 DEOPT PACKING pc=0xa777f6f1 sp=0x62bad850
Event: 4.406 Thread 0x63283000 DEOPT UNPACKING pc=0xa753c590 sp=0x62bad718 mode 0
Event: 4.410 Thread 0x63284000 DEOPT PACKING pc=0xa76f7852 sp=0x62b5c700
Event: 4.410 Thread 0x63284000 DEOPT UNPACKING pc=0xa753c590 sp=0x62b5c5ac mode 0
Event: 4.416 Executing VM operation: ParallelGCFailedAllocation


Dynamic libraries:
08048000-08049000 r-xp 00000000 08:06 1552326    /usr/lib/jvm/java-8-oracle/bin/java
08049000-0804a000 rw-p 00000000 08:06 1552326    /usr/lib/jvm/java-8-oracle/bin/java
09199000-091fb000 rw-p 00000000 00:00 0          [heap]
61400000-61470000 rw-p 00000000 00:00 0 
61470000-61500000 ---p 00000000 00:00 0 
61500000-615ed000 rw-p 00000000 00:00 0 
615ed000-61600000 ---p 00000000 00:00 0 
61700000-61800000 rw-p 00000000 00:00 0 
61900000-61922000 rw-p 00000000 00:00 0 
61922000-61a00000 ---p 00000000 00:00 0 
61d00000-61dea000 rw-p 00000000 00:00 0 
61dea000-61e00000 ---p 00000000 00:00 0 
61f00000-61ffd000 rw-p 00000000 00:00 0 
61ffd000-62000000 ---p 00000000 00:00 0 
62000000-620fb000 rw-p 00000000 00:00 0 
620fb000-62100000 ---p 00000000 00:00 0 
62100000-621fd000 rw-p 00000000 00:00 0 
621fd000-62200000 ---p 00000000 00:00 0 
62200000-622f9000 rw-p 00000000 00:00 0 
622f9000-62300000 ---p 00000000 00:00 0 
62300000-623fc000 rw-p 00000000 00:00 0 
623fc000-62400000 ---p 00000000 00:00 0 
62400000-624e0000 rw-p 00000000 00:00 0 
624e0000-62500000 ---p 00000000 00:00 0 
62500000-625f9000 rw-p 00000000 00:00 0 
625f9000-62600000 ---p 00000000 00:00 0 
62600000-626fe000 rw-p 00000000 00:00 0 
626fe000-62700000 ---p 00000000 00:00 0 
62700000-627ff000 rw-p 00000000 00:00 0 
627ff000-62800000 ---p 00000000 00:00 0 
62900000-62a00000 rw-p 00000000 00:00 0 
62abc000-62abf000 ---p 00000000 00:00 0 
62abf000-62b0d000 rw-p 00000000 00:00 0          [stack:21034]
62b0d000-62b10000 ---p 00000000 00:00 0 
62b10000-62b5e000 rw-p 00000000 00:00 0          [stack:21033]
62b5e000-62b61000 ---p 00000000 00:00 0 
62b61000-62baf000 rw-p 00000000 00:00 0          [stack:21032]
62baf000-62bb2000 ---p 00000000 00:00 0 
62bb2000-62c00000 rw-p 00000000 00:00 0          [stack:21031]
62c00000-62cfd000 rw-p 00000000 00:00 0 
62cfd000-62d00000 ---p 00000000 00:00 0 
62d00000-62de9000 rw-p 00000000 00:00 0 
62de9000-62e00000 ---p 00000000 00:00 0 
62e00000-62efd000 rw-p 00000000 00:00 0 
62efd000-62f00000 ---p 00000000 00:00 0 
62f00000-62ffe000 rw-p 00000000 00:00 0 
62ffe000-63000000 ---p 00000000 00:00 0 
63000000-630fb000 rw-p 00000000 00:00 0 
630fb000-63100000 ---p 00000000 00:00 0 
63100000-631fe000 rw-p 00000000 00:00 0 
631fe000-63200000 ---p 00000000 00:00 0 
63200000-63300000 rw-p 00000000 00:00 0 
63310000-63313000 ---p 00000000 00:00 0 
63313000-63361000 rw-p 00000000 00:00 0          [stack:21030]
63361000-633ab000 r--s 003c6000 08:06 190015     /home/priya/matrix/Kurukshetra/app/build/intermediates/transforms/jarMerging/debug/jars/1/1f/combined.jar
633ab000-633ac000 ---p 00000000 00:00 0 
633ac000-6342c000 rw-p 00000000 00:00 0          [stack:21029]
6342c000-6342f000 ---p 00000000 00:00 0 
6342f000-6347d000 rw-p 00000000 00:00 0          [stack:21028]
6347d000-63480000 ---p 00000000 00:00 0 
63480000-634fe000 rw-p 00000000 00:00 0          [stack:21027]
634fe000-63501000 ---p 00000000 00:00 0 
63501000-6357f000 rw-p 00000000 00:00 0          [stack:21026]
6357f000-63582000 ---p 00000000 00:00 0 
63582000-63600000 rw-p 00000000 00:00 0          [stack:21025]
63600000-63800000 r--p 00000000 08:06 1093651    /usr/lib/locale/locale-archive
63800000-63822000 rw-p 00000000 00:00 0 
63822000-63900000 ---p 00000000 00:00 0 
63900000-639fa000 rw-p 00000000 00:00 0 
639fa000-63a00000 ---p 00000000 00:00 0 
63a0d000-63a10000 ---p 00000000 00:00 0 
63a10000-63a5e000 rw-p 00000000 00:00 0          [stack:21024]
63a5e000-63a61000 ---p 00000000 00:00 0 
63a61000-63aaf000 rw-p 00000000 00:00 0          [stack:21023]
63aaf000-63ab2000 ---p 00000000 00:00 0 
63ab2000-63b00000 rw-p 00000000 00:00 0          [stack:21022]
63b00000-63c00000 rw-p 00000000 00:00 0 
63c0b000-63c0c000 ---p 00000000 00:00 0 
63c0c000-63cdb000 rw-p 00000000 00:00 0          [stack:21021]
63cdb000-63eb4000 r--s 03d20000 08:06 1286207    /usr/lib/jvm/java-8-oracle/jre/lib/rt.jar
63eb4000-642fa000 rw-p 00000000 00:00 0 
642fa000-64300000 ---p 00000000 00:00 0 
64300000-66700000 rw-p 00000000 00:00 0 
66700000-667fe000 rw-p 00000000 00:00 0 
667fe000-66800000 ---p 00000000 00:00 0 
66824000-6687f000 rw-p 00000000 00:00 0 
6687f000-66880000 ---p 00000000 00:00 0 
66880000-66900000 rw-p 00000000 00:00 0          [stack:21020]
66900000-66921000 rw-p 00000000 00:00 0 
66921000-66a00000 ---p 00000000 00:00 0 
66a00000-66aff000 rw-p 00000000 00:00 0 
66aff000-66b00000 ---p 00000000 00:00 0 
66b00000-66b21000 rw-p 00000000 00:00 0 
66b21000-66c00000 ---p 00000000 00:00 0 
66c28000-66c29000 ---p 00000000 00:00 0 
66c29000-66cd1000 rw-p 00000000 00:00 0          [stack:21019]
66cd1000-66dff000 ---p 00000000 00:00 0 
66dff000-66e27000 rw-p 00000000 00:00 0 
66e27000-66f54000 ---p 00000000 00:00 0 
66f54000-66fd1000 rw-p 00000000 00:00 0 
66fd1000-66fff000 ---p 00000000 00:00 0 
66fff000-6be40000 rw-p 00000000 00:00 0 
6be40000-91ac0000 ---p 00000000 00:00 0 
91ac0000-a1340000 rw-p 00000000 00:00 0 
a442f000-a4680000 rw-p 00000000 00:00 0 
a4680000-a7000000 ---p 00000000 00:00 0 
a703e000-a703f000 ---p 00000000 00:00 0 
a703f000-a70bf000 rw-p 00000000 00:00 0          [stack:21018]
a70bf000-a70c0000 ---p 00000000 00:00 0 
a70c0000-a715c000 rw-p 00000000 00:00 0          [stack:21017]
a715c000-a7500000 ---p 00000000 00:00 0 
a7500000-a7be0000 rwxp 00000000 00:00 0 
a7be0000-b6500000 ---p 00000000 00:00 0 
b6500000-b65fb000 rw-p 00000000 00:00 0 
b65fb000-b6600000 ---p 00000000 00:00 0 
b6610000-b661f000 r--s 000df000 08:06 3122779    /home/priya/Android/Sdk/build-tools/23.0.2/lib/dx.jar
b661f000-b6637000 rw-p 00000000 00:00 0 
b6637000-b6650000 r-xp 00000000 08:06 1387720    /usr/lib/jvm/java-8-oracle/jre/lib/i386/libzip.so
b6650000-b6651000 rw-p 00019000 08:06 1387720    /usr/lib/jvm/java-8-oracle/jre/lib/i386/libzip.so
b6651000-b665c000 r-xp 00000000 08:06 1933505    /lib/i386-linux-gnu/libnss_files-2.19.so
b665c000-b665d000 r--p 0000a000 08:06 1933505    /lib/i386-linux-gnu/libnss_files-2.19.so
b665d000-b665e000 rw-p 0000b000 08:06 1933505    /lib/i386-linux-gnu/libnss_files-2.19.so
b665e000-b6668000 r-xp 00000000 08:06 1933491    /lib/i386-linux-gnu/libnss_nis-2.19.so
b6668000-b6669000 r--p 00009000 08:06 1933491    /lib/i386-linux-gnu/libnss_nis-2.19.so
b6669000-b666a000 rw-p 0000a000 08:06 1933491    /lib/i386-linux-gnu/libnss_nis-2.19.so
b666a000-b667f000 r-xp 00000000 08:06 1933492    /lib/i386-linux-gnu/libnsl-2.19.so
b667f000-b6680000 r--p 00015000 08:06 1933492    /lib/i386-linux-gnu/libnsl-2.19.so
b6680000-b6681000 rw-p 00016000 08:06 1933492    /lib/i386-linux-gnu/libnsl-2.19.so
b6681000-b6683000 rw-p 00000000 00:00 0 
b668f000-b6691000 rw-p 00000000 00:00 0 
b6691000-b6692000 r--p 00850000 08:06 1093651    /usr/lib/locale/locale-archive
b6692000-b669a000 rw-s 00000000 08:06 387223     /tmp/hsperfdata_priya/21012
b669a000-b66be000 r-xp 00000000 08:06 1387732    /usr/lib/jvm/java-8-oracle/jre/lib/i386/libjava.so
b66be000-b66bf000 rw-p 00023000 08:06 1387732    /usr/lib/jvm/java-8-oracle/jre/lib/i386/libjava.so
b66bf000-b66c6000 r-xp 00000000 08:06 1933506    /lib/i386-linux-gnu/librt-2.19.so
b66c6000-b66c7000 r--p 00006000 08:06 1933506    /lib/i386-linux-gnu/librt-2.19.so
b66c7000-b66c8000 rw-p 00007000 08:06 1933506    /lib/i386-linux-gnu/librt-2.19.so
b66c8000-b66cb000 ---p 00000000 00:00 0 
b66cb000-b6719000 rw-p 00000000 00:00 0          [stack:21016]
b6719000-b675d000 r-xp 00000000 08:06 1933496    /lib/i386-linux-gnu/libm-2.19.so
b675d000-b675e000 r--p 00043000 08:06 1933496    /lib/i386-linux-gnu/libm-2.19.so
b675e000-b675f000 rw-p 00044000 08:06 1933496    /lib/i386-linux-gnu/libm-2.19.so
b675f000-b70df000 r-xp 00000000 08:06 1395826    /usr/lib/jvm/java-8-oracle/jre/lib/i386/server/libjvm.so
b70df000-b714c000 rw-p 00980000 08:06 1395826    /usr/lib/jvm/java-8-oracle/jre/lib/i386/server/libjvm.so
b714c000-b7572000 rw-p 00000000 00:00 0 
b7572000-b771a000 r-xp 00000000 08:06 1933488    /lib/i386-linux-gnu/libc-2.19.so
b771a000-b771c000 r--p 001a8000 08:06 1933488    /lib/i386-linux-gnu/libc-2.19.so
b771c000-b771d000 rw-p 001aa000 08:06 1933488    /lib/i386-linux-gnu/libc-2.19.so
b771d000-b7720000 rw-p 00000000 00:00 0 
b7720000-b7723000 r-xp 00000000 08:06 1933489    /lib/i386-linux-gnu/libdl-2.19.so
b7723000-b7724000 r--p 00002000 08:06 1933489    /lib/i386-linux-gnu/libdl-2.19.so
b7724000-b7725000 rw-p 00003000 08:06 1933489    /lib/i386-linux-gnu/libdl-2.19.so
b7725000-b7739000 r-xp 00000000 08:06 1549650    /usr/lib/jvm/java-8-oracle/lib/i386/jli/libjli.so
b7739000-b773a000 rw-p 00014000 08:06 1549650    /usr/lib/jvm/java-8-oracle/lib/i386/jli/libjli.so
b773a000-b773b000 rw-p 00000000 00:00 0 
b773b000-b7753000 r-xp 00000000 08:06 1933501    /lib/i386-linux-gnu/libpthread-2.19.so
b7753000-b7754000 r--p 00018000 08:06 1933501    /lib/i386-linux-gnu/libpthread-2.19.so
b7754000-b7755000 rw-p 00019000 08:06 1933501    /lib/i386-linux-gnu/libpthread-2.19.so
b7755000-b7757000 rw-p 00000000 00:00 0 
b7757000-b775e000 r-xp 00000000 08:06 1933497    /lib/i386-linux-gnu/libnss_compat-2.19.so
b775e000-b775f000 r--p 00006000 08:06 1933497    /lib/i386-linux-gnu/libnss_compat-2.19.so
b775f000-b7760000 rw-p 00007000 08:06 1933497    /lib/i386-linux-gnu/libnss_compat-2.19.so
b7760000-b7761000 rw-p 00000000 00:00 0 
b7761000-b7762000 ---p 00000000 00:00 0 
b7762000-b776d000 r-xp 00000000 08:06 1387688    /usr/lib/jvm/java-8-oracle/jre/lib/i386/libverify.so
b776d000-b776e000 rw-p 0000b000 08:06 1387688    /usr/lib/jvm/java-8-oracle/jre/lib/i386/libverify.so
b776e000-b7770000 rw-p 00000000 00:00 0 
b7770000-b7771000 r-xp 00000000 00:00 0          [vdso]
b7771000-b7791000 r-xp 00000000 08:06 1933490    /lib/i386-linux-gnu/ld-2.19.so
b7791000-b7792000 r--p 0001f000 08:06 1933490    /lib/i386-linux-gnu/ld-2.19.so
b7792000-b7793000 rw-p 00020000 08:06 1933490    /lib/i386-linux-gnu/ld-2.19.so
bfab4000-bfab5000 rwxp 00000000 00:00 0 
bfae7000-bfb08000 rw-p 00000000 00:00 0          [stack]

VM Arguments:
jvm_args: -Djava.awt.headless=true -Xmx1024M -Dfile.encoding=UTF-8 -Duser.country=IN -Duser.language=en -Duser.variant 
java_command: com.android.dx.command.Main --dex --num-threads=4 --multi-dex --main-dex-list /home/priya/matrix/Kurukshetra/app/build/intermediates/multi-dex/debug/maindexlist.txt --output /home/priya/matrix/Kurukshetra/app/build/intermediates/transforms/dex/debug/folders/1000/1f/main /home/priya/matrix/Kurukshetra/app/build/intermediates/transforms/jarMerging/debug/jars/1/1f/combined.jar
java_class_path (initial): /home/priya/Android/Sdk/build-tools/23.0.2/lib/dx.jar
Launcher Type: SUN_STANDARD

Environment Variables:
JAVA_HOME=/usr/lib/jvm/java-8-oracle
PATH=/usr/local/sbin:/usr/local/bin:/usr/sbin:/usr/bin:/sbin:/bin:/usr/games:/usr/local/games:/home/priya/matrix/proxy/google_appengine/
LD_LIBRARY_PATH=bin:
SHELL=/bin/bash
DISPLAY=:0

Signal Handlers:
SIGSEGV: [libjvm.so+0x8cdc10], sa_mask[0]=11111111011111111101111111111110, sa_flags=SA_RESTART|SA_SIGINFO
SIGBUS: [libjvm.so+0x8cdc10], sa_mask[0]=11111111011111111101111111111110, sa_flags=SA_RESTART|SA_SIGINFO
SIGFPE: [libjvm.so+0x74dbb0], sa_mask[0]=11111111011111111101111111111110, sa_flags=SA_RESTART|SA_SIGINFO
SIGPIPE: [libjvm.so+0x74dbb0], sa_mask[0]=11111111011111111101111111111110, sa_flags=SA_RESTART|SA_SIGINFO
SIGXFSZ: [libjvm.so+0x74dbb0], sa_mask[0]=11111111011111111101111111111110, sa_flags=SA_RESTART|SA_SIGINFO
SIGILL: [libjvm.so+0x74dbb0], sa_mask[0]=11111111011111111101111111111110, sa_flags=SA_RESTART|SA_SIGINFO
SIGUSR1: SIG_DFL, sa_mask[0]=00000000000000000000000000000000, sa_flags=none
SIGUSR2: [libjvm.so+0x74f230], sa_mask[0]=00100000000000000000000000000000, sa_flags=SA_RESTART|SA_SIGINFO
SIGHUP: [libjvm.so+0x7506e0], sa_mask[0]=11111111011111111101111111111110, sa_flags=SA_RESTART|SA_SIGINFO
SIGINT: [libjvm.so+0x7506e0], sa_mask[0]=11111111011111111101111111111110, sa_flags=SA_RESTART|SA_SIGINFO
SIGTERM: [libjvm.so+0x7506e0], sa_mask[0]=11111111011111111101111111111110, sa_flags=SA_RESTART|SA_SIGINFO
SIGQUIT: [libjvm.so+0x7506e0], sa_mask[0]=11111111011111111101111111111110, sa_flags=SA_RESTART|SA_SIGINFO


---------------  S Y S T E M  ---------------

OS:DISTRIB_ID=Ubuntu
DISTRIB_RELEASE=14.04
DISTRIB_CODENAME=trusty
DISTRIB_DESCRIPTION="Ubuntu 14.04.3 LTS"

uname:Linux 3.13.0-74-generic #118-Ubuntu SMP Thu Dec 17 22:52:02 UTC 2015 i686
libc:glibc 2.19 NPTL 2.19 
rlimit: STACK 8192k, CORE 0k, NPROC 31374, NOFILE 4096, AS infinity
load average:5.36 2.31 1.20

/proc/meminfo:
MemTotal:        4035184 kB
MemFree:          219832 kB
Buffers:             748 kB
Cached:           629004 kB
SwapCached:            0 kB
Active:          3086796 kB
Inactive:         622616 kB
Active(anon):    3085676 kB
Inactive(anon):   596968 kB
Active(file):       1120 kB
Inactive(file):    25648 kB
Unevictable:         120 kB
Mlocked:             120 kB
HighTotal:       3182980 kB
HighFree:          52968 kB
LowTotal:         852204 kB
LowFree:          166864 kB
SwapTotal:             0 kB
SwapFree:              0 kB
Dirty:                80 kB
Writeback:             0 kB
AnonPages:       3080040 kB
Mapped:           292648 kB
Shmem:            602724 kB
Slab:              48624 kB
SReclaimable:      22192 kB
SUnreclaim:        26432 kB
KernelStack:        4840 kB
PageTables:        17716 kB
NFS_Unstable:          0 kB
Bounce:               72 kB
WritebackTmp:          0 kB
CommitLimit:     2017592 kB
Committed_AS:    8203104 kB
VmallocTotal:     122880 kB
VmallocUsed:       70844 kB
VmallocChunk:      23352 kB
HardwareCorrupted:     0 kB
AnonHugePages:   1556480 kB
HugePages_Total:       0
HugePages_Free:        0
HugePages_Rsvd:        0
HugePages_Surp:        0
Hugepagesize:       2048 kB
DirectMap4k:       34808 kB
DirectMap2M:      878592 kB


CPU:total 4 (2 cores per cpu, 2 threads per core) family 6 model 69 stepping 1, cmov, cx8, fxsr, mmx, sse, sse2, sse3, ssse3, sse4.1, sse4.2, popcnt, avx, avx2, aes, clmul, erms, lzcnt, ht, tsc, tscinvbit, bmi1, bmi2

/proc/cpuinfo:
processor	: 0
vendor_id	: GenuineIntel
cpu family	: 6
model		: 69
model name	: Intel(R) Core(TM) i5-4210U CPU @ 1.70GHz
stepping	: 1
microcode	: 0x17
cpu MHz		: 1701.000
cache size	: 3072 KB
physical id	: 0
siblings	: 4
core id		: 0
cpu cores	: 2
apicid		: 0
initial apicid	: 0
fdiv_bug	: no
f00f_bug	: no
coma_bug	: no
fpu		: yes
fpu_exception	: yes
cpuid level	: 13
wp		: yes
flags		: fpu vme de pse tsc msr pae mce cx8 apic sep mtrr pge mca cmov pat pse36 clflush dts acpi mmx fxsr sse sse2 ss ht tm pbe nx pdpe1gb rdtscp lm constant_tsc arch_perfmon pebs bts xtopology nonstop_tsc aperfmperf eagerfpu pni pclmulqdq dtes64 monitor ds_cpl vmx est tm2 ssse3 fma cx16 xtpr pdcm pcid sse4_1 sse4_2 movbe popcnt tsc_deadline_timer aes xsave avx f16c rdrand lahf_lm abm ida arat epb xsaveopt pln pts dtherm tpr_shadow vnmi flexpriority ept vpid fsgsbase tsc_adjust bmi1 avx2 smep bmi2 erms invpcid
bogomips	: 3392.23
clflush size	: 64
cache_alignment	: 64
address sizes	: 39 bits physical, 48 bits virtual
power management:

processor	: 1
vendor_id	: GenuineIntel
cpu family	: 6
model		: 69
model name	: Intel(R) Core(TM) i5-4210U CPU @ 1.70GHz
stepping	: 1
microcode	: 0x17
cpu MHz		: 1700.000
cache size	: 3072 KB
physical id	: 0
siblings	: 4
core id		: 1
cpu cores	: 2
apicid		: 2
initial apicid	: 2
fdiv_bug	: no
f00f_bug	: no
coma_bug	: no
fpu		: yes
fpu_exception	: yes
cpuid level	: 13
wp		: yes
flags		: fpu vme de pse tsc msr pae mce cx8 apic sep mtrr pge mca cmov pat pse36 clflush dts acpi mmx fxsr sse sse2 ss ht tm pbe nx pdpe1gb rdtscp lm constant_tsc arch_perfmon pebs bts xtopology nonstop_tsc aperfmperf eagerfpu pni pclmulqdq dtes64 monitor ds_cpl vmx est tm2 ssse3 fma cx16 xtpr pdcm pcid sse4_1 sse4_2 movbe popcnt tsc_deadline_timer aes xsave avx f16c rdrand lahf_lm abm ida arat epb xsaveopt pln pts dtherm tpr_shadow vnmi flexpriority ept vpid fsgsbase tsc_adjust bmi1 avx2 smep bmi2 erms invpcid
bogomips	: 3392.23
clflush size	: 64
cache_alignment	: 64
address sizes	: 39 bits physical, 48 bits virtual
power management:

processor	: 2
vendor_id	: GenuineIntel
cpu family	: 6
model		: 69
model name	: Intel(R) Core(TM) i5-4210U CPU @ 1.70GHz
stepping	: 1
microcode	: 0x17
cpu MHz		: 782.000
cache size	: 3072 KB
physical id	: 0
siblings	: 4
core id		: 0
cpu cores	: 2
apicid		: 1
initial apicid	: 1
fdiv_bug	: no
f00f_bug	: no
coma_bug	: no
fpu		: yes
fpu_exception	: yes
cpuid level	: 13
wp		: yes
flags		: fpu vme de pse tsc msr pae mce cx8 apic sep mtrr pge mca cmov pat pse36 clflush dts acpi mmx fxsr sse sse2 ss ht tm pbe nx pdpe1gb rdtscp lm constant_tsc arch_perfmon pebs bts xtopology nonstop_tsc aperfmperf eagerfpu pni pclmulqdq dtes64 monitor ds_cpl vmx est tm2 ssse3 fma cx16 xtpr pdcm pcid sse4_1 sse4_2 movbe popcnt tsc_deadline_timer aes xsave avx f16c rdrand lahf_lm abm ida arat epb xsaveopt pln pts dtherm tpr_shadow vnmi flexpriority ept vpid fsgsbase tsc_adjust bmi1 avx2 smep bmi2 erms invpcid
bogomips	: 3392.23
clflush size	: 64
cache_alignment	: 64
address sizes	: 39 bits physical, 48 bits virtual
power management:

processor	: 3
vendor_id	: GenuineIntel
cpu family	: 6
model		: 69
model name	: Intel(R) Core(TM) i5-4210U CPU @ 1.70GHz
stepping	: 1
microcode	: 0x17
cpu MHz		: 782.000
cache size	: 3072 KB
physical id	: 0
siblings	: 4
core id		: 1
cpu cores	: 2
apicid		: 3
initial apicid	: 3
fdiv_bug	: no
f00f_bug	: no
coma_bug	: no
fpu		: yes
fpu_exception	: yes
cpuid level	: 13
wp		: yes
flags		: fpu vme de pse tsc msr pae mce cx8 apic sep mtrr pge mca cmov pat pse36 clflush dts acpi mmx fxsr sse sse2 ss ht tm pbe nx pdpe1gb rdtscp lm constant_tsc arch_perfmon pebs bts xtopology nonstop_tsc aperfmperf eagerfpu pni pclmulqdq dtes64 monitor ds_cpl vmx est tm2 ssse3 fma cx16 xtpr pdcm pcid sse4_1 sse4_2 movbe popcnt tsc_deadline_timer aes xsave avx f16c rdrand lahf_lm abm ida arat epb xsaveopt pln pts dtherm tpr_shadow vnmi flexpriority ept vpid fsgsbase tsc_adjust bmi1 avx2 smep bmi2 erms invpcid
bogomips	: 3392.23
clflush size	: 64
cache_alignment	: 64
address sizes	: 39 bits physical, 48 bits virtual
power management:



Memory: 4k page, physical 4035184k(219832k free), swap 0k(0k free)

vm_info: Java HotSpot(TM) Server VM (25.66-b17) for linux-x86 JRE (1.8.0_66-b17), built on Oct  6 2015 18:06:03 by "java_re" with gcc 4.3.0 20080428 (Red Hat 4.3.0-8)

time: Thu Dec 24 07:00:42 2015
elapsed time: 17 seconds (0d 0h 0m 17s)

