#
# There is insufficient memory for the Java Runtime Environment to continue.
# Native memory allocation (mmap) failed to map 128188416 bytes for committing reserved memory.
# Possible reasons:
#   The system is out of physical RAM or swap space
#   In 32 bit mode, the process size limit was hit
# Possible solutions:
#   Reduce memory load on the system
#   Increase physical memory or swap space
#   Check if swap backing store is full
#   Use 64 bit Java on a 64 bit OS
#   Decrease Java heap size (-Xmx/-Xms)
#   Decrease number of Java threads
#   Decrease Java thread stack sizes (-Xss)
#   Set larger code cache with -XX:ReservedCodeCacheSize=
# This output file may be truncated or incomplete.
#
#  Out of Memory Error (os_linux.cpp:2627), pid=26018, tid=1673374528
#
# JRE version: Java(TM) SE Runtime Environment (8.0_66-b17) (build 1.8.0_66-b17)
# Java VM: Java HotSpot(TM) Server VM (25.66-b17 mixed mode linux-x86 )
# Failed to write core dump. Core dumps have been disabled. To enable core dumping, try "ulimit -c unlimited" before starting Java again
#

---------------  T H R E A D  ---------------

Current thread (0x63a81400):  VMThread [stack: 0x63b5a000,0x63bdb000] [id=26028]

Stack: [0x63b5a000,0x63bdb000],  sp=0x63bd9780,  free space=509k
Native frames: (J=compiled Java code, j=interpreted, Vv=VM code, C=native code)
V  [libjvm.so+0x8cd0ff]  VMError::report_and_die()+0x16f
V  [libjvm.so+0x38bee5]  report_vm_out_of_memory(char const*, int, unsigned int, VMErrorType, char const*)+0x55
V  [libjvm.so+0x750ed6]  os::Linux::commit_memory_impl(char*, unsigned int, bool)+0xe6
V  [libjvm.so+0x7513a8]  os::pd_commit_memory(char*, unsigned int, unsigned int, bool)+0x28
V  [libjvm.so+0x74b2cc]  os::commit_memory(char*, unsigned int, unsigned int, bool)+0x2c
V  [libjvm.so+0x7b58a8]  PSVirtualSpace::expand_by(unsigned int)+0x48
V  [libjvm.so+0x7a8941]  PSOldGen::expand(unsigned int)+0x141
V  [libjvm.so+0x7a8a0f]  PSOldGen::resize(unsigned int)+0x8f
V  [libjvm.so+0x7af534]  PSParallelCompact::invoke_no_policy(bool)+0x874
V  [libjvm.so+0x7b3f0d]  PSScavenge::invoke()+0x16d
V  [libjvm.so+0x7728ba]  ParallelScavengeHeap::failed_mem_allocate(unsigned int)+0x5a
V  [libjvm.so+0x8cebca]  VM_ParallelGCFailedAllocation::doit()+0x7a
V  [libjvm.so+0x8d81d7]  VM_Operation::evaluate()+0x47
V  [libjvm.so+0x8d62b3]  VMThread::evaluate_operation(VM_Operation*)+0xb3
V  [libjvm.so+0x8d6650]  VMThread::loop()+0x1b0
V  [libjvm.so+0x8d6ab5]  VMThread::run()+0x85
V  [libjvm.so+0x753519]  java_start(Thread*)+0x119
C  [libpthread.so.0+0x6f70]  start_thread+0xd0

VM_Operation (0x62d5c8d0): ParallelGCFailedAllocation, mode: safepoint, requested by thread 0x63268400


---------------  P R O C E S S  ---------------

Java Threads: ( => current thread )
  0x63268400 JavaThread "pool-1-thread-1" [_thread_blocked, id=26076, stack(0x62d0d000,0x62d5e000)]
  0x63aaac00 JavaThread "Service Thread" daemon [_thread_blocked, id=26035, stack(0x63b09000,0x63b5a000)]
  0x63aa7800 JavaThread "C1 CompilerThread2" daemon [_thread_blocked, id=26034, stack(0x6347d000,0x634fe000)]
  0x63aa6000 JavaThread "C2 CompilerThread1" daemon [_thread_blocked, id=26033, stack(0x634fe000,0x6357f000)]
  0x63aa4400 JavaThread "C2 CompilerThread0" daemon [_thread_blocked, id=26032, stack(0x6357f000,0x63600000)]
  0x63aa2c00 JavaThread "Signal Dispatcher" daemon [_thread_blocked, id=26031, stack(0x6672e000,0x6677f000)]
  0x63a86000 JavaThread "Finalizer" daemon [_thread_blocked, id=26030, stack(0x6692e000,0x6697f000)]
  0x63a84800 JavaThread "Reference Handler" daemon [_thread_blocked, id=26029, stack(0x66b2e000,0x66b7f000)]
  0xb6607800 JavaThread "main" [_thread_blocked, id=26023, stack(0xb6718000,0xb6769000)]

Other Threads:
=>0x63a81400 VMThread [stack: 0x63b5a000,0x63bdb000] [id=26028]
  0x63abdc00 WatcherThread [stack: 0x633fc000,0x6347d000] [id=26036]

VM state:at safepoint (normal execution)

VM Mutex/Monitor currently owned by a thread:  ([mutex/lock_event])
[0xb66049b8] ExpandHeap_lock - owner thread: 0x63a81400
[0xb6604f00] Threads_lock - owner thread: 0x63a81400
[0xb6605310] Heap_lock - owner thread: 0x63268400

Heap:
 PSYoungGen      total 262912K, used 4005K [0x91ac0000, 0xa7000000, 0xa7000000)
  eden space 206080K, 0% used [0x91ac0000,0x91ac0000,0x9e400000)
  from space 56832K, 7% used [0xa3880000,0xa3c697f0,0xa7000000)
  to   space 71680K, 0% used [0x9e400000,0x9e400000,0xa2a00000)
 ParOldGen       total 235520K, used 235360K [0x67000000, 0x75600000, 0x91ac0000)
  object space 235520K, 99% used [0x67000000,0x755d82c8,0x75600000)
 Metaspace       used 4506K, capacity 4550K, committed 4632K, reserved 5424K

Card table byte_map: [0x66dff000,0x67000000] byte_map_base: 0x66ac7000

Marking Bits: (ParMarkBitMap*) 0xb71ad380
 Begin Bits: [0x64600000, 0x65600000)
 End Bits:   [0x65600000, 0x66600000)

Polling page: 0xb77b1000

CodeCache: size=245760Kb used=10786Kb max_used=10806Kb free=234973Kb
 bounds [0xa7584000, 0xa801c000, 0xb6584000]
 total_blobs=2989 nmethods=2828 adapters=75
 compilation: enabled

Compilation events (10 events):
Event: 11.939 Thread 0x63aa7800 3106       2       com.android.dx.dex.code.form.Form21h::isCompatible (121 bytes)
Event: 11.940 Thread 0x63aa7800 nmethod 3106 0xa8006a48 code [0xa8006bc0, 0xa8006f08]
Event: 11.940 Thread 0x63aa7800 3107       2       com.android.dx.dex.code.SimpleInsn::withOpcode (17 bytes)
Event: 11.940 Thread 0x63aa7800 nmethod 3107 0xa8006708 code [0xa8006820, 0xa800696c]
Event: 11.947 Thread 0x63aa7800 3108       2       com.android.dx.dex.code.BlockAddresses::getEnd (10 bytes)
Event: 11.947 Thread 0x63aa7800 nmethod 3108 0xa8006408 code [0xa8006520, 0xa8006620]
Event: 11.947 Thread 0x63aa7800 3109       2       com.android.dx.dex.code.CatchHandlerList$Entry::<init> (43 bytes)
Event: 11.948 Thread 0x63aa7800 nmethod 3109 0xa8005fc8 code [0xa8006100, 0xa80062f8]
Event: 11.948 Thread 0x63aa7800 3110       3       java.util.TreeMap::put (247 bytes)
Event: 11.949 Thread 0x63aa7800 nmethod 3110 0xa80048c8 code [0xa8004b00, 0xa80058e8]

GC Heap History (10 events):
Event: 7.036 GC heap after
Heap after GC invocations=15 (full 2):
 PSYoungGen      total 279552K, used 37885K [0x91ac0000, 0xa7000000, 0xa7000000)
  eden space 241664K, 0% used [0x91ac0000,0x91ac0000,0xa06c0000)
  from space 37888K, 99% used [0xa06c0000,0xa2bbf658,0xa2bc0000)
  to   space 54016K, 0% used [0xa3b40000,0xa3b40000,0xa7000000)
 ParOldGen       total 144640K, used 109685K [0x67000000, 0x6fd40000, 0x91ac0000)
  object space 144640K, 75% used [0x67000000,0x6db1d438,0x6fd40000)
 Metaspace       used 4280K, capacity 4326K, committed 4376K, reserved 4400K
}
Event: 7.823 GC heap before
{Heap before GC invocations=16 (full 2):
 PSYoungGen      total 279552K, used 279549K [0x91ac0000, 0xa7000000, 0xa7000000)
  eden space 241664K, 100% used [0x91ac0000,0xa06c0000,0xa06c0000)
  from space 37888K, 99% used [0xa06c0000,0xa2bbf658,0xa2bc0000)
  to   space 54016K, 0% used [0xa3b40000,0xa3b40000,0xa7000000)
 ParOldGen       total 144640K, used 109685K [0x67000000, 0x6fd40000, 0x91ac0000)
  object space 144640K, 75% used [0x67000000,0x6db1d438,0x6fd40000)
 Metaspace       used 4284K, capacity 4326K, committed 4376K, reserved 4400K
Event: 7.936 GC heap after
Heap after GC invocations=16 (full 2):
 PSYoungGen      total 289792K, used 36555K [0x91ac0000, 0xa7000000, 0xa7000000)
  eden space 235776K, 0% used [0x91ac0000,0x91ac0000,0xa0100000)
  from space 54016K, 67% used [0xa3b40000,0xa5ef2d68,0xa7000000)
  to   space 56832K, 0% used [0xa0100000,0xa0100000,0xa3880000)
 ParOldGen       total 145920K, used 145498K [0x67000000, 0x6fe80000, 0x91ac0000)
  object space 145920K, 99% used [0x67000000,0x6fe16b70,0x6fe80000)
 Metaspace       used 4284K, capacity 4326K, committed 4376K, reserved 4400K
}
Event: 7.936 GC heap before
{Heap before GC invocations=17 (full 3):
 PSYoungGen      total 289792K, used 36555K [0x91ac0000, 0xa7000000, 0xa7000000)
  eden space 235776K, 0% used [0x91ac0000,0x91ac0000,0xa0100000)
  from space 54016K, 67% used [0xa3b40000,0xa5ef2d68,0xa7000000)
  to   space 56832K, 0% used [0xa0100000,0xa0100000,0xa3880000)
 ParOldGen       total 145920K, used 145498K [0x67000000, 0x6fe80000, 0x91ac0000)
  object space 145920K, 99% used [0x67000000,0x6fe16b70,0x6fe80000)
 Metaspace       used 4284K, capacity 4326K, committed 4376K, reserved 4400K
Event: 8.842 GC heap after
Heap after GC invocations=17 (full 3):
 PSYoungGen      total 289792K, used 33938K [0x91ac0000, 0xa7000000, 0xa7000000)
  eden space 235776K, 0% used [0x91ac0000,0x91ac0000,0xa0100000)
  from space 54016K, 62% used [0xa3b40000,0xa5c64bd8,0xa7000000)
  to   space 56832K, 0% used [0xa0100000,0xa0100000,0xa3880000)
 ParOldGen       total 235520K, used 145742K [0x67000000, 0x75600000, 0x91ac0000)
  object space 235520K, 61% used [0x67000000,0x6fe53b70,0x75600000)
 Metaspace       used 4284K, capacity 4326K, committed 4376K, reserved 4400K
}
Event: 9.678 GC heap before
{Heap before GC invocations=18 (full 3):
 PSYoungGen      total 289792K, used 269714K [0x91ac0000, 0xa7000000, 0xa7000000)
  eden space 235776K, 100% used [0x91ac0000,0xa0100000,0xa0100000)
  from space 54016K, 62% used [0xa3b40000,0xa5c64bd8,0xa7000000)
  to   space 56832K, 0% used [0xa0100000,0xa0100000,0xa3880000)
 ParOldGen       total 235520K, used 145742K [0x67000000, 0x75600000, 0x91ac0000)
  object space 235520K, 61% used [0x67000000,0x6fe53b70,0x75600000)
 Metaspace       used 4294K, capacity 4326K, committed 4376K, reserved 4400K
Event: 9.823 GC heap after
Heap after GC invocations=18 (full 3):
 PSYoungGen      total 292608K, used 56829K [0x91ac0000, 0xa7000000, 0xa7000000)
  eden space 235776K, 0% used [0x91ac0000,0x91ac0000,0xa0100000)
  from space 56832K, 99% used [0xa0100000,0xa387f5f8,0xa3880000)
  to   space 56832K, 0% used [0xa3880000,0xa3880000,0xa7000000)
 ParOldGen       total 235520K, used 158909K [0x67000000, 0x75600000, 0x91ac0000)
  object space 235520K, 67% used [0x67000000,0x70b2f698,0x75600000)
 Metaspace       used 4294K, capacity 4326K, committed 4376K, reserved 4400K
}
Event: 11.951 GC heap before
{Heap before GC invocations=19 (full 3):
 PSYoungGen      total 292608K, used 292605K [0x91ac0000, 0xa7000000, 0xa7000000)
  eden space 235776K, 100% used [0x91ac0000,0xa0100000,0xa0100000)
  from space 56832K, 99% used [0xa0100000,0xa387f5f8,0xa3880000)
  to   space 56832K, 0% used [0xa3880000,0xa3880000,0xa7000000)
 ParOldGen       total 235520K, used 158909K [0x67000000, 0x75600000, 0x91ac0000)
  object space 235520K, 67% used [0x67000000,0x70b2f698,0x75600000)
 Metaspace       used 4506K, capacity 4550K, committed 4632K, reserved 5424K
Event: 12.202 GC heap after
Heap after GC invocations=19 (full 3):
 PSYoungGen      total 262912K, used 38602K [0x91ac0000, 0xa7000000, 0xa7000000)
  eden space 206080K, 0% used [0x91ac0000,0x91ac0000,0x9e400000)
  from space 56832K, 67% used [0xa3880000,0xa5e329e0,0xa7000000)
  to   space 71680K, 0% used [0x9e400000,0x9e400000,0xa2a00000)
 ParOldGen       total 235520K, used 215506K [0x67000000, 0x75600000, 0x91ac0000)
  object space 235520K, 91% used [0x67000000,0x74274a40,0x75600000)
 Metaspace       used 4506K, capacity 4550K, committed 4632K, reserved 5424K
}
Event: 12.202 GC heap before
{Heap before GC invocations=20 (full 4):
 PSYoungGen      total 262912K, used 38602K [0x91ac0000, 0xa7000000, 0xa7000000)
  eden space 206080K, 0% used [0x91ac0000,0x91ac0000,0x9e400000)
  from space 56832K, 67% used [0xa3880000,0xa5e329e0,0xa7000000)
  to   space 71680K, 0% used [0x9e400000,0x9e400000,0xa2a00000)
 ParOldGen       total 235520K, used 215506K [0x67000000, 0x75600000, 0x91ac0000)
  object space 235520K, 91% used [0x67000000,0x74274a40,0x75600000)
 Metaspace       used 4506K, capacity 4550K, committed 4632K, reserved 5424K

Deoptimization events (10 events):
Event: 10.606 Thread 0x63268400 Uncommon trap: reason=class_check action=maybe_recompile pc=0xa797afcc method=java.util.Arrays.hashCode([Ljava/lang/Object;)I @ 43
Event: 10.606 Thread 0x63268400 Uncommon trap: reason=class_check action=maybe_recompile pc=0xa797afcc method=java.util.Arrays.hashCode([Ljava/lang/Object;)I @ 43
Event: 10.606 Thread 0x63268400 Uncommon trap: reason=class_check action=maybe_recompile pc=0xa797afcc method=java.util.Arrays.hashCode([Ljava/lang/Object;)I @ 43
Event: 10.606 Thread 0x63268400 Uncommon trap: reason=class_check action=maybe_recompile pc=0xa7947a3c method=java.util.Arrays.hashCode([Ljava/lang/Object;)I @ 43
Event: 11.050 Thread 0x63268400 Uncommon trap: reason=unstable_if action=reinterpret pc=0xa7f588c8 method=com.android.dx.dex.code.OutputFinisher.addConstants(Ljava/util/HashSet;Lcom/android/dx/rop/code/RegisterSpec;)V @ 57
Event: 11.820 Thread 0x63268400 Uncommon trap: reason=class_check action=maybe_recompile pc=0xa782b4dc method=java.util.Arrays.equals([Ljava/lang/Object;[Ljava/lang/Object;)Z @ 62
Event: 11.820 Thread 0x63268400 Uncommon trap: reason=class_check action=maybe_recompile pc=0xa782b4dc method=java.util.Arrays.equals([Ljava/lang/Object;[Ljava/lang/Object;)Z @ 62
Event: 11.820 Thread 0x63268400 Uncommon trap: reason=class_check action=maybe_recompile pc=0xa782b4dc method=java.util.Arrays.equals([Ljava/lang/Object;[Ljava/lang/Object;)Z @ 62
Event: 11.820 Thread 0x63268400 Uncommon trap: reason=class_check action=maybe_recompile pc=0xa782b4dc method=java.util.Arrays.equals([Ljava/lang/Object;[Ljava/lang/Object;)Z @ 62
Event: 11.821 Thread 0x63268400 Uncommon trap: reason=unstable_if action=reinterpret pc=0xa7cc6088 method=java.util.TreeMap.put(Ljava/lang/Object;Ljava/lang/Object;)Ljava/lang/Object; @ 163

Internal exceptions (7 events):
Event: 0.030 Thread 0xb6607800 Exception <a 'java/lang/NoSuchMethodError': Method sun.misc.Unsafe.defineClass(Ljava/lang/String;[BII)Ljava/lang/Class; name or signature does not match> (0x91ad0540) thrown at [/HUDSON/workspace/8-2-build-linux-i586/jdk8u66/4988/hotspot/src/share/vm/prim
Event: 0.030 Thread 0xb6607800 Exception <a 'java/lang/NoSuchMethodError': Method sun.misc.Unsafe.prefetchRead(Ljava/lang/Object;J)V name or signature does not match> (0x91ad0810) thrown at [/HUDSON/workspace/8-2-build-linux-i586/jdk8u66/4988/hotspot/src/share/vm/prims/jni.cpp, line 39
Event: 1.033 Thread 0x63268400 Implicit null exception at 0xa77b35ef to 0xa77b5ce9
Event: 1.267 Thread 0x63268400 Implicit null exception at 0xa77d3fb0 to 0xa77d64bd
Event: 2.703 Thread 0x63256800 Exception <a 'java/lang/ArrayIndexOutOfBoundsException': 18> (0x92d58c50) thrown at [/HUDSON/workspace/8-2-build-linux-i586/jdk8u66/4988/hotspot/src/share/vm/interpreter/interpreterRuntime.cpp, line 366]
Event: 2.703 Thread 0x63256800 Exception <a 'java/lang/ArrayIndexOutOfBoundsException': 145> (0x92d5a4f0) thrown at [/HUDSON/workspace/8-2-build-linux-i586/jdk8u66/4988/hotspot/src/share/vm/interpreter/interpreterRuntime.cpp, line 366]
Event: 2.716 Thread 0x63256800 Exception <a 'java/lang/ArrayIndexOutOfBoundsException'> (0x92d5b5d0) thrown at [/HUDSON/workspace/8-2-build-linux-i586/jdk8u66/4988/hotspot/src/share/vm/runtime/sharedRuntime.cpp, line 605]

Events (10 events):
Event: 11.866 Thread 0x63aa7800 flushing nmethod 0xa7673648
Event: 11.881 Thread 0x63268400 DEOPT PACKING pc=0xa7fca715 sp=0x62d5cad0
Event: 11.881 Thread 0x63268400 DEOPT UNPACKING pc=0xa75c0590 sp=0x62d5c9cc mode 0
Event: 11.889 Thread 0x63268400 DEOPT PACKING pc=0xa7fcd8cc sp=0x62d5cb30
Event: 11.889 Thread 0x63268400 DEOPT UNPACKING pc=0xa75c0590 sp=0x62d5c9dc mode 0
Event: 11.889 Thread 0x63268400 DEOPT PACKING pc=0xa7fcc9ec sp=0x62d5cad0
Event: 11.889 Thread 0x63268400 DEOPT UNPACKING pc=0xa75c0590 sp=0x62d5c9b4 mode 0
Event: 11.892 Thread 0x63268400 DEOPT PACKING pc=0xa7fc3a05 sp=0x62d5cad0
Event: 11.892 Thread 0x63268400 DEOPT UNPACKING pc=0xa75c0590 sp=0x62d5c990 mode 0
Event: 11.951 Executing VM operation: ParallelGCFailedAllocation


Dynamic libraries:
08048000-08049000 r-xp 00000000 08:06 1552326    /usr/lib/jvm/java-8-oracle/bin/java
08049000-0804a000 rw-p 00000000 08:06 1552326    /usr/lib/jvm/java-8-oracle/bin/java
08441000-084c4000 rw-p 00000000 00:00 0          [heap]
60f00000-60ff1000 rw-p 00000000 00:00 0 
60ff1000-61000000 ---p 00000000 00:00 0 
61000000-610f8000 rw-p 00000000 00:00 0 
610f8000-61100000 ---p 00000000 00:00 0 
61100000-611ff000 rw-p 00000000 00:00 0 
611ff000-61200000 ---p 00000000 00:00 0 
61500000-616ff000 rw-p 00000000 00:00 0 
616ff000-61700000 ---p 00000000 00:00 0 
61800000-618ec000 rw-p 00000000 00:00 0 
618ec000-61900000 ---p 00000000 00:00 0 
61900000-619fd000 rw-p 00000000 00:00 0 
619fd000-61a00000 ---p 00000000 00:00 0 
61b00000-61c00000 rw-p 00000000 00:00 0 
61d00000-61e00000 rw-p 00000000 00:00 0 
61e00000-61efe000 rw-p 00000000 00:00 0 
61efe000-61f00000 ---p 00000000 00:00 0 
61f00000-62000000 rw-p 00000000 00:00 0 
62100000-621c2000 rw-p 00000000 00:00 0 
621c2000-62200000 ---p 00000000 00:00 0 
62200000-622f5000 rw-p 00000000 00:00 0 
622f5000-62300000 ---p 00000000 00:00 0 
62300000-623f5000 rw-p 00000000 00:00 0 
623f5000-62400000 ---p 00000000 00:00 0 
62400000-624dc000 rw-p 00000000 00:00 0 
624dc000-62500000 ---p 00000000 00:00 0 
62500000-62600000 rw-p 00000000 00:00 0 
62600000-62700000 rw-p 00000000 00:00 0 
62700000-627e2000 rw-p 00000000 00:00 0 
627e2000-62800000 ---p 00000000 00:00 0 
62800000-628ff000 rw-p 00000000 00:00 0 
628ff000-62900000 ---p 00000000 00:00 0 
62900000-62940000 rw-p 00000000 00:00 0 
62940000-62a00000 ---p 00000000 00:00 0 
62a00000-62af4000 rw-p 00000000 00:00 0 
62af4000-62b00000 ---p 00000000 00:00 0 
62b3a000-62c00000 rw-p 00000000 00:00 0 
62c00000-62cfe000 rw-p 00000000 00:00 0 
62cfe000-62d00000 ---p 00000000 00:00 0 
62d0d000-62d10000 ---p 00000000 00:00 0 
62d10000-62d5e000 rw-p 00000000 00:00 0          [stack:26076]
62d5e000-62d61000 ---p 00000000 00:00 0 
62d61000-62daf000 rw-p 00000000 00:00 0 
62daf000-62db2000 ---p 00000000 00:00 0 
62db2000-62e00000 rw-p 00000000 00:00 0 
62e00000-62f00000 rw-p 00000000 00:00 0 
62f00000-62ff9000 rw-p 00000000 00:00 0 
62ff9000-63000000 ---p 00000000 00:00 0 
63000000-630f9000 rw-p 00000000 00:00 0 
630f9000-63100000 ---p 00000000 00:00 0 
63100000-631f9000 rw-p 00000000 00:00 0 
631f9000-63200000 ---p 00000000 00:00 0 
63200000-632d2000 rw-p 00000000 00:00 0 
632d2000-63300000 ---p 00000000 00:00 0 
6330f000-63312000 ---p 00000000 00:00 0 
63312000-63360000 rw-p 00000000 00:00 0 
63360000-63363000 ---p 00000000 00:00 0 
63363000-633b1000 rw-p 00000000 00:00 0 
633fc000-633fd000 ---p 00000000 00:00 0 
633fd000-6347d000 rw-p 00000000 00:00 0          [stack:26036]
6347d000-63480000 ---p 00000000 00:00 0 
63480000-634fe000 rw-p 00000000 00:00 0          [stack:26034]
634fe000-63501000 ---p 00000000 00:00 0 
63501000-6357f000 rw-p 00000000 00:00 0          [stack:26033]
6357f000-63582000 ---p 00000000 00:00 0 
63582000-63600000 rw-p 00000000 00:00 0          [stack:26032]
63600000-63800000 r--p 00000000 08:06 1093651    /usr/lib/locale/locale-archive
63800000-638f9000 rw-p 00000000 00:00 0 
638f9000-63900000 ---p 00000000 00:00 0 
63900000-63932000 rw-p 00000000 00:00 0 
63932000-63a00000 ---p 00000000 00:00 0 
63a00000-63b00000 rw-p 00000000 00:00 0 
63b09000-63b0c000 ---p 00000000 00:00 0 
63b0c000-63b5a000 rw-p 00000000 00:00 0          [stack:26035]
63b5a000-63b5b000 ---p 00000000 00:00 0 
63b5b000-63bdb000 rw-p 00000000 00:00 0          [stack:26028]
63bdb000-63db4000 r--s 03d20000 08:06 1286207    /usr/lib/jvm/java-8-oracle/jre/lib/rt.jar
63db4000-641fa000 rw-p 00000000 00:00 0 
641fa000-64200000 ---p 00000000 00:00 0 
64200000-66600000 rw-p 00000000 00:00 0 
66600000-666fb000 rw-p 00000000 00:00 0 
666fb000-66700000 ---p 00000000 00:00 0 
6672e000-66731000 ---p 00000000 00:00 0 
66731000-6677f000 rw-p 00000000 00:00 0          [stack:26031]
6677f000-66780000 ---p 00000000 00:00 0 
66780000-66800000 rw-p 00000000 00:00 0          [stack:26027]
66800000-668fb000 rw-p 00000000 00:00 0 
668fb000-66900000 ---p 00000000 00:00 0 
6692e000-66931000 ---p 00000000 00:00 0 
66931000-6697f000 rw-p 00000000 00:00 0          [stack:26030]
6697f000-66980000 ---p 00000000 00:00 0 
66980000-66a00000 rw-p 00000000 00:00 0          [stack:26026]
66a00000-66a21000 rw-p 00000000 00:00 0 
66a21000-66b00000 ---p 00000000 00:00 0 
66b2e000-66b31000 ---p 00000000 00:00 0 
66b31000-66b7f000 rw-p 00000000 00:00 0          [stack:26029]
66b7f000-66b80000 ---p 00000000 00:00 0 
66b80000-66c00000 rw-p 00000000 00:00 0          [stack:26025]
66c00000-66c21000 rw-p 00000000 00:00 0 
66c21000-66d00000 ---p 00000000 00:00 0 
66d23000-66d7e000 rw-p 00000000 00:00 0 
66d7e000-66d7f000 ---p 00000000 00:00 0 
66d7f000-66e72000 rw-p 00000000 00:00 0          [stack:26024]
66e72000-66f54000 ---p 00000000 00:00 0 
66f54000-66fff000 rw-p 00000000 00:00 0 
66fff000-75600000 rw-p 00000000 00:00 0 
7cdef000-7d040000 rw-p 00000000 00:00 0 
7d040000-91ac0000 ---p 00000000 00:00 0 
91ac0000-a7000000 rw-p 00000000 00:00 0 
a7007000-a70e1000 rw-p 00000000 00:00 0 
a70e1000-a71c4000 ---p 00000000 00:00 0 
a71c4000-a71ef000 rw-p 00000000 00:00 0 
a71ef000-a7584000 ---p 00000000 00:00 0 
a7584000-a801c000 rwxp 00000000 00:00 0 
a801c000-b6584000 ---p 00000000 00:00 0 
b6584000-b659d000 r-xp 00000000 08:06 1387720    /usr/lib/jvm/java-8-oracle/jre/lib/i386/libzip.so
b659d000-b659e000 rw-p 00019000 08:06 1387720    /usr/lib/jvm/java-8-oracle/jre/lib/i386/libzip.so
b659e000-b65a9000 r-xp 00000000 08:06 1933505    /lib/i386-linux-gnu/libnss_files-2.19.so
b65a9000-b65aa000 r--p 0000a000 08:06 1933505    /lib/i386-linux-gnu/libnss_files-2.19.so
b65aa000-b65ab000 rw-p 0000b000 08:06 1933505    /lib/i386-linux-gnu/libnss_files-2.19.so
b65ab000-b65c0000 r-xp 00000000 08:06 1933492    /lib/i386-linux-gnu/libnsl-2.19.so
b65c0000-b65c1000 r--p 00015000 08:06 1933492    /lib/i386-linux-gnu/libnsl-2.19.so
b65c1000-b65c2000 rw-p 00016000 08:06 1933492    /lib/i386-linux-gnu/libnsl-2.19.so
b65c2000-b65c4000 rw-p 00000000 00:00 0 
b65c4000-b65d3000 r--s 000df000 08:06 3122779    /home/priya/Android/Sdk/build-tools/23.0.2/lib/dx.jar
b65d3000-b65db000 rw-s 00000000 08:06 386451     /tmp/hsperfdata_priya/26018
b65db000-b65ff000 r-xp 00000000 08:06 1387732    /usr/lib/jvm/java-8-oracle/jre/lib/i386/libjava.so
b65ff000-b6600000 rw-p 00023000 08:06 1387732    /usr/lib/jvm/java-8-oracle/jre/lib/i386/libjava.so
b6600000-b66fb000 rw-p 00000000 00:00 0 
b66fb000-b6700000 ---p 00000000 00:00 0 
b6700000-b6702000 rw-p 00000000 00:00 0 
b6702000-b6703000 r--p 00850000 08:06 1093651    /usr/lib/locale/locale-archive
b6703000-b670d000 r-xp 00000000 08:06 1933491    /lib/i386-linux-gnu/libnss_nis-2.19.so
b670d000-b670e000 r--p 00009000 08:06 1933491    /lib/i386-linux-gnu/libnss_nis-2.19.so
b670e000-b670f000 rw-p 0000a000 08:06 1933491    /lib/i386-linux-gnu/libnss_nis-2.19.so
b670f000-b6716000 r-xp 00000000 08:06 1933506    /lib/i386-linux-gnu/librt-2.19.so
b6716000-b6717000 r--p 00006000 08:06 1933506    /lib/i386-linux-gnu/librt-2.19.so
b6717000-b6718000 rw-p 00007000 08:06 1933506    /lib/i386-linux-gnu/librt-2.19.so
b6718000-b671b000 ---p 00000000 00:00 0 
b671b000-b6769000 rw-p 00000000 00:00 0          [stack:26023]
b6769000-b67ad000 r-xp 00000000 08:06 1933496    /lib/i386-linux-gnu/libm-2.19.so
b67ad000-b67ae000 r--p 00043000 08:06 1933496    /lib/i386-linux-gnu/libm-2.19.so
b67ae000-b67af000 rw-p 00044000 08:06 1933496    /lib/i386-linux-gnu/libm-2.19.so
b67af000-b712f000 r-xp 00000000 08:06 1395826    /usr/lib/jvm/java-8-oracle/jre/lib/i386/server/libjvm.so
b712f000-b719c000 rw-p 00980000 08:06 1395826    /usr/lib/jvm/java-8-oracle/jre/lib/i386/server/libjvm.so
b719c000-b75c2000 rw-p 00000000 00:00 0 
b75c2000-b776a000 r-xp 00000000 08:06 1933488    /lib/i386-linux-gnu/libc-2.19.so
b776a000-b776c000 r--p 001a8000 08:06 1933488    /lib/i386-linux-gnu/libc-2.19.so
b776c000-b776d000 rw-p 001aa000 08:06 1933488    /lib/i386-linux-gnu/libc-2.19.so
b776d000-b7770000 rw-p 00000000 00:00 0 
b7770000-b7773000 r-xp 00000000 08:06 1933489    /lib/i386-linux-gnu/libdl-2.19.so
b7773000-b7774000 r--p 00002000 08:06 1933489    /lib/i386-linux-gnu/libdl-2.19.so
b7774000-b7775000 rw-p 00003000 08:06 1933489    /lib/i386-linux-gnu/libdl-2.19.so
b7775000-b7789000 r-xp 00000000 08:06 1549650    /usr/lib/jvm/java-8-oracle/lib/i386/jli/libjli.so
b7789000-b778a000 rw-p 00014000 08:06 1549650    /usr/lib/jvm/java-8-oracle/lib/i386/jli/libjli.so
b778a000-b778b000 rw-p 00000000 00:00 0 
b778b000-b77a3000 r-xp 00000000 08:06 1933501    /lib/i386-linux-gnu/libpthread-2.19.so
b77a3000-b77a4000 r--p 00018000 08:06 1933501    /lib/i386-linux-gnu/libpthread-2.19.so
b77a4000-b77a5000 rw-p 00019000 08:06 1933501    /lib/i386-linux-gnu/libpthread-2.19.so
b77a5000-b77a7000 rw-p 00000000 00:00 0 
b77a7000-b77ae000 r-xp 00000000 08:06 1933497    /lib/i386-linux-gnu/libnss_compat-2.19.so
b77ae000-b77af000 r--p 00006000 08:06 1933497    /lib/i386-linux-gnu/libnss_compat-2.19.so
b77af000-b77b0000 rw-p 00007000 08:06 1933497    /lib/i386-linux-gnu/libnss_compat-2.19.so
b77b0000-b77b1000 rw-p 00000000 00:00 0 
b77b1000-b77b2000 ---p 00000000 00:00 0 
b77b2000-b77bd000 r-xp 00000000 08:06 1387688    /usr/lib/jvm/java-8-oracle/jre/lib/i386/libverify.so
b77bd000-b77be000 rw-p 0000b000 08:06 1387688    /usr/lib/jvm/java-8-oracle/jre/lib/i386/libverify.so
b77be000-b77c0000 rw-p 00000000 00:00 0 
b77c0000-b77c1000 r-xp 00000000 00:00 0          [vdso]
b77c1000-b77e1000 r-xp 00000000 08:06 1933490    /lib/i386-linux-gnu/ld-2.19.so
b77e1000-b77e2000 r--p 0001f000 08:06 1933490    /lib/i386-linux-gnu/ld-2.19.so
b77e2000-b77e3000 rw-p 00020000 08:06 1933490    /lib/i386-linux-gnu/ld-2.19.so
bf96a000-bf96b000 rwxp 00000000 00:00 0 
bf99d000-bf9be000 rw-p 00000000 00:00 0          [stack]

VM Arguments:
jvm_args: -Djava.awt.headless=true -Xmx1024M -Dfile.encoding=UTF-8 -Duser.country=IN -Duser.language=en -Duser.variant 
java_command: com.android.dx.command.Main --dex --num-threads=4 --multi-dex --main-dex-list /home/priya/matrix/Kurukshetra/app/build/intermediates/multi-dex/debug/maindexlist.txt --output /home/priya/matrix/Kurukshetra/app/build/intermediates/transforms/dex/debug/folders/1000/1f/main /home/priya/matrix/Kurukshetra/app/build/intermediates/transforms/jarMerging/debug/jars/1/1f/combined.jar
java_class_path (initial): /home/priya/Android/Sdk/build-tools/23.0.2/lib/dx.jar
Launcher Type: SUN_STANDARD

Environment Variables:
JAVA_HOME=/usr/lib/jvm/java-8-oracle
PATH=/usr/local/sbin:/usr/local/bin:/usr/sbin:/usr/bin:/sbin:/bin:/usr/games:/usr/local/games:/home/priya/matrix/proxy/google_appengine/
LD_LIBRARY_PATH=bin:
SHELL=/bin/bash
DISPLAY=:0

Signal Handlers:
SIGSEGV: [libjvm.so+0x8cdc10], sa_mask[0]=11111111011111111101111111111110, sa_flags=SA_RESTART|SA_SIGINFO
SIGBUS: [libjvm.so+0x8cdc10], sa_mask[0]=11111111011111111101111111111110, sa_flags=SA_RESTART|SA_SIGINFO
SIGFPE: [libjvm.so+0x74dbb0], sa_mask[0]=11111111011111111101111111111110, sa_flags=SA_RESTART|SA_SIGINFO
SIGPIPE: [libjvm.so+0x74dbb0], sa_mask[0]=11111111011111111101111111111110, sa_flags=SA_RESTART|SA_SIGINFO
SIGXFSZ: [libjvm.so+0x74dbb0], sa_mask[0]=11111111011111111101111111111110, sa_flags=SA_RESTART|SA_SIGINFO
SIGILL: [libjvm.so+0x74dbb0], sa_mask[0]=11111111011111111101111111111110, sa_flags=SA_RESTART|SA_SIGINFO
SIGUSR1: SIG_DFL, sa_mask[0]=00000000000000000000000000000000, sa_flags=none
SIGUSR2: [libjvm.so+0x74f230], sa_mask[0]=00100000000000000000000000000000, sa_flags=SA_RESTART|SA_SIGINFO
SIGHUP: [libjvm.so+0x7506e0], sa_mask[0]=11111111011111111101111111111110, sa_flags=SA_RESTART|SA_SIGINFO
SIGINT: [libjvm.so+0x7506e0], sa_mask[0]=11111111011111111101111111111110, sa_flags=SA_RESTART|SA_SIGINFO
SIGTERM: [libjvm.so+0x7506e0], sa_mask[0]=11111111011111111101111111111110, sa_flags=SA_RESTART|SA_SIGINFO
SIGQUIT: [libjvm.so+0x7506e0], sa_mask[0]=11111111011111111101111111111110, sa_flags=SA_RESTART|SA_SIGINFO


---------------  S Y S T E M  ---------------

OS:DISTRIB_ID=Ubuntu
DISTRIB_RELEASE=14.04
DISTRIB_CODENAME=trusty
DISTRIB_DESCRIPTION="Ubuntu 14.04.3 LTS"

uname:Linux 3.13.0-74-generic #118-Ubuntu SMP Thu Dec 17 22:52:02 UTC 2015 i686
libc:glibc 2.19 NPTL 2.19 
rlimit: STACK 8192k, CORE 0k, NPROC 31374, NOFILE 4096, AS infinity
load average:2.12 1.05 1.20

/proc/meminfo:
MemTotal:        4035184 kB
MemFree:          226240 kB
Buffers:            1808 kB
Cached:           417448 kB
SwapCached:            0 kB
Active:          3296964 kB
Inactive:         403940 kB
Active(anon):    3286292 kB
Inactive(anon):   381712 kB
Active(file):      10672 kB
Inactive(file):    22228 kB
Unevictable:         120 kB
Mlocked:             120 kB
HighTotal:       3182980 kB
HighFree:          57452 kB
LowTotal:         852204 kB
LowFree:          168788 kB
SwapTotal:             0 kB
SwapFree:              0 kB
Dirty:                96 kB
Writeback:             0 kB
AnonPages:       3282016 kB
Mapped:           106804 kB
Shmem:            385960 kB
Slab:              51636 kB
SReclaimable:      25412 kB
SUnreclaim:        26224 kB
KernelStack:        4888 kB
PageTables:        17920 kB
NFS_Unstable:          0 kB
Bounce:               12 kB
WritebackTmp:          0 kB
CommitLimit:     2017592 kB
Committed_AS:    8323356 kB
VmallocTotal:     122880 kB
VmallocUsed:       70844 kB
VmallocChunk:      23352 kB
HardwareCorrupted:     0 kB
AnonHugePages:   1533952 kB
HugePages_Total:       0
HugePages_Free:        0
HugePages_Rsvd:        0
HugePages_Surp:        0
Hugepagesize:       2048 kB
DirectMap4k:       34808 kB
DirectMap2M:      878592 kB


CPU:total 4 (2 cores per cpu, 2 threads per core) family 6 model 69 stepping 1, cmov, cx8, fxsr, mmx, sse, sse2, sse3, ssse3, sse4.1, sse4.2, popcnt, avx, avx2, aes, clmul, erms, lzcnt, ht, tsc, tscinvbit, bmi1, bmi2

/proc/cpuinfo:
processor	: 0
vendor_id	: GenuineIntel
cpu family	: 6
model		: 69
model name	: Intel(R) Core(TM) i5-4210U CPU @ 1.70GHz
stepping	: 1
microcode	: 0x17
cpu MHz		: 782.000
cache size	: 3072 KB
physical id	: 0
siblings	: 4
core id		: 0
cpu cores	: 2
apicid		: 0
initial apicid	: 0
fdiv_bug	: no
f00f_bug	: no
coma_bug	: no
fpu		: yes
fpu_exception	: yes
cpuid level	: 13
wp		: yes
flags		: fpu vme de pse tsc msr pae mce cx8 apic sep mtrr pge mca cmov pat pse36 clflush dts acpi mmx fxsr sse sse2 ss ht tm pbe nx pdpe1gb rdtscp lm constant_tsc arch_perfmon pebs bts xtopology nonstop_tsc aperfmperf eagerfpu pni pclmulqdq dtes64 monitor ds_cpl vmx est tm2 ssse3 fma cx16 xtpr pdcm pcid sse4_1 sse4_2 movbe popcnt tsc_deadline_timer aes xsave avx f16c rdrand lahf_lm abm ida arat epb xsaveopt pln pts dtherm tpr_shadow vnmi flexpriority ept vpid fsgsbase tsc_adjust bmi1 avx2 smep bmi2 erms invpcid
bogomips	: 3392.23
clflush size	: 64
cache_alignment	: 64
address sizes	: 39 bits physical, 48 bits virtual
power management:

processor	: 1
vendor_id	: GenuineIntel
cpu family	: 6
model		: 69
model name	: Intel(R) Core(TM) i5-4210U CPU @ 1.70GHz
stepping	: 1
microcode	: 0x17
cpu MHz		: 782.000
cache size	: 3072 KB
physical id	: 0
siblings	: 4
core id		: 1
cpu cores	: 2
apicid		: 2
initial apicid	: 2
fdiv_bug	: no
f00f_bug	: no
coma_bug	: no
fpu		: yes
fpu_exception	: yes
cpuid level	: 13
wp		: yes
flags		: fpu vme de pse tsc msr pae mce cx8 apic sep mtrr pge mca cmov pat pse36 clflush dts acpi mmx fxsr sse sse2 ss ht tm pbe nx pdpe1gb rdtscp lm constant_tsc arch_perfmon pebs bts xtopology nonstop_tsc aperfmperf eagerfpu pni pclmulqdq dtes64 monitor ds_cpl vmx est tm2 ssse3 fma cx16 xtpr pdcm pcid sse4_1 sse4_2 movbe popcnt tsc_deadline_timer aes xsave avx f16c rdrand lahf_lm abm ida arat epb xsaveopt pln pts dtherm tpr_shadow vnmi flexpriority ept vpid fsgsbase tsc_adjust bmi1 avx2 smep bmi2 erms invpcid
bogomips	: 3392.23
clflush size	: 64
cache_alignment	: 64
address sizes	: 39 bits physical, 48 bits virtual
power management:

processor	: 2
vendor_id	: GenuineIntel
cpu family	: 6
model		: 69
model name	: Intel(R) Core(TM) i5-4210U CPU @ 1.70GHz
stepping	: 1
microcode	: 0x17
cpu MHz		: 782.000
cache size	: 3072 KB
physical id	: 0
siblings	: 4
core id		: 0
cpu cores	: 2
apicid		: 1
initial apicid	: 1
fdiv_bug	: no
f00f_bug	: no
coma_bug	: no
fpu		: yes
fpu_exception	: yes
cpuid level	: 13
wp		: yes
flags		: fpu vme de pse tsc msr pae mce cx8 apic sep mtrr pge mca cmov pat pse36 clflush dts acpi mmx fxsr sse sse2 ss ht tm pbe nx pdpe1gb rdtscp lm constant_tsc arch_perfmon pebs bts xtopology nonstop_tsc aperfmperf eagerfpu pni pclmulqdq dtes64 monitor ds_cpl vmx est tm2 ssse3 fma cx16 xtpr pdcm pcid sse4_1 sse4_2 movbe popcnt tsc_deadline_timer aes xsave avx f16c rdrand lahf_lm abm ida arat epb xsaveopt pln pts dtherm tpr_shadow vnmi flexpriority ept vpid fsgsbase tsc_adjust bmi1 avx2 smep bmi2 erms invpcid
bogomips	: 3392.23
clflush size	: 64
cache_alignment	: 64
address sizes	: 39 bits physical, 48 bits virtual
power management:

processor	: 3
vendor_id	: GenuineIntel
cpu family	: 6
model		: 69
model name	: Intel(R) Core(TM) i5-4210U CPU @ 1.70GHz
stepping	: 1
microcode	: 0x17
cpu MHz		: 1700.000
cache size	: 3072 KB
physical id	: 0
siblings	: 4
core id		: 1
cpu cores	: 2
apicid		: 3
initial apicid	: 3
fdiv_bug	: no
f00f_bug	: no
coma_bug	: no
fpu		: yes
fpu_exception	: yes
cpuid level	: 13
wp		: yes
flags		: fpu vme de pse tsc msr pae mce cx8 apic sep mtrr pge mca cmov pat pse36 clflush dts acpi mmx fxsr sse sse2 ss ht tm pbe nx pdpe1gb rdtscp lm constant_tsc arch_perfmon pebs bts xtopology nonstop_tsc aperfmperf eagerfpu pni pclmulqdq dtes64 monitor ds_cpl vmx est tm2 ssse3 fma cx16 xtpr pdcm pcid sse4_1 sse4_2 movbe popcnt tsc_deadline_timer aes xsave avx f16c rdrand lahf_lm abm ida arat epb xsaveopt pln pts dtherm tpr_shadow vnmi flexpriority ept vpid fsgsbase tsc_adjust bmi1 avx2 smep bmi2 erms invpcid
bogomips	: 3392.23
clflush size	: 64
cache_alignment	: 64
address sizes	: 39 bits physical, 48 bits virtual
power management:



Memory: 4k page, physical 4035184k(226240k free), swap 0k(0k free)

vm_info: Java HotSpot(TM) Server VM (25.66-b17) for linux-x86 JRE (1.8.0_66-b17), built on Oct  6 2015 18:06:03 by "java_re" with gcc 4.3.0 20080428 (Red Hat 4.3.0-8)

time: Thu Dec 24 09:22:02 2015
elapsed time: 14 seconds (0d 0h 0m 14s)

