#
# There is insufficient memory for the Java Runtime Environment to continue.
# Native memory allocation (mmap) failed to map 120848384 bytes for committing reserved memory.
# Possible reasons:
#   The system is out of physical RAM or swap space
#   In 32 bit mode, the process size limit was hit
# Possible solutions:
#   Reduce memory load on the system
#   Increase physical memory or swap space
#   Check if swap backing store is full
#   Use 64 bit Java on a 64 bit OS
#   Decrease Java heap size (-Xmx/-Xms)
#   Decrease number of Java threads
#   Decrease Java thread stack sizes (-Xss)
#   Set larger code cache with -XX:ReservedCodeCacheSize=
# This output file may be truncated or incomplete.
#
#  Out of Memory Error (os_linux.cpp:2627), pid=9937, tid=1674099520
#
# JRE version: Java(TM) SE Runtime Environment (8.0_66-b17) (build 1.8.0_66-b17)
# Java VM: Java HotSpot(TM) Server VM (25.66-b17 mixed mode linux-x86 )
# Failed to write core dump. Core dumps have been disabled. To enable core dumping, try "ulimit -c unlimited" before starting Java again
#

---------------  T H R E A D  ---------------

Current thread (0x63b81400):  VMThread [stack: 0x63c0b000,0x63c8c000] [id=9947]

Stack: [0x63c0b000,0x63c8c000],  sp=0x63c8a800,  free space=510k
Native frames: (J=compiled Java code, j=interpreted, Vv=VM code, C=native code)
V  [libjvm.so+0x8cd0ff]  VMError::report_and_die()+0x16f
V  [libjvm.so+0x38bee5]  report_vm_out_of_memory(char const*, int, unsigned int, VMErrorType, char const*)+0x55
V  [libjvm.so+0x750ed6]  os::Linux::commit_memory_impl(char*, unsigned int, bool)+0xe6
V  [libjvm.so+0x7513a8]  os::pd_commit_memory(char*, unsigned int, unsigned int, bool)+0x28
V  [libjvm.so+0x74b2cc]  os::commit_memory(char*, unsigned int, unsigned int, bool)+0x2c
V  [libjvm.so+0x7b58a8]  PSVirtualSpace::expand_by(unsigned int)+0x48
V  [libjvm.so+0x7a8941]  PSOldGen::expand(unsigned int)+0x141
V  [libjvm.so+0x7a8a0f]  PSOldGen::resize(unsigned int)+0x8f
V  [libjvm.so+0x7af534]  PSParallelCompact::invoke_no_policy(bool)+0x874
V  [libjvm.so+0x7b3f0d]  PSScavenge::invoke()+0x16d
V  [libjvm.so+0x7728ba]  ParallelScavengeHeap::failed_mem_allocate(unsigned int)+0x5a
V  [libjvm.so+0x8cebca]  VM_ParallelGCFailedAllocation::doit()+0x7a
V  [libjvm.so+0x8d81d7]  VM_Operation::evaluate()+0x47
V  [libjvm.so+0x8d62b3]  VMThread::evaluate_operation(VM_Operation*)+0xb3
V  [libjvm.so+0x8d6650]  VMThread::loop()+0x1b0
V  [libjvm.so+0x8d6ab5]  VMThread::run()+0x85
V  [libjvm.so+0x753519]  java_start(Thread*)+0x119
C  [libpthread.so.0+0x6f70]  start_thread+0xd0

VM_Operation (0xb66f76e4): ParallelGCFailedAllocation, mode: safepoint, requested by thread 0xb6507800


---------------  P R O C E S S  ---------------

Java Threads: ( => current thread )
  0x6328ec00 JavaThread "pool-2-thread-4" [_thread_blocked, id=9960, stack(0x62abc000,0x62b0d000)]
  0x63282c00 JavaThread "pool-2-thread-3" [_thread_blocked, id=9959, stack(0x62b0d000,0x62b5e000)]
  0x63281400 JavaThread "pool-2-thread-2" [_thread_blocked, id=9958, stack(0x62b5e000,0x62baf000)]
  0x6327fc00 JavaThread "pool-3-thread-1" [_thread_blocked, id=9957, stack(0x62baf000,0x62c00000)]
  0x6325e800 JavaThread "pool-2-thread-1" [_thread_blocked, id=9956, stack(0x6330f000,0x63360000)]
  0x63baa800 JavaThread "Service Thread" daemon [_thread_blocked, id=9954, stack(0x6342c000,0x6347d000)]
  0x63ba7800 JavaThread "C1 CompilerThread2" daemon [_thread_blocked, id=9953, stack(0x6347d000,0x634fe000)]
  0x63ba6000 JavaThread "C2 CompilerThread1" daemon [_thread_blocked, id=9952, stack(0x634fe000,0x6357f000)]
  0x63ba4400 JavaThread "C2 CompilerThread0" daemon [_thread_blocked, id=9951, stack(0x6357f000,0x63600000)]
  0x63ba2c00 JavaThread "Signal Dispatcher" daemon [_thread_blocked, id=9950, stack(0x63a0d000,0x63a5e000)]
  0x63b86000 JavaThread "Finalizer" daemon [_thread_blocked, id=9949, stack(0x63a5e000,0x63aaf000)]
  0x63b84800 JavaThread "Reference Handler" daemon [_thread_blocked, id=9948, stack(0x63aaf000,0x63b00000)]
  0xb6507800 JavaThread "main" [_thread_blocked, id=9940, stack(0xb66a8000,0xb66f9000)]

Other Threads:
=>0x63b81400 VMThread [stack: 0x63c0b000,0x63c8c000] [id=9947]
  0x63badc00 WatcherThread [stack: 0x633ab000,0x6342c000] [id=9955]

VM state:at safepoint (normal execution)

VM Mutex/Monitor currently owned by a thread:  ([mutex/lock_event])
[0xb65049b8] ExpandHeap_lock - owner thread: 0x63b81400
[0xb6504f00] Threads_lock - owner thread: 0x63b81400
[0xb6505310] Heap_lock - owner thread: 0xb6507800

Heap:
 PSYoungGen      total 268544K, used 13509K [0x91ac0000, 0xa7000000, 0xa7000000)
  eden space 212736K, 0% used [0x91ac0000,0x91ac0000,0x9ea80000)
  from space 55808K, 24% used [0xa3980000,0xa46b1728,0xa7000000)
  to   space 68352K, 0% used [0x9ea80000,0x9ea80000,0xa2d40000)
 ParOldGen       total 227840K, used 227651K [0x67000000, 0x74e80000, 0x91ac0000)
  object space 227840K, 99% used [0x67000000,0x74e50d60,0x74e80000)
 Metaspace       used 4297K, capacity 4326K, committed 4376K, reserved 4400K

Card table byte_map: [0x66dff000,0x67000000] byte_map_base: 0x66ac7000

Marking Bits: (ParMarkBitMap*) 0xb713d380
 Begin Bits: [0x64700000, 0x65700000)
 End Bits:   [0x65700000, 0x66700000)

Polling page: 0xb7741000

CodeCache: size=245760Kb used=9083Kb max_used=9088Kb free=236676Kb
 bounds [0xa7500000, 0xa7de8000, 0xb6500000]
 total_blobs=2559 nmethods=2398 adapters=75
 compilation: enabled

Compilation events (10 events):
Event: 22.283 Thread 0x63ba7800 2888       3       sun.util.calendar.ZoneInfo::getTransitionIndex (156 bytes)
Event: 22.284 Thread 0x63ba7800 nmethod 2888 0xa7ddd9c8 code [0xa7dddb00, 0xa7dddf20]
Event: 22.408 Thread 0x63ba7800 2890       2       com.android.dx.rop.code.BasicBlockList$RegCountVisitor::visitFillArrayDataInsn (6 bytes)
Event: 22.409 Thread 0x63ba7800 nmethod 2890 0xa7ddd748 code [0xa7ddd860, 0xa7ddd94c]
Event: 22.465 Thread 0x63ba7800 2891   !   2       java.util.EnumSet::clone (18 bytes)
Event: 22.466 Thread 0x63ba7800 nmethod 2891 0xa7ddd308 code [0xa7ddd440, 0xa7ddd5f8]
Event: 22.476 Thread 0x63ba7800 2892       1       com.android.dx.rop.code.FillArrayDataInsn::getConstant (5 bytes)
Event: 22.477 Thread 0x63ba7800 nmethod 2892 0xa7ddd108 code [0xa7ddd200, 0xa7ddd2a0]
Event: 22.477 Thread 0x63ba7800 2893       1       com.android.dx.rop.code.FillArrayDataInsn::getInitValues (5 bytes)
Event: 22.479 Thread 0x63ba7800 nmethod 2893 0xa7ddcf08 code [0xa7ddd000, 0xa7ddd0a0]

GC Heap History (10 events):
Event: 15.133 GC heap after
Heap after GC invocations=15 (full 2):
 PSYoungGen      total 276480K, used 38137K [0x91ac0000, 0xa7000000, 0xa7000000)
  eden space 238336K, 0% used [0x91ac0000,0x91ac0000,0xa0380000)
  from space 38144K, 99% used [0xa0380000,0xa28be508,0xa28c0000)
  to   space 53504K, 0% used [0xa3bc0000,0xa3bc0000,0xa7000000)
 ParOldGen       total 132608K, used 104547K [0x67000000, 0x6f180000, 0x91ac0000)
  object space 132608K, 78% used [0x67000000,0x6d618ed8,0x6f180000)
 Metaspace       used 4282K, capacity 4326K, committed 4376K, reserved 4400K
}
Event: 16.950 GC heap before
{Heap before GC invocations=16 (full 2):
 PSYoungGen      total 276480K, used 276473K [0x91ac0000, 0xa7000000, 0xa7000000)
  eden space 238336K, 100% used [0x91ac0000,0xa0380000,0xa0380000)
  from space 38144K, 99% used [0xa0380000,0xa28be508,0xa28c0000)
  to   space 53504K, 0% used [0xa3bc0000,0xa3bc0000,0xa7000000)
 ParOldGen       total 132608K, used 104547K [0x67000000, 0x6f180000, 0x91ac0000)
  object space 132608K, 78% used [0x67000000,0x6d618ed8,0x6f180000)
 Metaspace       used 4287K, capacity 4326K, committed 4376K, reserved 4400K
Event: 17.352 GC heap after
Heap after GC invocations=16 (full 2):
 PSYoungGen      total 291328K, used 34477K [0x91ac0000, 0xa7000000, 0xa7000000)
  eden space 237824K, 0% used [0x91ac0000,0x91ac0000,0xa0300000)
  from space 53504K, 64% used [0xa3bc0000,0xa5d6b798,0xa7000000)
  to   space 55808K, 0% used [0xa0300000,0xa0300000,0xa3980000)
 ParOldGen       total 143104K, used 142869K [0x67000000, 0x6fbc0000, 0x91ac0000)
  object space 143104K, 99% used [0x67000000,0x6fb85718,0x6fbc0000)
 Metaspace       used 4287K, capacity 4326K, committed 4376K, reserved 4400K
}
Event: 17.352 GC heap before
{Heap before GC invocations=17 (full 3):
 PSYoungGen      total 291328K, used 34477K [0x91ac0000, 0xa7000000, 0xa7000000)
  eden space 237824K, 0% used [0x91ac0000,0x91ac0000,0xa0300000)
  from space 53504K, 64% used [0xa3bc0000,0xa5d6b798,0xa7000000)
  to   space 55808K, 0% used [0xa0300000,0xa0300000,0xa3980000)
 ParOldGen       total 143104K, used 142869K [0x67000000, 0x6fbc0000, 0x91ac0000)
  object space 143104K, 99% used [0x67000000,0x6fb85718,0x6fbc0000)
 Metaspace       used 4287K, capacity 4326K, committed 4376K, reserved 4400K
Event: 18.977 GC heap after
Heap after GC invocations=17 (full 3):
 PSYoungGen      total 291328K, used 30044K [0x91ac0000, 0xa7000000, 0xa7000000)
  eden space 237824K, 0% used [0x91ac0000,0x91ac0000,0xa0300000)
  from space 53504K, 56% used [0xa3bc0000,0xa5917058,0xa7000000)
  to   space 55808K, 0% used [0xa0300000,0xa0300000,0xa3980000)
 ParOldGen       total 227840K, used 143087K [0x67000000, 0x74e80000, 0x91ac0000)
  object space 227840K, 62% used [0x67000000,0x6fbbbdd8,0x74e80000)
 Metaspace       used 4287K, capacity 4326K, committed 4376K, reserved 4400K
}
Event: 20.739 GC heap before
{Heap before GC invocations=18 (full 3):
 PSYoungGen      total 291328K, used 267868K [0x91ac0000, 0xa7000000, 0xa7000000)
  eden space 237824K, 100% used [0x91ac0000,0xa0300000,0xa0300000)
  from space 53504K, 56% used [0xa3bc0000,0xa5917058,0xa7000000)
  to   space 55808K, 0% used [0xa0300000,0xa0300000,0xa3980000)
 ParOldGen       total 227840K, used 143087K [0x67000000, 0x74e80000, 0x91ac0000)
  object space 227840K, 62% used [0x67000000,0x6fbbbdd8,0x74e80000)
 Metaspace       used 4295K, capacity 4326K, committed 4376K, reserved 4400K
Event: 21.128 GC heap after
Heap after GC invocations=18 (full 3):
 PSYoungGen      total 293632K, used 55801K [0x91ac0000, 0xa7000000, 0xa7000000)
  eden space 237824K, 0% used [0x91ac0000,0x91ac0000,0xa0300000)
  from space 55808K, 99% used [0xa0300000,0xa397e7b8,0xa3980000)
  to   space 55808K, 0% used [0xa3980000,0xa3980000,0xa7000000)
 ParOldGen       total 227840K, used 152884K [0x67000000, 0x74e80000, 0x91ac0000)
  object space 227840K, 67% used [0x67000000,0x7054d320,0x74e80000)
 Metaspace       used 4295K, capacity 4326K, committed 4376K, reserved 4400K
}
Event: 22.764 GC heap before
{Heap before GC invocations=19 (full 3):
 PSYoungGen      total 293632K, used 293625K [0x91ac0000, 0xa7000000, 0xa7000000)
  eden space 237824K, 100% used [0x91ac0000,0xa0300000,0xa0300000)
  from space 55808K, 99% used [0xa0300000,0xa397e7b8,0xa3980000)
  to   space 55808K, 0% used [0xa3980000,0xa3980000,0xa7000000)
 ParOldGen       total 227840K, used 152884K [0x67000000, 0x74e80000, 0x91ac0000)
  object space 227840K, 67% used [0x67000000,0x7054d320,0x74e80000)
 Metaspace       used 4297K, capacity 4326K, committed 4376K, reserved 4400K
Event: 23.156 GC heap after
Heap after GC invocations=19 (full 3):
 PSYoungGen      total 268544K, used 35206K [0x91ac0000, 0xa7000000, 0xa7000000)
  eden space 212736K, 0% used [0x91ac0000,0x91ac0000,0x9ea80000)
  from space 55808K, 63% used [0xa3980000,0xa5be1898,0xa7000000)
  to   space 68352K, 0% used [0x9ea80000,0x9ea80000,0xa2d40000)
 ParOldGen       total 227840K, used 209121K [0x67000000, 0x74e80000, 0x91ac0000)
  object space 227840K, 91% used [0x67000000,0x73c38728,0x74e80000)
 Metaspace       used 4297K, capacity 4326K, committed 4376K, reserved 4400K
}
Event: 23.156 GC heap before
{Heap before GC invocations=20 (full 4):
 PSYoungGen      total 268544K, used 35206K [0x91ac0000, 0xa7000000, 0xa7000000)
  eden space 212736K, 0% used [0x91ac0000,0x91ac0000,0x9ea80000)
  from space 55808K, 63% used [0xa3980000,0xa5be1898,0xa7000000)
  to   space 68352K, 0% used [0x9ea80000,0x9ea80000,0xa2d40000)
 ParOldGen       total 227840K, used 209121K [0x67000000, 0x74e80000, 0x91ac0000)
  object space 227840K, 91% used [0x67000000,0x73c38728,0x74e80000)
 Metaspace       used 4297K, capacity 4326K, committed 4376K, reserved 4400K

Deoptimization events (10 events):
Event: 12.273 Thread 0x63282c00 Uncommon trap: reason=unstable_if action=reinterpret pc=0xa79ed568 method=com.android.dx.rop.code.RegisterSpecSet.<init>(I)V @ 2
Event: 15.439 Thread 0x6325e800 Uncommon trap: reason=unstable_if action=reinterpret pc=0xa7cd2c00 method=com.android.dx.cf.code.BaseMachine.getLocalTarget(Z)Lcom/android/dx/rop/code/RegisterSpec; @ 131
Event: 16.429 Thread 0x6325e800 Uncommon trap: reason=unstable_if action=reinterpret pc=0xa7cc9b1c method=com.android.dx.ssa.SCCP.simulateBranch(Lcom/android/dx/ssa/SsaInsn;)V @ 140
Event: 19.558 Thread 0x63281400 Uncommon trap: reason=unstable_if action=reinterpret pc=0xa7cf6168 method=com.android.dx.rop.cst.CstNat.equals(Ljava/lang/Object;)Z @ 25
Event: 19.564 Thread 0x6328ec00 Uncommon trap: reason=unstable_if action=reinterpret pc=0xa7d00b9c method=com.android.dx.cf.code.Ropper.addOrReplaceBlock(Lcom/android/dx/rop/code/BasicBlock;Lcom/android/dx/util/IntList;)Z @ 24
Event: 19.658 Thread 0xb6507800 Uncommon trap: reason=bimorphic action=maybe_recompile pc=0xa7c62ae4 method=com.android.dx.cf.code.BytecodeArray.parseInstruction(ILcom/android/dx/cf/code/BytecodeArray$Visitor;)I @ 1327
Event: 19.658 Thread 0xb6507800 Uncommon trap: reason=bimorphic action=maybe_recompile pc=0xa7c62ae4 method=com.android.dx.cf.code.BytecodeArray.parseInstruction(ILcom/android/dx/cf/code/BytecodeArray$Visitor;)I @ 1327
Event: 19.714 Thread 0x63281400 Uncommon trap: reason=unstable_if action=reinterpret pc=0xa7ca381c method=com.android.dx.rop.code.RegisterSpecSet.<init>(I)V @ 2
Event: 21.694 Thread 0x63282c00 Uncommon trap: reason=bimorphic action=maybe_recompile pc=0xa7dc6b84 method=com.android.dx.cf.code.BytecodeArray.parseInstruction(ILcom/android/dx/cf/code/BytecodeArray$Visitor;)I @ 1477
Event: 21.694 Thread 0x63282c00 Uncommon trap: reason=bimorphic action=maybe_recompile pc=0xa7dc6b84 method=com.android.dx.cf.code.BytecodeArray.parseInstruction(ILcom/android/dx/cf/code/BytecodeArray$Visitor;)I @ 1477

Internal exceptions (6 events):
Event: 0.054 Thread 0xb6507800 Exception <a 'java/lang/NoSuchMethodError': Method sun.misc.Unsafe.defineClass(Ljava/lang/String;[BII)Ljava/lang/Class; name or signature does not match> (0x91ad0540) thrown at [/HUDSON/workspace/8-2-build-linux-i586/jdk8u66/4988/hotspot/src/share/vm/prim
Event: 0.054 Thread 0xb6507800 Exception <a 'java/lang/NoSuchMethodError': Method sun.misc.Unsafe.prefetchRead(Ljava/lang/Object;J)V name or signature does not match> (0x91ad0810) thrown at [/HUDSON/workspace/8-2-build-linux-i586/jdk8u66/4988/hotspot/src/share/vm/prims/jni.cpp, line 39
Event: 3.664 Thread 0x63282c00 Implicit null exception at 0xa77faa6e to 0xa77fd369
Event: 5.377 Thread 0x63281400 Exception <a 'java/lang/ArrayIndexOutOfBoundsException': 18> (0x93229fe0) thrown at [/HUDSON/workspace/8-2-build-linux-i586/jdk8u66/4988/hotspot/src/share/vm/interpreter/interpreterRuntime.cpp, line 366]
Event: 5.378 Thread 0x63281400 Exception <a 'java/lang/ArrayIndexOutOfBoundsException': 145> (0x9322b880) thrown at [/HUDSON/workspace/8-2-build-linux-i586/jdk8u66/4988/hotspot/src/share/vm/interpreter/interpreterRuntime.cpp, line 366]
Event: 5.380 Thread 0x63281400 Exception <a 'java/lang/ArrayIndexOutOfBoundsException': 40> (0x9322c960) thrown at [/HUDSON/workspace/8-2-build-linux-i586/jdk8u66/4988/hotspot/src/share/vm/interpreter/interpreterRuntime.cpp, line 366]

Events (10 events):
Event: 22.692 Thread 0x63281400 DEOPT UNPACKING pc=0xa753c590 sp=0x62bad070 mode 0
Event: 22.714 Thread 0x6328ec00 DEOPT PACKING pc=0xa77531e3 sp=0x62b0b940
Event: 22.714 Thread 0x6328ec00 DEOPT UNPACKING pc=0xa753c590 sp=0x62b0b838 mode 0
Event: 22.716 Thread 0xb6507800 DEOPT PACKING pc=0xa7a5aebd sp=0xb66f76a0
Event: 22.716 Thread 0xb6507800 DEOPT UNPACKING pc=0xa753c590 sp=0xb66f7558 mode 0
Event: 22.721 Thread 0x63281400 DEOPT PACKING pc=0xa793aa05 sp=0x62bad6c0
Event: 22.721 Thread 0x63281400 DEOPT UNPACKING pc=0xa753c590 sp=0x62bad5d8 mode 0
Event: 22.752 Thread 0x6325e800 DEOPT PACKING pc=0xa7700dd7 sp=0x6335e290
Event: 22.752 Thread 0x6325e800 DEOPT UNPACKING pc=0xa753c590 sp=0x6335e120 mode 0
Event: 22.757 Executing VM operation: ParallelGCFailedAllocation


Dynamic libraries:
08048000-08049000 r-xp 00000000 08:06 1552326    /usr/lib/jvm/java-8-oracle/bin/java
08049000-0804a000 rw-p 00000000 08:06 1552326    /usr/lib/jvm/java-8-oracle/bin/java
080d7000-081c7000 rw-p 00000000 00:00 0          [heap]
61000000-61089000 rw-p 00000000 00:00 0 
61089000-61100000 ---p 00000000 00:00 0 
61200000-61300000 rw-p 00000000 00:00 0 
61400000-614fc000 rw-p 00000000 00:00 0 
614fc000-61500000 ---p 00000000 00:00 0 
61600000-616e4000 rw-p 00000000 00:00 0 
616e4000-61700000 ---p 00000000 00:00 0 
61900000-619fa000 rw-p 00000000 00:00 0 
619fa000-61a00000 ---p 00000000 00:00 0 
61b00000-61bfd000 rw-p 00000000 00:00 0 
61bfd000-61c00000 ---p 00000000 00:00 0 
61c00000-61df8000 rw-p 00000000 00:00 0 
61df8000-61e00000 ---p 00000000 00:00 0 
61e00000-61efd000 rw-p 00000000 00:00 0 
61efd000-61f00000 ---p 00000000 00:00 0 
61f00000-62000000 rw-p 00000000 00:00 0 
62000000-620b2000 rw-p 00000000 00:00 0 
620b2000-62100000 ---p 00000000 00:00 0 
62100000-621fa000 rw-p 00000000 00:00 0 
621fa000-62200000 ---p 00000000 00:00 0 
62200000-622fe000 rw-p 00000000 00:00 0 
622fe000-62300000 ---p 00000000 00:00 0 
62300000-623f9000 rw-p 00000000 00:00 0 
623f9000-62400000 ---p 00000000 00:00 0 
62400000-624ed000 rw-p 00000000 00:00 0 
624ed000-62500000 ---p 00000000 00:00 0 
62500000-625f9000 rw-p 00000000 00:00 0 
625f9000-62600000 ---p 00000000 00:00 0 
62700000-627fb000 rw-p 00000000 00:00 0 
627fb000-62800000 ---p 00000000 00:00 0 
62800000-628f8000 rw-p 00000000 00:00 0 
628f8000-62900000 ---p 00000000 00:00 0 
62900000-629fe000 rw-p 00000000 00:00 0 
629fe000-62a00000 ---p 00000000 00:00 0 
62a24000-62abc000 rw-p 00000000 00:00 0 
62abc000-62abf000 ---p 00000000 00:00 0 
62abf000-62b0d000 rw-p 00000000 00:00 0          [stack:9960]
62b0d000-62b10000 ---p 00000000 00:00 0 
62b10000-62b5e000 rw-p 00000000 00:00 0          [stack:9959]
62b5e000-62b61000 ---p 00000000 00:00 0 
62b61000-62baf000 rw-p 00000000 00:00 0          [stack:9958]
62baf000-62bb2000 ---p 00000000 00:00 0 
62bb2000-62c00000 rw-p 00000000 00:00 0          [stack:9957]
62c00000-62cff000 rw-p 00000000 00:00 0 
62cff000-62d00000 ---p 00000000 00:00 0 
62d00000-62e00000 rw-p 00000000 00:00 0 
62e00000-62efa000 rw-p 00000000 00:00 0 
62efa000-62f00000 ---p 00000000 00:00 0 
62f00000-62ff1000 rw-p 00000000 00:00 0 
62ff1000-63000000 ---p 00000000 00:00 0 
63000000-630dc000 rw-p 00000000 00:00 0 
630dc000-63100000 ---p 00000000 00:00 0 
63100000-631fd000 rw-p 00000000 00:00 0 
631fd000-63200000 ---p 00000000 00:00 0 
63200000-632fe000 rw-p 00000000 00:00 0 
632fe000-63300000 ---p 00000000 00:00 0 
6330f000-63312000 ---p 00000000 00:00 0 
63312000-63360000 rw-p 00000000 00:00 0          [stack:9956]
63360000-633ab000 r--s 003c9000 08:06 230914     /home/priya/matrix/Kurukshetra/app/build/intermediates/transforms/jarMerging/debug/jars/1/1f/combined.jar
633ab000-633ac000 ---p 00000000 00:00 0 
633ac000-6342c000 rw-p 00000000 00:00 0          [stack:9955]
6342c000-6342f000 ---p 00000000 00:00 0 
6342f000-6347d000 rw-p 00000000 00:00 0          [stack:9954]
6347d000-63480000 ---p 00000000 00:00 0 
63480000-634fe000 rw-p 00000000 00:00 0          [stack:9953]
634fe000-63501000 ---p 00000000 00:00 0 
63501000-6357f000 rw-p 00000000 00:00 0          [stack:9952]
6357f000-63582000 ---p 00000000 00:00 0 
63582000-63600000 rw-p 00000000 00:00 0          [stack:9951]
63600000-63800000 r--p 00000000 08:06 1093651    /usr/lib/locale/locale-archive
63800000-63836000 rw-p 00000000 00:00 0 
63836000-63900000 ---p 00000000 00:00 0 
63900000-639f3000 rw-p 00000000 00:00 0 
639f3000-63a00000 ---p 00000000 00:00 0 
63a0d000-63a10000 ---p 00000000 00:00 0 
63a10000-63a5e000 rw-p 00000000 00:00 0          [stack:9950]
63a5e000-63a61000 ---p 00000000 00:00 0 
63a61000-63aaf000 rw-p 00000000 00:00 0          [stack:9949]
63aaf000-63ab2000 ---p 00000000 00:00 0 
63ab2000-63b00000 rw-p 00000000 00:00 0          [stack:9948]
63b00000-63c00000 rw-p 00000000 00:00 0 
63c0b000-63c0c000 ---p 00000000 00:00 0 
63c0c000-63cdb000 rw-p 00000000 00:00 0          [stack:9947]
63cdb000-63eb4000 r--s 03d20000 08:06 1286207    /usr/lib/jvm/java-8-oracle/jre/lib/rt.jar
63eb4000-642fa000 rw-p 00000000 00:00 0 
642fa000-64300000 ---p 00000000 00:00 0 
64300000-66700000 rw-p 00000000 00:00 0 
66700000-667fe000 rw-p 00000000 00:00 0 
667fe000-66800000 ---p 00000000 00:00 0 
66824000-6687f000 rw-p 00000000 00:00 0 
6687f000-66880000 ---p 00000000 00:00 0 
66880000-66900000 rw-p 00000000 00:00 0          [stack:9946]
66900000-66921000 rw-p 00000000 00:00 0 
66921000-66a00000 ---p 00000000 00:00 0 
66a00000-66b00000 rw-p 00000000 00:00 0 
66b00000-66b21000 rw-p 00000000 00:00 0 
66b21000-66c00000 ---p 00000000 00:00 0 
66c28000-66c29000 ---p 00000000 00:00 0 
66c29000-66d19000 rw-p 00000000 00:00 0          [stack:9945]
66d19000-66dff000 ---p 00000000 00:00 0 
66dff000-66e6f000 rw-p 00000000 00:00 0 
66e6f000-66f54000 ---p 00000000 00:00 0 
66f54000-66fff000 rw-p 00000000 00:00 0 
66fff000-74e80000 rw-p 00000000 00:00 0 
7bf6f000-7c1c0000 rw-p 00000000 00:00 0 
7c1c0000-91ac0000 ---p 00000000 00:00 0 
91ac0000-a7000000 rw-p 00000000 00:00 0 
a7026000-a703e000 rw-p 00000000 00:00 0 
a703e000-a703f000 ---p 00000000 00:00 0 
a703f000-a70bf000 rw-p 00000000 00:00 0          [stack:9944]
a70bf000-a70c0000 ---p 00000000 00:00 0 
a70c0000-a7164000 rw-p 00000000 00:00 0          [stack:9943]
a7164000-a7500000 ---p 00000000 00:00 0 
a7500000-a7de8000 rwxp 00000000 00:00 0 
a7de8000-b6500000 ---p 00000000 00:00 0 
b6500000-b65fb000 rw-p 00000000 00:00 0 
b65fb000-b6600000 ---p 00000000 00:00 0 
b6608000-b6617000 r--s 000df000 08:06 3122779    /home/priya/Android/Sdk/build-tools/23.0.2/lib/dx.jar
b6617000-b6630000 r-xp 00000000 08:06 1387720    /usr/lib/jvm/java-8-oracle/jre/lib/i386/libzip.so
b6630000-b6631000 rw-p 00019000 08:06 1387720    /usr/lib/jvm/java-8-oracle/jre/lib/i386/libzip.so
b6631000-b663c000 r-xp 00000000 08:06 1933505    /lib/i386-linux-gnu/libnss_files-2.19.so
b663c000-b663d000 r--p 0000a000 08:06 1933505    /lib/i386-linux-gnu/libnss_files-2.19.so
b663d000-b663e000 rw-p 0000b000 08:06 1933505    /lib/i386-linux-gnu/libnss_files-2.19.so
b663e000-b6648000 r-xp 00000000 08:06 1933491    /lib/i386-linux-gnu/libnss_nis-2.19.so
b6648000-b6649000 r--p 00009000 08:06 1933491    /lib/i386-linux-gnu/libnss_nis-2.19.so
b6649000-b664a000 rw-p 0000a000 08:06 1933491    /lib/i386-linux-gnu/libnss_nis-2.19.so
b664a000-b665f000 r-xp 00000000 08:06 1933492    /lib/i386-linux-gnu/libnsl-2.19.so
b665f000-b6660000 r--p 00015000 08:06 1933492    /lib/i386-linux-gnu/libnsl-2.19.so
b6660000-b6661000 rw-p 00016000 08:06 1933492    /lib/i386-linux-gnu/libnsl-2.19.so
b6661000-b6663000 rw-p 00000000 00:00 0 
b666f000-b6671000 rw-p 00000000 00:00 0 
b6671000-b6672000 r--p 00850000 08:06 1093651    /usr/lib/locale/locale-archive
b6672000-b667a000 rw-s 00000000 08:06 386077     /tmp/hsperfdata_priya/9937
b667a000-b669e000 r-xp 00000000 08:06 1387732    /usr/lib/jvm/java-8-oracle/jre/lib/i386/libjava.so
b669e000-b669f000 rw-p 00023000 08:06 1387732    /usr/lib/jvm/java-8-oracle/jre/lib/i386/libjava.so
b669f000-b66a6000 r-xp 00000000 08:06 1933506    /lib/i386-linux-gnu/librt-2.19.so
b66a6000-b66a7000 r--p 00006000 08:06 1933506    /lib/i386-linux-gnu/librt-2.19.so
b66a7000-b66a8000 rw-p 00007000 08:06 1933506    /lib/i386-linux-gnu/librt-2.19.so
b66a8000-b66ab000 ---p 00000000 00:00 0 
b66ab000-b66f9000 rw-p 00000000 00:00 0          [stack:9940]
b66f9000-b673d000 r-xp 00000000 08:06 1933496    /lib/i386-linux-gnu/libm-2.19.so
b673d000-b673e000 r--p 00043000 08:06 1933496    /lib/i386-linux-gnu/libm-2.19.so
b673e000-b673f000 rw-p 00044000 08:06 1933496    /lib/i386-linux-gnu/libm-2.19.so
b673f000-b70bf000 r-xp 00000000 08:06 1395826    /usr/lib/jvm/java-8-oracle/jre/lib/i386/server/libjvm.so
b70bf000-b712c000 rw-p 00980000 08:06 1395826    /usr/lib/jvm/java-8-oracle/jre/lib/i386/server/libjvm.so
b712c000-b7552000 rw-p 00000000 00:00 0 
b7552000-b76fa000 r-xp 00000000 08:06 1933488    /lib/i386-linux-gnu/libc-2.19.so
b76fa000-b76fc000 r--p 001a8000 08:06 1933488    /lib/i386-linux-gnu/libc-2.19.so
b76fc000-b76fd000 rw-p 001aa000 08:06 1933488    /lib/i386-linux-gnu/libc-2.19.so
b76fd000-b7700000 rw-p 00000000 00:00 0 
b7700000-b7703000 r-xp 00000000 08:06 1933489    /lib/i386-linux-gnu/libdl-2.19.so
b7703000-b7704000 r--p 00002000 08:06 1933489    /lib/i386-linux-gnu/libdl-2.19.so
b7704000-b7705000 rw-p 00003000 08:06 1933489    /lib/i386-linux-gnu/libdl-2.19.so
b7705000-b7719000 r-xp 00000000 08:06 1549650    /usr/lib/jvm/java-8-oracle/lib/i386/jli/libjli.so
b7719000-b771a000 rw-p 00014000 08:06 1549650    /usr/lib/jvm/java-8-oracle/lib/i386/jli/libjli.so
b771a000-b771b000 rw-p 00000000 00:00 0 
b771b000-b7733000 r-xp 00000000 08:06 1933501    /lib/i386-linux-gnu/libpthread-2.19.so
b7733000-b7734000 r--p 00018000 08:06 1933501    /lib/i386-linux-gnu/libpthread-2.19.so
b7734000-b7735000 rw-p 00019000 08:06 1933501    /lib/i386-linux-gnu/libpthread-2.19.so
b7735000-b7737000 rw-p 00000000 00:00 0 
b7737000-b773e000 r-xp 00000000 08:06 1933497    /lib/i386-linux-gnu/libnss_compat-2.19.so
b773e000-b773f000 r--p 00006000 08:06 1933497    /lib/i386-linux-gnu/libnss_compat-2.19.so
b773f000-b7740000 rw-p 00007000 08:06 1933497    /lib/i386-linux-gnu/libnss_compat-2.19.so
b7740000-b7741000 rw-p 00000000 00:00 0 
b7741000-b7742000 ---p 00000000 00:00 0 
b7742000-b774d000 r-xp 00000000 08:06 1387688    /usr/lib/jvm/java-8-oracle/jre/lib/i386/libverify.so
b774d000-b774e000 rw-p 0000b000 08:06 1387688    /usr/lib/jvm/java-8-oracle/jre/lib/i386/libverify.so
b774e000-b7750000 rw-p 00000000 00:00 0 
b7750000-b7751000 r-xp 00000000 00:00 0          [vdso]
b7751000-b7771000 r-xp 00000000 08:06 1933490    /lib/i386-linux-gnu/ld-2.19.so
b7771000-b7772000 r--p 0001f000 08:06 1933490    /lib/i386-linux-gnu/ld-2.19.so
b7772000-b7773000 rw-p 00020000 08:06 1933490    /lib/i386-linux-gnu/ld-2.19.so
bfe84000-bfe85000 rwxp 00000000 00:00 0 
bfeb7000-bfed8000 rw-p 00000000 00:00 0          [stack]

VM Arguments:
jvm_args: -Djava.awt.headless=true -Xmx1024M -Dfile.encoding=UTF-8 -Duser.country=IN -Duser.language=en -Duser.variant 
java_command: com.android.dx.command.Main --dex --num-threads=4 --multi-dex --main-dex-list /home/priya/matrix/Kurukshetra/app/build/intermediates/multi-dex/debug/maindexlist.txt --output /home/priya/matrix/Kurukshetra/app/build/intermediates/transforms/dex/debug/folders/1000/1f/main /home/priya/matrix/Kurukshetra/app/build/intermediates/transforms/jarMerging/debug/jars/1/1f/combined.jar
java_class_path (initial): /home/priya/Android/Sdk/build-tools/23.0.2/lib/dx.jar
Launcher Type: SUN_STANDARD

Environment Variables:
JAVA_HOME=/usr/lib/jvm/java-8-oracle
PATH=/usr/local/sbin:/usr/local/bin:/usr/sbin:/usr/bin:/sbin:/bin:/usr/games:/usr/local/games:/home/priya/matrix/proxy/google_appengine/
LD_LIBRARY_PATH=bin:
SHELL=/bin/bash
DISPLAY=:0

Signal Handlers:
SIGSEGV: [libjvm.so+0x8cdc10], sa_mask[0]=11111111011111111101111111111110, sa_flags=SA_RESTART|SA_SIGINFO
SIGBUS: [libjvm.so+0x8cdc10], sa_mask[0]=11111111011111111101111111111110, sa_flags=SA_RESTART|SA_SIGINFO
SIGFPE: [libjvm.so+0x74dbb0], sa_mask[0]=11111111011111111101111111111110, sa_flags=SA_RESTART|SA_SIGINFO
SIGPIPE: [libjvm.so+0x74dbb0], sa_mask[0]=11111111011111111101111111111110, sa_flags=SA_RESTART|SA_SIGINFO
SIGXFSZ: [libjvm.so+0x74dbb0], sa_mask[0]=11111111011111111101111111111110, sa_flags=SA_RESTART|SA_SIGINFO
SIGILL: [libjvm.so+0x74dbb0], sa_mask[0]=11111111011111111101111111111110, sa_flags=SA_RESTART|SA_SIGINFO
SIGUSR1: SIG_DFL, sa_mask[0]=00000000000000000000000000000000, sa_flags=none
SIGUSR2: [libjvm.so+0x74f230], sa_mask[0]=00100000000000000000000000000000, sa_flags=SA_RESTART|SA_SIGINFO
SIGHUP: [libjvm.so+0x7506e0], sa_mask[0]=11111111011111111101111111111110, sa_flags=SA_RESTART|SA_SIGINFO
SIGINT: [libjvm.so+0x7506e0], sa_mask[0]=11111111011111111101111111111110, sa_flags=SA_RESTART|SA_SIGINFO
SIGTERM: [libjvm.so+0x7506e0], sa_mask[0]=11111111011111111101111111111110, sa_flags=SA_RESTART|SA_SIGINFO
SIGQUIT: [libjvm.so+0x7506e0], sa_mask[0]=11111111011111111101111111111110, sa_flags=SA_RESTART|SA_SIGINFO


---------------  S Y S T E M  ---------------

OS:DISTRIB_ID=Ubuntu
DISTRIB_RELEASE=14.04
DISTRIB_CODENAME=trusty
DISTRIB_DESCRIPTION="Ubuntu 14.04.3 LTS"

uname:Linux 3.13.0-74-generic #118-Ubuntu SMP Thu Dec 17 22:52:02 UTC 2015 i686
libc:glibc 2.19 NPTL 2.19 
rlimit: STACK 8192k, CORE 0k, NPROC 31374, NOFILE 4096, AS infinity
load average:6.31 4.10 2.89

/proc/meminfo:
MemTotal:        4035184 kB
MemFree:          236568 kB
Buffers:            1744 kB
Cached:           379004 kB
SwapCached:            0 kB
Active:          3332324 kB
Inactive:         351888 kB
Active(anon):    3310096 kB
Inactive(anon):   323436 kB
Active(file):      22228 kB
Inactive(file):    28452 kB
Unevictable:         100 kB
Mlocked:             100 kB
HighTotal:       3182980 kB
HighFree:          56560 kB
LowTotal:         852204 kB
LowFree:          180008 kB
SwapTotal:             0 kB
SwapFree:              0 kB
Dirty:                60 kB
Writeback:             0 kB
AnonPages:       3303880 kB
Mapped:           176156 kB
Shmem:            329772 kB
Slab:              49032 kB
SReclaimable:      24484 kB
SUnreclaim:        24548 kB
KernelStack:        4848 kB
PageTables:        18476 kB
NFS_Unstable:          0 kB
Bounce:               20 kB
WritebackTmp:          0 kB
CommitLimit:     2017592 kB
Committed_AS:    8505392 kB
VmallocTotal:     122880 kB
VmallocUsed:       70700 kB
VmallocChunk:      47900 kB
HardwareCorrupted:     0 kB
AnonHugePages:   1841152 kB
HugePages_Total:       0
HugePages_Free:        0
HugePages_Rsvd:        0
HugePages_Surp:        0
Hugepagesize:       2048 kB
DirectMap4k:       38904 kB
DirectMap2M:      874496 kB


CPU:total 4 (2 cores per cpu, 2 threads per core) family 6 model 69 stepping 1, cmov, cx8, fxsr, mmx, sse, sse2, sse3, ssse3, sse4.1, sse4.2, popcnt, avx, avx2, aes, clmul, erms, lzcnt, ht, tsc, tscinvbit, bmi1, bmi2

/proc/cpuinfo:
processor	: 0
vendor_id	: GenuineIntel
cpu family	: 6
model		: 69
model name	: Intel(R) Core(TM) i5-4210U CPU @ 1.70GHz
stepping	: 1
microcode	: 0x17
cpu MHz		: 1701.000
cache size	: 3072 KB
physical id	: 0
siblings	: 4
core id		: 0
cpu cores	: 2
apicid		: 0
initial apicid	: 0
fdiv_bug	: no
f00f_bug	: no
coma_bug	: no
fpu		: yes
fpu_exception	: yes
cpuid level	: 13
wp		: yes
flags		: fpu vme de pse tsc msr pae mce cx8 apic sep mtrr pge mca cmov pat pse36 clflush dts acpi mmx fxsr sse sse2 ss ht tm pbe nx pdpe1gb rdtscp lm constant_tsc arch_perfmon pebs bts xtopology nonstop_tsc aperfmperf eagerfpu pni pclmulqdq dtes64 monitor ds_cpl vmx est tm2 ssse3 fma cx16 xtpr pdcm pcid sse4_1 sse4_2 movbe popcnt tsc_deadline_timer aes xsave avx f16c rdrand lahf_lm abm arat epb xsaveopt pln pts dtherm tpr_shadow vnmi flexpriority ept vpid fsgsbase tsc_adjust bmi1 avx2 smep bmi2 erms invpcid
bogomips	: 3392.31
clflush size	: 64
cache_alignment	: 64
address sizes	: 39 bits physical, 48 bits virtual
power management:

processor	: 1
vendor_id	: GenuineIntel
cpu family	: 6
model		: 69
model name	: Intel(R) Core(TM) i5-4210U CPU @ 1.70GHz
stepping	: 1
microcode	: 0x17
cpu MHz		: 782.000
cache size	: 3072 KB
physical id	: 0
siblings	: 4
core id		: 1
cpu cores	: 2
apicid		: 2
initial apicid	: 2
fdiv_bug	: no
f00f_bug	: no
coma_bug	: no
fpu		: yes
fpu_exception	: yes
cpuid level	: 13
wp		: yes
flags		: fpu vme de pse tsc msr pae mce cx8 apic sep mtrr pge mca cmov pat pse36 clflush dts acpi mmx fxsr sse sse2 ss ht tm pbe nx pdpe1gb rdtscp lm constant_tsc arch_perfmon pebs bts xtopology nonstop_tsc aperfmperf eagerfpu pni pclmulqdq dtes64 monitor ds_cpl vmx est tm2 ssse3 fma cx16 xtpr pdcm pcid sse4_1 sse4_2 movbe popcnt tsc_deadline_timer aes xsave avx f16c rdrand lahf_lm abm arat epb xsaveopt pln pts dtherm tpr_shadow vnmi flexpriority ept vpid fsgsbase tsc_adjust bmi1 avx2 smep bmi2 erms invpcid
bogomips	: 3392.31
clflush size	: 64
cache_alignment	: 64
address sizes	: 39 bits physical, 48 bits virtual
power management:

processor	: 2
vendor_id	: GenuineIntel
cpu family	: 6
model		: 69
model name	: Intel(R) Core(TM) i5-4210U CPU @ 1.70GHz
stepping	: 1
microcode	: 0x17
cpu MHz		: 1701.000
cache size	: 3072 KB
physical id	: 0
siblings	: 4
core id		: 0
cpu cores	: 2
apicid		: 1
initial apicid	: 1
fdiv_bug	: no
f00f_bug	: no
coma_bug	: no
fpu		: yes
fpu_exception	: yes
cpuid level	: 13
wp		: yes
flags		: fpu vme de pse tsc msr pae mce cx8 apic sep mtrr pge mca cmov pat pse36 clflush dts acpi mmx fxsr sse sse2 ss ht tm pbe nx pdpe1gb rdtscp lm constant_tsc arch_perfmon pebs bts xtopology nonstop_tsc aperfmperf eagerfpu pni pclmulqdq dtes64 monitor ds_cpl vmx est tm2 ssse3 fma cx16 xtpr pdcm pcid sse4_1 sse4_2 movbe popcnt tsc_deadline_timer aes xsave avx f16c rdrand lahf_lm abm arat epb xsaveopt pln pts dtherm tpr_shadow vnmi flexpriority ept vpid fsgsbase tsc_adjust bmi1 avx2 smep bmi2 erms invpcid
bogomips	: 3392.31
clflush size	: 64
cache_alignment	: 64
address sizes	: 39 bits physical, 48 bits virtual
power management:

processor	: 3
vendor_id	: GenuineIntel
cpu family	: 6
model		: 69
model name	: Intel(R) Core(TM) i5-4210U CPU @ 1.70GHz
stepping	: 1
microcode	: 0x17
cpu MHz		: 1701.000
cache size	: 3072 KB
physical id	: 0
siblings	: 4
core id		: 1
cpu cores	: 2
apicid		: 3
initial apicid	: 3
fdiv_bug	: no
f00f_bug	: no
coma_bug	: no
fpu		: yes
fpu_exception	: yes
cpuid level	: 13
wp		: yes
flags		: fpu vme de pse tsc msr pae mce cx8 apic sep mtrr pge mca cmov pat pse36 clflush dts acpi mmx fxsr sse sse2 ss ht tm pbe nx pdpe1gb rdtscp lm constant_tsc arch_perfmon pebs bts xtopology nonstop_tsc aperfmperf eagerfpu pni pclmulqdq dtes64 monitor ds_cpl vmx est tm2 ssse3 fma cx16 xtpr pdcm pcid sse4_1 sse4_2 movbe popcnt tsc_deadline_timer aes xsave avx f16c rdrand lahf_lm abm arat epb xsaveopt pln pts dtherm tpr_shadow vnmi flexpriority ept vpid fsgsbase tsc_adjust bmi1 avx2 smep bmi2 erms invpcid
bogomips	: 3392.31
clflush size	: 64
cache_alignment	: 64
address sizes	: 39 bits physical, 48 bits virtual
power management:



Memory: 4k page, physical 4035184k(236568k free), swap 0k(0k free)

vm_info: Java HotSpot(TM) Server VM (25.66-b17) for linux-x86 JRE (1.8.0_66-b17), built on Oct  6 2015 18:06:03 by "java_re" with gcc 4.3.0 20080428 (Red Hat 4.3.0-8)

time: Fri Dec 25 00:05:57 2015
elapsed time: 26 seconds (0d 0h 0m 26s)

