#
# There is insufficient memory for the Java Runtime Environment to continue.
# Native memory allocation (mmap) failed to map 61603840 bytes for committing reserved memory.
# Possible reasons:
#   The system is out of physical RAM or swap space
#   In 32 bit mode, the process size limit was hit
# Possible solutions:
#   Reduce memory load on the system
#   Increase physical memory or swap space
#   Check if swap backing store is full
#   Use 64 bit Java on a 64 bit OS
#   Decrease Java heap size (-Xmx/-Xms)
#   Decrease number of Java threads
#   Decrease Java thread stack sizes (-Xss)
#   Set larger code cache with -XX:ReservedCodeCacheSize=
# This output file may be truncated or incomplete.
#
#  Out of Memory Error (os_linux.cpp:2627), pid=18384, tid=1674099520
#
# JRE version: Java(TM) SE Runtime Environment (8.0_66-b17) (build 1.8.0_66-b17)
# Java VM: Java HotSpot(TM) Server VM (25.66-b17 mixed mode linux-x86 )
# Failed to write core dump. Core dumps have been disabled. To enable core dumping, try "ulimit -c unlimited" before starting Java again
#

---------------  T H R E A D  ---------------

Current thread (0x63b81400):  VMThread [stack: 0x63c0b000,0x63c8c000] [id=18393]

Stack: [0x63c0b000,0x63c8c000],  sp=0x63c8a880,  free space=510k
Native frames: (J=compiled Java code, j=interpreted, Vv=VM code, C=native code)
V  [libjvm.so+0x8cd0ff]  VMError::report_and_die()+0x16f
V  [libjvm.so+0x38bee5]  report_vm_out_of_memory(char const*, int, unsigned int, VMErrorType, char const*)+0x55
V  [libjvm.so+0x750ed6]  os::Linux::commit_memory_impl(char*, unsigned int, bool)+0xe6
V  [libjvm.so+0x7513a8]  os::pd_commit_memory(char*, unsigned int, unsigned int, bool)+0x28
V  [libjvm.so+0x74b2cc]  os::commit_memory(char*, unsigned int, unsigned int, bool)+0x2c
V  [libjvm.so+0x7b58a8]  PSVirtualSpace::expand_by(unsigned int)+0x48
V  [libjvm.so+0x7a8941]  PSOldGen::expand(unsigned int)+0x141
V  [libjvm.so+0x7a8a0f]  PSOldGen::resize(unsigned int)+0x8f
V  [libjvm.so+0x7af534]  PSParallelCompact::invoke_no_policy(bool)+0x874
V  [libjvm.so+0x7b3f0d]  PSScavenge::invoke()+0x16d
V  [libjvm.so+0x7728ba]  ParallelScavengeHeap::failed_mem_allocate(unsigned int)+0x5a
V  [libjvm.so+0x8cebca]  VM_ParallelGCFailedAllocation::doit()+0x7a
V  [libjvm.so+0x8d81d7]  VM_Operation::evaluate()+0x47
V  [libjvm.so+0x8d62b3]  VMThread::evaluate_operation(VM_Operation*)+0xb3
V  [libjvm.so+0x8d6650]  VMThread::loop()+0x1b0
V  [libjvm.so+0x8d6ab5]  VMThread::run()+0x85
V  [libjvm.so+0x753519]  java_start(Thread*)+0x119
C  [libpthread.so.0+0x6f70]  start_thread+0xd0

VM_Operation (0x6335e614): ParallelGCFailedAllocation, mode: safepoint, requested by thread 0x6325e400


---------------  P R O C E S S  ---------------

Java Threads: ( => current thread )
  0x63265800 JavaThread "pool-2-thread-4" [_thread_blocked, id=18406, stack(0x627af000,0x62800000)]
  0x63264400 JavaThread "pool-2-thread-3" [_thread_blocked, id=18405, stack(0x6290d000,0x6295e000)]
  0x63263000 JavaThread "pool-2-thread-2" [_thread_blocked, id=18404, stack(0x6295e000,0x629af000)]
  0x63261c00 JavaThread "pool-3-thread-1" [_thread_blocked, id=18403, stack(0x629af000,0x62a00000)]
  0x6325e400 JavaThread "pool-2-thread-1" [_thread_blocked, id=18402, stack(0x6330f000,0x63360000)]
  0x63baac00 JavaThread "Service Thread" daemon [_thread_blocked, id=18400, stack(0x6342c000,0x6347d000)]
  0x63ba7800 JavaThread "C1 CompilerThread2" daemon [_thread_blocked, id=18399, stack(0x6347d000,0x634fe000)]
  0x63ba6000 JavaThread "C2 CompilerThread1" daemon [_thread_blocked, id=18398, stack(0x634fe000,0x6357f000)]
  0x63ba4400 JavaThread "C2 CompilerThread0" daemon [_thread_blocked, id=18397, stack(0x6357f000,0x63600000)]
  0x63ba2c00 JavaThread "Signal Dispatcher" daemon [_thread_blocked, id=18396, stack(0x63a0d000,0x63a5e000)]
  0x63b86000 JavaThread "Finalizer" daemon [_thread_blocked, id=18395, stack(0x63a5e000,0x63aaf000)]
  0x63b84800 JavaThread "Reference Handler" daemon [_thread_blocked, id=18394, stack(0x63aaf000,0x63b00000)]
  0xb6507800 JavaThread "main" [_thread_blocked, id=18388, stack(0xb66c3000,0xb6714000)]

Other Threads:
=>0x63b81400 VMThread [stack: 0x63c0b000,0x63c8c000] [id=18393]
  0x63bbdc00 WatcherThread [stack: 0x633ab000,0x6342c000] [id=18401]

VM state:at safepoint (normal execution)

VM Mutex/Monitor currently owned by a thread:  ([mutex/lock_event])
[0xb65049b8] ExpandHeap_lock - owner thread: 0x63b81400
[0xb6504f00] Threads_lock - owner thread: 0x63b81400
[0xb6505310] Heap_lock - owner thread: 0x6325e400

Heap:
 PSYoungGen      total 269056K, used 32610K [0x91ac0000, 0xa7000000, 0xa7000000)
  eden space 232448K, 0% used [0x91ac0000,0x91ac0000,0x9fdc0000)
  from space 36608K, 89% used [0xa3180000,0xa5158870,0xa5540000)
  to   space 52992K, 0% used [0x9fdc0000,0x9fdc0000,0xa3180000)
 ParOldGen       total 81408K, used 81293K [0x67000000, 0x6bf80000, 0x91ac0000)
  object space 81408K, 99% used [0x67000000,0x6bf636c8,0x6bf80000)
 Metaspace       used 4272K, capacity 4294K, committed 4376K, reserved 4400K

Card table byte_map: [0x66dff000,0x67000000] byte_map_base: 0x66ac7000

Marking Bits: (ParMarkBitMap*) 0xb7158380
 Begin Bits: [0x64700000, 0x65700000)
 End Bits:   [0x65700000, 0x66700000)

Polling page: 0xb775c000

CodeCache: size=245760Kb used=7774Kb max_used=7774Kb free=237985Kb
 bounds [0xa7500000, 0xa7ca0000, 0xb6500000]
 total_blobs=2420 nmethods=2259 adapters=75
 compilation: enabled

Compilation events (10 events):
Event: 7.671 Thread 0x63ba7800 2539       1       com.android.dx.rop.code.Insn$BaseVisitor::visitThrowingInsn (1 bytes)
Event: 7.671 Thread 0x63ba7800 nmethod 2539 0xa7c718c8 code [0xa7c719c0, 0xa7c71a60]
Event: 7.679 Thread 0x63ba7800 2540 %     3       com.android.dx.ssa.PhiInsn::mapSourceRegisters @ 8 (78 bytes)
Event: 7.680 Thread 0x63ba7800 nmethod 2540% 0xa7c95908 code [0xa7c95aa0, 0xa7c962b0]
Event: 7.761 Thread 0x63ba7800 2542 %     3       com.android.dx.util.Bits::isEmpty @ 5 (26 bytes)
Event: 7.762 Thread 0x63ba7800 nmethod 2542% 0xa7c71488 code [0xa7c715a0, 0xa7c71780]
Event: 7.837 Thread 0x63ba7800 2543       3       com.android.dx.ssa.back.FirstFitLocalCombiningAllocator::processPhiInsn (255 bytes)
Event: 7.841 Thread 0x63ba7800 nmethod 2543 0xa7c966c8 code [0xa7c96a80, 0xa7c98710]
Event: 7.848 Thread 0x63ba7800 2544   !   2       java.util.concurrent.locks.AbstractQueuedSynchronizer::doAcquireInterruptibly (97 bytes)
Event: 7.850 Thread 0x63ba7800 nmethod 2544 0xa7c99ec8 code [0xa7c9a0a0, 0xa7c9a4e0]

GC Heap History (10 events):
Event: 4.117 GC heap after
Heap after GC invocations=7 (full 0):
 PSYoungGen      total 140544K, used 15866K [0x91ac0000, 0xa4040000, 0xa7000000)
  eden space 124672K, 0% used [0x91ac0000,0x91ac0000,0x99480000)
  from space 15872K, 99% used [0x99480000,0x9a3fe8b8,0x9a400000)
  to   space 25600K, 0% used [0xa2740000,0xa2740000,0xa4040000)
 ParOldGen       total 42496K, used 30022K [0x67000000, 0x69980000, 0x91ac0000)
  object space 42496K, 70% used [0x67000000,0x68d51a10,0x69980000)
 Metaspace       used 4129K, capacity 4166K, committed 4248K, reserved 4400K
}
Event: 4.117 GC heap before
{Heap before GC invocations=8 (full 1):
 PSYoungGen      total 140544K, used 15866K [0x91ac0000, 0xa4040000, 0xa7000000)
  eden space 124672K, 0% used [0x91ac0000,0x91ac0000,0x99480000)
  from space 15872K, 99% used [0x99480000,0x9a3fe8b8,0x9a400000)
  to   space 25600K, 0% used [0xa2740000,0xa2740000,0xa4040000)
 ParOldGen       total 42496K, used 30022K [0x67000000, 0x69980000, 0x91ac0000)
  object space 42496K, 70% used [0x67000000,0x68d51a10,0x69980000)
 Metaspace       used 4129K, capacity 4166K, committed 4248K, reserved 4400K
Event: 4.457 GC heap after
Heap after GC invocations=8 (full 1):
 PSYoungGen      total 140544K, used 249K [0x91ac0000, 0xa4040000, 0xa7000000)
  eden space 124672K, 0% used [0x91ac0000,0x91ac0000,0x99480000)
  from space 15872K, 1% used [0x99480000,0x994be678,0x9a400000)
  to   space 25600K, 0% used [0xa2740000,0xa2740000,0xa4040000)
 ParOldGen       total 79104K, used 42246K [0x67000000, 0x6bd40000, 0x91ac0000)
  object space 79104K, 53% used [0x67000000,0x69941ad8,0x6bd40000)
 Metaspace       used 4129K, capacity 4166K, committed 4248K, reserved 4400K
}
Event: 5.065 GC heap before
{Heap before GC invocations=9 (full 1):
 PSYoungGen      total 140544K, used 124921K [0x91ac0000, 0xa4040000, 0xa7000000)
  eden space 124672K, 100% used [0x91ac0000,0x99480000,0x99480000)
  from space 15872K, 1% used [0x99480000,0x994be678,0x9a400000)
  to   space 25600K, 0% used [0xa2740000,0xa2740000,0xa4040000)
 ParOldGen       total 79104K, used 42246K [0x67000000, 0x6bd40000, 0x91ac0000)
  object space 79104K, 53% used [0x67000000,0x69941ad8,0x6bd40000)
 Metaspace       used 4175K, capacity 4230K, committed 4248K, reserved 4400K
Event: 5.127 GC heap after
Heap after GC invocations=9 (full 1):
 PSYoungGen      total 207872K, used 17698K [0x91ac0000, 0xa38c0000, 0xa7000000)
  eden space 189952K, 0% used [0x91ac0000,0x91ac0000,0x9d440000)
  from space 17920K, 98% used [0xa2740000,0xa38889c0,0xa38c0000)
  to   space 27136K, 0% used [0xa03c0000,0xa03c0000,0xa1e40000)
 ParOldGen       total 79104K, used 42250K [0x67000000, 0x6bd40000, 0x91ac0000)
  object space 79104K, 53% used [0x67000000,0x69942ad8,0x6bd40000)
 Metaspace       used 4175K, capacity 4230K, committed 4248K, reserved 4400K
}
Event: 6.249 GC heap before
{Heap before GC invocations=10 (full 1):
 PSYoungGen      total 207872K, used 207650K [0x91ac0000, 0xa38c0000, 0xa7000000)
  eden space 189952K, 100% used [0x91ac0000,0x9d440000,0x9d440000)
  from space 17920K, 98% used [0xa2740000,0xa38889c0,0xa38c0000)
  to   space 27136K, 0% used [0xa03c0000,0xa03c0000,0xa1e40000)
 ParOldGen       total 79104K, used 42250K [0x67000000, 0x6bd40000, 0x91ac0000)
  object space 79104K, 53% used [0x67000000,0x69942ad8,0x6bd40000)
 Metaspace       used 4231K, capacity 4262K, committed 4376K, reserved 4400K
Event: 6.337 GC heap after
Heap after GC invocations=10 (full 1):
 PSYoungGen      total 265728K, used 27128K [0x91ac0000, 0xa5540000, 0xa7000000)
  eden space 238592K, 0% used [0x91ac0000,0x91ac0000,0xa03c0000)
  from space 27136K, 99% used [0xa03c0000,0xa1e3e160,0xa1e40000)
  to   space 36608K, 0% used [0xa3180000,0xa3180000,0xa5540000)
 ParOldGen       total 79104K, used 53612K [0x67000000, 0x6bd40000, 0x91ac0000)
  object space 79104K, 67% used [0x67000000,0x6a45b2c8,0x6bd40000)
 Metaspace       used 4231K, capacity 4262K, committed 4376K, reserved 4400K
}
Event: 7.941 GC heap before
{Heap before GC invocations=11 (full 1):
 PSYoungGen      total 265728K, used 265720K [0x91ac0000, 0xa5540000, 0xa7000000)
  eden space 238592K, 100% used [0x91ac0000,0xa03c0000,0xa03c0000)
  from space 27136K, 99% used [0xa03c0000,0xa1e3e160,0xa1e40000)
  to   space 36608K, 0% used [0xa3180000,0xa3180000,0xa5540000)
 ParOldGen       total 79104K, used 53612K [0x67000000, 0x6bd40000, 0x91ac0000)
  object space 79104K, 67% used [0x67000000,0x6a45b2c8,0x6bd40000)
 Metaspace       used 4272K, capacity 4294K, committed 4376K, reserved 4400K
Event: 8.137 GC heap after
Heap after GC invocations=11 (full 1):
 PSYoungGen      total 269056K, used 36597K [0x91ac0000, 0xa7000000, 0xa7000000)
  eden space 232448K, 0% used [0x91ac0000,0x91ac0000,0x9fdc0000)
  from space 36608K, 99% used [0xa3180000,0xa553d6d0,0xa5540000)
  to   space 52992K, 0% used [0x9fdc0000,0x9fdc0000,0xa3180000)
 ParOldGen       total 81408K, used 81178K [0x67000000, 0x6bf80000, 0x91ac0000)
  object space 81408K, 99% used [0x67000000,0x6bf46b80,0x6bf80000)
 Metaspace       used 4272K, capacity 4294K, committed 4376K, reserved 4400K
}
Event: 8.137 GC heap before
{Heap before GC invocations=12 (full 2):
 PSYoungGen      total 269056K, used 36597K [0x91ac0000, 0xa7000000, 0xa7000000)
  eden space 232448K, 0% used [0x91ac0000,0x91ac0000,0x9fdc0000)
  from space 36608K, 99% used [0xa3180000,0xa553d6d0,0xa5540000)
  to   space 52992K, 0% used [0x9fdc0000,0x9fdc0000,0xa3180000)
 ParOldGen       total 81408K, used 81178K [0x67000000, 0x6bf80000, 0x91ac0000)
  object space 81408K, 99% used [0x67000000,0x6bf46b80,0x6bf80000)
 Metaspace       used 4272K, capacity 4294K, committed 4376K, reserved 4400K

Deoptimization events (10 events):
Event: 5.044 Thread 0x63264400 Uncommon trap: reason=bimorphic action=maybe_recompile pc=0xa7b407f0 method=com.android.dx.rop.code.RegisterSpec.withSimpleType()Lcom/android/dx/rop/code/RegisterSpec; @ 21
Event: 5.129 Thread 0x63265800 Uncommon trap: reason=unstable_if action=reinterpret pc=0xa7b3eaa8 method=com.android.dx.rop.code.RegisterSpec.equals(ILcom/android/dx/rop/type/TypeBearer;Lcom/android/dx/rop/code/LocalItem;)Z @ 42
Event: 5.149 Thread 0x6325e400 Uncommon trap: reason=bimorphic action=maybe_recompile pc=0xa7b5d38c method=com.android.dx.cf.code.BytecodeArray.parseInstruction(ILcom/android/dx/cf/code/BytecodeArray$Visitor;)I @ 1417
Event: 5.150 Thread 0x6325e400 Uncommon trap: reason=bimorphic action=maybe_recompile pc=0xa7b5d38c method=com.android.dx.cf.code.BytecodeArray.parseInstruction(ILcom/android/dx/cf/code/BytecodeArray$Visitor;)I @ 1417
Event: 5.236 Thread 0xb6507800 Uncommon trap: reason=bimorphic action=maybe_recompile pc=0xa7b5fb5c method=com.android.dx.cf.code.BytecodeArray.parseInstruction(ILcom/android/dx/cf/code/BytecodeArray$Visitor;)I @ 2554
Event: 5.236 Thread 0xb6507800 Uncommon trap: reason=bimorphic action=maybe_recompile pc=0xa7b5fb5c method=com.android.dx.cf.code.BytecodeArray.parseInstruction(ILcom/android/dx/cf/code/BytecodeArray$Visitor;)I @ 2554
Event: 6.097 Thread 0xb6507800 Uncommon trap: reason=bimorphic action=maybe_recompile pc=0xa7be0b98 method=com.android.dx.cf.code.BytecodeArray.parseInstruction(ILcom/android/dx/cf/code/BytecodeArray$Visitor;)I @ 1549
Event: 6.097 Thread 0xb6507800 Uncommon trap: reason=bimorphic action=maybe_recompile pc=0xa7be0b98 method=com.android.dx.cf.code.BytecodeArray.parseInstruction(ILcom/android/dx/cf/code/BytecodeArray$Visitor;)I @ 1549
Event: 6.691 Thread 0x63265800 Uncommon trap: reason=unstable_if action=reinterpret pc=0xa7c1a9dc method=java.util.BitSet.clone()Ljava/lang/Object; @ 4
Event: 7.040 Thread 0xb6507800 Uncommon trap: reason=unstable_if action=reinterpret pc=0xa7a73990 method=java.util.HashMap.getNode(ILjava/lang/Object;)Ljava/util/HashMap$Node; @ 84

Internal exceptions (6 events):
Event: 0.044 Thread 0xb6507800 Exception <a 'java/lang/NoSuchMethodError': Method sun.misc.Unsafe.defineClass(Ljava/lang/String;[BII)Ljava/lang/Class; name or signature does not match> (0x91ad0540) thrown at [/HUDSON/workspace/8-2-build-linux-i586/jdk8u66/4988/hotspot/src/share/vm/prim
Event: 0.044 Thread 0xb6507800 Exception <a 'java/lang/NoSuchMethodError': Method sun.misc.Unsafe.prefetchRead(Ljava/lang/Object;J)V name or signature does not match> (0x91ad0810) thrown at [/HUDSON/workspace/8-2-build-linux-i586/jdk8u66/4988/hotspot/src/share/vm/prims/jni.cpp, line 39
Event: 1.705 Thread 0xb6507800 Implicit null exception at 0xa778102b to 0xa778369d
Event: 3.467 Thread 0x63265800 Exception <a 'java/lang/ArrayIndexOutOfBoundsException': 18> (0x945fd740) thrown at [/HUDSON/workspace/8-2-build-linux-i586/jdk8u66/4988/hotspot/src/share/vm/interpreter/interpreterRuntime.cpp, line 366]
Event: 3.468 Thread 0x63265800 Exception <a 'java/lang/ArrayIndexOutOfBoundsException': 145> (0x945fefe0) thrown at [/HUDSON/workspace/8-2-build-linux-i586/jdk8u66/4988/hotspot/src/share/vm/interpreter/interpreterRuntime.cpp, line 366]
Event: 3.469 Thread 0x63265800 Exception <a 'java/lang/ArrayIndexOutOfBoundsException': 40> (0x946000c0) thrown at [/HUDSON/workspace/8-2-build-linux-i586/jdk8u66/4988/hotspot/src/share/vm/interpreter/interpreterRuntime.cpp, line 366]

Events (10 events):
Event: 7.040 Thread 0xb6507800 DEOPT UNPACKING pc=0xa753ae55 sp=0xb67124a4 mode 2
Event: 7.095 Thread 0xb6507800 DEOPT PACKING pc=0xa799ba42 sp=0xb6712540
Event: 7.096 Thread 0xb6507800 DEOPT UNPACKING pc=0xa753c590 sp=0xb67123cc mode 0
Event: 7.365 Thread 0x63264400 DEOPT PACKING pc=0xa7a1f896 sp=0x6295cb20
Event: 7.365 Thread 0x63264400 DEOPT UNPACKING pc=0xa753c590 sp=0x6295c9b0 mode 0
Event: 7.491 Thread 0xb6507800 DEOPT PACKING pc=0xa7a17faf sp=0xb67126d0
Event: 7.491 Thread 0xb6507800 DEOPT UNPACKING pc=0xa753c590 sp=0xb6712570 mode 0
Event: 7.639 Thread 0x63263000 DEOPT PACKING pc=0xa7ab2213 sp=0x629ad6b0
Event: 7.639 Thread 0x63263000 DEOPT UNPACKING pc=0xa753c590 sp=0x629ad558 mode 0
Event: 7.934 Executing VM operation: ParallelGCFailedAllocation


Dynamic libraries:
08048000-08049000 r-xp 00000000 08:06 1552326    /usr/lib/jvm/java-8-oracle/bin/java
08049000-0804a000 rw-p 00000000 08:06 1552326    /usr/lib/jvm/java-8-oracle/bin/java
083be000-08486000 rw-p 00000000 00:00 0          [heap]
61a00000-61a21000 rw-p 00000000 00:00 0 
61a21000-61b00000 ---p 00000000 00:00 0 
61c00000-61cf7000 rw-p 00000000 00:00 0 
61cf7000-61d00000 ---p 00000000 00:00 0 
61d00000-61de3000 rw-p 00000000 00:00 0 
61de3000-61e00000 ---p 00000000 00:00 0 
61e00000-61ef0000 rw-p 00000000 00:00 0 
61ef0000-61f00000 ---p 00000000 00:00 0 
61f00000-62000000 rw-p 00000000 00:00 0 
62000000-620fe000 rw-p 00000000 00:00 0 
620fe000-62100000 ---p 00000000 00:00 0 
62100000-621f9000 rw-p 00000000 00:00 0 
621f9000-62200000 ---p 00000000 00:00 0 
62200000-622fc000 rw-p 00000000 00:00 0 
622fc000-62300000 ---p 00000000 00:00 0 
62300000-623aa000 rw-p 00000000 00:00 0 
623aa000-62400000 ---p 00000000 00:00 0 
62400000-624fe000 rw-p 00000000 00:00 0 
624fe000-62500000 ---p 00000000 00:00 0 
62500000-625d1000 rw-p 00000000 00:00 0 
625d1000-62600000 ---p 00000000 00:00 0 
627af000-627b2000 ---p 00000000 00:00 0 
627b2000-62800000 rw-p 00000000 00:00 0          [stack:18406]
62874000-6290d000 rw-p 00000000 00:00 0 
6290d000-62910000 ---p 00000000 00:00 0 
62910000-6295e000 rw-p 00000000 00:00 0          [stack:18405]
6295e000-62961000 ---p 00000000 00:00 0 
62961000-629af000 rw-p 00000000 00:00 0          [stack:18404]
629af000-629b2000 ---p 00000000 00:00 0 
629b2000-62a00000 rw-p 00000000 00:00 0          [stack:18403]
62a00000-62aff000 rw-p 00000000 00:00 0 
62aff000-62b00000 ---p 00000000 00:00 0 
62b00000-62bff000 rw-p 00000000 00:00 0 
62bff000-62c00000 ---p 00000000 00:00 0 
62c00000-62ced000 rw-p 00000000 00:00 0 
62ced000-62d00000 ---p 00000000 00:00 0 
62d00000-62df9000 rw-p 00000000 00:00 0 
62df9000-62e00000 ---p 00000000 00:00 0 
62e00000-62ecc000 rw-p 00000000 00:00 0 
62ecc000-62f00000 ---p 00000000 00:00 0 
62f00000-62ff8000 rw-p 00000000 00:00 0 
62ff8000-63000000 ---p 00000000 00:00 0 
63000000-630f9000 rw-p 00000000 00:00 0 
630f9000-63100000 ---p 00000000 00:00 0 
63100000-631fb000 rw-p 00000000 00:00 0 
631fb000-63200000 ---p 00000000 00:00 0 
63200000-632c4000 rw-p 00000000 00:00 0 
632c4000-63300000 ---p 00000000 00:00 0 
6330f000-63312000 ---p 00000000 00:00 0 
63312000-63360000 rw-p 00000000 00:00 0          [stack:18402]
63360000-633ab000 r--s 003c9000 08:06 190036     /home/priya/matrix/Kurukshetra/app/build/intermediates/transforms/jarMerging/debug/jars/1/1f/combined.jar
633ab000-633ac000 ---p 00000000 00:00 0 
633ac000-6342c000 rw-p 00000000 00:00 0          [stack:18401]
6342c000-6342f000 ---p 00000000 00:00 0 
6342f000-6347d000 rw-p 00000000 00:00 0          [stack:18400]
6347d000-63480000 ---p 00000000 00:00 0 
63480000-634fe000 rw-p 00000000 00:00 0          [stack:18399]
634fe000-63501000 ---p 00000000 00:00 0 
63501000-6357f000 rw-p 00000000 00:00 0          [stack:18398]
6357f000-63582000 ---p 00000000 00:00 0 
63582000-63600000 rw-p 00000000 00:00 0          [stack:18397]
63600000-63800000 r--p 00000000 08:06 1093651    /usr/lib/locale/locale-archive
63800000-63821000 rw-p 00000000 00:00 0 
63821000-63900000 ---p 00000000 00:00 0 
63900000-639fa000 rw-p 00000000 00:00 0 
639fa000-63a00000 ---p 00000000 00:00 0 
63a0d000-63a10000 ---p 00000000 00:00 0 
63a10000-63a5e000 rw-p 00000000 00:00 0          [stack:18396]
63a5e000-63a61000 ---p 00000000 00:00 0 
63a61000-63aaf000 rw-p 00000000 00:00 0          [stack:18395]
63aaf000-63ab2000 ---p 00000000 00:00 0 
63ab2000-63b00000 rw-p 00000000 00:00 0          [stack:18394]
63b00000-63bf8000 rw-p 00000000 00:00 0 
63bf8000-63c00000 ---p 00000000 00:00 0 
63c0b000-63c0c000 ---p 00000000 00:00 0 
63c0c000-63cdb000 rw-p 00000000 00:00 0          [stack:18393]
63cdb000-63eb4000 r--s 03d20000 08:06 1286207    /usr/lib/jvm/java-8-oracle/jre/lib/rt.jar
63eb4000-642fa000 rw-p 00000000 00:00 0 
642fa000-64300000 ---p 00000000 00:00 0 
64300000-66700000 rw-p 00000000 00:00 0 
66700000-667fe000 rw-p 00000000 00:00 0 
667fe000-66800000 ---p 00000000 00:00 0 
66824000-6687f000 rw-p 00000000 00:00 0 
6687f000-66880000 ---p 00000000 00:00 0 
66880000-66900000 rw-p 00000000 00:00 0          [stack:18392]
66900000-66921000 rw-p 00000000 00:00 0 
66921000-66a00000 ---p 00000000 00:00 0 
66a00000-66b00000 rw-p 00000000 00:00 0 
66b00000-66b21000 rw-p 00000000 00:00 0 
66b21000-66c00000 ---p 00000000 00:00 0 
66c28000-66c29000 ---p 00000000 00:00 0 
66c29000-66cd1000 rw-p 00000000 00:00 0          [stack:18391]
66cd1000-66dff000 ---p 00000000 00:00 0 
66dff000-66e27000 rw-p 00000000 00:00 0 
66e27000-66f54000 ---p 00000000 00:00 0 
66f54000-66fff000 rw-p 00000000 00:00 0 
66fff000-6bf80000 rw-p 00000000 00:00 0 
6f7ef000-6fa40000 rw-p 00000000 00:00 0 
6fa40000-91ac0000 ---p 00000000 00:00 0 
91ac0000-a7000000 rw-p 00000000 00:00 0 
a703e000-a703f000 ---p 00000000 00:00 0 
a703f000-a70bf000 rw-p 00000000 00:00 0          [stack:18390]
a70bf000-a70c0000 ---p 00000000 00:00 0 
a70c0000-a715f000 rw-p 00000000 00:00 0          [stack:18389]
a715f000-a7500000 ---p 00000000 00:00 0 
a7500000-a7ca0000 rwxp 00000000 00:00 0 
a7ca0000-b6500000 ---p 00000000 00:00 0 
b6500000-b65fb000 rw-p 00000000 00:00 0 
b65fb000-b6600000 ---p 00000000 00:00 0 
b660b000-b661a000 r--s 000df000 08:06 3122779    /home/priya/Android/Sdk/build-tools/23.0.2/lib/dx.jar
b661a000-b6632000 rw-p 00000000 00:00 0 
b6632000-b664b000 r-xp 00000000 08:06 1387720    /usr/lib/jvm/java-8-oracle/jre/lib/i386/libzip.so
b664b000-b664c000 rw-p 00019000 08:06 1387720    /usr/lib/jvm/java-8-oracle/jre/lib/i386/libzip.so
b664c000-b6657000 r-xp 00000000 08:06 1933505    /lib/i386-linux-gnu/libnss_files-2.19.so
b6657000-b6658000 r--p 0000a000 08:06 1933505    /lib/i386-linux-gnu/libnss_files-2.19.so
b6658000-b6659000 rw-p 0000b000 08:06 1933505    /lib/i386-linux-gnu/libnss_files-2.19.so
b6659000-b6663000 r-xp 00000000 08:06 1933491    /lib/i386-linux-gnu/libnss_nis-2.19.so
b6663000-b6664000 r--p 00009000 08:06 1933491    /lib/i386-linux-gnu/libnss_nis-2.19.so
b6664000-b6665000 rw-p 0000a000 08:06 1933491    /lib/i386-linux-gnu/libnss_nis-2.19.so
b6665000-b667a000 r-xp 00000000 08:06 1933492    /lib/i386-linux-gnu/libnsl-2.19.so
b667a000-b667b000 r--p 00015000 08:06 1933492    /lib/i386-linux-gnu/libnsl-2.19.so
b667b000-b667c000 rw-p 00016000 08:06 1933492    /lib/i386-linux-gnu/libnsl-2.19.so
b667c000-b667e000 rw-p 00000000 00:00 0 
b668a000-b668c000 rw-p 00000000 00:00 0 
b668c000-b668d000 r--p 00850000 08:06 1093651    /usr/lib/locale/locale-archive
b668d000-b6695000 rw-s 00000000 08:06 386259     /tmp/hsperfdata_priya/18384
b6695000-b66b9000 r-xp 00000000 08:06 1387732    /usr/lib/jvm/java-8-oracle/jre/lib/i386/libjava.so
b66b9000-b66ba000 rw-p 00023000 08:06 1387732    /usr/lib/jvm/java-8-oracle/jre/lib/i386/libjava.so
b66ba000-b66c1000 r-xp 00000000 08:06 1933506    /lib/i386-linux-gnu/librt-2.19.so
b66c1000-b66c2000 r--p 00006000 08:06 1933506    /lib/i386-linux-gnu/librt-2.19.so
b66c2000-b66c3000 rw-p 00007000 08:06 1933506    /lib/i386-linux-gnu/librt-2.19.so
b66c3000-b66c6000 ---p 00000000 00:00 0 
b66c6000-b6714000 rw-p 00000000 00:00 0          [stack:18388]
b6714000-b6758000 r-xp 00000000 08:06 1933496    /lib/i386-linux-gnu/libm-2.19.so
b6758000-b6759000 r--p 00043000 08:06 1933496    /lib/i386-linux-gnu/libm-2.19.so
b6759000-b675a000 rw-p 00044000 08:06 1933496    /lib/i386-linux-gnu/libm-2.19.so
b675a000-b70da000 r-xp 00000000 08:06 1395826    /usr/lib/jvm/java-8-oracle/jre/lib/i386/server/libjvm.so
b70da000-b7147000 rw-p 00980000 08:06 1395826    /usr/lib/jvm/java-8-oracle/jre/lib/i386/server/libjvm.so
b7147000-b756d000 rw-p 00000000 00:00 0 
b756d000-b7715000 r-xp 00000000 08:06 1933488    /lib/i386-linux-gnu/libc-2.19.so
b7715000-b7717000 r--p 001a8000 08:06 1933488    /lib/i386-linux-gnu/libc-2.19.so
b7717000-b7718000 rw-p 001aa000 08:06 1933488    /lib/i386-linux-gnu/libc-2.19.so
b7718000-b771b000 rw-p 00000000 00:00 0 
b771b000-b771e000 r-xp 00000000 08:06 1933489    /lib/i386-linux-gnu/libdl-2.19.so
b771e000-b771f000 r--p 00002000 08:06 1933489    /lib/i386-linux-gnu/libdl-2.19.so
b771f000-b7720000 rw-p 00003000 08:06 1933489    /lib/i386-linux-gnu/libdl-2.19.so
b7720000-b7734000 r-xp 00000000 08:06 1549650    /usr/lib/jvm/java-8-oracle/lib/i386/jli/libjli.so
b7734000-b7735000 rw-p 00014000 08:06 1549650    /usr/lib/jvm/java-8-oracle/lib/i386/jli/libjli.so
b7735000-b7736000 rw-p 00000000 00:00 0 
b7736000-b774e000 r-xp 00000000 08:06 1933501    /lib/i386-linux-gnu/libpthread-2.19.so
b774e000-b774f000 r--p 00018000 08:06 1933501    /lib/i386-linux-gnu/libpthread-2.19.so
b774f000-b7750000 rw-p 00019000 08:06 1933501    /lib/i386-linux-gnu/libpthread-2.19.so
b7750000-b7752000 rw-p 00000000 00:00 0 
b7752000-b7759000 r-xp 00000000 08:06 1933497    /lib/i386-linux-gnu/libnss_compat-2.19.so
b7759000-b775a000 r--p 00006000 08:06 1933497    /lib/i386-linux-gnu/libnss_compat-2.19.so
b775a000-b775b000 rw-p 00007000 08:06 1933497    /lib/i386-linux-gnu/libnss_compat-2.19.so
b775b000-b775c000 rw-p 00000000 00:00 0 
b775c000-b775d000 ---p 00000000 00:00 0 
b775d000-b7768000 r-xp 00000000 08:06 1387688    /usr/lib/jvm/java-8-oracle/jre/lib/i386/libverify.so
b7768000-b7769000 rw-p 0000b000 08:06 1387688    /usr/lib/jvm/java-8-oracle/jre/lib/i386/libverify.so
b7769000-b776b000 rw-p 00000000 00:00 0 
b776b000-b776c000 r-xp 00000000 00:00 0          [vdso]
b776c000-b778c000 r-xp 00000000 08:06 1933490    /lib/i386-linux-gnu/ld-2.19.so
b778c000-b778d000 r--p 0001f000 08:06 1933490    /lib/i386-linux-gnu/ld-2.19.so
b778d000-b778e000 rw-p 00020000 08:06 1933490    /lib/i386-linux-gnu/ld-2.19.so
bfb7b000-bfb7c000 rwxp 00000000 00:00 0 
bfbae000-bfbcf000 rw-p 00000000 00:00 0          [stack]

VM Arguments:
jvm_args: -Djava.awt.headless=true -Xmx1024M -Dfile.encoding=UTF-8 -Duser.country=IN -Duser.language=en -Duser.variant 
java_command: com.android.dx.command.Main --dex --num-threads=4 --multi-dex --main-dex-list /home/priya/matrix/Kurukshetra/app/build/intermediates/multi-dex/debug/maindexlist.txt --output /home/priya/matrix/Kurukshetra/app/build/intermediates/transforms/dex/debug/folders/1000/1f/main /home/priya/matrix/Kurukshetra/app/build/intermediates/transforms/jarMerging/debug/jars/1/1f/combined.jar
java_class_path (initial): /home/priya/Android/Sdk/build-tools/23.0.2/lib/dx.jar
Launcher Type: SUN_STANDARD

Environment Variables:
JAVA_HOME=/usr/lib/jvm/java-8-oracle
PATH=/usr/local/sbin:/usr/local/bin:/usr/sbin:/usr/bin:/sbin:/bin:/usr/games:/usr/local/games:/home/priya/matrix/proxy/google_appengine/
LD_LIBRARY_PATH=bin:
SHELL=/bin/bash
DISPLAY=:0

Signal Handlers:
SIGSEGV: [libjvm.so+0x8cdc10], sa_mask[0]=11111111011111111101111111111110, sa_flags=SA_RESTART|SA_SIGINFO
SIGBUS: [libjvm.so+0x8cdc10], sa_mask[0]=11111111011111111101111111111110, sa_flags=SA_RESTART|SA_SIGINFO
SIGFPE: [libjvm.so+0x74dbb0], sa_mask[0]=11111111011111111101111111111110, sa_flags=SA_RESTART|SA_SIGINFO
SIGPIPE: [libjvm.so+0x74dbb0], sa_mask[0]=11111111011111111101111111111110, sa_flags=SA_RESTART|SA_SIGINFO
SIGXFSZ: [libjvm.so+0x74dbb0], sa_mask[0]=11111111011111111101111111111110, sa_flags=SA_RESTART|SA_SIGINFO
SIGILL: [libjvm.so+0x74dbb0], sa_mask[0]=11111111011111111101111111111110, sa_flags=SA_RESTART|SA_SIGINFO
SIGUSR1: SIG_DFL, sa_mask[0]=00000000000000000000000000000000, sa_flags=none
SIGUSR2: [libjvm.so+0x74f230], sa_mask[0]=00100000000000000000000000000000, sa_flags=SA_RESTART|SA_SIGINFO
SIGHUP: [libjvm.so+0x7506e0], sa_mask[0]=11111111011111111101111111111110, sa_flags=SA_RESTART|SA_SIGINFO
SIGINT: [libjvm.so+0x7506e0], sa_mask[0]=11111111011111111101111111111110, sa_flags=SA_RESTART|SA_SIGINFO
SIGTERM: [libjvm.so+0x7506e0], sa_mask[0]=11111111011111111101111111111110, sa_flags=SA_RESTART|SA_SIGINFO
SIGQUIT: [libjvm.so+0x7506e0], sa_mask[0]=11111111011111111101111111111110, sa_flags=SA_RESTART|SA_SIGINFO


---------------  S Y S T E M  ---------------

OS:DISTRIB_ID=Ubuntu
DISTRIB_RELEASE=14.04
DISTRIB_CODENAME=trusty
DISTRIB_DESCRIPTION="Ubuntu 14.04.3 LTS"

uname:Linux 3.13.0-74-generic #118-Ubuntu SMP Thu Dec 17 22:52:02 UTC 2015 i686
libc:glibc 2.19 NPTL 2.19 
rlimit: STACK 8192k, CORE 0k, NPROC 31374, NOFILE 4096, AS infinity
load average:3.35 1.23 0.65

/proc/meminfo:
MemTotal:        4035184 kB
MemFree:          201752 kB
Buffers:            5712 kB
Cached:           450328 kB
SwapCached:            0 kB
Active:          3319464 kB
Inactive:         405124 kB
Active(anon):    3278020 kB
Inactive(anon):   363984 kB
Active(file):      41444 kB
Inactive(file):    41140 kB
Unevictable:         100 kB
Mlocked:             100 kB
HighTotal:       3182980 kB
HighFree:          44780 kB
LowTotal:         852204 kB
LowFree:          156972 kB
SwapTotal:             0 kB
SwapFree:              0 kB
Dirty:               132 kB
Writeback:             0 kB
AnonPages:       3268972 kB
Mapped:           199908 kB
Shmem:            373156 kB
Slab:              49592 kB
SReclaimable:      24144 kB
SUnreclaim:        25448 kB
KernelStack:        5112 kB
PageTables:        20244 kB
NFS_Unstable:          0 kB
Bounce:                0 kB
WritebackTmp:          0 kB
CommitLimit:     2017592 kB
Committed_AS:    9302960 kB
VmallocTotal:     122880 kB
VmallocUsed:       70780 kB
VmallocChunk:      18596 kB
HardwareCorrupted:     0 kB
AnonHugePages:   1665024 kB
HugePages_Total:       0
HugePages_Free:        0
HugePages_Rsvd:        0
HugePages_Surp:        0
Hugepagesize:       2048 kB
DirectMap4k:       49144 kB
DirectMap2M:      864256 kB


CPU:total 4 (2 cores per cpu, 2 threads per core) family 6 model 69 stepping 1, cmov, cx8, fxsr, mmx, sse, sse2, sse3, ssse3, sse4.1, sse4.2, popcnt, avx, avx2, aes, clmul, erms, lzcnt, ht, tsc, tscinvbit, bmi1, bmi2

/proc/cpuinfo:
processor	: 0
vendor_id	: GenuineIntel
cpu family	: 6
model		: 69
model name	: Intel(R) Core(TM) i5-4210U CPU @ 1.70GHz
stepping	: 1
microcode	: 0x17
cpu MHz		: 1701.000
cache size	: 3072 KB
physical id	: 0
siblings	: 4
core id		: 0
cpu cores	: 2
apicid		: 0
initial apicid	: 0
fdiv_bug	: no
f00f_bug	: no
coma_bug	: no
fpu		: yes
fpu_exception	: yes
cpuid level	: 13
wp		: yes
flags		: fpu vme de pse tsc msr pae mce cx8 apic sep mtrr pge mca cmov pat pse36 clflush dts acpi mmx fxsr sse sse2 ss ht tm pbe nx pdpe1gb rdtscp lm constant_tsc arch_perfmon pebs bts xtopology nonstop_tsc aperfmperf eagerfpu pni pclmulqdq dtes64 monitor ds_cpl vmx est tm2 ssse3 fma cx16 xtpr pdcm pcid sse4_1 sse4_2 movbe popcnt tsc_deadline_timer aes xsave avx f16c rdrand lahf_lm abm arat epb xsaveopt pln pts dtherm tpr_shadow vnmi flexpriority ept vpid fsgsbase tsc_adjust bmi1 avx2 smep bmi2 erms invpcid
bogomips	: 3392.31
clflush size	: 64
cache_alignment	: 64
address sizes	: 39 bits physical, 48 bits virtual
power management:

processor	: 1
vendor_id	: GenuineIntel
cpu family	: 6
model		: 69
model name	: Intel(R) Core(TM) i5-4210U CPU @ 1.70GHz
stepping	: 1
microcode	: 0x17
cpu MHz		: 1000.000
cache size	: 3072 KB
physical id	: 0
siblings	: 4
core id		: 1
cpu cores	: 2
apicid		: 2
initial apicid	: 2
fdiv_bug	: no
f00f_bug	: no
coma_bug	: no
fpu		: yes
fpu_exception	: yes
cpuid level	: 13
wp		: yes
flags		: fpu vme de pse tsc msr pae mce cx8 apic sep mtrr pge mca cmov pat pse36 clflush dts acpi mmx fxsr sse sse2 ss ht tm pbe nx pdpe1gb rdtscp lm constant_tsc arch_perfmon pebs bts xtopology nonstop_tsc aperfmperf eagerfpu pni pclmulqdq dtes64 monitor ds_cpl vmx est tm2 ssse3 fma cx16 xtpr pdcm pcid sse4_1 sse4_2 movbe popcnt tsc_deadline_timer aes xsave avx f16c rdrand lahf_lm abm ida arat epb xsaveopt pln pts dtherm tpr_shadow vnmi flexpriority ept vpid fsgsbase tsc_adjust bmi1 avx2 smep bmi2 erms invpcid
bogomips	: 3392.31
clflush size	: 64
cache_alignment	: 64
address sizes	: 39 bits physical, 48 bits virtual
power management:

processor	: 2
vendor_id	: GenuineIntel
cpu family	: 6
model		: 69
model name	: Intel(R) Core(TM) i5-4210U CPU @ 1.70GHz
stepping	: 1
microcode	: 0x17
cpu MHz		: 782.000
cache size	: 3072 KB
physical id	: 0
siblings	: 4
core id		: 0
cpu cores	: 2
apicid		: 1
initial apicid	: 1
fdiv_bug	: no
f00f_bug	: no
coma_bug	: no
fpu		: yes
fpu_exception	: yes
cpuid level	: 13
wp		: yes
flags		: fpu vme de pse tsc msr pae mce cx8 apic sep mtrr pge mca cmov pat pse36 clflush dts acpi mmx fxsr sse sse2 ss ht tm pbe nx pdpe1gb rdtscp lm constant_tsc arch_perfmon pebs bts xtopology nonstop_tsc aperfmperf eagerfpu pni pclmulqdq dtes64 monitor ds_cpl vmx est tm2 ssse3 fma cx16 xtpr pdcm pcid sse4_1 sse4_2 movbe popcnt tsc_deadline_timer aes xsave avx f16c rdrand lahf_lm abm ida arat epb xsaveopt pln pts dtherm tpr_shadow vnmi flexpriority ept vpid fsgsbase tsc_adjust bmi1 avx2 smep bmi2 erms invpcid
bogomips	: 3392.31
clflush size	: 64
cache_alignment	: 64
address sizes	: 39 bits physical, 48 bits virtual
power management:

processor	: 3
vendor_id	: GenuineIntel
cpu family	: 6
model		: 69
model name	: Intel(R) Core(TM) i5-4210U CPU @ 1.70GHz
stepping	: 1
microcode	: 0x17
cpu MHz		: 1700.000
cache size	: 3072 KB
physical id	: 0
siblings	: 4
core id		: 1
cpu cores	: 2
apicid		: 3
initial apicid	: 3
fdiv_bug	: no
f00f_bug	: no
coma_bug	: no
fpu		: yes
fpu_exception	: yes
cpuid level	: 13
wp		: yes
flags		: fpu vme de pse tsc msr pae mce cx8 apic sep mtrr pge mca cmov pat pse36 clflush dts acpi mmx fxsr sse sse2 ss ht tm pbe nx pdpe1gb rdtscp lm constant_tsc arch_perfmon pebs bts xtopology nonstop_tsc aperfmperf eagerfpu pni pclmulqdq dtes64 monitor ds_cpl vmx est tm2 ssse3 fma cx16 xtpr pdcm pcid sse4_1 sse4_2 movbe popcnt tsc_deadline_timer aes xsave avx f16c rdrand lahf_lm abm ida arat epb xsaveopt pln pts dtherm tpr_shadow vnmi flexpriority ept vpid fsgsbase tsc_adjust bmi1 avx2 smep bmi2 erms invpcid
bogomips	: 3392.31
clflush size	: 64
cache_alignment	: 64
address sizes	: 39 bits physical, 48 bits virtual
power management:



Memory: 4k page, physical 4035184k(201752k free), swap 0k(0k free)

vm_info: Java HotSpot(TM) Server VM (25.66-b17) for linux-x86 JRE (1.8.0_66-b17), built on Oct  6 2015 18:06:03 by "java_re" with gcc 4.3.0 20080428 (Red Hat 4.3.0-8)

time: Fri Dec 25 06:51:15 2015
elapsed time: 9 seconds (0d 0h 0m 9s)

