#
# There is insufficient memory for the Java Runtime Environment to continue.
# Native memory allocation (mmap) failed to map 40370176 bytes for committing reserved memory.
# Possible reasons:
#   The system is out of physical RAM or swap space
#   In 32 bit mode, the process size limit was hit
# Possible solutions:
#   Reduce memory load on the system
#   Increase physical memory or swap space
#   Check if swap backing store is full
#   Use 64 bit Java on a 64 bit OS
#   Decrease Java heap size (-Xmx/-Xms)
#   Decrease number of Java threads
#   Decrease Java thread stack sizes (-Xss)
#   Set larger code cache with -XX:ReservedCodeCacheSize=
# This output file may be truncated or incomplete.
#
#  Out of Memory Error (os_linux.cpp:2627), pid=24459, tid=1674099520
#
# JRE version: Java(TM) SE Runtime Environment (8.0_66-b17) (build 1.8.0_66-b17)
# Java VM: Java HotSpot(TM) Server VM (25.66-b17 mixed mode linux-x86 )
# Failed to write core dump. Core dumps have been disabled. To enable core dumping, try "ulimit -c unlimited" before starting Java again
#

---------------  T H R E A D  ---------------

Current thread (0x63b81400):  VMThread [stack: 0x63c0b000,0x63c8c000] [id=24469]

Stack: [0x63c0b000,0x63c8c000],  sp=0x63c8a6a0,  free space=509k
Native frames: (J=compiled Java code, j=interpreted, Vv=VM code, C=native code)
V  [libjvm.so+0x8cd0ff]  VMError::report_and_die()+0x16f
V  [libjvm.so+0x38bee5]  report_vm_out_of_memory(char const*, int, unsigned int, VMErrorType, char const*)+0x55
V  [libjvm.so+0x750ed6]  os::Linux::commit_memory_impl(char*, unsigned int, bool)+0xe6
V  [libjvm.so+0x7513a8]  os::pd_commit_memory(char*, unsigned int, unsigned int, bool)+0x28
V  [libjvm.so+0x74b2cc]  os::commit_memory(char*, unsigned int, unsigned int, bool)+0x2c
V  [libjvm.so+0x7b58a8]  PSVirtualSpace::expand_by(unsigned int)+0x48
V  [libjvm.so+0x7b69aa]  PSYoungGen::resize_generation(unsigned int, unsigned int)+0xda
V  [libjvm.so+0x7b5cd9]  PSYoungGen::resize(unsigned int, unsigned int)+0x19
V  [libjvm.so+0x7b3605]  PSScavenge::invoke_no_policy()+0xd15
V  [libjvm.so+0x7b3dc8]  PSScavenge::invoke()+0x28
V  [libjvm.so+0x7728ba]  ParallelScavengeHeap::failed_mem_allocate(unsigned int)+0x5a
V  [libjvm.so+0x8cebca]  VM_ParallelGCFailedAllocation::doit()+0x7a
V  [libjvm.so+0x8d81d7]  VM_Operation::evaluate()+0x47
V  [libjvm.so+0x8d62b3]  VMThread::evaluate_operation(VM_Operation*)+0xb3
V  [libjvm.so+0x8d6650]  VMThread::loop()+0x1b0
V  [libjvm.so+0x8d6ab5]  VMThread::run()+0x85
V  [libjvm.so+0x753519]  java_start(Thread*)+0x119
C  [libpthread.so.0+0x6f70]  start_thread+0xd0

VM_Operation (0x62b0b6f4): ParallelGCFailedAllocation, mode: safepoint, requested by thread 0x63287000


---------------  P R O C E S S  ---------------

Java Threads: ( => current thread )
  0x63287000 JavaThread "pool-2-thread-4" [_thread_blocked, id=24482, stack(0x62abc000,0x62b0d000)]
  0x63285000 JavaThread "pool-2-thread-3" [_thread_blocked, id=24481, stack(0x62b0d000,0x62b5e000)]
  0x63284000 JavaThread "pool-2-thread-2" [_thread_blocked, id=24480, stack(0x62b5e000,0x62baf000)]
  0x63282800 JavaThread "pool-3-thread-1" [_thread_blocked, id=24479, stack(0x62baf000,0x62c00000)]
  0x63276400 JavaThread "pool-2-thread-1" [_thread_blocked, id=24478, stack(0x6330f000,0x63360000)]
  0x63baa800 JavaThread "Service Thread" daemon [_thread_blocked, id=24476, stack(0x6342c000,0x6347d000)]
  0x63ba7800 JavaThread "C1 CompilerThread2" daemon [_thread_blocked, id=24475, stack(0x6347d000,0x634fe000)]
  0x63ba6000 JavaThread "C2 CompilerThread1" daemon [_thread_blocked, id=24474, stack(0x634fe000,0x6357f000)]
  0x63ba4400 JavaThread "C2 CompilerThread0" daemon [_thread_blocked, id=24473, stack(0x6357f000,0x63600000)]
  0x63ba2c00 JavaThread "Signal Dispatcher" daemon [_thread_blocked, id=24472, stack(0x63a0d000,0x63a5e000)]
  0x63b86000 JavaThread "Finalizer" daemon [_thread_blocked, id=24471, stack(0x63a5e000,0x63aaf000)]
  0x63b84800 JavaThread "Reference Handler" daemon [_thread_blocked, id=24470, stack(0x63aaf000,0x63b00000)]
  0xb6507800 JavaThread "main" [_thread_blocked, id=24464, stack(0xb66c7000,0xb6718000)]

Other Threads:
=>0x63b81400 VMThread [stack: 0x63c0b000,0x63c8c000] [id=24469]
  0x63bac400 WatcherThread [stack: 0x633ab000,0x6342c000] [id=24477]

VM state:at safepoint (normal execution)

VM Mutex/Monitor currently owned by a thread:  ([mutex/lock_event])
[0xb6504f00] Threads_lock - owner thread: 0x63b81400
[0xb6505310] Heap_lock - owner thread: 0x63287000

Heap:
 PSYoungGen      total 273152K, used 36856K [0x91ac0000, 0xa4980000, 0xa7000000)
  eden space 236288K, 0% used [0x91ac0000,0x91ac0000,0xa0180000)
  from space 36864K, 99% used [0xa2580000,0xa497e3a8,0xa4980000)
  to   space 27904K, 0% used [0xa02c0000,0xa02c0000,0xa1e00000)
 ParOldGen       total 81408K, used 79035K [0x67000000, 0x6bf80000, 0x91ac0000)
  object space 81408K, 97% used [0x67000000,0x6bd2ec88,0x6bf80000)
 Metaspace       used 4275K, capacity 4294K, committed 4376K, reserved 4400K

Card table byte_map: [0x66dff000,0x67000000] byte_map_base: 0x66ac7000

Marking Bits: (ParMarkBitMap*) 0xb715c380
 Begin Bits: [0x64700000, 0x65700000)
 End Bits:   [0x65700000, 0x66700000)

Polling page: 0xb7760000

CodeCache: size=245760Kb used=7757Kb max_used=7769Kb free=238002Kb
 bounds [0xa7500000, 0xa7ca0000, 0xb6500000]
 total_blobs=2469 nmethods=2308 adapters=75
 compilation: enabled

Compilation events (10 events):
Event: 5.165 Thread 0x63ba4400 nmethod 2448 0xa7c74348 code [0xa7c74440, 0xa7c74530]
Event: 5.165 Thread 0x63ba4400 2187       4       com.android.dx.cf.code.BaseMachine::storeResults (90 bytes)
Event: 5.176 Thread 0x63ba7800 2461 %     3       com.android.dx.util.Bits::isEmpty @ 5 (26 bytes)
Event: 5.176 Thread 0x63ba7800 nmethod 2461% 0xa7c7e308 code [0xa7c7e420, 0xa7c7e600]
Event: 5.185 Thread 0x63ba4400 nmethod 2187 0xa7c98c08 code [0xa7c98de0, 0xa7c997bc]
Event: 5.185 Thread 0x63ba4400 2356       4       com.android.dx.ssa.PhiInsn::getSources (95 bytes)
Event: 5.192 Thread 0x63ba7800 2462   !   2       java.util.concurrent.locks.AbstractQueuedSynchronizer::doAcquireInterruptibly (97 bytes)
Event: 5.193 Thread 0x63ba7800 nmethod 2462 0xa7c7d748 code [0xa7c7d920, 0xa7c7dd60]
Event: 5.198 Thread 0x63ba4400 nmethod 2356 0xa7c90c08 code [0xa7c90d40, 0xa7c910f0]
Event: 5.198 Thread 0x63ba4400 2436 %     4       com.android.dx.ssa.SsaConverter::placePhiFunctions @ 229 (394 bytes)

GC Heap History (10 events):
Event: 2.204 GC heap after
Heap after GC invocations=6 (full 0):
 PSYoungGen      total 138240K, used 12185K [0x91ac0000, 0x9b6c0000, 0xa7000000)
  eden space 124416K, 0% used [0x91ac0000,0x91ac0000,0x99440000)
  from space 13824K, 88% used [0x9a440000,0x9b026420,0x9b1c0000)
  to   space 16384K, 0% used [0x99440000,0x99440000,0x9a440000)
 ParOldGen       total 42496K, used 17733K [0x67000000, 0x69980000, 0x91ac0000)
  object space 42496K, 41% used [0x67000000,0x68151728,0x69980000)
 Metaspace       used 4031K, capacity 4070K, committed 4120K, reserved 4400K
}
Event: 2.729 GC heap before
{Heap before GC invocations=7 (full 0):
 PSYoungGen      total 138240K, used 136601K [0x91ac0000, 0x9b6c0000, 0xa7000000)
  eden space 124416K, 100% used [0x91ac0000,0x99440000,0x99440000)
  from space 13824K, 88% used [0x9a440000,0x9b026420,0x9b1c0000)
  to   space 16384K, 0% used [0x99440000,0x99440000,0x9a440000)
 ParOldGen       total 42496K, used 17733K [0x67000000, 0x69980000, 0x91ac0000)
  object space 42496K, 41% used [0x67000000,0x68151728,0x69980000)
 Metaspace       used 4151K, capacity 4166K, committed 4248K, reserved 4400K
Event: 2.811 GC heap after
Heap after GC invocations=7 (full 0):
 PSYoungGen      total 140800K, used 16378K [0x91ac0000, 0xa4140000, 0xa7000000)
  eden space 124416K, 0% used [0x91ac0000,0x91ac0000,0x99440000)
  from space 16384K, 99% used [0x99440000,0x9a43e8a8,0x9a440000)
  to   space 26368K, 0% used [0xa2780000,0xa2780000,0xa4140000)
 ParOldGen       total 42496K, used 30748K [0x67000000, 0x69980000, 0x91ac0000)
  object space 42496K, 72% used [0x67000000,0x68e073e8,0x69980000)
 Metaspace       used 4151K, capacity 4166K, committed 4248K, reserved 4400K
}
Event: 2.811 GC heap before
{Heap before GC invocations=8 (full 1):
 PSYoungGen      total 140800K, used 16378K [0x91ac0000, 0xa4140000, 0xa7000000)
  eden space 124416K, 0% used [0x91ac0000,0x91ac0000,0x99440000)
  from space 16384K, 99% used [0x99440000,0x9a43e8a8,0x9a440000)
  to   space 26368K, 0% used [0xa2780000,0xa2780000,0xa4140000)
 ParOldGen       total 42496K, used 30748K [0x67000000, 0x69980000, 0x91ac0000)
  object space 42496K, 72% used [0x67000000,0x68e073e8,0x69980000)
 Metaspace       used 4151K, capacity 4166K, committed 4248K, reserved 4400K
Event: 3.067 GC heap after
Heap after GC invocations=8 (full 1):
 PSYoungGen      total 140800K, used 1006K [0x91ac0000, 0xa4140000, 0xa7000000)
  eden space 124416K, 0% used [0x91ac0000,0x91ac0000,0x99440000)
  from space 16384K, 6% used [0x99440000,0x9953b8c8,0x9a440000)
  to   space 26368K, 0% used [0xa2780000,0xa2780000,0xa4140000)
 ParOldGen       total 81408K, used 42243K [0x67000000, 0x6bf80000, 0x91ac0000)
  object space 81408K, 51% used [0x67000000,0x69940f38,0x6bf80000)
 Metaspace       used 4151K, capacity 4166K, committed 4248K, reserved 4400K
}
Event: 3.521 GC heap before
{Heap before GC invocations=9 (full 1):
 PSYoungGen      total 140800K, used 125422K [0x91ac0000, 0xa4140000, 0xa7000000)
  eden space 124416K, 100% used [0x91ac0000,0x99440000,0x99440000)
  from space 16384K, 6% used [0x99440000,0x9953b8c8,0x9a440000)
  to   space 26368K, 0% used [0xa2780000,0xa2780000,0xa4140000)
 ParOldGen       total 81408K, used 42243K [0x67000000, 0x6bf80000, 0x91ac0000)
  object space 81408K, 51% used [0x67000000,0x69940f38,0x6bf80000)
 Metaspace       used 4193K, capacity 4230K, committed 4248K, reserved 4400K
Event: 3.579 GC heap after
Heap after GC invocations=9 (full 1):
 PSYoungGen      total 197376K, used 18009K [0x91ac0000, 0xa3940000, 0xa7000000)
  eden space 179200K, 0% used [0x91ac0000,0x91ac0000,0x9c9c0000)
  from space 18176K, 99% used [0xa2780000,0xa3916420,0xa3940000)
  to   space 27904K, 0% used [0xa02c0000,0xa02c0000,0xa1e00000)
 ParOldGen       total 81408K, used 42247K [0x67000000, 0x6bf80000, 0x91ac0000)
  object space 81408K, 51% used [0x67000000,0x69941f38,0x6bf80000)
 Metaspace       used 4193K, capacity 4230K, committed 4248K, reserved 4400K
}
Event: 4.098 GC heap before
{Heap before GC invocations=10 (full 1):
 PSYoungGen      total 197376K, used 197209K [0x91ac0000, 0xa3940000, 0xa7000000)
  eden space 179200K, 100% used [0x91ac0000,0x9c9c0000,0x9c9c0000)
  from space 18176K, 99% used [0xa2780000,0xa3916420,0xa3940000)
  to   space 27904K, 0% used [0xa02c0000,0xa02c0000,0xa1e00000)
 ParOldGen       total 81408K, used 42247K [0x67000000, 0x6bf80000, 0x91ac0000)
  object space 81408K, 51% used [0x67000000,0x69941f38,0x6bf80000)
 Metaspace       used 4239K, capacity 4262K, committed 4376K, reserved 4400K
Event: 4.211 GC heap after
Heap after GC invocations=10 (full 1):
 PSYoungGen      total 264192K, used 27894K [0x91ac0000, 0xa4980000, 0xa7000000)
  eden space 236288K, 0% used [0x91ac0000,0x91ac0000,0xa0180000)
  from space 27904K, 99% used [0xa02c0000,0xa1dfda28,0xa1e00000)
  to   space 36864K, 0% used [0xa2580000,0xa2580000,0xa4980000)
 ParOldGen       total 81408K, used 52039K [0x67000000, 0x6bf80000, 0x91ac0000)
  object space 81408K, 63% used [0x67000000,0x6a2d1d68,0x6bf80000)
 Metaspace       used 4239K, capacity 4262K, committed 4376K, reserved 4400K
}
Event: 5.208 GC heap before
{Heap before GC invocations=11 (full 1):
 PSYoungGen      total 264192K, used 264182K [0x91ac0000, 0xa4980000, 0xa7000000)
  eden space 236288K, 100% used [0x91ac0000,0xa0180000,0xa0180000)
  from space 27904K, 99% used [0xa02c0000,0xa1dfda28,0xa1e00000)
  to   space 36864K, 0% used [0xa2580000,0xa2580000,0xa4980000)
 ParOldGen       total 81408K, used 52039K [0x67000000, 0x6bf80000, 0x91ac0000)
  object space 81408K, 63% used [0x67000000,0x6a2d1d68,0x6bf80000)
 Metaspace       used 4275K, capacity 4294K, committed 4376K, reserved 4400K

Deoptimization events (10 events):
Event: 1.648 Thread 0x63276400 Uncommon trap: reason=null_check action=make_not_entrant pc=0xa78416e8 method=com.android.dx.ssa.SsaRenamer.getLocalForNewReg(I)Lcom/android/dx/rop/code/LocalItem; @ 19
Event: 2.387 Thread 0x63287000 Uncommon trap: reason=unstable_if action=reinterpret pc=0xa7952ddc method=java.util.HashMap.putVal(ILjava/lang/Object;Ljava/lang/Object;ZZ)Ljava/lang/Object; @ 162
Event: 2.421 Thread 0x63287000 Uncommon trap: reason=unstable_if action=reinterpret pc=0xa773da10 method=java.util.HashMap.getNode(ILjava/lang/Object;)Ljava/util/HashMap$Node; @ 84
Event: 2.477 Thread 0xb6507800 Uncommon trap: reason=unstable_if action=reinterpret pc=0xa773fafc method=java.util.HashMap.getNode(ILjava/lang/Object;)Ljava/util/HashMap$Node; @ 84
Event: 2.533 Thread 0x63287000 Uncommon trap: reason=unstable_if action=reinterpret pc=0xa797e9c8 method=java.util.HashMap.putVal(ILjava/lang/Object;Ljava/lang/Object;ZZ)Ljava/lang/Object; @ 206
Event: 2.710 Thread 0x63276400 Uncommon trap: reason=unstable_if action=reinterpret pc=0xa7905bf8 method=java.util.HashMap.getNode(ILjava/lang/Object;)Ljava/util/HashMap$Node; @ 84
Event: 3.125 Thread 0x63284000 Uncommon trap: reason=unstable_if action=reinterpret pc=0xa7964b28 method=java.util.HashMap.putVal(ILjava/lang/Object;Ljava/lang/Object;ZZ)Ljava/lang/Object; @ 162
Event: 3.337 Thread 0xb6507800 Uncommon trap: reason=unstable_if action=reinterpret pc=0xa79e8a38 method=com.android.dx.dex.code.OutputFinisher.hasLocalInfo(Lcom/android/dx/dex/code/DalvInsn;)Z @ 24
Event: 3.647 Thread 0xb6507800 Uncommon trap: reason=unstable_if action=reinterpret pc=0xa7a93544 method=com.android.dx.ssa.SCCP.simulateStmt(Lcom/android/dx/ssa/SsaInsn;)V @ 59
Event: 4.672 Thread 0x63284000 Uncommon trap: reason=unstable_if action=reinterpret pc=0xa7af4988 method=com.android.dx.ssa.SCCP.simulateBranch(Lcom/android/dx/ssa/SsaInsn;)V @ 548

Internal exceptions (7 events):
Event: 0.027 Thread 0xb6507800 Exception <a 'java/lang/NoSuchMethodError': Method sun.misc.Unsafe.defineClass(Ljava/lang/String;[BII)Ljava/lang/Class; name or signature does not match> (0x91ad04e8) thrown at [/HUDSON/workspace/8-2-build-linux-i586/jdk8u66/4988/hotspot/src/share/vm/prim
Event: 0.027 Thread 0xb6507800 Exception <a 'java/lang/NoSuchMethodError': Method sun.misc.Unsafe.prefetchRead(Ljava/lang/Object;J)V name or signature does not match> (0x91ad07b8) thrown at [/HUDSON/workspace/8-2-build-linux-i586/jdk8u66/4988/hotspot/src/share/vm/prims/jni.cpp, line 39
Event: 1.242 Thread 0xb6507800 Implicit null exception at 0xa778fe0f to 0xa77924e5
Event: 1.648 Thread 0x63276400 Implicit null exception at 0xa783ce3f to 0xa78416c1
Event: 2.418 Thread 0x63287000 Exception <a 'java/lang/ArrayIndexOutOfBoundsException': 18> (0x94783cd0) thrown at [/HUDSON/workspace/8-2-build-linux-i586/jdk8u66/4988/hotspot/src/share/vm/interpreter/interpreterRuntime.cpp, line 366]
Event: 2.418 Thread 0x63287000 Exception <a 'java/lang/ArrayIndexOutOfBoundsException': 145> (0x94785570) thrown at [/HUDSON/workspace/8-2-build-linux-i586/jdk8u66/4988/hotspot/src/share/vm/interpreter/interpreterRuntime.cpp, line 366]
Event: 2.419 Thread 0x63287000 Exception <a 'java/lang/ArrayIndexOutOfBoundsException'> (0x94786650) thrown at [/HUDSON/workspace/8-2-build-linux-i586/jdk8u66/4988/hotspot/src/share/vm/runtime/sharedRuntime.cpp, line 605]

Events (10 events):
Event: 4.672 Thread 0x63284000 Uncommon trap: trap_request=0xffffff65 fr.pc=0xa7af4988
Event: 4.672 Thread 0x63284000 DEOPT PACKING pc=0xa7af4988 sp=0x62bad6b0
Event: 4.672 Thread 0x63284000 DEOPT UNPACKING pc=0xa753ae55 sp=0x62bad6c4 mode 2
Event: 4.897 Thread 0x63285000 DEOPT PACKING pc=0xa7a6ad43 sp=0x62b5c7b0
Event: 4.897 Thread 0x63285000 DEOPT UNPACKING pc=0xa753c590 sp=0x62b5c688 mode 0
Event: 4.912 Thread 0x63285000 DEOPT PACKING pc=0xa78be2ef sp=0x62b5c9b0
Event: 4.912 Thread 0x63285000 DEOPT UNPACKING pc=0xa753c590 sp=0x62b5c850 mode 0
Event: 5.179 Thread 0x63284000 DEOPT PACKING pc=0xa78c45cb sp=0x62bad7c0
Event: 5.179 Thread 0x63284000 DEOPT UNPACKING pc=0xa753c590 sp=0x62bad6d8 mode 0
Event: 5.208 Executing VM operation: ParallelGCFailedAllocation


Dynamic libraries:
08048000-08049000 r-xp 00000000 08:06 1552326    /usr/lib/jvm/java-8-oracle/bin/java
08049000-0804a000 rw-p 00000000 08:06 1552326    /usr/lib/jvm/java-8-oracle/bin/java
094f1000-09584000 rw-p 00000000 00:00 0          [heap]
61a00000-61a72000 rw-p 00000000 00:00 0 
61a72000-61b00000 ---p 00000000 00:00 0 
61c00000-61c9d000 rw-p 00000000 00:00 0 
61c9d000-61d00000 ---p 00000000 00:00 0 
61d00000-61e00000 rw-p 00000000 00:00 0 
61e00000-61ef7000 rw-p 00000000 00:00 0 
61ef7000-61f00000 ---p 00000000 00:00 0 
61f00000-62000000 rw-p 00000000 00:00 0 
62100000-62200000 rw-p 00000000 00:00 0 
62200000-622f0000 rw-p 00000000 00:00 0 
622f0000-62300000 ---p 00000000 00:00 0 
62300000-623e4000 rw-p 00000000 00:00 0 
623e4000-62400000 ---p 00000000 00:00 0 
62400000-624fe000 rw-p 00000000 00:00 0 
624fe000-62500000 ---p 00000000 00:00 0 
62500000-625fb000 rw-p 00000000 00:00 0 
625fb000-62600000 ---p 00000000 00:00 0 
62700000-627fc000 rw-p 00000000 00:00 0 
627fc000-62800000 ---p 00000000 00:00 0 
62900000-629fa000 rw-p 00000000 00:00 0 
629fa000-62a00000 ---p 00000000 00:00 0 
62a18000-62abc000 rw-p 00000000 00:00 0 
62abc000-62abf000 ---p 00000000 00:00 0 
62abf000-62b0d000 rw-p 00000000 00:00 0          [stack:24482]
62b0d000-62b10000 ---p 00000000 00:00 0 
62b10000-62b5e000 rw-p 00000000 00:00 0          [stack:24481]
62b5e000-62b61000 ---p 00000000 00:00 0 
62b61000-62baf000 rw-p 00000000 00:00 0          [stack:24480]
62baf000-62bb2000 ---p 00000000 00:00 0 
62bb2000-62c00000 rw-p 00000000 00:00 0          [stack:24479]
62c00000-62cfe000 rw-p 00000000 00:00 0 
62cfe000-62d00000 ---p 00000000 00:00 0 
62d00000-62dfb000 rw-p 00000000 00:00 0 
62dfb000-62e00000 ---p 00000000 00:00 0 
62e00000-62ee3000 rw-p 00000000 00:00 0 
62ee3000-62f00000 ---p 00000000 00:00 0 
62f00000-62ffa000 rw-p 00000000 00:00 0 
62ffa000-63000000 ---p 00000000 00:00 0 
63000000-630f9000 rw-p 00000000 00:00 0 
630f9000-63100000 ---p 00000000 00:00 0 
63100000-631fb000 rw-p 00000000 00:00 0 
631fb000-63200000 ---p 00000000 00:00 0 
63200000-632ed000 rw-p 00000000 00:00 0 
632ed000-63300000 ---p 00000000 00:00 0 
6330f000-63312000 ---p 00000000 00:00 0 
63312000-63360000 rw-p 00000000 00:00 0          [stack:24478]
63360000-633ab000 r--s 003c6000 08:06 190015     /home/priya/matrix/Kurukshetra/app/build/intermediates/transforms/jarMerging/debug/jars/1/1f/combined.jar
633ab000-633ac000 ---p 00000000 00:00 0 
633ac000-6342c000 rw-p 00000000 00:00 0          [stack:24477]
6342c000-6342f000 ---p 00000000 00:00 0 
6342f000-6347d000 rw-p 00000000 00:00 0          [stack:24476]
6347d000-63480000 ---p 00000000 00:00 0 
63480000-634fe000 rw-p 00000000 00:00 0          [stack:24475]
634fe000-63501000 ---p 00000000 00:00 0 
63501000-6357f000 rw-p 00000000 00:00 0          [stack:24474]
6357f000-63582000 ---p 00000000 00:00 0 
63582000-63600000 rw-p 00000000 00:00 0          [stack:24473]
63600000-63800000 r--p 00000000 08:06 1093651    /usr/lib/locale/locale-archive
63800000-63821000 rw-p 00000000 00:00 0 
63821000-63900000 ---p 00000000 00:00 0 
63900000-639fd000 rw-p 00000000 00:00 0 
639fd000-63a00000 ---p 00000000 00:00 0 
63a0d000-63a10000 ---p 00000000 00:00 0 
63a10000-63a5e000 rw-p 00000000 00:00 0          [stack:24472]
63a5e000-63a61000 ---p 00000000 00:00 0 
63a61000-63aaf000 rw-p 00000000 00:00 0          [stack:24471]
63aaf000-63ab2000 ---p 00000000 00:00 0 
63ab2000-63b00000 rw-p 00000000 00:00 0          [stack:24470]
63b00000-63c00000 rw-p 00000000 00:00 0 
63c0b000-63c0c000 ---p 00000000 00:00 0 
63c0c000-63cdb000 rw-p 00000000 00:00 0          [stack:24469]
63cdb000-63eb4000 r--s 03d20000 08:06 1286207    /usr/lib/jvm/java-8-oracle/jre/lib/rt.jar
63eb4000-642fa000 rw-p 00000000 00:00 0 
642fa000-64300000 ---p 00000000 00:00 0 
64300000-66700000 rw-p 00000000 00:00 0 
66700000-667fb000 rw-p 00000000 00:00 0 
667fb000-66800000 ---p 00000000 00:00 0 
66824000-6687f000 rw-p 00000000 00:00 0 
6687f000-66880000 ---p 00000000 00:00 0 
66880000-66900000 rw-p 00000000 00:00 0          [stack:24468]
66900000-66921000 rw-p 00000000 00:00 0 
66921000-66a00000 ---p 00000000 00:00 0 
66a00000-66b00000 rw-p 00000000 00:00 0 
66b00000-66b21000 rw-p 00000000 00:00 0 
66b21000-66c00000 ---p 00000000 00:00 0 
66c28000-66c29000 ---p 00000000 00:00 0 
66c29000-66cd1000 rw-p 00000000 00:00 0          [stack:24467]
66cd1000-66dff000 ---p 00000000 00:00 0 
66dff000-66e27000 rw-p 00000000 00:00 0 
66e27000-66f54000 ---p 00000000 00:00 0 
66f54000-66fec000 rw-p 00000000 00:00 0 
66fec000-66fff000 ---p 00000000 00:00 0 
66fff000-6bf80000 rw-p 00000000 00:00 0 
6bf80000-91ac0000 ---p 00000000 00:00 0 
91ac0000-a4980000 rw-p 00000000 00:00 0 
a6ea3000-a703e000 rw-p 00000000 00:00 0 
a703e000-a703f000 ---p 00000000 00:00 0 
a703f000-a70bf000 rw-p 00000000 00:00 0          [stack:24466]
a70bf000-a70c0000 ---p 00000000 00:00 0 
a70c0000-a715f000 rw-p 00000000 00:00 0          [stack:24465]
a715f000-a7500000 ---p 00000000 00:00 0 
a7500000-a7ca0000 rwxp 00000000 00:00 0 
a7ca0000-b6500000 ---p 00000000 00:00 0 
b6500000-b65fb000 rw-p 00000000 00:00 0 
b65fb000-b6600000 ---p 00000000 00:00 0 
b660f000-b661e000 r--s 000df000 08:06 3122779    /home/priya/Android/Sdk/build-tools/23.0.2/lib/dx.jar
b661e000-b6636000 rw-p 00000000 00:00 0 
b6636000-b664f000 r-xp 00000000 08:06 1387720    /usr/lib/jvm/java-8-oracle/jre/lib/i386/libzip.so
b664f000-b6650000 rw-p 00019000 08:06 1387720    /usr/lib/jvm/java-8-oracle/jre/lib/i386/libzip.so
b6650000-b665b000 r-xp 00000000 08:06 1933505    /lib/i386-linux-gnu/libnss_files-2.19.so
b665b000-b665c000 r--p 0000a000 08:06 1933505    /lib/i386-linux-gnu/libnss_files-2.19.so
b665c000-b665d000 rw-p 0000b000 08:06 1933505    /lib/i386-linux-gnu/libnss_files-2.19.so
b665d000-b6667000 r-xp 00000000 08:06 1933491    /lib/i386-linux-gnu/libnss_nis-2.19.so
b6667000-b6668000 r--p 00009000 08:06 1933491    /lib/i386-linux-gnu/libnss_nis-2.19.so
b6668000-b6669000 rw-p 0000a000 08:06 1933491    /lib/i386-linux-gnu/libnss_nis-2.19.so
b6669000-b667e000 r-xp 00000000 08:06 1933492    /lib/i386-linux-gnu/libnsl-2.19.so
b667e000-b667f000 r--p 00015000 08:06 1933492    /lib/i386-linux-gnu/libnsl-2.19.so
b667f000-b6680000 rw-p 00016000 08:06 1933492    /lib/i386-linux-gnu/libnsl-2.19.so
b6680000-b6682000 rw-p 00000000 00:00 0 
b668e000-b6690000 rw-p 00000000 00:00 0 
b6690000-b6691000 r--p 00850000 08:06 1093651    /usr/lib/locale/locale-archive
b6691000-b6699000 rw-s 00000000 08:06 387220     /tmp/hsperfdata_priya/24459
b6699000-b66bd000 r-xp 00000000 08:06 1387732    /usr/lib/jvm/java-8-oracle/jre/lib/i386/libjava.so
b66bd000-b66be000 rw-p 00023000 08:06 1387732    /usr/lib/jvm/java-8-oracle/jre/lib/i386/libjava.so
b66be000-b66c5000 r-xp 00000000 08:06 1933506    /lib/i386-linux-gnu/librt-2.19.so
b66c5000-b66c6000 r--p 00006000 08:06 1933506    /lib/i386-linux-gnu/librt-2.19.so
b66c6000-b66c7000 rw-p 00007000 08:06 1933506    /lib/i386-linux-gnu/librt-2.19.so
b66c7000-b66ca000 ---p 00000000 00:00 0 
b66ca000-b6718000 rw-p 00000000 00:00 0          [stack:24464]
b6718000-b675c000 r-xp 00000000 08:06 1933496    /lib/i386-linux-gnu/libm-2.19.so
b675c000-b675d000 r--p 00043000 08:06 1933496    /lib/i386-linux-gnu/libm-2.19.so
b675d000-b675e000 rw-p 00044000 08:06 1933496    /lib/i386-linux-gnu/libm-2.19.so
b675e000-b70de000 r-xp 00000000 08:06 1395826    /usr/lib/jvm/java-8-oracle/jre/lib/i386/server/libjvm.so
b70de000-b714b000 rw-p 00980000 08:06 1395826    /usr/lib/jvm/java-8-oracle/jre/lib/i386/server/libjvm.so
b714b000-b7571000 rw-p 00000000 00:00 0 
b7571000-b7719000 r-xp 00000000 08:06 1933488    /lib/i386-linux-gnu/libc-2.19.so
b7719000-b771b000 r--p 001a8000 08:06 1933488    /lib/i386-linux-gnu/libc-2.19.so
b771b000-b771c000 rw-p 001aa000 08:06 1933488    /lib/i386-linux-gnu/libc-2.19.so
b771c000-b771f000 rw-p 00000000 00:00 0 
b771f000-b7722000 r-xp 00000000 08:06 1933489    /lib/i386-linux-gnu/libdl-2.19.so
b7722000-b7723000 r--p 00002000 08:06 1933489    /lib/i386-linux-gnu/libdl-2.19.so
b7723000-b7724000 rw-p 00003000 08:06 1933489    /lib/i386-linux-gnu/libdl-2.19.so
b7724000-b7738000 r-xp 00000000 08:06 1549650    /usr/lib/jvm/java-8-oracle/lib/i386/jli/libjli.so
b7738000-b7739000 rw-p 00014000 08:06 1549650    /usr/lib/jvm/java-8-oracle/lib/i386/jli/libjli.so
b7739000-b773a000 rw-p 00000000 00:00 0 
b773a000-b7752000 r-xp 00000000 08:06 1933501    /lib/i386-linux-gnu/libpthread-2.19.so
b7752000-b7753000 r--p 00018000 08:06 1933501    /lib/i386-linux-gnu/libpthread-2.19.so
b7753000-b7754000 rw-p 00019000 08:06 1933501    /lib/i386-linux-gnu/libpthread-2.19.so
b7754000-b7756000 rw-p 00000000 00:00 0 
b7756000-b775d000 r-xp 00000000 08:06 1933497    /lib/i386-linux-gnu/libnss_compat-2.19.so
b775d000-b775e000 r--p 00006000 08:06 1933497    /lib/i386-linux-gnu/libnss_compat-2.19.so
b775e000-b775f000 rw-p 00007000 08:06 1933497    /lib/i386-linux-gnu/libnss_compat-2.19.so
b775f000-b7760000 rw-p 00000000 00:00 0 
b7760000-b7761000 ---p 00000000 00:00 0 
b7761000-b776c000 r-xp 00000000 08:06 1387688    /usr/lib/jvm/java-8-oracle/jre/lib/i386/libverify.so
b776c000-b776d000 rw-p 0000b000 08:06 1387688    /usr/lib/jvm/java-8-oracle/jre/lib/i386/libverify.so
b776d000-b776f000 rw-p 00000000 00:00 0 
b776f000-b7770000 r-xp 00000000 00:00 0          [vdso]
b7770000-b7790000 r-xp 00000000 08:06 1933490    /lib/i386-linux-gnu/ld-2.19.so
b7790000-b7791000 r--p 0001f000 08:06 1933490    /lib/i386-linux-gnu/ld-2.19.so
b7791000-b7792000 rw-p 00020000 08:06 1933490    /lib/i386-linux-gnu/ld-2.19.so
bf915000-bf916000 rwxp 00000000 00:00 0 
bf948000-bf969000 rw-p 00000000 00:00 0          [stack]

VM Arguments:
jvm_args: -Djava.awt.headless=true -Xmx1024M -Dfile.encoding=UTF-8 -Duser.country=IN -Duser.language=en -Duser.variant 
java_command: com.android.dx.command.Main --dex --num-threads=4 --multi-dex --main-dex-list /home/priya/matrix/Kurukshetra/app/build/intermediates/multi-dex/debug/maindexlist.txt --output /home/priya/matrix/Kurukshetra/app/build/intermediates/transforms/dex/debug/folders/1000/1f/main /home/priya/matrix/Kurukshetra/app/build/intermediates/transforms/jarMerging/debug/jars/1/1f/combined.jar
java_class_path (initial): /home/priya/Android/Sdk/build-tools/23.0.2/lib/dx.jar
Launcher Type: SUN_STANDARD

Environment Variables:
JAVA_HOME=/usr/lib/jvm/java-8-oracle
PATH=/usr/local/sbin:/usr/local/bin:/usr/sbin:/usr/bin:/sbin:/bin:/usr/games:/usr/local/games:/home/priya/matrix/proxy/google_appengine/
LD_LIBRARY_PATH=bin:
SHELL=/bin/bash
DISPLAY=:0

Signal Handlers:
SIGSEGV: [libjvm.so+0x8cdc10], sa_mask[0]=11111111011111111101111111111110, sa_flags=SA_RESTART|SA_SIGINFO
SIGBUS: [libjvm.so+0x8cdc10], sa_mask[0]=11111111011111111101111111111110, sa_flags=SA_RESTART|SA_SIGINFO
SIGFPE: [libjvm.so+0x74dbb0], sa_mask[0]=11111111011111111101111111111110, sa_flags=SA_RESTART|SA_SIGINFO
SIGPIPE: [libjvm.so+0x74dbb0], sa_mask[0]=11111111011111111101111111111110, sa_flags=SA_RESTART|SA_SIGINFO
SIGXFSZ: [libjvm.so+0x74dbb0], sa_mask[0]=11111111011111111101111111111110, sa_flags=SA_RESTART|SA_SIGINFO
SIGILL: [libjvm.so+0x74dbb0], sa_mask[0]=11111111011111111101111111111110, sa_flags=SA_RESTART|SA_SIGINFO
SIGUSR1: SIG_DFL, sa_mask[0]=00000000000000000000000000000000, sa_flags=none
SIGUSR2: [libjvm.so+0x74f230], sa_mask[0]=00100000000000000000000000000000, sa_flags=SA_RESTART|SA_SIGINFO
SIGHUP: [libjvm.so+0x7506e0], sa_mask[0]=11111111011111111101111111111110, sa_flags=SA_RESTART|SA_SIGINFO
SIGINT: [libjvm.so+0x7506e0], sa_mask[0]=11111111011111111101111111111110, sa_flags=SA_RESTART|SA_SIGINFO
SIGTERM: [libjvm.so+0x7506e0], sa_mask[0]=11111111011111111101111111111110, sa_flags=SA_RESTART|SA_SIGINFO
SIGQUIT: [libjvm.so+0x7506e0], sa_mask[0]=11111111011111111101111111111110, sa_flags=SA_RESTART|SA_SIGINFO


---------------  S Y S T E M  ---------------

OS:DISTRIB_ID=Ubuntu
DISTRIB_RELEASE=14.04
DISTRIB_CODENAME=trusty
DISTRIB_DESCRIPTION="Ubuntu 14.04.3 LTS"

uname:Linux 3.13.0-74-generic #118-Ubuntu SMP Thu Dec 17 22:52:02 UTC 2015 i686
libc:glibc 2.19 NPTL 2.19 
rlimit: STACK 8192k, CORE 0k, NPROC 31374, NOFILE 4096, AS infinity
load average:3.05 1.13 0.95

/proc/meminfo:
MemTotal:        4035184 kB
MemFree:          218332 kB
Buffers:            1200 kB
Cached:           424748 kB
SwapCached:            0 kB
Active:          3290064 kB
Inactive:         419588 kB
Active(anon):    3288736 kB
Inactive(anon):   382424 kB
Active(file):       1328 kB
Inactive(file):    37164 kB
Unevictable:         120 kB
Mlocked:             120 kB
HighTotal:       3182980 kB
HighFree:          48704 kB
LowTotal:         852204 kB
LowFree:          169628 kB
SwapTotal:             0 kB
SwapFree:              0 kB
Dirty:               100 kB
Writeback:             0 kB
AnonPages:       3283892 kB
Mapped:            96636 kB
Shmem:            387388 kB
Slab:              49828 kB
SReclaimable:      22920 kB
SUnreclaim:        26908 kB
KernelStack:        5192 kB
PageTables:        18152 kB
NFS_Unstable:          0 kB
Bounce:                0 kB
WritebackTmp:          0 kB
CommitLimit:     2017592 kB
Committed_AS:    8430072 kB
VmallocTotal:     122880 kB
VmallocUsed:       70876 kB
VmallocChunk:      23352 kB
HardwareCorrupted:     0 kB
AnonHugePages:   1560576 kB
HugePages_Total:       0
HugePages_Free:        0
HugePages_Rsvd:        0
HugePages_Surp:        0
Hugepagesize:       2048 kB
DirectMap4k:       34808 kB
DirectMap2M:      878592 kB


CPU:total 4 (2 cores per cpu, 2 threads per core) family 6 model 69 stepping 1, cmov, cx8, fxsr, mmx, sse, sse2, sse3, ssse3, sse4.1, sse4.2, popcnt, avx, avx2, aes, clmul, erms, lzcnt, ht, tsc, tscinvbit, bmi1, bmi2

/proc/cpuinfo:
processor	: 0
vendor_id	: GenuineIntel
cpu family	: 6
model		: 69
model name	: Intel(R) Core(TM) i5-4210U CPU @ 1.70GHz
stepping	: 1
microcode	: 0x17
cpu MHz		: 1701.000
cache size	: 3072 KB
physical id	: 0
siblings	: 4
core id		: 0
cpu cores	: 2
apicid		: 0
initial apicid	: 0
fdiv_bug	: no
f00f_bug	: no
coma_bug	: no
fpu		: yes
fpu_exception	: yes
cpuid level	: 13
wp		: yes
flags		: fpu vme de pse tsc msr pae mce cx8 apic sep mtrr pge mca cmov pat pse36 clflush dts acpi mmx fxsr sse sse2 ss ht tm pbe nx pdpe1gb rdtscp lm constant_tsc arch_perfmon pebs bts xtopology nonstop_tsc aperfmperf eagerfpu pni pclmulqdq dtes64 monitor ds_cpl vmx est tm2 ssse3 fma cx16 xtpr pdcm pcid sse4_1 sse4_2 movbe popcnt tsc_deadline_timer aes xsave avx f16c rdrand lahf_lm abm ida arat epb xsaveopt pln pts dtherm tpr_shadow vnmi flexpriority ept vpid fsgsbase tsc_adjust bmi1 avx2 smep bmi2 erms invpcid
bogomips	: 3392.23
clflush size	: 64
cache_alignment	: 64
address sizes	: 39 bits physical, 48 bits virtual
power management:

processor	: 1
vendor_id	: GenuineIntel
cpu family	: 6
model		: 69
model name	: Intel(R) Core(TM) i5-4210U CPU @ 1.70GHz
stepping	: 1
microcode	: 0x17
cpu MHz		: 782.000
cache size	: 3072 KB
physical id	: 0
siblings	: 4
core id		: 1
cpu cores	: 2
apicid		: 2
initial apicid	: 2
fdiv_bug	: no
f00f_bug	: no
coma_bug	: no
fpu		: yes
fpu_exception	: yes
cpuid level	: 13
wp		: yes
flags		: fpu vme de pse tsc msr pae mce cx8 apic sep mtrr pge mca cmov pat pse36 clflush dts acpi mmx fxsr sse sse2 ss ht tm pbe nx pdpe1gb rdtscp lm constant_tsc arch_perfmon pebs bts xtopology nonstop_tsc aperfmperf eagerfpu pni pclmulqdq dtes64 monitor ds_cpl vmx est tm2 ssse3 fma cx16 xtpr pdcm pcid sse4_1 sse4_2 movbe popcnt tsc_deadline_timer aes xsave avx f16c rdrand lahf_lm abm ida arat epb xsaveopt pln pts dtherm tpr_shadow vnmi flexpriority ept vpid fsgsbase tsc_adjust bmi1 avx2 smep bmi2 erms invpcid
bogomips	: 3392.23
clflush size	: 64
cache_alignment	: 64
address sizes	: 39 bits physical, 48 bits virtual
power management:

processor	: 2
vendor_id	: GenuineIntel
cpu family	: 6
model		: 69
model name	: Intel(R) Core(TM) i5-4210U CPU @ 1.70GHz
stepping	: 1
microcode	: 0x17
cpu MHz		: 782.000
cache size	: 3072 KB
physical id	: 0
siblings	: 4
core id		: 0
cpu cores	: 2
apicid		: 1
initial apicid	: 1
fdiv_bug	: no
f00f_bug	: no
coma_bug	: no
fpu		: yes
fpu_exception	: yes
cpuid level	: 13
wp		: yes
flags		: fpu vme de pse tsc msr pae mce cx8 apic sep mtrr pge mca cmov pat pse36 clflush dts acpi mmx fxsr sse sse2 ss ht tm pbe nx pdpe1gb rdtscp lm constant_tsc arch_perfmon pebs bts xtopology nonstop_tsc aperfmperf eagerfpu pni pclmulqdq dtes64 monitor ds_cpl vmx est tm2 ssse3 fma cx16 xtpr pdcm pcid sse4_1 sse4_2 movbe popcnt tsc_deadline_timer aes xsave avx f16c rdrand lahf_lm abm ida arat epb xsaveopt pln pts dtherm tpr_shadow vnmi flexpriority ept vpid fsgsbase tsc_adjust bmi1 avx2 smep bmi2 erms invpcid
bogomips	: 3392.23
clflush size	: 64
cache_alignment	: 64
address sizes	: 39 bits physical, 48 bits virtual
power management:

processor	: 3
vendor_id	: GenuineIntel
cpu family	: 6
model		: 69
model name	: Intel(R) Core(TM) i5-4210U CPU @ 1.70GHz
stepping	: 1
microcode	: 0x17
cpu MHz		: 782.000
cache size	: 3072 KB
physical id	: 0
siblings	: 4
core id		: 1
cpu cores	: 2
apicid		: 3
initial apicid	: 3
fdiv_bug	: no
f00f_bug	: no
coma_bug	: no
fpu		: yes
fpu_exception	: yes
cpuid level	: 13
wp		: yes
flags		: fpu vme de pse tsc msr pae mce cx8 apic sep mtrr pge mca cmov pat pse36 clflush dts acpi mmx fxsr sse sse2 ss ht tm pbe nx pdpe1gb rdtscp lm constant_tsc arch_perfmon pebs bts xtopology nonstop_tsc aperfmperf eagerfpu pni pclmulqdq dtes64 monitor ds_cpl vmx est tm2 ssse3 fma cx16 xtpr pdcm pcid sse4_1 sse4_2 movbe popcnt tsc_deadline_timer aes xsave avx f16c rdrand lahf_lm abm ida arat epb xsaveopt pln pts dtherm tpr_shadow vnmi flexpriority ept vpid fsgsbase tsc_adjust bmi1 avx2 smep bmi2 erms invpcid
bogomips	: 3392.23
clflush size	: 64
cache_alignment	: 64
address sizes	: 39 bits physical, 48 bits virtual
power management:



Memory: 4k page, physical 4035184k(218332k free), swap 0k(0k free)

vm_info: Java HotSpot(TM) Server VM (25.66-b17) for linux-x86 JRE (1.8.0_66-b17), built on Oct  6 2015 18:06:03 by "java_re" with gcc 4.3.0 20080428 (Red Hat 4.3.0-8)

time: Thu Dec 24 08:45:05 2015
elapsed time: 12 seconds (0d 0h 0m 12s)

