#
# There is insufficient memory for the Java Runtime Environment to continue.
# Native memory allocation (mmap) failed to map 146276352 bytes for committing reserved memory.
# Possible reasons:
#   The system is out of physical RAM or swap space
#   In 32 bit mode, the process size limit was hit
# Possible solutions:
#   Reduce memory load on the system
#   Increase physical memory or swap space
#   Check if swap backing store is full
#   Use 64 bit Java on a 64 bit OS
#   Decrease Java heap size (-Xmx/-Xms)
#   Decrease number of Java threads
#   Decrease Java thread stack sizes (-Xss)
#   Set larger code cache with -XX:ReservedCodeCacheSize=
# This output file may be truncated or incomplete.
#
#  Out of Memory Error (os_linux.cpp:2627), pid=20974, tid=1674099520
#
# JRE version: Java(TM) SE Runtime Environment (8.0_66-b17) (build 1.8.0_66-b17)
# Java VM: Java HotSpot(TM) Server VM (25.66-b17 mixed mode linux-x86 )
# Failed to write core dump. Core dumps have been disabled. To enable core dumping, try "ulimit -c unlimited" before starting Java again
#

---------------  T H R E A D  ---------------

Current thread (0x63b81400):  VMThread [stack: 0x63c0b000,0x63c8c000] [id=20983]

Stack: [0x63c0b000,0x63c8c000],  sp=0x63c8a920,  free space=510k
Native frames: (J=compiled Java code, j=interpreted, Vv=VM code, C=native code)
V  [libjvm.so+0x8cd0ff]  VMError::report_and_die()+0x16f
V  [libjvm.so+0x38bee5]  report_vm_out_of_memory(char const*, int, unsigned int, VMErrorType, char const*)+0x55
V  [libjvm.so+0x750ed6]  os::Linux::commit_memory_impl(char*, unsigned int, bool)+0xe6
V  [libjvm.so+0x7513a8]  os::pd_commit_memory(char*, unsigned int, unsigned int, bool)+0x28
V  [libjvm.so+0x74b2cc]  os::commit_memory(char*, unsigned int, unsigned int, bool)+0x2c
V  [libjvm.so+0x7b58a8]  PSVirtualSpace::expand_by(unsigned int)+0x48
V  [libjvm.so+0x7b69aa]  PSYoungGen::resize_generation(unsigned int, unsigned int)+0xda
V  [libjvm.so+0x7b5cd9]  PSYoungGen::resize(unsigned int, unsigned int)+0x19
V  [libjvm.so+0x7b3605]  PSScavenge::invoke_no_policy()+0xd15
V  [libjvm.so+0x7b3dc8]  PSScavenge::invoke()+0x28
V  [libjvm.so+0x7728ba]  ParallelScavengeHeap::failed_mem_allocate(unsigned int)+0x5a
V  [libjvm.so+0x8cebca]  VM_ParallelGCFailedAllocation::doit()+0x7a
V  [libjvm.so+0x8d81d7]  VM_Operation::evaluate()+0x47
V  [libjvm.so+0x8d62b3]  VMThread::evaluate_operation(VM_Operation*)+0xb3
V  [libjvm.so+0x8d6650]  VMThread::loop()+0x1b0
V  [libjvm.so+0x8d6ab5]  VMThread::run()+0x85
V  [libjvm.so+0x753519]  java_start(Thread*)+0x119
C  [libpthread.so.0+0x6f70]  start_thread+0xd0

VM_Operation (0x62d5c594): ParallelGCFailedAllocation, mode: safepoint, requested by thread 0x63261800


---------------  P R O C E S S  ---------------

Java Threads: ( => current thread )
  0x63262800 JavaThread "pool-2-thread-4" [_thread_blocked, id=20996, stack(0x629af000,0x62a00000)]
  0x63261800 JavaThread "pool-2-thread-3" [_thread_blocked, id=20995, stack(0x62d0d000,0x62d5e000)]
  0x63260000 JavaThread "pool-2-thread-2" [_thread_blocked, id=20994, stack(0x62d5e000,0x62daf000)]
  0x6325ec00 JavaThread "pool-3-thread-1" [_thread_blocked, id=20993, stack(0x62daf000,0x62e00000)]
  0x6325d400 JavaThread "pool-2-thread-1" [_thread_blocked, id=20992, stack(0x63310000,0x63361000)]
  0x63ba9800 JavaThread "Service Thread" daemon [_thread_blocked, id=20990, stack(0x6342c000,0x6347d000)]
  0x63ba6800 JavaThread "C1 CompilerThread2" daemon [_thread_blocked, id=20989, stack(0x6347d000,0x634fe000)]
  0x63ba5000 JavaThread "C2 CompilerThread1" daemon [_thread_blocked, id=20988, stack(0x634fe000,0x6357f000)]
  0x63ba3000 JavaThread "C2 CompilerThread0" daemon [_thread_blocked, id=20987, stack(0x6357f000,0x63600000)]
  0x63ba1800 JavaThread "Signal Dispatcher" daemon [_thread_blocked, id=20986, stack(0x63a0d000,0x63a5e000)]
  0x63b86000 JavaThread "Finalizer" daemon [_thread_blocked, id=20985, stack(0x63a5e000,0x63aaf000)]
  0x63b84800 JavaThread "Reference Handler" daemon [_thread_blocked, id=20984, stack(0x63aaf000,0x63b00000)]
  0xb6507800 JavaThread "main" [_thread_blocked, id=20978, stack(0xb665f000,0xb66b0000)]

Other Threads:
=>0x63b81400 VMThread [stack: 0x63c0b000,0x63c8c000] [id=20983]
  0x63bab000 WatcherThread [stack: 0x633ab000,0x6342c000] [id=20991]

VM state:at safepoint (normal execution)

VM Mutex/Monitor currently owned by a thread:  ([mutex/lock_event])
[0xb6504f00] Threads_lock - owner thread: 0x63b81400
[0xb6505310] Heap_lock - owner thread: 0x63261800

Heap:
 PSYoungGen      total 140800K, used 16127K [0x91ac0000, 0x9b640000, 0xa7000000)
  eden space 124672K, 0% used [0x91ac0000,0x91ac0000,0x99480000)
  from space 16128K, 99% used [0x99480000,0x9a43ffe0,0x9a440000)
  to   space 13824K, 0% used [0x9a440000,0x9a440000,0x9b1c0000)
 ParOldGen       total 42496K, used 31104K [0x67000000, 0x69980000, 0x91ac0000)
  object space 42496K, 73% used [0x67000000,0x68e60130,0x69980000)
 Metaspace       used 4149K, capacity 4166K, committed 4248K, reserved 4400K

Card table byte_map: [0x66dff000,0x67000000] byte_map_base: 0x66ac7000

Marking Bits: (ParMarkBitMap*) 0xb70f4380
 Begin Bits: [0x64700000, 0x65700000)
 End Bits:   [0x65700000, 0x66700000)

Polling page: 0xb76f8000

CodeCache: size=245760Kb used=5658Kb max_used=5694Kb free=240101Kb
 bounds [0xa74cd000, 0xa7a65000, 0xb64cd000]
 total_blobs=1999 nmethods=1838 adapters=75
 compilation: enabled

Compilation events (10 events):
Event: 2.854 Thread 0x63ba6800 nmethod 2019% 0xa7a469c8 code [0xa7a46fa0, 0xa7a49bdc]
Event: 2.855 Thread 0x63ba6800 2034       3       com.android.dx.rop.code.LocalVariableExtractor::doit (49 bytes)
Event: 2.855 Thread 0x63ba6800 nmethod 2034 0xa7a4bec8 code [0xa7a4c020, 0xa7a4c398]
Event: 2.855 Thread 0x63ba6800 2024       2       com.android.dx.cf.code.ExecutionStack::makeInitialized (51 bytes)
Event: 2.856 Thread 0x63ba6800 nmethod 2024 0xa7a4c5c8 code [0xa7a4c720, 0xa7a4c9d8]
Event: 2.856 Thread 0x63ba6800 2036       3       com.android.dx.dex.code.RopTranslator::outputInstructions (69 bytes)
Event: 2.856 Thread 0x63ba6800 nmethod 2036 0xa7a4cc88 code [0xa7a4cdc0, 0xa7a4d0f8]
Event: 2.859 Thread 0x63ba3000 nmethod 1592 0xa7a4d2c8 code [0xa7a4e6a0, 0xa7a55db0]
Event: 2.860 Thread 0x63ba6800 2037       2       com.android.dx.ssa.PhiInsn::updateSourcesToDefinitions (68 bytes)
Event: 2.860 Thread 0x63ba3000 1939       4       com.android.dx.util.IntList::binarysearch (124 bytes)

GC Heap History (10 events):
Event: 0.321 GC heap after
Heap after GC invocations=2 (full 0):
 PSYoungGen      total 34304K, used 1072K [0x91ac0000, 0x93ec0000, 0xa7000000)
  eden space 31744K, 0% used [0x91ac0000,0x91ac0000,0x939c0000)
  from space 2560K, 41% used [0x93c40000,0x93d4c170,0x93ec0000)
  to   space 2560K, 0% used [0x939c0000,0x939c0000,0x93c40000)
 ParOldGen       total 42496K, used 8K [0x67000000, 0x69980000, 0x91ac0000)
  object space 42496K, 0% used [0x67000000,0x67002000,0x69980000)
 Metaspace       used 2190K, capacity 2366K, committed 2456K, reserved 4400K
}
Event: 0.921 GC heap before
{Heap before GC invocations=3 (full 0):
 PSYoungGen      total 34304K, used 32816K [0x91ac0000, 0x93ec0000, 0xa7000000)
  eden space 31744K, 100% used [0x91ac0000,0x939c0000,0x939c0000)
  from space 2560K, 41% used [0x93c40000,0x93d4c170,0x93ec0000)
  to   space 2560K, 0% used [0x939c0000,0x939c0000,0x93c40000)
 ParOldGen       total 42496K, used 8K [0x67000000, 0x69980000, 0x91ac0000)
  object space 42496K, 0% used [0x67000000,0x67002000,0x69980000)
 Metaspace       used 3802K, capacity 3814K, committed 3864K, reserved 4400K
Event: 0.930 GC heap after
Heap after GC invocations=3 (full 0):
 PSYoungGen      total 34304K, used 2546K [0x91ac0000, 0x95dc0000, 0xa7000000)
  eden space 31744K, 0% used [0x91ac0000,0x91ac0000,0x939c0000)
  from space 2560K, 99% used [0x939c0000,0x93c3cbf0,0x93c40000)
  to   space 2560K, 0% used [0x95b40000,0x95b40000,0x95dc0000)
 ParOldGen       total 42496K, used 2873K [0x67000000, 0x69980000, 0x91ac0000)
  object space 42496K, 6% used [0x67000000,0x672ce750,0x69980000)
 Metaspace       used 3802K, capacity 3814K, committed 3864K, reserved 4400K
}
Event: 1.303 GC heap before
{Heap before GC invocations=4 (full 0):
 PSYoungGen      total 34304K, used 34290K [0x91ac0000, 0x95dc0000, 0xa7000000)
  eden space 31744K, 100% used [0x91ac0000,0x939c0000,0x939c0000)
  from space 2560K, 99% used [0x939c0000,0x93c3cbf0,0x93c40000)
  to   space 2560K, 0% used [0x95b40000,0x95b40000,0x95dc0000)
 ParOldGen       total 42496K, used 2873K [0x67000000, 0x69980000, 0x91ac0000)
  object space 42496K, 6% used [0x67000000,0x672ce750,0x69980000)
 Metaspace       used 3871K, capacity 3910K, committed 3992K, reserved 4400K
Event: 1.316 GC heap after
Heap after GC invocations=4 (full 0):
 PSYoungGen      total 66048K, used 2558K [0x91ac0000, 0x95dc0000, 0xa7000000)
  eden space 63488K, 0% used [0x91ac0000,0x91ac0000,0x958c0000)
  from space 2560K, 99% used [0x95b40000,0x95dbf8d8,0x95dc0000)
  to   space 2560K, 0% used [0x958c0000,0x958c0000,0x95b40000)
 ParOldGen       total 42496K, used 7721K [0x67000000, 0x69980000, 0x91ac0000)
  object space 42496K, 18% used [0x67000000,0x6778a628,0x69980000)
 Metaspace       used 3871K, capacity 3910K, committed 3992K, reserved 4400K
}
Event: 1.675 GC heap before
{Heap before GC invocations=5 (full 0):
 PSYoungGen      total 66048K, used 66046K [0x91ac0000, 0x95dc0000, 0xa7000000)
  eden space 63488K, 100% used [0x91ac0000,0x958c0000,0x958c0000)
  from space 2560K, 99% used [0x95b40000,0x95dbf8d8,0x95dc0000)
  to   space 2560K, 0% used [0x958c0000,0x958c0000,0x95b40000)
 ParOldGen       total 42496K, used 7721K [0x67000000, 0x69980000, 0x91ac0000)
  object space 42496K, 18% used [0x67000000,0x6778a628,0x69980000)
 Metaspace       used 3904K, capacity 3942K, committed 3992K, reserved 4400K
Event: 1.701 GC heap after
Heap after GC invocations=5 (full 0):
 PSYoungGen      total 66048K, used 2555K [0x91ac0000, 0x9b1c0000, 0xa7000000)
  eden space 63488K, 0% used [0x91ac0000,0x91ac0000,0x958c0000)
  from space 2560K, 99% used [0x958c0000,0x95b3ee68,0x95b40000)
  to   space 13824K, 0% used [0x9a440000,0x9a440000,0x9b1c0000)
 ParOldGen       total 42496K, used 17666K [0x67000000, 0x69980000, 0x91ac0000)
  object space 42496K, 41% used [0x67000000,0x68140938,0x69980000)
 Metaspace       used 3904K, capacity 3942K, committed 3992K, reserved 4400K
}
Event: 2.057 GC heap before
{Heap before GC invocations=6 (full 0):
 PSYoungGen      total 66048K, used 66043K [0x91ac0000, 0x9b1c0000, 0xa7000000)
  eden space 63488K, 100% used [0x91ac0000,0x958c0000,0x958c0000)
  from space 2560K, 99% used [0x958c0000,0x95b3ee68,0x95b40000)
  to   space 13824K, 0% used [0x9a440000,0x9a440000,0x9b1c0000)
 ParOldGen       total 42496K, used 17666K [0x67000000, 0x69980000, 0x91ac0000)
  object space 42496K, 41% used [0x67000000,0x68140938,0x69980000)
 Metaspace       used 3982K, capacity 4006K, committed 4120K, reserved 4400K
Event: 2.081 GC heap after
Heap after GC invocations=6 (full 0):
 PSYoungGen      total 138496K, used 12190K [0x91ac0000, 0x9b640000, 0xa7000000)
  eden space 124672K, 0% used [0x91ac0000,0x91ac0000,0x99480000)
  from space 13824K, 88% used [0x9a440000,0x9b0279a8,0x9b1c0000)
  to   space 16128K, 0% used [0x99480000,0x99480000,0x9a440000)
 ParOldGen       total 42496K, used 17666K [0x67000000, 0x69980000, 0x91ac0000)
  object space 42496K, 41% used [0x67000000,0x68140938,0x69980000)
 Metaspace       used 3982K, capacity 4006K, committed 4120K, reserved 4400K
}
Event: 2.864 GC heap before
{Heap before GC invocations=7 (full 0):
 PSYoungGen      total 138496K, used 136862K [0x91ac0000, 0x9b640000, 0xa7000000)
  eden space 124672K, 100% used [0x91ac0000,0x99480000,0x99480000)
  from space 13824K, 88% used [0x9a440000,0x9b0279a8,0x9b1c0000)
  to   space 16128K, 0% used [0x99480000,0x99480000,0x9a440000)
 ParOldGen       total 42496K, used 17666K [0x67000000, 0x69980000, 0x91ac0000)
  object space 42496K, 41% used [0x67000000,0x68140938,0x69980000)
 Metaspace       used 4149K, capacity 4166K, committed 4248K, reserved 4400K

Deoptimization events (10 events):
Event: 1.091 Thread 0x63260000 Uncommon trap: reason=unstable_if action=reinterpret pc=0xa769af0c method=java.util.HashMap.getNode(ILjava/lang/Object;)Ljava/util/HashMap$Node; @ 129
Event: 1.201 Thread 0x63261800 Uncommon trap: reason=null_check action=make_not_entrant pc=0xa770605c method=com.android.dx.ssa.SsaRenamer.getLocalForNewReg(I)Lcom/android/dx/rop/code/LocalItem; @ 19
Event: 1.284 Thread 0xb6507800 Uncommon trap: reason=null_check action=make_not_entrant pc=0xa76ec4a4 method=com.android.dx.ssa.SsaRenamer.getLocalForNewReg(I)Lcom/android/dx/rop/code/LocalItem; @ 19
Event: 1.759 Thread 0xb6507800 Uncommon trap: reason=unstable_if action=reinterpret pc=0xa780ec74 method=com.android.dx.util.IntList.binarysearch(I)I @ 105
Event: 2.122 Thread 0x63260000 Uncommon trap: reason=unstable_if action=reinterpret pc=0xa77f92bc method=com.android.dx.ssa.SsaMethod.updateOneDefinition(Lcom/android/dx/ssa/SsaInsn;Lcom/android/dx/rop/code/RegisterSpec;)V @ 4
Event: 2.294 Thread 0x63260000 Uncommon trap: reason=unstable_if action=reinterpret pc=0xa7716bb8 method=java.util.HashMap.putVal(ILjava/lang/Object;Ljava/lang/Object;ZZ)Ljava/lang/Object; @ 162
Event: 2.328 Thread 0x63260000 Uncommon trap: reason=unstable_if action=reinterpret pc=0xa772cc50 method=java.util.HashMap.getNode(ILjava/lang/Object;)Ljava/util/HashMap$Node; @ 84
Event: 2.340 Thread 0xb6507800 Uncommon trap: reason=unstable_if action=reinterpret pc=0xa7998c6c method=com.android.dx.ssa.SCCP.simulateStmt(Lcom/android/dx/ssa/SsaInsn;)V @ 59
Event: 2.477 Thread 0x63262800 Uncommon trap: reason=unstable_if action=reinterpret pc=0xa79e8340 method=java.util.HashMap.getNode(ILjava/lang/Object;)Ljava/util/HashMap$Node; @ 84
Event: 2.638 Thread 0x6325d400 Uncommon trap: reason=unstable_if action=reinterpret pc=0xa78b3d00 method=java.util.HashMap.putVal(ILjava/lang/Object;Ljava/lang/Object;ZZ)Ljava/lang/Object; @ 162

Internal exceptions (7 events):
Event: 0.030 Thread 0xb6507800 Exception <a 'java/lang/NoSuchMethodError': Method sun.misc.Unsafe.defineClass(Ljava/lang/String;[BII)Ljava/lang/Class; name or signature does not match> (0x91ad0378) thrown at [/HUDSON/workspace/8-2-build-linux-i586/jdk8u66/4988/hotspot/src/share/vm/prim
Event: 0.030 Thread 0xb6507800 Exception <a 'java/lang/NoSuchMethodError': Method sun.misc.Unsafe.prefetchRead(Ljava/lang/Object;J)V name or signature does not match> (0x91ad0648) thrown at [/HUDSON/workspace/8-2-build-linux-i586/jdk8u66/4988/hotspot/src/share/vm/prims/jni.cpp, line 39
Event: 1.201 Thread 0x63261800 Implicit null exception at 0xa7704487 to 0xa770603d
Event: 1.284 Thread 0xb6507800 Implicit null exception at 0xa76eab78 to 0xa76ec48d
Event: 2.325 Thread 0x63260000 Exception <a 'java/lang/ArrayIndexOutOfBoundsException': 18> (0x95427bc0) thrown at [/HUDSON/workspace/8-2-build-linux-i586/jdk8u66/4988/hotspot/src/share/vm/interpreter/interpreterRuntime.cpp, line 366]
Event: 2.325 Thread 0x63260000 Exception <a 'java/lang/ArrayIndexOutOfBoundsException': 145> (0x95429460) thrown at [/HUDSON/workspace/8-2-build-linux-i586/jdk8u66/4988/hotspot/src/share/vm/interpreter/interpreterRuntime.cpp, line 366]
Event: 2.326 Thread 0x63260000 Exception <a 'java/lang/ArrayIndexOutOfBoundsException'> (0x9542a540) thrown at [/HUDSON/workspace/8-2-build-linux-i586/jdk8u66/4988/hotspot/src/share/vm/runtime/sharedRuntime.cpp, line 605]

Events (10 events):
Event: 2.645 Thread 0x6325d400 DEOPT UNPACKING pc=0xa7509590 sp=0x6335f56c mode 0
Event: 2.856 Thread 0xb6507800 DEOPT PACKING pc=0xa76d9f9c sp=0xb66ae410
Event: 2.856 Thread 0xb6507800 DEOPT UNPACKING pc=0xa7509590 sp=0xb66ae2b4 mode 0
Event: 2.856 Thread 0x63261800 DEOPT PACKING pc=0xa789748f sp=0x62d5c780
Event: 2.856 Thread 0x63261800 DEOPT UNPACKING pc=0xa7509590 sp=0x62d5c624 mode 0
Event: 2.857 Thread 0x63262800 DEOPT PACKING pc=0xa7896847 sp=0x629fe650
Event: 2.857 Thread 0x63262800 DEOPT UNPACKING pc=0xa7509590 sp=0x629fe52c mode 0
Event: 2.862 Thread 0xb6507800 DEOPT PACKING pc=0xa77957c3 sp=0xb66ae530
Event: 2.862 Thread 0xb6507800 DEOPT UNPACKING pc=0xa7509590 sp=0xb66ae41c mode 0
Event: 2.862 Executing VM operation: ParallelGCFailedAllocation


Dynamic libraries:
08048000-08049000 r-xp 00000000 08:06 1552326    /usr/lib/jvm/java-8-oracle/bin/java
08049000-0804a000 rw-p 00000000 08:06 1552326    /usr/lib/jvm/java-8-oracle/bin/java
08976000-089f1000 rw-p 00000000 00:00 0          [heap]
61d6b000-61e00000 rw-p 00000000 00:00 0 
61e00000-61e6b000 rw-p 00000000 00:00 0 
61e6b000-61f00000 ---p 00000000 00:00 0 
62000000-62040000 rw-p 00000000 00:00 0 
62040000-62100000 ---p 00000000 00:00 0 
62100000-621d7000 rw-p 00000000 00:00 0 
621d7000-62200000 ---p 00000000 00:00 0 
62200000-622be000 rw-p 00000000 00:00 0 
622be000-62300000 ---p 00000000 00:00 0 
62300000-623ed000 rw-p 00000000 00:00 0 
623ed000-62400000 ---p 00000000 00:00 0 
62400000-624ff000 rw-p 00000000 00:00 0 
624ff000-62500000 ---p 00000000 00:00 0 
62600000-626ff000 rw-p 00000000 00:00 0 
626ff000-62700000 ---p 00000000 00:00 0 
62700000-627fc000 rw-p 00000000 00:00 0 
627fc000-62800000 ---p 00000000 00:00 0 
62800000-628fe000 rw-p 00000000 00:00 0 
628fe000-62900000 ---p 00000000 00:00 0 
629af000-629b2000 ---p 00000000 00:00 0 
629b2000-62a00000 rw-p 00000000 00:00 0          [stack:20996]
62a00000-62afb000 rw-p 00000000 00:00 0 
62afb000-62b00000 ---p 00000000 00:00 0 
62b00000-62bff000 rw-p 00000000 00:00 0 
62bff000-62c00000 ---p 00000000 00:00 0 
62c00000-62cfc000 rw-p 00000000 00:00 0 
62cfc000-62d00000 ---p 00000000 00:00 0 
62d0d000-62d10000 ---p 00000000 00:00 0 
62d10000-62d5e000 rw-p 00000000 00:00 0          [stack:20995]
62d5e000-62d61000 ---p 00000000 00:00 0 
62d61000-62daf000 rw-p 00000000 00:00 0          [stack:20994]
62daf000-62db2000 ---p 00000000 00:00 0 
62db2000-62e00000 rw-p 00000000 00:00 0          [stack:20993]
62e00000-62f00000 rw-p 00000000 00:00 0 
62f00000-62fed000 rw-p 00000000 00:00 0 
62fed000-63000000 ---p 00000000 00:00 0 
63000000-630fb000 rw-p 00000000 00:00 0 
630fb000-63100000 ---p 00000000 00:00 0 
63100000-631f9000 rw-p 00000000 00:00 0 
631f9000-63200000 ---p 00000000 00:00 0 
63200000-632d5000 rw-p 00000000 00:00 0 
632d5000-63300000 ---p 00000000 00:00 0 
63310000-63313000 ---p 00000000 00:00 0 
63313000-63361000 rw-p 00000000 00:00 0          [stack:20992]
63361000-633ab000 r--s 003c6000 08:06 190015     /home/priya/matrix/Kurukshetra/app/build/intermediates/transforms/jarMerging/debug/jars/1/1f/combined.jar
633ab000-633ac000 ---p 00000000 00:00 0 
633ac000-6342c000 rw-p 00000000 00:00 0          [stack:20991]
6342c000-6342f000 ---p 00000000 00:00 0 
6342f000-6347d000 rw-p 00000000 00:00 0          [stack:20990]
6347d000-63480000 ---p 00000000 00:00 0 
63480000-634fe000 rw-p 00000000 00:00 0          [stack:20989]
634fe000-63501000 ---p 00000000 00:00 0 
63501000-6357f000 rw-p 00000000 00:00 0          [stack:20988]
6357f000-63582000 ---p 00000000 00:00 0 
63582000-63600000 rw-p 00000000 00:00 0          [stack:20987]
63600000-63800000 r--p 00000000 08:06 1093651    /usr/lib/locale/locale-archive
63800000-63821000 rw-p 00000000 00:00 0 
63821000-63900000 ---p 00000000 00:00 0 
63900000-639fd000 rw-p 00000000 00:00 0 
639fd000-63a00000 ---p 00000000 00:00 0 
63a0d000-63a10000 ---p 00000000 00:00 0 
63a10000-63a5e000 rw-p 00000000 00:00 0          [stack:20986]
63a5e000-63a61000 ---p 00000000 00:00 0 
63a61000-63aaf000 rw-p 00000000 00:00 0          [stack:20985]
63aaf000-63ab2000 ---p 00000000 00:00 0 
63ab2000-63b00000 rw-p 00000000 00:00 0          [stack:20984]
63b00000-63c00000 rw-p 00000000 00:00 0 
63c0b000-63c0c000 ---p 00000000 00:00 0 
63c0c000-63cdb000 rw-p 00000000 00:00 0          [stack:20983]
63cdb000-63eb4000 r--s 03d20000 08:06 1286207    /usr/lib/jvm/java-8-oracle/jre/lib/rt.jar
63eb4000-642da000 rw-p 00000000 00:00 0 
642da000-64300000 ---p 00000000 00:00 0 
64300000-66700000 rw-p 00000000 00:00 0 
66700000-667fc000 rw-p 00000000 00:00 0 
667fc000-66800000 ---p 00000000 00:00 0 
66824000-6687f000 rw-p 00000000 00:00 0 
6687f000-66880000 ---p 00000000 00:00 0 
66880000-66900000 rw-p 00000000 00:00 0          [stack:20982]
66900000-66921000 rw-p 00000000 00:00 0 
66921000-66a00000 ---p 00000000 00:00 0 
66a00000-66b00000 rw-p 00000000 00:00 0 
66b00000-66b21000 rw-p 00000000 00:00 0 
66b21000-66c00000 ---p 00000000 00:00 0 
66c01000-66c10000 r--s 000df000 08:06 3122779    /home/priya/Android/Sdk/build-tools/23.0.2/lib/dx.jar
66c10000-66c28000 rw-p 00000000 00:00 0 
66c28000-66c29000 ---p 00000000 00:00 0 
66c29000-66cbe000 rw-p 00000000 00:00 0          [stack:20981]
66cbe000-66dff000 ---p 00000000 00:00 0 
66dff000-66e14000 rw-p 00000000 00:00 0 
66e14000-66f54000 ---p 00000000 00:00 0 
66f54000-66fa3000 rw-p 00000000 00:00 0 
66fa3000-66fff000 ---p 00000000 00:00 0 
66fff000-69980000 rw-p 00000000 00:00 0 
69980000-91ac0000 ---p 00000000 00:00 0 
91ac0000-9b640000 rw-p 00000000 00:00 0 
a3f6f000-a41c0000 rw-p 00000000 00:00 0 
a41c0000-a7000000 ---p 00000000 00:00 0 
a700b000-a700c000 ---p 00000000 00:00 0 
a700c000-a708c000 rw-p 00000000 00:00 0          [stack:20980]
a708c000-a708d000 ---p 00000000 00:00 0 
a708d000-a7124000 rw-p 00000000 00:00 0          [stack:20979]
a7124000-a74cd000 ---p 00000000 00:00 0 
a74cd000-a7a65000 rwxp 00000000 00:00 0 
a7a65000-b64cd000 ---p 00000000 00:00 0 
b64cd000-b64e6000 r-xp 00000000 08:06 1387720    /usr/lib/jvm/java-8-oracle/jre/lib/i386/libzip.so
b64e6000-b64e7000 rw-p 00019000 08:06 1387720    /usr/lib/jvm/java-8-oracle/jre/lib/i386/libzip.so
b64e7000-b64f2000 r-xp 00000000 08:06 1933505    /lib/i386-linux-gnu/libnss_files-2.19.so
b64f2000-b64f3000 r--p 0000a000 08:06 1933505    /lib/i386-linux-gnu/libnss_files-2.19.so
b64f3000-b64f4000 rw-p 0000b000 08:06 1933505    /lib/i386-linux-gnu/libnss_files-2.19.so
b64f4000-b64fe000 r-xp 00000000 08:06 1933491    /lib/i386-linux-gnu/libnss_nis-2.19.so
b64fe000-b64ff000 r--p 00009000 08:06 1933491    /lib/i386-linux-gnu/libnss_nis-2.19.so
b64ff000-b6500000 rw-p 0000a000 08:06 1933491    /lib/i386-linux-gnu/libnss_nis-2.19.so
b6500000-b65fb000 rw-p 00000000 00:00 0 
b65fb000-b6600000 ---p 00000000 00:00 0 
b6601000-b6616000 r-xp 00000000 08:06 1933492    /lib/i386-linux-gnu/libnsl-2.19.so
b6616000-b6617000 r--p 00015000 08:06 1933492    /lib/i386-linux-gnu/libnsl-2.19.so
b6617000-b6618000 rw-p 00016000 08:06 1933492    /lib/i386-linux-gnu/libnsl-2.19.so
b6618000-b661a000 rw-p 00000000 00:00 0 
b6626000-b6628000 rw-p 00000000 00:00 0 
b6628000-b6629000 r--p 00850000 08:06 1093651    /usr/lib/locale/locale-archive
b6629000-b6631000 rw-s 00000000 08:06 387221     /tmp/hsperfdata_priya/20974
b6631000-b6655000 r-xp 00000000 08:06 1387732    /usr/lib/jvm/java-8-oracle/jre/lib/i386/libjava.so
b6655000-b6656000 rw-p 00023000 08:06 1387732    /usr/lib/jvm/java-8-oracle/jre/lib/i386/libjava.so
b6656000-b665d000 r-xp 00000000 08:06 1933506    /lib/i386-linux-gnu/librt-2.19.so
b665d000-b665e000 r--p 00006000 08:06 1933506    /lib/i386-linux-gnu/librt-2.19.so
b665e000-b665f000 rw-p 00007000 08:06 1933506    /lib/i386-linux-gnu/librt-2.19.so
b665f000-b6662000 ---p 00000000 00:00 0 
b6662000-b66b0000 rw-p 00000000 00:00 0          [stack:20978]
b66b0000-b66f4000 r-xp 00000000 08:06 1933496    /lib/i386-linux-gnu/libm-2.19.so
b66f4000-b66f5000 r--p 00043000 08:06 1933496    /lib/i386-linux-gnu/libm-2.19.so
b66f5000-b66f6000 rw-p 00044000 08:06 1933496    /lib/i386-linux-gnu/libm-2.19.so
b66f6000-b7076000 r-xp 00000000 08:06 1395826    /usr/lib/jvm/java-8-oracle/jre/lib/i386/server/libjvm.so
b7076000-b70e3000 rw-p 00980000 08:06 1395826    /usr/lib/jvm/java-8-oracle/jre/lib/i386/server/libjvm.so
b70e3000-b7509000 rw-p 00000000 00:00 0 
b7509000-b76b1000 r-xp 00000000 08:06 1933488    /lib/i386-linux-gnu/libc-2.19.so
b76b1000-b76b3000 r--p 001a8000 08:06 1933488    /lib/i386-linux-gnu/libc-2.19.so
b76b3000-b76b4000 rw-p 001aa000 08:06 1933488    /lib/i386-linux-gnu/libc-2.19.so
b76b4000-b76b7000 rw-p 00000000 00:00 0 
b76b7000-b76ba000 r-xp 00000000 08:06 1933489    /lib/i386-linux-gnu/libdl-2.19.so
b76ba000-b76bb000 r--p 00002000 08:06 1933489    /lib/i386-linux-gnu/libdl-2.19.so
b76bb000-b76bc000 rw-p 00003000 08:06 1933489    /lib/i386-linux-gnu/libdl-2.19.so
b76bc000-b76d0000 r-xp 00000000 08:06 1549650    /usr/lib/jvm/java-8-oracle/lib/i386/jli/libjli.so
b76d0000-b76d1000 rw-p 00014000 08:06 1549650    /usr/lib/jvm/java-8-oracle/lib/i386/jli/libjli.so
b76d1000-b76d2000 rw-p 00000000 00:00 0 
b76d2000-b76ea000 r-xp 00000000 08:06 1933501    /lib/i386-linux-gnu/libpthread-2.19.so
b76ea000-b76eb000 r--p 00018000 08:06 1933501    /lib/i386-linux-gnu/libpthread-2.19.so
b76eb000-b76ec000 rw-p 00019000 08:06 1933501    /lib/i386-linux-gnu/libpthread-2.19.so
b76ec000-b76ee000 rw-p 00000000 00:00 0 
b76ee000-b76f5000 r-xp 00000000 08:06 1933497    /lib/i386-linux-gnu/libnss_compat-2.19.so
b76f5000-b76f6000 r--p 00006000 08:06 1933497    /lib/i386-linux-gnu/libnss_compat-2.19.so
b76f6000-b76f7000 rw-p 00007000 08:06 1933497    /lib/i386-linux-gnu/libnss_compat-2.19.so
b76f7000-b76f8000 rw-p 00000000 00:00 0 
b76f8000-b76f9000 ---p 00000000 00:00 0 
b76f9000-b7704000 r-xp 00000000 08:06 1387688    /usr/lib/jvm/java-8-oracle/jre/lib/i386/libverify.so
b7704000-b7705000 rw-p 0000b000 08:06 1387688    /usr/lib/jvm/java-8-oracle/jre/lib/i386/libverify.so
b7705000-b7707000 rw-p 00000000 00:00 0 
b7707000-b7708000 r-xp 00000000 00:00 0          [vdso]
b7708000-b7728000 r-xp 00000000 08:06 1933490    /lib/i386-linux-gnu/ld-2.19.so
b7728000-b7729000 r--p 0001f000 08:06 1933490    /lib/i386-linux-gnu/ld-2.19.so
b7729000-b772a000 rw-p 00020000 08:06 1933490    /lib/i386-linux-gnu/ld-2.19.so
bf97c000-bf97d000 rwxp 00000000 00:00 0 
bf9af000-bf9d0000 rw-p 00000000 00:00 0          [stack]

VM Arguments:
jvm_args: -Djava.awt.headless=true -Xmx1024M -Dfile.encoding=UTF-8 -Duser.country=IN -Duser.language=en -Duser.variant 
java_command: com.android.dx.command.Main --dex --num-threads=4 --multi-dex --main-dex-list /home/priya/matrix/Kurukshetra/app/build/intermediates/multi-dex/debug/maindexlist.txt --output /home/priya/matrix/Kurukshetra/app/build/intermediates/transforms/dex/debug/folders/1000/1f/main /home/priya/matrix/Kurukshetra/app/build/intermediates/transforms/jarMerging/debug/jars/1/1f/combined.jar
java_class_path (initial): /home/priya/Android/Sdk/build-tools/23.0.2/lib/dx.jar
Launcher Type: SUN_STANDARD

Environment Variables:
JAVA_HOME=/usr/lib/jvm/java-8-oracle
PATH=/usr/local/sbin:/usr/local/bin:/usr/sbin:/usr/bin:/sbin:/bin:/usr/games:/usr/local/games:/home/priya/matrix/proxy/google_appengine/
LD_LIBRARY_PATH=bin:
SHELL=/bin/bash
DISPLAY=:0

Signal Handlers:
SIGSEGV: [libjvm.so+0x8cdc10], sa_mask[0]=11111111011111111101111111111110, sa_flags=SA_RESTART|SA_SIGINFO
SIGBUS: [libjvm.so+0x8cdc10], sa_mask[0]=11111111011111111101111111111110, sa_flags=SA_RESTART|SA_SIGINFO
SIGFPE: [libjvm.so+0x74dbb0], sa_mask[0]=11111111011111111101111111111110, sa_flags=SA_RESTART|SA_SIGINFO
SIGPIPE: [libjvm.so+0x74dbb0], sa_mask[0]=11111111011111111101111111111110, sa_flags=SA_RESTART|SA_SIGINFO
SIGXFSZ: [libjvm.so+0x74dbb0], sa_mask[0]=11111111011111111101111111111110, sa_flags=SA_RESTART|SA_SIGINFO
SIGILL: [libjvm.so+0x74dbb0], sa_mask[0]=11111111011111111101111111111110, sa_flags=SA_RESTART|SA_SIGINFO
SIGUSR1: SIG_DFL, sa_mask[0]=00000000000000000000000000000000, sa_flags=none
SIGUSR2: [libjvm.so+0x74f230], sa_mask[0]=00100000000000000000000000000000, sa_flags=SA_RESTART|SA_SIGINFO
SIGHUP: [libjvm.so+0x7506e0], sa_mask[0]=11111111011111111101111111111110, sa_flags=SA_RESTART|SA_SIGINFO
SIGINT: [libjvm.so+0x7506e0], sa_mask[0]=11111111011111111101111111111110, sa_flags=SA_RESTART|SA_SIGINFO
SIGTERM: [libjvm.so+0x7506e0], sa_mask[0]=11111111011111111101111111111110, sa_flags=SA_RESTART|SA_SIGINFO
SIGQUIT: [libjvm.so+0x7506e0], sa_mask[0]=11111111011111111101111111111110, sa_flags=SA_RESTART|SA_SIGINFO


---------------  S Y S T E M  ---------------

OS:DISTRIB_ID=Ubuntu
DISTRIB_RELEASE=14.04
DISTRIB_CODENAME=trusty
DISTRIB_DESCRIPTION="Ubuntu 14.04.3 LTS"

uname:Linux 3.13.0-74-generic #118-Ubuntu SMP Thu Dec 17 22:52:02 UTC 2015 i686
libc:glibc 2.19 NPTL 2.19 
rlimit: STACK 8192k, CORE 0k, NPROC 31374, NOFILE 4096, AS infinity
load average:2.04 1.49 0.91

/proc/meminfo:
MemTotal:        4035184 kB
MemFree:          259064 kB
Buffers:            9328 kB
Cached:           698580 kB
SwapCached:            0 kB
Active:          3006868 kB
Inactive:         657216 kB
Active(anon):    2963036 kB
Inactive(anon):   613136 kB
Active(file):      43832 kB
Inactive(file):    44080 kB
Unevictable:         120 kB
Mlocked:             120 kB
HighTotal:       3182980 kB
HighFree:          86528 kB
LowTotal:         852204 kB
LowFree:          172536 kB
SwapTotal:             0 kB
SwapFree:              0 kB
Dirty:                 0 kB
Writeback:           368 kB
AnonPages:       2956736 kB
Mapped:           336384 kB
Shmem:            619432 kB
Slab:              53892 kB
SReclaimable:      27480 kB
SUnreclaim:        26412 kB
KernelStack:        4864 kB
PageTables:        17316 kB
NFS_Unstable:          0 kB
Bounce:                0 kB
WritebackTmp:          0 kB
CommitLimit:     2017592 kB
Committed_AS:    8080732 kB
VmallocTotal:     122880 kB
VmallocUsed:       70844 kB
VmallocChunk:      23352 kB
HardwareCorrupted:     0 kB
AnonHugePages:   1523712 kB
HugePages_Total:       0
HugePages_Free:        0
HugePages_Rsvd:        0
HugePages_Surp:        0
Hugepagesize:       2048 kB
DirectMap4k:       34808 kB
DirectMap2M:      878592 kB


CPU:total 4 (2 cores per cpu, 2 threads per core) family 6 model 69 stepping 1, cmov, cx8, fxsr, mmx, sse, sse2, sse3, ssse3, sse4.1, sse4.2, popcnt, avx, avx2, aes, clmul, erms, lzcnt, ht, tsc, tscinvbit, bmi1, bmi2

/proc/cpuinfo:
processor	: 0
vendor_id	: GenuineIntel
cpu family	: 6
model		: 69
model name	: Intel(R) Core(TM) i5-4210U CPU @ 1.70GHz
stepping	: 1
microcode	: 0x17
cpu MHz		: 1701.000
cache size	: 3072 KB
physical id	: 0
siblings	: 4
core id		: 0
cpu cores	: 2
apicid		: 0
initial apicid	: 0
fdiv_bug	: no
f00f_bug	: no
coma_bug	: no
fpu		: yes
fpu_exception	: yes
cpuid level	: 13
wp		: yes
flags		: fpu vme de pse tsc msr pae mce cx8 apic sep mtrr pge mca cmov pat pse36 clflush dts acpi mmx fxsr sse sse2 ss ht tm pbe nx pdpe1gb rdtscp lm constant_tsc arch_perfmon pebs bts xtopology nonstop_tsc aperfmperf eagerfpu pni pclmulqdq dtes64 monitor ds_cpl vmx est tm2 ssse3 fma cx16 xtpr pdcm pcid sse4_1 sse4_2 movbe popcnt tsc_deadline_timer aes xsave avx f16c rdrand lahf_lm abm ida arat epb xsaveopt pln pts dtherm tpr_shadow vnmi flexpriority ept vpid fsgsbase tsc_adjust bmi1 avx2 smep bmi2 erms invpcid
bogomips	: 3392.23
clflush size	: 64
cache_alignment	: 64
address sizes	: 39 bits physical, 48 bits virtual
power management:

processor	: 1
vendor_id	: GenuineIntel
cpu family	: 6
model		: 69
model name	: Intel(R) Core(TM) i5-4210U CPU @ 1.70GHz
stepping	: 1
microcode	: 0x17
cpu MHz		: 1700.000
cache size	: 3072 KB
physical id	: 0
siblings	: 4
core id		: 1
cpu cores	: 2
apicid		: 2
initial apicid	: 2
fdiv_bug	: no
f00f_bug	: no
coma_bug	: no
fpu		: yes
fpu_exception	: yes
cpuid level	: 13
wp		: yes
flags		: fpu vme de pse tsc msr pae mce cx8 apic sep mtrr pge mca cmov pat pse36 clflush dts acpi mmx fxsr sse sse2 ss ht tm pbe nx pdpe1gb rdtscp lm constant_tsc arch_perfmon pebs bts xtopology nonstop_tsc aperfmperf eagerfpu pni pclmulqdq dtes64 monitor ds_cpl vmx est tm2 ssse3 fma cx16 xtpr pdcm pcid sse4_1 sse4_2 movbe popcnt tsc_deadline_timer aes xsave avx f16c rdrand lahf_lm abm ida arat epb xsaveopt pln pts dtherm tpr_shadow vnmi flexpriority ept vpid fsgsbase tsc_adjust bmi1 avx2 smep bmi2 erms invpcid
bogomips	: 3392.23
clflush size	: 64
cache_alignment	: 64
address sizes	: 39 bits physical, 48 bits virtual
power management:

processor	: 2
vendor_id	: GenuineIntel
cpu family	: 6
model		: 69
model name	: Intel(R) Core(TM) i5-4210U CPU @ 1.70GHz
stepping	: 1
microcode	: 0x17
cpu MHz		: 782.000
cache size	: 3072 KB
physical id	: 0
siblings	: 4
core id		: 0
cpu cores	: 2
apicid		: 1
initial apicid	: 1
fdiv_bug	: no
f00f_bug	: no
coma_bug	: no
fpu		: yes
fpu_exception	: yes
cpuid level	: 13
wp		: yes
flags		: fpu vme de pse tsc msr pae mce cx8 apic sep mtrr pge mca cmov pat pse36 clflush dts acpi mmx fxsr sse sse2 ss ht tm pbe nx pdpe1gb rdtscp lm constant_tsc arch_perfmon pebs bts xtopology nonstop_tsc aperfmperf eagerfpu pni pclmulqdq dtes64 monitor ds_cpl vmx est tm2 ssse3 fma cx16 xtpr pdcm pcid sse4_1 sse4_2 movbe popcnt tsc_deadline_timer aes xsave avx f16c rdrand lahf_lm abm ida arat epb xsaveopt pln pts dtherm tpr_shadow vnmi flexpriority ept vpid fsgsbase tsc_adjust bmi1 avx2 smep bmi2 erms invpcid
bogomips	: 3392.23
clflush size	: 64
cache_alignment	: 64
address sizes	: 39 bits physical, 48 bits virtual
power management:

processor	: 3
vendor_id	: GenuineIntel
cpu family	: 6
model		: 69
model name	: Intel(R) Core(TM) i5-4210U CPU @ 1.70GHz
stepping	: 1
microcode	: 0x17
cpu MHz		: 782.000
cache size	: 3072 KB
physical id	: 0
siblings	: 4
core id		: 1
cpu cores	: 2
apicid		: 3
initial apicid	: 3
fdiv_bug	: no
f00f_bug	: no
coma_bug	: no
fpu		: yes
fpu_exception	: yes
cpuid level	: 13
wp		: yes
flags		: fpu vme de pse tsc msr pae mce cx8 apic sep mtrr pge mca cmov pat pse36 clflush dts acpi mmx fxsr sse sse2 ss ht tm pbe nx pdpe1gb rdtscp lm constant_tsc arch_perfmon pebs bts xtopology nonstop_tsc aperfmperf eagerfpu pni pclmulqdq dtes64 monitor ds_cpl vmx est tm2 ssse3 fma cx16 xtpr pdcm pcid sse4_1 sse4_2 movbe popcnt tsc_deadline_timer aes xsave avx f16c rdrand lahf_lm abm ida arat epb xsaveopt pln pts dtherm tpr_shadow vnmi flexpriority ept vpid fsgsbase tsc_adjust bmi1 avx2 smep bmi2 erms invpcid
bogomips	: 3392.23
clflush size	: 64
cache_alignment	: 64
address sizes	: 39 bits physical, 48 bits virtual
power management:



Memory: 4k page, physical 4035184k(259360k free), swap 0k(0k free)

vm_info: Java HotSpot(TM) Server VM (25.66-b17) for linux-x86 JRE (1.8.0_66-b17), built on Oct  6 2015 18:06:03 by "java_re" with gcc 4.3.0 20080428 (Red Hat 4.3.0-8)

time: Thu Dec 24 07:00:00 2015
elapsed time: 3 seconds (0d 0h 0m 3s)

