#
# There is insufficient memory for the Java Runtime Environment to continue.
# Native memory allocation (mmap) failed to map 126091264 bytes for committing reserved memory.
# Possible reasons:
#   The system is out of physical RAM or swap space
#   In 32 bit mode, the process size limit was hit
# Possible solutions:
#   Reduce memory load on the system
#   Increase physical memory or swap space
#   Check if swap backing store is full
#   Use 64 bit Java on a 64 bit OS
#   Decrease Java heap size (-Xmx/-Xms)
#   Decrease number of Java threads
#   Decrease Java thread stack sizes (-Xss)
#   Set larger code cache with -XX:ReservedCodeCacheSize=
# This output file may be truncated or incomplete.
#
#  Out of Memory Error (os_linux.cpp:2627), pid=17302, tid=1673374528
#
# JRE version: Java(TM) SE Runtime Environment (8.0_66-b17) (build 1.8.0_66-b17)
# Java VM: Java HotSpot(TM) Server VM (25.66-b17 mixed mode linux-x86 )
# Failed to write core dump. Core dumps have been disabled. To enable core dumping, try "ulimit -c unlimited" before starting Java again
#

---------------  T H R E A D  ---------------

Current thread (0x63a81400):  VMThread [stack: 0x63b5a000,0x63bdb000] [id=17313]

Stack: [0x63b5a000,0x63bdb000],  sp=0x63bd9980,  free space=510k
Native frames: (J=compiled Java code, j=interpreted, Vv=VM code, C=native code)
V  [libjvm.so+0x8cd0ff]  VMError::report_and_die()+0x16f
V  [libjvm.so+0x38bee5]  report_vm_out_of_memory(char const*, int, unsigned int, VMErrorType, char const*)+0x55
V  [libjvm.so+0x750ed6]  os::Linux::commit_memory_impl(char*, unsigned int, bool)+0xe6
V  [libjvm.so+0x7513a8]  os::pd_commit_memory(char*, unsigned int, unsigned int, bool)+0x28
V  [libjvm.so+0x74b2cc]  os::commit_memory(char*, unsigned int, unsigned int, bool)+0x2c
V  [libjvm.so+0x7b58a8]  PSVirtualSpace::expand_by(unsigned int)+0x48
V  [libjvm.so+0x7a8941]  PSOldGen::expand(unsigned int)+0x141
V  [libjvm.so+0x7a8a0f]  PSOldGen::resize(unsigned int)+0x8f
V  [libjvm.so+0x7af534]  PSParallelCompact::invoke_no_policy(bool)+0x874
V  [libjvm.so+0x7b3f0d]  PSScavenge::invoke()+0x16d
V  [libjvm.so+0x7728ba]  ParallelScavengeHeap::failed_mem_allocate(unsigned int)+0x5a
V  [libjvm.so+0x8cebca]  VM_ParallelGCFailedAllocation::doit()+0x7a
V  [libjvm.so+0x8d81d7]  VM_Operation::evaluate()+0x47
V  [libjvm.so+0x8d62b3]  VMThread::evaluate_operation(VM_Operation*)+0xb3
V  [libjvm.so+0x8d6650]  VMThread::loop()+0x1b0
V  [libjvm.so+0x8d6ab5]  VMThread::run()+0x85
V  [libjvm.so+0x753519]  java_start(Thread*)+0x119
C  [libpthread.so.0+0x6f70]  start_thread+0xd0

VM_Operation (0x63253834): ParallelGCFailedAllocation, mode: safepoint, requested by thread 0x6316c400


---------------  P R O C E S S  ---------------

Java Threads: ( => current thread )
  0x63171800 JavaThread "pool-2-thread-4" [_thread_blocked, id=17326, stack(0x62c5e000,0x62caf000)]
  0x6316fc00 JavaThread "pool-2-thread-3" [_thread_blocked, id=17325, stack(0x62caf000,0x62d00000)]
  0x6316c400 JavaThread "pool-2-thread-2" [_thread_blocked, id=17324, stack(0x63204000,0x63255000)]
  0x63166000 JavaThread "pool-3-thread-1" [_thread_blocked, id=17323, stack(0x63255000,0x632a6000)]
  0x6315ac00 JavaThread "pool-2-thread-1" [_thread_blocked, id=17322, stack(0x632a6000,0x632f7000)]
  0x63aa9800 JavaThread "Service Thread" daemon [_thread_blocked, id=17320, stack(0x633db000,0x6342c000)]
  0x63aa6800 JavaThread "C1 CompilerThread2" daemon [_thread_blocked, id=17319, stack(0x6342c000,0x634ad000)]
  0x63aa5000 JavaThread "C2 CompilerThread1" daemon [_thread_blocked, id=17318, stack(0x634ad000,0x6352e000)]
  0x63aa3000 JavaThread "C2 CompilerThread0" daemon [_thread_blocked, id=17317, stack(0x6352e000,0x635af000)]
  0x63aa1c00 JavaThread "Signal Dispatcher" daemon [_thread_blocked, id=17316, stack(0x635af000,0x63600000)]
  0x63a86000 JavaThread "Finalizer" daemon [_thread_blocked, id=17315, stack(0x63b09000,0x63b5a000)]
  0x63a84800 JavaThread "Reference Handler" daemon [_thread_blocked, id=17314, stack(0x6672e000,0x6677f000)]
  0xb6507800 JavaThread "main" [_thread_blocked, id=17308, stack(0xb6651000,0xb66a2000)]

Other Threads:
=>0x63a81400 VMThread [stack: 0x63b5a000,0x63bdb000] [id=17313]
  0x63aab000 WatcherThread [stack: 0x6335a000,0x633db000] [id=17321]

VM state:at safepoint (normal execution)

VM Mutex/Monitor currently owned by a thread:  ([mutex/lock_event])
[0xb65049d0] ExpandHeap_lock - owner thread: 0x63a81400
[0xb6504f18] Threads_lock - owner thread: 0x63a81400
[0xb6505328] Heap_lock - owner thread: 0x6316c400

Heap:
 PSYoungGen      total 267776K, used 12099K [0x91ac0000, 0xa7000000, 0xa7000000)
  eden space 214784K, 0% used [0x91ac0000,0x91ac0000,0x9ec80000)
  from space 52992K, 22% used [0xa3c40000,0xa4810d40,0xa7000000)
  to   space 67328K, 0% used [0x9ec80000,0x9ec80000,0xa2e40000)
 ParOldGen       total 231680K, used 231491K [0x67000000, 0x75240000, 0x91ac0000)
  object space 231680K, 99% used [0x67000000,0x75210cb0,0x75240000)
 Metaspace       used 4304K, capacity 4358K, committed 4376K, reserved 4400K

Card table byte_map: [0x66dff000,0x67000000] byte_map_base: 0x66ac7000

Marking Bits: (ParMarkBitMap*) 0xb70e6380
 Begin Bits: [0x64600000, 0x65600000)
 End Bits:   [0x65600000, 0x66600000)

Polling page: 0xb76ea000

CodeCache: size=245760Kb used=9939Kb max_used=9951Kb free=235821Kb
 bounds [0xa74c0000, 0xa7e80000, 0xb64c0000]
 total_blobs=2623 nmethods=2462 adapters=75
 compilation: enabled

Compilation events (10 events):
Event: 10.364 Thread 0x63aa6800 nmethod 2662 0xa7e378c8 code [0xa7e37a00, 0xa7e37b78]
Event: 10.387 Thread 0x63aa6800 2663       3       com.android.dx.ssa.back.SsaToRop::convertBasicBlocks (151 bytes)
Event: 10.389 Thread 0x63aa6800 nmethod 2663 0xa7e67c88 code [0xa7e67f60, 0xa7e69230]
Event: 10.389 Thread 0x63aa6800 2664       3       com.android.dx.cf.code.ValueAwareMachine::run (1142 bytes)
Event: 10.391 Thread 0x63aa3000 nmethod 2647 0xa7e69f48 code [0xa7e6b320, 0xa7e71878]
Event: 10.391 Thread 0x63aa3000 2200       4       com.android.dx.ssa.SsaBasicBlock::getRopLabelSuccessorList (57 bytes)
Event: 10.393 Thread 0x63aa6800 nmethod 2664 0xa7e61b08 code [0xa7e620c0, 0xa7e65d38]
Event: 10.406 Thread 0x63aa6800 2665       3       com.android.dx.ssa.back.SsaToRop::removePhiFunctions (83 bytes)
Event: 10.417 Thread 0x63aa3000 nmethod 2200 0xa7e36a48 code [0xa7e36ba0, 0xa7e372b0]
Event: 10.417 Thread 0x63aa3000 2514 %     4       com.android.dx.ssa.Dominators::run @ 283 (506 bytes)

GC Heap History (10 events):
Event: 6.838 GC heap after
Heap after GC invocations=15 (full 2):
 PSYoungGen      total 276736K, used 35313K [0x91ac0000, 0xa7000000, 0xa7000000)
  eden space 241408K, 0% used [0x91ac0000,0x91ac0000,0xa0680000)
  from space 35328K, 99% used [0xa0680000,0xa28fc600,0xa2900000)
  to   space 49152K, 0% used [0xa4000000,0xa4000000,0xa7000000)
 ParOldGen       total 143872K, used 105015K [0x67000000, 0x6fc80000, 0x91ac0000)
  object space 143872K, 72% used [0x67000000,0x6d68dff0,0x6fc80000)
 Metaspace       used 4287K, capacity 4294K, committed 4376K, reserved 4400K
}
Event: 7.707 GC heap before
{Heap before GC invocations=16 (full 2):
 PSYoungGen      total 276736K, used 276721K [0x91ac0000, 0xa7000000, 0xa7000000)
  eden space 241408K, 100% used [0x91ac0000,0xa0680000,0xa0680000)
  from space 35328K, 99% used [0xa0680000,0xa28fc600,0xa2900000)
  to   space 49152K, 0% used [0xa4000000,0xa4000000,0xa7000000)
 ParOldGen       total 143872K, used 105015K [0x67000000, 0x6fc80000, 0x91ac0000)
  object space 143872K, 72% used [0x67000000,0x6d68dff0,0x6fc80000)
 Metaspace       used 4293K, capacity 4326K, committed 4376K, reserved 4400K
Event: 7.835 GC heap after
Heap after GC invocations=16 (full 2):
 PSYoungGen      total 292608K, used 36359K [0x91ac0000, 0xa7000000, 0xa7000000)
  eden space 243456K, 0% used [0x91ac0000,0x91ac0000,0xa0880000)
  from space 49152K, 73% used [0xa4000000,0xa6381dd0,0xa7000000)
  to   space 52992K, 0% used [0xa0880000,0xa0880000,0xa3c40000)
 ParOldGen       total 143872K, used 140324K [0x67000000, 0x6fc80000, 0x91ac0000)
  object space 143872K, 97% used [0x67000000,0x6f9092d8,0x6fc80000)
 Metaspace       used 4293K, capacity 4326K, committed 4376K, reserved 4400K
}
Event: 7.835 GC heap before
{Heap before GC invocations=17 (full 3):
 PSYoungGen      total 292608K, used 36359K [0x91ac0000, 0xa7000000, 0xa7000000)
  eden space 243456K, 0% used [0x91ac0000,0x91ac0000,0xa0880000)
  from space 49152K, 73% used [0xa4000000,0xa6381dd0,0xa7000000)
  to   space 52992K, 0% used [0xa0880000,0xa0880000,0xa3c40000)
 ParOldGen       total 143872K, used 140324K [0x67000000, 0x6fc80000, 0x91ac0000)
  object space 143872K, 97% used [0x67000000,0x6f9092d8,0x6fc80000)
 Metaspace       used 4293K, capacity 4326K, committed 4376K, reserved 4400K
Event: 8.625 GC heap after
Heap after GC invocations=17 (full 3):
 PSYoungGen      total 292608K, used 28932K [0x91ac0000, 0xa7000000, 0xa7000000)
  eden space 243456K, 0% used [0x91ac0000,0x91ac0000,0xa0880000)
  from space 49152K, 58% used [0xa4000000,0xa5c41040,0xa7000000)
  to   space 52992K, 0% used [0xa0880000,0xa0880000,0xa3c40000)
 ParOldGen       total 231680K, used 143839K [0x67000000, 0x75240000, 0x91ac0000)
  object space 231680K, 62% used [0x67000000,0x6fc77cd0,0x75240000)
 Metaspace       used 4293K, capacity 4326K, committed 4376K, reserved 4400K
}
Event: 9.483 GC heap before
{Heap before GC invocations=18 (full 3):
 PSYoungGen      total 292608K, used 272388K [0x91ac0000, 0xa7000000, 0xa7000000)
  eden space 243456K, 100% used [0x91ac0000,0xa0880000,0xa0880000)
  from space 49152K, 58% used [0xa4000000,0xa5c41040,0xa7000000)
  to   space 52992K, 0% used [0xa0880000,0xa0880000,0xa3c40000)
 ParOldGen       total 231680K, used 143839K [0x67000000, 0x75240000, 0x91ac0000)
  object space 231680K, 62% used [0x67000000,0x6fc77cd0,0x75240000)
 Metaspace       used 4297K, capacity 4358K, committed 4376K, reserved 4400K
Event: 9.594 GC heap after
Heap after GC invocations=18 (full 3):
 PSYoungGen      total 296448K, used 52989K [0x91ac0000, 0xa7000000, 0xa7000000)
  eden space 243456K, 0% used [0x91ac0000,0x91ac0000,0xa0880000)
  from space 52992K, 99% used [0xa0880000,0xa3c3f7c8,0xa3c40000)
  to   space 52992K, 0% used [0xa3c40000,0xa3c40000,0xa7000000)
 ParOldGen       total 231680K, used 155253K [0x67000000, 0x75240000, 0x91ac0000)
  object space 231680K, 67% used [0x67000000,0x7079d598,0x75240000)
 Metaspace       used 4297K, capacity 4358K, committed 4376K, reserved 4400K
}
Event: 10.422 GC heap before
{Heap before GC invocations=19 (full 3):
 PSYoungGen      total 296448K, used 296445K [0x91ac0000, 0xa7000000, 0xa7000000)
  eden space 243456K, 100% used [0x91ac0000,0xa0880000,0xa0880000)
  from space 52992K, 99% used [0xa0880000,0xa3c3f7c8,0xa3c40000)
  to   space 52992K, 0% used [0xa3c40000,0xa3c40000,0xa7000000)
 ParOldGen       total 231680K, used 155253K [0x67000000, 0x75240000, 0x91ac0000)
  object space 231680K, 67% used [0x67000000,0x7079d598,0x75240000)
 Metaspace       used 4304K, capacity 4358K, committed 4376K, reserved 4400K
Event: 10.540 GC heap after
Heap after GC invocations=19 (full 3):
 PSYoungGen      total 267776K, used 38134K [0x91ac0000, 0xa7000000, 0xa7000000)
  eden space 214784K, 0% used [0x91ac0000,0x91ac0000,0x9ec80000)
  from space 52992K, 71% used [0xa3c40000,0xa617db48,0xa7000000)
  to   space 67328K, 0% used [0x9ec80000,0x9ec80000,0xa2e40000)
 ParOldGen       total 231680K, used 208677K [0x67000000, 0x75240000, 0x91ac0000)
  object space 231680K, 90% used [0x67000000,0x73bc9458,0x75240000)
 Metaspace       used 4304K, capacity 4358K, committed 4376K, reserved 4400K
}
Event: 10.540 GC heap before
{Heap before GC invocations=20 (full 4):
 PSYoungGen      total 267776K, used 38134K [0x91ac0000, 0xa7000000, 0xa7000000)
  eden space 214784K, 0% used [0x91ac0000,0x91ac0000,0x9ec80000)
  from space 52992K, 71% used [0xa3c40000,0xa617db48,0xa7000000)
  to   space 67328K, 0% used [0x9ec80000,0x9ec80000,0xa2e40000)
 ParOldGen       total 231680K, used 208677K [0x67000000, 0x75240000, 0x91ac0000)
  object space 231680K, 90% used [0x67000000,0x73bc9458,0x75240000)
 Metaspace       used 4304K, capacity 4358K, committed 4376K, reserved 4400K

Deoptimization events (10 events):
Event: 9.212 Thread 0x6315ac00 Uncommon trap: reason=bimorphic action=maybe_recompile pc=0xa7bfec5c method=com.android.dx.cf.code.BytecodeArray.parseInstruction(ILcom/android/dx/cf/code/BytecodeArray$Visitor;)I @ 1327
Event: 9.212 Thread 0x6315ac00 Uncommon trap: reason=bimorphic action=maybe_recompile pc=0xa7bfec5c method=com.android.dx.cf.code.BytecodeArray.parseInstruction(ILcom/android/dx/cf/code/BytecodeArray$Visitor;)I @ 1327
Event: 9.460 Thread 0x6316fc00 Uncommon trap: reason=unstable_if action=reinterpret pc=0xa7d52ff8 method=com.android.dx.cf.code.Merger.isPossiblyAssignableFrom(Lcom/android/dx/rop/type/TypeBearer;Lcom/android/dx/rop/type/TypeBearer;)Z @ 131
Event: 10.043 Thread 0x6316c400 Uncommon trap: reason=bimorphic action=maybe_recompile pc=0xa7e411bc method=com.android.dx.cf.code.BytecodeArray.parseInstruction(ILcom/android/dx/cf/code/BytecodeArray$Visitor;)I @ 1477
Event: 10.044 Thread 0x6316c400 Uncommon trap: reason=bimorphic action=maybe_recompile pc=0xa7e411bc method=com.android.dx.cf.code.BytecodeArray.parseInstruction(ILcom/android/dx/cf/code/BytecodeArray$Visitor;)I @ 1477
Event: 10.079 Thread 0x63171800 Uncommon trap: reason=unstable_if action=reinterpret pc=0xa7e510ac method=com.android.dx.rop.type.Type.isReference()Z @ 6
Event: 10.363 Thread 0x63171800 Uncommon trap: reason=unstable_if action=reinterpret pc=0xa7e2d8c0 method=com.android.dx.ssa.SsaMethod.blockIndexToRopLabel(I)I @ 1
Event: 10.367 Thread 0x6316fc00 Uncommon trap: reason=class_check action=maybe_recompile pc=0xa7cc2114 method=com.android.dx.ssa.SCCP.simulateBranch(Lcom/android/dx/ssa/SsaInsn;)V @ 145
Event: 10.402 Thread 0x63171800 Uncommon trap: reason=unstable_if action=reinterpret pc=0xa7e3b850 method=com.android.dx.ssa.SsaBasicBlock.scheduleMovesFromPhis()V @ 63
Event: 10.409 Thread 0x6316c400 Uncommon trap: reason=class_check action=maybe_recompile pc=0xa7cc2114 method=com.android.dx.ssa.SCCP.simulateBranch(Lcom/android/dx/ssa/SsaInsn;)V @ 145

Internal exceptions (7 events):
Event: 0.217 Thread 0xb6507800 Exception <a 'java/lang/NoSuchMethodError': Method sun.misc.Unsafe.defineClass(Ljava/lang/String;[BII)Ljava/lang/Class; name or signature does not match> (0x91ad03d0) thrown at [/HUDSON/workspace/8-2-build-linux-i586/jdk8u66/4988/hotspot/src/share/vm/prim
Event: 0.217 Thread 0xb6507800 Exception <a 'java/lang/NoSuchMethodError': Method sun.misc.Unsafe.prefetchRead(Ljava/lang/Object;J)V name or signature does not match> (0x91ad06a0) thrown at [/HUDSON/workspace/8-2-build-linux-i586/jdk8u66/4988/hotspot/src/share/vm/prims/jni.cpp, line 39
Event: 1.764 Thread 0x6316fc00 Implicit null exception at 0xa774571f to 0xa7747f79
Event: 1.872 Thread 0x6316fc00 Implicit null exception at 0xa77cf476 to 0xa77d170d
Event: 2.764 Thread 0x63171800 Exception <a 'java/lang/ArrayIndexOutOfBoundsException': 18> (0x93eac3a0) thrown at [/HUDSON/workspace/8-2-build-linux-i586/jdk8u66/4988/hotspot/src/share/vm/interpreter/interpreterRuntime.cpp, line 366]
Event: 2.765 Thread 0x63171800 Exception <a 'java/lang/ArrayIndexOutOfBoundsException': 145> (0x93eadc40) thrown at [/HUDSON/workspace/8-2-build-linux-i586/jdk8u66/4988/hotspot/src/share/vm/interpreter/interpreterRuntime.cpp, line 366]
Event: 2.768 Thread 0x63171800 Exception <a 'java/lang/ArrayIndexOutOfBoundsException': 40> (0x93eaed20) thrown at [/HUDSON/workspace/8-2-build-linux-i586/jdk8u66/4988/hotspot/src/share/vm/interpreter/interpreterRuntime.cpp, line 366]

Events (10 events):
Event: 10.367 Thread 0x6316fc00 Uncommon trap: trap_request=0xffffffde fr.pc=0xa7cc2114
Event: 10.367 Thread 0x6316fc00 DEOPT PACKING pc=0xa7cc2114 sp=0x62cfe5d0
Event: 10.367 Thread 0x6316fc00 DEOPT UNPACKING pc=0xa74fae55 sp=0x62cfe5c4 mode 2
Event: 10.402 Thread 0x63171800 Uncommon trap: trap_request=0xffffff65 fr.pc=0xa7e3b850
Event: 10.402 Thread 0x63171800 DEOPT PACKING pc=0xa7e3b850 sp=0x62cad680
Event: 10.402 Thread 0x63171800 DEOPT UNPACKING pc=0xa74fae55 sp=0x62cad67c mode 2
Event: 10.409 Thread 0x6316c400 Uncommon trap: trap_request=0xffffffde fr.pc=0xa7cc2114
Event: 10.409 Thread 0x6316c400 DEOPT PACKING pc=0xa7cc2114 sp=0x63253850
Event: 10.409 Thread 0x6316c400 DEOPT UNPACKING pc=0xa74fae55 sp=0x63253844 mode 2
Event: 10.422 Executing VM operation: ParallelGCFailedAllocation


Dynamic libraries:
08048000-08049000 r-xp 00000000 08:06 1552326    /usr/lib/jvm/java-8-oracle/bin/java
08049000-0804a000 rw-p 00000000 08:06 1552326    /usr/lib/jvm/java-8-oracle/bin/java
08e39000-08ece000 rw-p 00000000 00:00 0          [heap]
61000000-6102b000 rw-p 00000000 00:00 0 
6102b000-61100000 ---p 00000000 00:00 0 
61100000-61122000 rw-p 00000000 00:00 0 
61122000-61200000 ---p 00000000 00:00 0 
61200000-612f0000 rw-p 00000000 00:00 0 
612f0000-61300000 ---p 00000000 00:00 0 
61400000-614f8000 rw-p 00000000 00:00 0 
614f8000-61500000 ---p 00000000 00:00 0 
61500000-615fd000 rw-p 00000000 00:00 0 
615fd000-61600000 ---p 00000000 00:00 0 
61700000-617fe000 rw-p 00000000 00:00 0 
617fe000-61800000 ---p 00000000 00:00 0 
61900000-619fd000 rw-p 00000000 00:00 0 
619fd000-61a00000 ---p 00000000 00:00 0 
61a00000-61afa000 rw-p 00000000 00:00 0 
61afa000-61b00000 ---p 00000000 00:00 0 
61b00000-61bba000 rw-p 00000000 00:00 0 
61bba000-61c00000 ---p 00000000 00:00 0 
61c00000-61cfa000 rw-p 00000000 00:00 0 
61cfa000-61d00000 ---p 00000000 00:00 0 
61d00000-61df7000 rw-p 00000000 00:00 0 
61df7000-61e00000 ---p 00000000 00:00 0 
61f00000-61ffc000 rw-p 00000000 00:00 0 
61ffc000-62000000 ---p 00000000 00:00 0 
62100000-621fe000 rw-p 00000000 00:00 0 
621fe000-62200000 ---p 00000000 00:00 0 
62200000-622f8000 rw-p 00000000 00:00 0 
622f8000-62300000 ---p 00000000 00:00 0 
62300000-623de000 rw-p 00000000 00:00 0 
623de000-62400000 ---p 00000000 00:00 0 
62500000-625f9000 rw-p 00000000 00:00 0 
625f9000-62600000 ---p 00000000 00:00 0 
62700000-62800000 rw-p 00000000 00:00 0 
62900000-629df000 rw-p 00000000 00:00 0 
629df000-62a00000 ---p 00000000 00:00 0 
62b00000-62bff000 rw-p 00000000 00:00 0 
62bff000-62c00000 ---p 00000000 00:00 0 
62c5e000-62c61000 ---p 00000000 00:00 0 
62c61000-62caf000 rw-p 00000000 00:00 0          [stack:17326]
62caf000-62cb2000 ---p 00000000 00:00 0 
62cb2000-62d00000 rw-p 00000000 00:00 0          [stack:17325]
62d00000-62e00000 rw-p 00000000 00:00 0 
62e00000-62efb000 rw-p 00000000 00:00 0 
62efb000-62f00000 ---p 00000000 00:00 0 
62f00000-62ffd000 rw-p 00000000 00:00 0 
62ffd000-63000000 ---p 00000000 00:00 0 
63000000-630fe000 rw-p 00000000 00:00 0 
630fe000-63100000 ---p 00000000 00:00 0 
63100000-63200000 rw-p 00000000 00:00 0 
63204000-63207000 ---p 00000000 00:00 0 
63207000-63255000 rw-p 00000000 00:00 0          [stack:17324]
63255000-63258000 ---p 00000000 00:00 0 
63258000-632a6000 rw-p 00000000 00:00 0          [stack:17323]
632a6000-632a9000 ---p 00000000 00:00 0 
632a9000-632f7000 rw-p 00000000 00:00 0          [stack:17322]
632f7000-6335a000 r--s 004d2000 08:06 369065     /home/priya/matrix/Kurukshetra/app/build/intermediates/transforms/jarMerging/release/jars/1/1f/combined.jar
6335a000-6335b000 ---p 00000000 00:00 0 
6335b000-633db000 rw-p 00000000 00:00 0          [stack:17321]
633db000-633de000 ---p 00000000 00:00 0 
633de000-6342c000 rw-p 00000000 00:00 0          [stack:17320]
6342c000-6342f000 ---p 00000000 00:00 0 
6342f000-634ad000 rw-p 00000000 00:00 0          [stack:17319]
634ad000-634b0000 ---p 00000000 00:00 0 
634b0000-6352e000 rw-p 00000000 00:00 0          [stack:17318]
6352e000-63531000 ---p 00000000 00:00 0 
63531000-635af000 rw-p 00000000 00:00 0          [stack:17317]
635af000-635b2000 ---p 00000000 00:00 0 
635b2000-63600000 rw-p 00000000 00:00 0          [stack:17316]
63600000-63800000 r--p 00000000 08:06 1093651    /usr/lib/locale/locale-archive
63800000-638f7000 rw-p 00000000 00:00 0 
638f7000-63900000 ---p 00000000 00:00 0 
63900000-63921000 rw-p 00000000 00:00 0 
63921000-63a00000 ---p 00000000 00:00 0 
63a00000-63aff000 rw-p 00000000 00:00 0 
63aff000-63b00000 ---p 00000000 00:00 0 
63b09000-63b0c000 ---p 00000000 00:00 0 
63b0c000-63b5a000 rw-p 00000000 00:00 0          [stack:17315]
63b5a000-63b5b000 ---p 00000000 00:00 0 
63b5b000-63bdb000 rw-p 00000000 00:00 0          [stack:17313]
63bdb000-63db4000 r--s 03d20000 08:06 1286207    /usr/lib/jvm/java-8-oracle/jre/lib/rt.jar
63db4000-641fa000 rw-p 00000000 00:00 0 
641fa000-64200000 ---p 00000000 00:00 0 
64200000-66600000 rw-p 00000000 00:00 0 
66600000-666fe000 rw-p 00000000 00:00 0 
666fe000-66700000 ---p 00000000 00:00 0 
6672e000-66731000 ---p 00000000 00:00 0 
66731000-6677f000 rw-p 00000000 00:00 0          [stack:17314]
6677f000-66780000 ---p 00000000 00:00 0 
66780000-66800000 rw-p 00000000 00:00 0          [stack:17312]
66800000-66900000 rw-p 00000000 00:00 0 
66900000-66923000 rw-p 00000000 00:00 0 
66923000-66a00000 ---p 00000000 00:00 0 
66a30000-66a7f000 rw-p 00000000 00:00 0 
66a7f000-66a80000 ---p 00000000 00:00 0 
66a80000-66b00000 rw-p 00000000 00:00 0          [stack:17311]
66b00000-66b21000 rw-p 00000000 00:00 0 
66b21000-66c00000 ---p 00000000 00:00 0 
66c19000-66c28000 r--s 000df000 08:06 3122779    /home/priya/Android/Sdk/build-tools/23.0.2/lib/dx.jar
66c28000-66c29000 ---p 00000000 00:00 0 
66c29000-66d1b000 rw-p 00000000 00:00 0          [stack:17310]
66d1b000-66dff000 ---p 00000000 00:00 0 
66dff000-66e71000 rw-p 00000000 00:00 0 
66e71000-66f54000 ---p 00000000 00:00 0 
66f54000-66fff000 rw-p 00000000 00:00 0 
66fff000-75240000 rw-p 00000000 00:00 0 
7c82f000-7ca80000 rw-p 00000000 00:00 0 
7ca80000-91ac0000 ---p 00000000 00:00 0 
91ac0000-a7000000 rw-p 00000000 00:00 0 
a700c000-a707f000 rw-p 00000000 00:00 0 
a707f000-a7080000 ---p 00000000 00:00 0 
a7080000-a7127000 rw-p 00000000 00:00 0          [stack:17309]
a7127000-a74c0000 ---p 00000000 00:00 0 
a74c0000-a7e80000 rwxp 00000000 00:00 0 
a7e80000-b64c0000 ---p 00000000 00:00 0 
b64c0000-b64d9000 r-xp 00000000 08:06 1387720    /usr/lib/jvm/java-8-oracle/jre/lib/i386/libzip.so
b64d9000-b64da000 rw-p 00019000 08:06 1387720    /usr/lib/jvm/java-8-oracle/jre/lib/i386/libzip.so
b64da000-b64e5000 r-xp 00000000 08:06 1933505    /lib/i386-linux-gnu/libnss_files-2.19.so
b64e5000-b64e6000 r--p 0000a000 08:06 1933505    /lib/i386-linux-gnu/libnss_files-2.19.so
b64e6000-b64e7000 rw-p 0000b000 08:06 1933505    /lib/i386-linux-gnu/libnss_files-2.19.so
b64e7000-b64fc000 r-xp 00000000 08:06 1933492    /lib/i386-linux-gnu/libnsl-2.19.so
b64fc000-b64fd000 r--p 00015000 08:06 1933492    /lib/i386-linux-gnu/libnsl-2.19.so
b64fd000-b64fe000 rw-p 00016000 08:06 1933492    /lib/i386-linux-gnu/libnsl-2.19.so
b64fe000-b6500000 rw-p 00000000 00:00 0 
b6500000-b65fb000 rw-p 00000000 00:00 0 
b65fb000-b6600000 ---p 00000000 00:00 0 
b6600000-b660a000 r-xp 00000000 08:06 1933491    /lib/i386-linux-gnu/libnss_nis-2.19.so
b660a000-b660b000 r--p 00009000 08:06 1933491    /lib/i386-linux-gnu/libnss_nis-2.19.so
b660b000-b660c000 rw-p 0000a000 08:06 1933491    /lib/i386-linux-gnu/libnss_nis-2.19.so
b6618000-b661a000 rw-p 00000000 00:00 0 
b661a000-b661b000 r--p 00850000 08:06 1093651    /usr/lib/locale/locale-archive
b661b000-b6623000 rw-s 00000000 08:06 386397     /tmp/hsperfdata_priya/17302
b6623000-b6647000 r-xp 00000000 08:06 1387732    /usr/lib/jvm/java-8-oracle/jre/lib/i386/libjava.so
b6647000-b6648000 rw-p 00023000 08:06 1387732    /usr/lib/jvm/java-8-oracle/jre/lib/i386/libjava.so
b6648000-b664f000 r-xp 00000000 08:06 1933506    /lib/i386-linux-gnu/librt-2.19.so
b664f000-b6650000 r--p 00006000 08:06 1933506    /lib/i386-linux-gnu/librt-2.19.so
b6650000-b6651000 rw-p 00007000 08:06 1933506    /lib/i386-linux-gnu/librt-2.19.so
b6651000-b6654000 ---p 00000000 00:00 0 
b6654000-b66a2000 rw-p 00000000 00:00 0          [stack:17308]
b66a2000-b66e6000 r-xp 00000000 08:06 1933496    /lib/i386-linux-gnu/libm-2.19.so
b66e6000-b66e7000 r--p 00043000 08:06 1933496    /lib/i386-linux-gnu/libm-2.19.so
b66e7000-b66e8000 rw-p 00044000 08:06 1933496    /lib/i386-linux-gnu/libm-2.19.so
b66e8000-b7068000 r-xp 00000000 08:06 1395826    /usr/lib/jvm/java-8-oracle/jre/lib/i386/server/libjvm.so
b7068000-b70d5000 rw-p 00980000 08:06 1395826    /usr/lib/jvm/java-8-oracle/jre/lib/i386/server/libjvm.so
b70d5000-b74fb000 rw-p 00000000 00:00 0 
b74fb000-b76a3000 r-xp 00000000 08:06 1933488    /lib/i386-linux-gnu/libc-2.19.so
b76a3000-b76a5000 r--p 001a8000 08:06 1933488    /lib/i386-linux-gnu/libc-2.19.so
b76a5000-b76a6000 rw-p 001aa000 08:06 1933488    /lib/i386-linux-gnu/libc-2.19.so
b76a6000-b76a9000 rw-p 00000000 00:00 0 
b76a9000-b76ac000 r-xp 00000000 08:06 1933489    /lib/i386-linux-gnu/libdl-2.19.so
b76ac000-b76ad000 r--p 00002000 08:06 1933489    /lib/i386-linux-gnu/libdl-2.19.so
b76ad000-b76ae000 rw-p 00003000 08:06 1933489    /lib/i386-linux-gnu/libdl-2.19.so
b76ae000-b76c2000 r-xp 00000000 08:06 1549650    /usr/lib/jvm/java-8-oracle/lib/i386/jli/libjli.so
b76c2000-b76c3000 rw-p 00014000 08:06 1549650    /usr/lib/jvm/java-8-oracle/lib/i386/jli/libjli.so
b76c3000-b76c4000 rw-p 00000000 00:00 0 
b76c4000-b76dc000 r-xp 00000000 08:06 1933501    /lib/i386-linux-gnu/libpthread-2.19.so
b76dc000-b76dd000 r--p 00018000 08:06 1933501    /lib/i386-linux-gnu/libpthread-2.19.so
b76dd000-b76de000 rw-p 00019000 08:06 1933501    /lib/i386-linux-gnu/libpthread-2.19.so
b76de000-b76e0000 rw-p 00000000 00:00 0 
b76e0000-b76e7000 r-xp 00000000 08:06 1933497    /lib/i386-linux-gnu/libnss_compat-2.19.so
b76e7000-b76e8000 r--p 00006000 08:06 1933497    /lib/i386-linux-gnu/libnss_compat-2.19.so
b76e8000-b76e9000 rw-p 00007000 08:06 1933497    /lib/i386-linux-gnu/libnss_compat-2.19.so
b76e9000-b76ea000 rw-p 00000000 00:00 0 
b76ea000-b76eb000 ---p 00000000 00:00 0 
b76eb000-b76f6000 r-xp 00000000 08:06 1387688    /usr/lib/jvm/java-8-oracle/jre/lib/i386/libverify.so
b76f6000-b76f7000 rw-p 0000b000 08:06 1387688    /usr/lib/jvm/java-8-oracle/jre/lib/i386/libverify.so
b76f7000-b76f9000 rw-p 00000000 00:00 0 
b76f9000-b76fa000 r-xp 00000000 00:00 0          [vdso]
b76fa000-b771a000 r-xp 00000000 08:06 1933490    /lib/i386-linux-gnu/ld-2.19.so
b771a000-b771b000 r--p 0001f000 08:06 1933490    /lib/i386-linux-gnu/ld-2.19.so
b771b000-b771c000 rw-p 00020000 08:06 1933490    /lib/i386-linux-gnu/ld-2.19.so
bfc29000-bfc2a000 rwxp 00000000 00:00 0 
bfc5c000-bfc7d000 rw-p 00000000 00:00 0          [stack]

VM Arguments:
jvm_args: -Djava.awt.headless=true -Xmx1024M -Dfile.encoding=UTF-8 -Duser.country=IN -Duser.language=en -Duser.variant 
java_command: com.android.dx.command.Main --dex --num-threads=4 --multi-dex --main-dex-list /home/priya/matrix/Kurukshetra/app/build/intermediates/multi-dex/release/maindexlist.txt --output /home/priya/matrix/Kurukshetra/app/build/intermediates/transforms/dex/release/folders/1000/1f/main /home/priya/matrix/Kurukshetra/app/build/intermediates/transforms/jarMerging/release/jars/1/1f/combined.jar
java_class_path (initial): /home/priya/Android/Sdk/build-tools/23.0.2/lib/dx.jar
Launcher Type: SUN_STANDARD

Environment Variables:
JAVA_HOME=/usr/lib/jvm/java-8-oracle
PATH=/usr/local/sbin:/usr/local/bin:/usr/sbin:/usr/bin:/sbin:/bin:/usr/games:/usr/local/games:/home/priya/matrix/proxy/google_appengine/
LD_LIBRARY_PATH=bin:
SHELL=/bin/bash
DISPLAY=:0

Signal Handlers:
SIGSEGV: [libjvm.so+0x8cdc10], sa_mask[0]=11111111011111111101111111111110, sa_flags=SA_RESTART|SA_SIGINFO
SIGBUS: [libjvm.so+0x8cdc10], sa_mask[0]=11111111011111111101111111111110, sa_flags=SA_RESTART|SA_SIGINFO
SIGFPE: [libjvm.so+0x74dbb0], sa_mask[0]=11111111011111111101111111111110, sa_flags=SA_RESTART|SA_SIGINFO
SIGPIPE: [libjvm.so+0x74dbb0], sa_mask[0]=11111111011111111101111111111110, sa_flags=SA_RESTART|SA_SIGINFO
SIGXFSZ: [libjvm.so+0x74dbb0], sa_mask[0]=11111111011111111101111111111110, sa_flags=SA_RESTART|SA_SIGINFO
SIGILL: [libjvm.so+0x74dbb0], sa_mask[0]=11111111011111111101111111111110, sa_flags=SA_RESTART|SA_SIGINFO
SIGUSR1: SIG_DFL, sa_mask[0]=00000000000000000000000000000000, sa_flags=none
SIGUSR2: [libjvm.so+0x74f230], sa_mask[0]=00100000000000000000000000000000, sa_flags=SA_RESTART|SA_SIGINFO
SIGHUP: [libjvm.so+0x7506e0], sa_mask[0]=11111111011111111101111111111110, sa_flags=SA_RESTART|SA_SIGINFO
SIGINT: [libjvm.so+0x7506e0], sa_mask[0]=11111111011111111101111111111110, sa_flags=SA_RESTART|SA_SIGINFO
SIGTERM: [libjvm.so+0x7506e0], sa_mask[0]=11111111011111111101111111111110, sa_flags=SA_RESTART|SA_SIGINFO
SIGQUIT: [libjvm.so+0x7506e0], sa_mask[0]=11111111011111111101111111111110, sa_flags=SA_RESTART|SA_SIGINFO


---------------  S Y S T E M  ---------------

OS:DISTRIB_ID=Ubuntu
DISTRIB_RELEASE=14.04
DISTRIB_CODENAME=trusty
DISTRIB_DESCRIPTION="Ubuntu 14.04.3 LTS"

uname:Linux 3.13.0-74-generic #118-Ubuntu SMP Thu Dec 17 22:52:02 UTC 2015 i686
libc:glibc 2.19 NPTL 2.19 
rlimit: STACK 8192k, CORE 0k, NPROC 31374, NOFILE 4096, AS infinity
load average:1.80 1.54 1.22

/proc/meminfo:
MemTotal:        4035184 kB
MemFree:          215708 kB
Buffers:            8624 kB
Cached:           482420 kB
SwapCached:            0 kB
Active:          3263168 kB
Inactive:         450788 kB
Active(anon):    3228484 kB
Inactive(anon):   414392 kB
Active(file):      34684 kB
Inactive(file):    36396 kB
Unevictable:          76 kB
Mlocked:              76 kB
HighTotal:       3182980 kB
HighFree:          54056 kB
LowTotal:         852204 kB
LowFree:          161652 kB
SwapTotal:             0 kB
SwapFree:              0 kB
Dirty:                52 kB
Writeback:             0 kB
AnonPages:       3223292 kB
Mapped:           162308 kB
Shmem:            419668 kB
Slab:              48536 kB
SReclaimable:      22212 kB
SUnreclaim:        26324 kB
KernelStack:        5064 kB
PageTables:        18764 kB
NFS_Unstable:          0 kB
Bounce:              144 kB
WritebackTmp:          0 kB
CommitLimit:     2017592 kB
Committed_AS:    8745188 kB
VmallocTotal:     122880 kB
VmallocUsed:       70740 kB
VmallocChunk:      25892 kB
HardwareCorrupted:     0 kB
AnonHugePages:   1701888 kB
HugePages_Total:       0
HugePages_Free:        0
HugePages_Rsvd:        0
HugePages_Surp:        0
Hugepagesize:       2048 kB
DirectMap4k:       36856 kB
DirectMap2M:      876544 kB


CPU:total 4 (2 cores per cpu, 2 threads per core) family 6 model 69 stepping 1, cmov, cx8, fxsr, mmx, sse, sse2, sse3, ssse3, sse4.1, sse4.2, popcnt, avx, avx2, aes, clmul, erms, lzcnt, ht, tsc, tscinvbit, bmi1, bmi2

/proc/cpuinfo:
processor	: 0
vendor_id	: GenuineIntel
cpu family	: 6
model		: 69
model name	: Intel(R) Core(TM) i5-4210U CPU @ 1.70GHz
stepping	: 1
microcode	: 0x17
cpu MHz		: 782.000
cache size	: 3072 KB
physical id	: 0
siblings	: 4
core id		: 0
cpu cores	: 2
apicid		: 0
initial apicid	: 0
fdiv_bug	: no
f00f_bug	: no
coma_bug	: no
fpu		: yes
fpu_exception	: yes
cpuid level	: 13
wp		: yes
flags		: fpu vme de pse tsc msr pae mce cx8 apic sep mtrr pge mca cmov pat pse36 clflush dts acpi mmx fxsr sse sse2 ss ht tm pbe nx pdpe1gb rdtscp lm constant_tsc arch_perfmon pebs bts xtopology nonstop_tsc aperfmperf eagerfpu pni pclmulqdq dtes64 monitor ds_cpl vmx est tm2 ssse3 fma cx16 xtpr pdcm pcid sse4_1 sse4_2 movbe popcnt tsc_deadline_timer aes xsave avx f16c rdrand lahf_lm abm ida arat epb xsaveopt pln pts dtherm tpr_shadow vnmi flexpriority ept vpid fsgsbase tsc_adjust bmi1 avx2 smep bmi2 erms invpcid
bogomips	: 3392.29
clflush size	: 64
cache_alignment	: 64
address sizes	: 39 bits physical, 48 bits virtual
power management:

processor	: 1
vendor_id	: GenuineIntel
cpu family	: 6
model		: 69
model name	: Intel(R) Core(TM) i5-4210U CPU @ 1.70GHz
stepping	: 1
microcode	: 0x17
cpu MHz		: 782.000
cache size	: 3072 KB
physical id	: 0
siblings	: 4
core id		: 1
cpu cores	: 2
apicid		: 2
initial apicid	: 2
fdiv_bug	: no
f00f_bug	: no
coma_bug	: no
fpu		: yes
fpu_exception	: yes
cpuid level	: 13
wp		: yes
flags		: fpu vme de pse tsc msr pae mce cx8 apic sep mtrr pge mca cmov pat pse36 clflush dts acpi mmx fxsr sse sse2 ss ht tm pbe nx pdpe1gb rdtscp lm constant_tsc arch_perfmon pebs bts xtopology nonstop_tsc aperfmperf eagerfpu pni pclmulqdq dtes64 monitor ds_cpl vmx est tm2 ssse3 fma cx16 xtpr pdcm pcid sse4_1 sse4_2 movbe popcnt tsc_deadline_timer aes xsave avx f16c rdrand lahf_lm abm ida arat epb xsaveopt pln pts dtherm tpr_shadow vnmi flexpriority ept vpid fsgsbase tsc_adjust bmi1 avx2 smep bmi2 erms invpcid
bogomips	: 3392.29
clflush size	: 64
cache_alignment	: 64
address sizes	: 39 bits physical, 48 bits virtual
power management:

processor	: 2
vendor_id	: GenuineIntel
cpu family	: 6
model		: 69
model name	: Intel(R) Core(TM) i5-4210U CPU @ 1.70GHz
stepping	: 1
microcode	: 0x17
cpu MHz		: 782.000
cache size	: 3072 KB
physical id	: 0
siblings	: 4
core id		: 0
cpu cores	: 2
apicid		: 1
initial apicid	: 1
fdiv_bug	: no
f00f_bug	: no
coma_bug	: no
fpu		: yes
fpu_exception	: yes
cpuid level	: 13
wp		: yes
flags		: fpu vme de pse tsc msr pae mce cx8 apic sep mtrr pge mca cmov pat pse36 clflush dts acpi mmx fxsr sse sse2 ss ht tm pbe nx pdpe1gb rdtscp lm constant_tsc arch_perfmon pebs bts xtopology nonstop_tsc aperfmperf eagerfpu pni pclmulqdq dtes64 monitor ds_cpl vmx est tm2 ssse3 fma cx16 xtpr pdcm pcid sse4_1 sse4_2 movbe popcnt tsc_deadline_timer aes xsave avx f16c rdrand lahf_lm abm ida arat epb xsaveopt pln pts dtherm tpr_shadow vnmi flexpriority ept vpid fsgsbase tsc_adjust bmi1 avx2 smep bmi2 erms invpcid
bogomips	: 3392.29
clflush size	: 64
cache_alignment	: 64
address sizes	: 39 bits physical, 48 bits virtual
power management:

processor	: 3
vendor_id	: GenuineIntel
cpu family	: 6
model		: 69
model name	: Intel(R) Core(TM) i5-4210U CPU @ 1.70GHz
stepping	: 1
microcode	: 0x17
cpu MHz		: 1700.000
cache size	: 3072 KB
physical id	: 0
siblings	: 4
core id		: 1
cpu cores	: 2
apicid		: 3
initial apicid	: 3
fdiv_bug	: no
f00f_bug	: no
coma_bug	: no
fpu		: yes
fpu_exception	: yes
cpuid level	: 13
wp		: yes
flags		: fpu vme de pse tsc msr pae mce cx8 apic sep mtrr pge mca cmov pat pse36 clflush dts acpi mmx fxsr sse sse2 ss ht tm pbe nx pdpe1gb rdtscp lm constant_tsc arch_perfmon pebs bts xtopology nonstop_tsc aperfmperf eagerfpu pni pclmulqdq dtes64 monitor ds_cpl vmx est tm2 ssse3 fma cx16 xtpr pdcm pcid sse4_1 sse4_2 movbe popcnt tsc_deadline_timer aes xsave avx f16c rdrand lahf_lm abm ida arat epb xsaveopt pln pts dtherm tpr_shadow vnmi flexpriority ept vpid fsgsbase tsc_adjust bmi1 avx2 smep bmi2 erms invpcid
bogomips	: 3392.29
clflush size	: 64
cache_alignment	: 64
address sizes	: 39 bits physical, 48 bits virtual
power management:



Memory: 4k page, physical 4035184k(215708k free), swap 0k(0k free)

vm_info: Java HotSpot(TM) Server VM (25.66-b17) for linux-x86 JRE (1.8.0_66-b17), built on Oct  6 2015 18:06:03 by "java_re" with gcc 4.3.0 20080428 (Red Hat 4.3.0-8)

time: Fri Dec 25 20:22:03 2015
elapsed time: 12 seconds (0d 0h 0m 12s)

